[2023-11-25T18:51:35.975+0000] {logging_mixin.py:154} INFO - Changing /opt/***/logs/dag_id=outcomes_dag/run_id=scheduled__2023-11-14T00:00:00+00:00/task_id=extract permission to 509
[2023-11-25T18:51:36.061+0000] {logging_mixin.py:154} INFO - Changing /opt/***/logs/dag_id=outcomes_dag/run_id=scheduled__2023-11-14T00:00:00+00:00/task_id=extract permission to 509
[2023-11-25T18:51:36.152+0000] {taskinstance.py:1159} INFO - Dependencies all met for dep_context=non-requeueable deps ti=<TaskInstance: outcomes_dag.extract scheduled__2023-11-14T00:00:00+00:00 [queued]>
[2023-11-25T18:51:36.183+0000] {taskinstance.py:1159} INFO - Dependencies all met for dep_context=requeueable deps ti=<TaskInstance: outcomes_dag.extract scheduled__2023-11-14T00:00:00+00:00 [queued]>
[2023-11-25T18:51:36.186+0000] {taskinstance.py:1361} INFO - Starting attempt 1 of 1
[2023-11-25T18:51:36.221+0000] {taskinstance.py:1382} INFO - Executing <Task(BashOperator): extract> on 2023-11-14 00:00:00+00:00
[2023-11-25T18:51:36.238+0000] {standard_task_runner.py:57} INFO - Started process 145 to run task
[2023-11-25T18:51:36.257+0000] {standard_task_runner.py:84} INFO - Running: ['***', 'tasks', 'run', 'outcomes_dag', 'extract', 'scheduled__2023-11-14T00:00:00+00:00', '--job-id', '17', '--raw', '--subdir', 'DAGS_FOLDER/outcomes_dag.py', '--cfg-path', '/tmp/tmpt3tg81xi']
[2023-11-25T18:51:36.267+0000] {standard_task_runner.py:85} INFO - Job 17: Subtask extract
[2023-11-25T18:51:36.423+0000] {logging_mixin.py:154} INFO - Changing /opt/***/logs/dag_id=outcomes_dag/run_id=scheduled__2023-11-14T00:00:00+00:00/task_id=extract permission to 509
[2023-11-25T18:51:36.430+0000] {task_command.py:416} INFO - Running <TaskInstance: outcomes_dag.extract scheduled__2023-11-14T00:00:00+00:00 [running]> on host 533b0beedf51
[2023-11-25T18:51:37.440+0000] {taskinstance.py:1662} INFO - Exporting env vars: AIRFLOW_CTX_DAG_OWNER='***' AIRFLOW_CTX_DAG_ID='outcomes_dag' AIRFLOW_CTX_TASK_ID='extract' AIRFLOW_CTX_EXECUTION_DATE='2023-11-14T00:00:00+00:00' AIRFLOW_CTX_TRY_NUMBER='1' AIRFLOW_CTX_DAG_RUN_ID='scheduled__2023-11-14T00:00:00+00:00'
[2023-11-25T18:51:37.447+0000] {subprocess.py:63} INFO - Tmp dir root location: /tmp
[2023-11-25T18:51:37.450+0000] {subprocess.py:75} INFO - Running command: ['/bin/bash', '-c', 'curl --create-dirs -o /opt/***/data/2023-11-14/downloads/outcomes_2023-11-14.csv https://data.austintexas.gov/api/views/9t4d-g238/rows.csv']
[2023-11-25T18:51:37.487+0000] {subprocess.py:86} INFO - Output:
[2023-11-25T18:51:37.507+0000] {subprocess.py:93} INFO -   % Total    % Received % Xferd  Average Speed   Time    Time     Time  Current
[2023-11-25T18:51:37.509+0000] {subprocess.py:93} INFO -                                  Dload  Upload   Total   Spent    Left  Speed
[2023-11-25T18:51:44.321+0000] {subprocess.py:93} INFO -   0     0    0     0    0     0      0      0 --:--:-- --:--:-- --:--:--     0  0     0    0     0    0     0      0      0 --:--:-- --:--:-- --:--:--     0100  159k    0  159k    0     0   103k      0 --:--:--  0:00:01 --:--:--  103k100 2334k    0 2334k    0     0   918k      0 --:--:--  0:00:02 --:--:--  918k100 5182k    0 5182k    0     0  1463k      0 --:--:--  0:00:03 --:--:-- 1462k100 7742k    0 7742k    0     0  1704k      0 --:--:--  0:00:04 --:--:-- 1704k100 11.4M    0 11.4M    0     0  2121k      0 --:--:--  0:00:05 --:--:-- 2432k100 17.1M    0 17.1M    0     0  2682k      0 --:--:--  0:00:06 --:--:-- 3477k100 19.0M    0 19.0M    0     0  2860k      0 --:--:--  0:00:06 --:--:-- 4016k
[2023-11-25T18:51:44.328+0000] {subprocess.py:97} INFO - Command exited with return code 0
[2023-11-25T18:51:44.386+0000] {taskinstance.py:1400} INFO - Marking task as SUCCESS. dag_id=outcomes_dag, task_id=extract, execution_date=20231114T000000, start_date=20231125T185136, end_date=20231125T185144
[2023-11-25T18:51:44.708+0000] {local_task_job_runner.py:228} INFO - Task exited with return code 0
[2023-11-25T18:51:44.782+0000] {taskinstance.py:2778} INFO - 1 downstream tasks scheduled from follow-on schedule check
[2023-11-25T19:43:26.038+0000] {logging_mixin.py:154} INFO - Changing /opt/***/logs/dag_id=outcomes_dag/run_id=scheduled__2023-11-14T00:00:00+00:00/task_id=extract permission to 509
[2023-11-25T19:43:26.086+0000] {logging_mixin.py:154} INFO - Changing /opt/***/logs/dag_id=outcomes_dag/run_id=scheduled__2023-11-14T00:00:00+00:00/task_id=extract permission to 509
[2023-11-25T19:43:26.167+0000] {taskinstance.py:1159} INFO - Dependencies all met for dep_context=non-requeueable deps ti=<TaskInstance: outcomes_dag.extract scheduled__2023-11-14T00:00:00+00:00 [queued]>
[2023-11-25T19:43:26.193+0000] {taskinstance.py:1159} INFO - Dependencies all met for dep_context=requeueable deps ti=<TaskInstance: outcomes_dag.extract scheduled__2023-11-14T00:00:00+00:00 [queued]>
[2023-11-25T19:43:26.194+0000] {taskinstance.py:1361} INFO - Starting attempt 1 of 1
[2023-11-25T19:43:26.229+0000] {taskinstance.py:1382} INFO - Executing <Task(BashOperator): extract> on 2023-11-14 00:00:00+00:00
[2023-11-25T19:43:26.246+0000] {standard_task_runner.py:57} INFO - Started process 148 to run task
[2023-11-25T19:43:26.263+0000] {standard_task_runner.py:84} INFO - Running: ['***', 'tasks', 'run', 'outcomes_dag', 'extract', 'scheduled__2023-11-14T00:00:00+00:00', '--job-id', '17', '--raw', '--subdir', 'DAGS_FOLDER/outcomes_dag.py', '--cfg-path', '/tmp/tmpwujjk8z1']
[2023-11-25T19:43:26.268+0000] {standard_task_runner.py:85} INFO - Job 17: Subtask extract
[2023-11-25T19:43:26.438+0000] {logging_mixin.py:154} INFO - Changing /opt/***/logs/dag_id=outcomes_dag/run_id=scheduled__2023-11-14T00:00:00+00:00/task_id=extract permission to 509
[2023-11-25T19:43:26.457+0000] {task_command.py:416} INFO - Running <TaskInstance: outcomes_dag.extract scheduled__2023-11-14T00:00:00+00:00 [running]> on host a66846cad9d1
[2023-11-25T19:43:27.105+0000] {taskinstance.py:1662} INFO - Exporting env vars: AIRFLOW_CTX_DAG_OWNER='***' AIRFLOW_CTX_DAG_ID='outcomes_dag' AIRFLOW_CTX_TASK_ID='extract' AIRFLOW_CTX_EXECUTION_DATE='2023-11-14T00:00:00+00:00' AIRFLOW_CTX_TRY_NUMBER='1' AIRFLOW_CTX_DAG_RUN_ID='scheduled__2023-11-14T00:00:00+00:00'
[2023-11-25T19:43:27.107+0000] {subprocess.py:63} INFO - Tmp dir root location: /tmp
[2023-11-25T19:43:27.108+0000] {subprocess.py:75} INFO - Running command: ['/bin/bash', '-c', 'curl --create-dirs -o /opt/***/data/2023-11-14/downloads/outcomes_2023-11-14.csv https://data.austintexas.gov/api/views/9t4d-g238/rows.csv']
[2023-11-25T19:43:27.132+0000] {subprocess.py:86} INFO - Output:
[2023-11-25T19:43:27.141+0000] {subprocess.py:93} INFO -   % Total    % Received % Xferd  Average Speed   Time    Time     Time  Current
[2023-11-25T19:43:27.142+0000] {subprocess.py:93} INFO -                                  Dload  Upload   Total   Spent    Left  Speed
[2023-11-25T19:43:34.195+0000] {subprocess.py:93} INFO -   0     0    0     0    0     0      0      0 --:--:-- --:--:-- --:--:--     0  0     0    0     0    0     0      0      0 --:--:--  0:00:01 --:--:--     0100 1598k    0 1598k    0     0   813k      0 --:--:--  0:00:01 --:--:--  813k100 4654k    0 4654k    0     0  1596k      0 --:--:--  0:00:02 --:--:-- 1595k100 7502k    0 7502k    0     0  1916k      0 --:--:--  0:00:03 --:--:-- 1916k100 10.1M    0 10.1M    0     0  2105k      0 --:--:--  0:00:04 --:--:-- 2105k100 12.8M    0 12.8M    0     0  2231k      0 --:--:--  0:00:05 --:--:-- 2692k100 17.5M    0 17.5M    0     0  2593k      0 --:--:--  0:00:06 --:--:-- 3299k100 19.0M    0 19.0M    0     0  2763k      0 --:--:--  0:00:07 --:--:-- 3586k
[2023-11-25T19:43:34.204+0000] {subprocess.py:97} INFO - Command exited with return code 0
[2023-11-25T19:43:34.272+0000] {taskinstance.py:1400} INFO - Marking task as SUCCESS. dag_id=outcomes_dag, task_id=extract, execution_date=20231114T000000, start_date=20231125T194326, end_date=20231125T194334
[2023-11-25T19:43:34.342+0000] {local_task_job_runner.py:228} INFO - Task exited with return code 0
[2023-11-25T19:43:34.414+0000] {taskinstance.py:2778} INFO - 1 downstream tasks scheduled from follow-on schedule check
[2023-11-26T23:08:54.717+0000] {logging_mixin.py:154} INFO - Changing /opt/***/logs/dag_id=outcomes_dag/run_id=scheduled__2023-11-14T00:00:00+00:00/task_id=extract permission to 509
[2023-11-26T23:08:54.761+0000] {logging_mixin.py:154} INFO - Changing /opt/***/logs/dag_id=outcomes_dag/run_id=scheduled__2023-11-14T00:00:00+00:00/task_id=extract permission to 509
[2023-11-26T23:08:54.811+0000] {taskinstance.py:1159} INFO - Dependencies all met for dep_context=non-requeueable deps ti=<TaskInstance: outcomes_dag.extract scheduled__2023-11-14T00:00:00+00:00 [queued]>
[2023-11-26T23:08:54.824+0000] {taskinstance.py:1159} INFO - Dependencies all met for dep_context=requeueable deps ti=<TaskInstance: outcomes_dag.extract scheduled__2023-11-14T00:00:00+00:00 [queued]>
[2023-11-26T23:08:54.825+0000] {taskinstance.py:1361} INFO - Starting attempt 1 of 1
[2023-11-26T23:08:55.220+0000] {taskinstance.py:1382} INFO - Executing <Task(PythonOperator): extract> on 2023-11-14 00:00:00+00:00
[2023-11-26T23:08:55.231+0000] {standard_task_runner.py:57} INFO - Started process 139 to run task
[2023-11-26T23:08:55.235+0000] {standard_task_runner.py:84} INFO - Running: ['***', 'tasks', 'run', 'outcomes_dag', 'extract', 'scheduled__2023-11-14T00:00:00+00:00', '--job-id', '17', '--raw', '--subdir', 'DAGS_FOLDER/outcomes_dag.py', '--cfg-path', '/tmp/tmp86ptvnpi']
[2023-11-26T23:08:55.239+0000] {standard_task_runner.py:85} INFO - Job 17: Subtask extract
[2023-11-26T23:08:55.310+0000] {logging_mixin.py:154} INFO - Changing /opt/***/logs/dag_id=outcomes_dag/run_id=scheduled__2023-11-14T00:00:00+00:00/task_id=extract permission to 509
[2023-11-26T23:08:55.315+0000] {task_command.py:416} INFO - Running <TaskInstance: outcomes_dag.extract scheduled__2023-11-14T00:00:00+00:00 [running]> on host 613ffde293d8
[2023-11-26T23:08:55.448+0000] {taskinstance.py:1662} INFO - Exporting env vars: AIRFLOW_CTX_DAG_OWNER='***' AIRFLOW_CTX_DAG_ID='outcomes_dag' AIRFLOW_CTX_TASK_ID='extract' AIRFLOW_CTX_EXECUTION_DATE='2023-11-14T00:00:00+00:00' AIRFLOW_CTX_TRY_NUMBER='1' AIRFLOW_CTX_DAG_RUN_ID='scheduled__2023-11-14T00:00:00+00:00'
[2023-11-26T23:08:55.451+0000] {taskinstance.py:1937} ERROR - Task failed with exception
Traceback (most recent call last):
  File "/home/airflow/.local/lib/python3.8/site-packages/airflow/operators/python.py", line 192, in execute
    return_value = self.execute_callable()
  File "/home/airflow/.local/lib/python3.8/site-packages/airflow/operators/python.py", line 209, in execute_callable
    return self.python_callable(*self.op_args, **self.op_kwargs)
TypeError: extract_data() missing 3 required positional arguments: 'source_url', 'gcs_bucket', and 'creds'
[2023-11-26T23:08:55.464+0000] {taskinstance.py:1400} INFO - Marking task as FAILED. dag_id=outcomes_dag, task_id=extract, execution_date=20231114T000000, start_date=20231126T230854, end_date=20231126T230855
[2023-11-26T23:08:55.489+0000] {standard_task_runner.py:104} ERROR - Failed to execute job 17 for task extract (extract_data() missing 3 required positional arguments: 'source_url', 'gcs_bucket', and 'creds'; 139)
[2023-11-26T23:08:55.529+0000] {local_task_job_runner.py:228} INFO - Task exited with return code 1
[2023-11-26T23:08:55.649+0000] {taskinstance.py:2778} INFO - 0 downstream tasks scheduled from follow-on schedule check
