[2023-11-25T18:53:07.505+0000] {logging_mixin.py:154} INFO - Changing /opt/***/logs/dag_id=outcomes_dag/run_id=scheduled__2023-11-23T00:00:00+00:00/task_id=extract permission to 509
[2023-11-25T18:53:07.560+0000] {logging_mixin.py:154} INFO - Changing /opt/***/logs/dag_id=outcomes_dag/run_id=scheduled__2023-11-23T00:00:00+00:00/task_id=extract permission to 509
[2023-11-25T18:53:07.635+0000] {taskinstance.py:1159} INFO - Dependencies all met for dep_context=non-requeueable deps ti=<TaskInstance: outcomes_dag.extract scheduled__2023-11-23T00:00:00+00:00 [queued]>
[2023-11-25T18:53:07.651+0000] {taskinstance.py:1159} INFO - Dependencies all met for dep_context=requeueable deps ti=<TaskInstance: outcomes_dag.extract scheduled__2023-11-23T00:00:00+00:00 [queued]>
[2023-11-25T18:53:07.652+0000] {taskinstance.py:1361} INFO - Starting attempt 1 of 1
[2023-11-25T18:53:07.673+0000] {taskinstance.py:1382} INFO - Executing <Task(BashOperator): extract> on 2023-11-23 00:00:00+00:00
[2023-11-25T18:53:07.681+0000] {standard_task_runner.py:57} INFO - Started process 336 to run task
[2023-11-25T18:53:07.685+0000] {standard_task_runner.py:84} INFO - Running: ['***', 'tasks', 'run', 'outcomes_dag', 'extract', 'scheduled__2023-11-23T00:00:00+00:00', '--job-id', '43', '--raw', '--subdir', 'DAGS_FOLDER/outcomes_dag.py', '--cfg-path', '/tmp/tmp1uidrnam']
[2023-11-25T18:53:07.690+0000] {standard_task_runner.py:85} INFO - Job 43: Subtask extract
[2023-11-25T18:53:07.753+0000] {logging_mixin.py:154} INFO - Changing /opt/***/logs/dag_id=outcomes_dag/run_id=scheduled__2023-11-23T00:00:00+00:00/task_id=extract permission to 509
[2023-11-25T18:53:07.755+0000] {task_command.py:416} INFO - Running <TaskInstance: outcomes_dag.extract scheduled__2023-11-23T00:00:00+00:00 [running]> on host 533b0beedf51
[2023-11-25T18:53:08.538+0000] {taskinstance.py:1662} INFO - Exporting env vars: AIRFLOW_CTX_DAG_OWNER='***' AIRFLOW_CTX_DAG_ID='outcomes_dag' AIRFLOW_CTX_TASK_ID='extract' AIRFLOW_CTX_EXECUTION_DATE='2023-11-23T00:00:00+00:00' AIRFLOW_CTX_TRY_NUMBER='1' AIRFLOW_CTX_DAG_RUN_ID='scheduled__2023-11-23T00:00:00+00:00'
[2023-11-25T18:53:08.540+0000] {subprocess.py:63} INFO - Tmp dir root location: /tmp
[2023-11-25T18:53:08.542+0000] {subprocess.py:75} INFO - Running command: ['/bin/bash', '-c', 'curl --create-dirs -o /opt/***/data/2023-11-23/downloads/outcomes_2023-11-23.csv https://data.austintexas.gov/api/views/9t4d-g238/rows.csv']
[2023-11-25T18:53:08.556+0000] {subprocess.py:86} INFO - Output:
[2023-11-25T18:53:08.566+0000] {subprocess.py:93} INFO -   % Total    % Received % Xferd  Average Speed   Time    Time     Time  Current
[2023-11-25T18:53:08.567+0000] {subprocess.py:93} INFO -                                  Dload  Upload   Total   Spent    Left  Speed
[2023-11-25T18:53:14.326+0000] {subprocess.py:93} INFO -   0     0    0     0    0     0      0      0 --:--:-- --:--:-- --:--:--     0100 15533    0 15533    0     0  27886      0 --:--:-- --:--:-- --:--:-- 27836100 3662k    0 3662k    0     0  2435k      0 --:--:--  0:00:01 --:--:-- 2433k100 7310k    0 7310k    0     0  2913k      0 --:--:--  0:00:02 --:--:-- 2912k100 10.8M    0 10.8M    0     0  3152k      0 --:--:--  0:00:03 --:--:-- 3151k100 14.4M    0 14.4M    0     0  3285k      0 --:--:--  0:00:04 --:--:-- 3284k100 18.0M    0 18.0M    0     0  3350k      0 --:--:--  0:00:05 --:--:-- 3722k100 19.0M    0 19.0M    0     0  3382k      0 --:--:--  0:00:05 --:--:-- 3718k
[2023-11-25T18:53:14.330+0000] {subprocess.py:97} INFO - Command exited with return code 0
[2023-11-25T18:53:14.364+0000] {taskinstance.py:1400} INFO - Marking task as SUCCESS. dag_id=outcomes_dag, task_id=extract, execution_date=20231123T000000, start_date=20231125T185307, end_date=20231125T185314
[2023-11-25T18:53:14.414+0000] {local_task_job_runner.py:228} INFO - Task exited with return code 0
[2023-11-25T18:53:14.442+0000] {taskinstance.py:2778} INFO - 1 downstream tasks scheduled from follow-on schedule check
[2023-11-26T19:48:19.748+0000] {logging_mixin.py:154} INFO - Changing /opt/***/logs/dag_id=outcomes_dag/run_id=scheduled__2023-11-23T00:00:00+00:00/task_id=extract permission to 509
[2023-11-26T19:48:19.815+0000] {logging_mixin.py:154} INFO - Changing /opt/***/logs/dag_id=outcomes_dag/run_id=scheduled__2023-11-23T00:00:00+00:00/task_id=extract permission to 509
[2023-11-26T19:48:19.928+0000] {taskinstance.py:1159} INFO - Dependencies all met for dep_context=non-requeueable deps ti=<TaskInstance: outcomes_dag.extract scheduled__2023-11-23T00:00:00+00:00 [queued]>
[2023-11-26T19:48:19.958+0000] {taskinstance.py:1159} INFO - Dependencies all met for dep_context=requeueable deps ti=<TaskInstance: outcomes_dag.extract scheduled__2023-11-23T00:00:00+00:00 [queued]>
[2023-11-26T19:48:19.960+0000] {taskinstance.py:1361} INFO - Starting attempt 1 of 1
[2023-11-26T19:48:20.002+0000] {taskinstance.py:1382} INFO - Executing <Task(BashOperator): extract> on 2023-11-23 00:00:00+00:00
[2023-11-26T19:48:20.019+0000] {standard_task_runner.py:57} INFO - Started process 708 to run task
[2023-11-26T19:48:20.026+0000] {standard_task_runner.py:84} INFO - Running: ['***', 'tasks', 'run', 'outcomes_dag', 'extract', 'scheduled__2023-11-23T00:00:00+00:00', '--job-id', '80', '--raw', '--subdir', 'DAGS_FOLDER/outcomes_dag.py', '--cfg-path', '/tmp/tmp22577e0i']
[2023-11-26T19:48:20.032+0000] {standard_task_runner.py:85} INFO - Job 80: Subtask extract
[2023-11-26T19:48:20.146+0000] {logging_mixin.py:154} INFO - Changing /opt/***/logs/dag_id=outcomes_dag/run_id=scheduled__2023-11-23T00:00:00+00:00/task_id=extract permission to 509
[2023-11-26T19:48:20.151+0000] {task_command.py:416} INFO - Running <TaskInstance: outcomes_dag.extract scheduled__2023-11-23T00:00:00+00:00 [running]> on host a66846cad9d1
[2023-11-26T19:48:21.358+0000] {taskinstance.py:1662} INFO - Exporting env vars: AIRFLOW_CTX_DAG_OWNER='***' AIRFLOW_CTX_DAG_ID='outcomes_dag' AIRFLOW_CTX_TASK_ID='extract' AIRFLOW_CTX_EXECUTION_DATE='2023-11-23T00:00:00+00:00' AIRFLOW_CTX_TRY_NUMBER='1' AIRFLOW_CTX_DAG_RUN_ID='scheduled__2023-11-23T00:00:00+00:00'
[2023-11-26T19:48:21.369+0000] {subprocess.py:63} INFO - Tmp dir root location: /tmp
[2023-11-26T19:48:21.371+0000] {subprocess.py:75} INFO - Running command: ['/bin/bash', '-c', 'curl --create-dirs -o /opt/***/data/2023-11-23/downloads/outcomes_2023-11-23.csv https://data.austintexas.gov/api/views/9t4d-g238/rows.csv']
[2023-11-26T19:48:21.400+0000] {subprocess.py:86} INFO - Output:
[2023-11-26T19:48:21.489+0000] {subprocess.py:93} INFO -   % Total    % Received % Xferd  Average Speed   Time    Time     Time  Current
[2023-11-26T19:48:21.490+0000] {subprocess.py:93} INFO -                                  Dload  Upload   Total   Spent    Left  Speed
[2023-11-26T19:48:27.304+0000] {subprocess.py:93} INFO -   0     0    0     0    0     0      0      0 --:--:-- --:--:-- --:--:--     0  0     0    0     0    0     0      0      0 --:--:-- --:--:-- --:--:--     0100 3470k    0 3470k    0     0  2199k      0 --:--:--  0:00:01 --:--:-- 2198k100 7118k    0 7118k    0     0  2770k      0 --:--:--  0:00:02 --:--:-- 2770k100 10.6M    0 10.6M    0     0  3053k      0 --:--:--  0:00:03 --:--:-- 3053k100 14.4M    0 14.4M    0     0  3214k      0 --:--:--  0:00:04 --:--:-- 3214k100 18.1M    0 18.1M    0     0  3319k      0 --:--:--  0:00:05 --:--:-- 3754k100 19.0M    0 19.0M    0     0  3350k      0 --:--:--  0:00:05 --:--:-- 3780k
[2023-11-26T19:48:27.362+0000] {subprocess.py:97} INFO - Command exited with return code 0
[2023-11-26T19:48:27.424+0000] {taskinstance.py:1400} INFO - Marking task as SUCCESS. dag_id=outcomes_dag, task_id=extract, execution_date=20231123T000000, start_date=20231126T194819, end_date=20231126T194827
[2023-11-26T19:48:27.524+0000] {local_task_job_runner.py:228} INFO - Task exited with return code 0
[2023-11-26T19:48:27.580+0000] {taskinstance.py:2778} INFO - 1 downstream tasks scheduled from follow-on schedule check
[2023-11-26T23:09:02.359+0000] {logging_mixin.py:154} INFO - Changing /opt/***/logs/dag_id=outcomes_dag/run_id=scheduled__2023-11-23T00:00:00+00:00/task_id=extract permission to 509
[2023-11-26T23:09:02.407+0000] {logging_mixin.py:154} INFO - Changing /opt/***/logs/dag_id=outcomes_dag/run_id=scheduled__2023-11-23T00:00:00+00:00/task_id=extract permission to 509
[2023-11-26T23:09:02.468+0000] {taskinstance.py:1159} INFO - Dependencies all met for dep_context=non-requeueable deps ti=<TaskInstance: outcomes_dag.extract scheduled__2023-11-23T00:00:00+00:00 [queued]>
[2023-11-26T23:09:02.488+0000] {taskinstance.py:1159} INFO - Dependencies all met for dep_context=requeueable deps ti=<TaskInstance: outcomes_dag.extract scheduled__2023-11-23T00:00:00+00:00 [queued]>
[2023-11-26T23:09:02.489+0000] {taskinstance.py:1361} INFO - Starting attempt 1 of 1
[2023-11-26T23:09:02.820+0000] {taskinstance.py:1382} INFO - Executing <Task(PythonOperator): extract> on 2023-11-23 00:00:00+00:00
[2023-11-26T23:09:02.831+0000] {standard_task_runner.py:57} INFO - Started process 166 to run task
[2023-11-26T23:09:02.835+0000] {standard_task_runner.py:84} INFO - Running: ['***', 'tasks', 'run', 'outcomes_dag', 'extract', 'scheduled__2023-11-23T00:00:00+00:00', '--job-id', '26', '--raw', '--subdir', 'DAGS_FOLDER/outcomes_dag.py', '--cfg-path', '/tmp/tmpha9l_s8j']
[2023-11-26T23:09:02.838+0000] {standard_task_runner.py:85} INFO - Job 26: Subtask extract
[2023-11-26T23:09:02.916+0000] {logging_mixin.py:154} INFO - Changing /opt/***/logs/dag_id=outcomes_dag/run_id=scheduled__2023-11-23T00:00:00+00:00/task_id=extract permission to 509
[2023-11-26T23:09:02.921+0000] {task_command.py:416} INFO - Running <TaskInstance: outcomes_dag.extract scheduled__2023-11-23T00:00:00+00:00 [running]> on host 613ffde293d8
[2023-11-26T23:09:03.042+0000] {taskinstance.py:1662} INFO - Exporting env vars: AIRFLOW_CTX_DAG_OWNER='***' AIRFLOW_CTX_DAG_ID='outcomes_dag' AIRFLOW_CTX_TASK_ID='extract' AIRFLOW_CTX_EXECUTION_DATE='2023-11-23T00:00:00+00:00' AIRFLOW_CTX_TRY_NUMBER='1' AIRFLOW_CTX_DAG_RUN_ID='scheduled__2023-11-23T00:00:00+00:00'
[2023-11-26T23:09:03.045+0000] {taskinstance.py:1937} ERROR - Task failed with exception
Traceback (most recent call last):
  File "/home/airflow/.local/lib/python3.8/site-packages/airflow/operators/python.py", line 192, in execute
    return_value = self.execute_callable()
  File "/home/airflow/.local/lib/python3.8/site-packages/airflow/operators/python.py", line 209, in execute_callable
    return self.python_callable(*self.op_args, **self.op_kwargs)
TypeError: extract_data() missing 3 required positional arguments: 'source_url', 'gcs_bucket', and 'creds'
[2023-11-26T23:09:03.057+0000] {taskinstance.py:1400} INFO - Marking task as FAILED. dag_id=outcomes_dag, task_id=extract, execution_date=20231123T000000, start_date=20231126T230902, end_date=20231126T230903
[2023-11-26T23:09:03.083+0000] {standard_task_runner.py:104} ERROR - Failed to execute job 26 for task extract (extract_data() missing 3 required positional arguments: 'source_url', 'gcs_bucket', and 'creds'; 166)
[2023-11-26T23:09:03.129+0000] {local_task_job_runner.py:228} INFO - Task exited with return code 1
[2023-11-26T23:09:03.238+0000] {taskinstance.py:2778} INFO - 0 downstream tasks scheduled from follow-on schedule check
