[2023-11-25T18:51:46.345+0000] {logging_mixin.py:154} INFO - Changing /opt/***/logs/dag_id=outcomes_dag/run_id=manual__2023-11-25T18:51:24.634602+00:00/task_id=transform permission to 509
[2023-11-25T18:51:46.405+0000] {logging_mixin.py:154} INFO - Changing /opt/***/logs/dag_id=outcomes_dag/run_id=manual__2023-11-25T18:51:24.634602+00:00/task_id=transform permission to 509
[2023-11-25T18:51:46.539+0000] {taskinstance.py:1159} INFO - Dependencies all met for dep_context=non-requeueable deps ti=<TaskInstance: outcomes_dag.transform manual__2023-11-25T18:51:24.634602+00:00 [queued]>
[2023-11-25T18:51:46.572+0000] {taskinstance.py:1159} INFO - Dependencies all met for dep_context=requeueable deps ti=<TaskInstance: outcomes_dag.transform manual__2023-11-25T18:51:24.634602+00:00 [queued]>
[2023-11-25T18:51:46.574+0000] {taskinstance.py:1361} INFO - Starting attempt 1 of 1
[2023-11-25T18:51:46.615+0000] {taskinstance.py:1382} INFO - Executing <Task(PythonOperator): transform> on 2023-11-25 18:51:24.634602+00:00
[2023-11-25T18:51:46.631+0000] {standard_task_runner.py:57} INFO - Started process 176 to run task
[2023-11-25T18:51:46.639+0000] {standard_task_runner.py:84} INFO - Running: ['***', 'tasks', 'run', 'outcomes_dag', 'transform', 'manual__2023-11-25T18:51:24.634602+00:00', '--job-id', '20', '--raw', '--subdir', 'DAGS_FOLDER/outcomes_dag.py', '--cfg-path', '/tmp/tmpb81xkrwo']
[2023-11-25T18:51:46.645+0000] {standard_task_runner.py:85} INFO - Job 20: Subtask transform
[2023-11-25T18:51:46.747+0000] {logging_mixin.py:154} INFO - Changing /opt/***/logs/dag_id=outcomes_dag/run_id=manual__2023-11-25T18:51:24.634602+00:00/task_id=transform permission to 509
[2023-11-25T18:51:46.753+0000] {task_command.py:416} INFO - Running <TaskInstance: outcomes_dag.transform manual__2023-11-25T18:51:24.634602+00:00 [running]> on host 533b0beedf51
[2023-11-25T18:51:48.530+0000] {taskinstance.py:1662} INFO - Exporting env vars: AIRFLOW_CTX_DAG_OWNER='***' AIRFLOW_CTX_DAG_ID='outcomes_dag' AIRFLOW_CTX_TASK_ID='transform' AIRFLOW_CTX_EXECUTION_DATE='2023-11-25T18:51:24.634602+00:00' AIRFLOW_CTX_TRY_NUMBER='1' AIRFLOW_CTX_DAG_RUN_ID='manual__2023-11-25T18:51:24.634602+00:00'
[2023-11-25T18:51:50.536+0000] {logging_mixin.py:154} INFO - In function transform_data()
[2023-11-25T18:52:42.264+0000] {python.py:194} INFO - Done. Returned value was:        Animal ID   Name  ... Date of Outcome Years Age upon Outcome
0        A794011  Chunk  ...      2019-05-08                      2
1        A776359  Gizmo  ...      2018-07-18                      1
2        A821648    NaN  ...      2020-08-16                      1
3        A720371  Moose  ...      2016-02-13                      0
4        A674754    NaN  ...      2014-03-18                      0
...          ...    ...  ...             ...                    ...
157342   A889805  Louie  ...      2023-11-25                      1
157343   A890610  *Lars  ...      2023-11-20                      4
157344   A893305    NaN  ...      2023-11-26                      2
157345   A893306    NaN  ...      2023-11-26                     10
157346   A893123    NaN  ...      2023-11-26                      2

[157347 rows x 12 columns]
[2023-11-25T18:52:44.167+0000] {taskinstance.py:1400} INFO - Marking task as SUCCESS. dag_id=outcomes_dag, task_id=transform, execution_date=20231125T185124, start_date=20231125T185146, end_date=20231125T185244
[2023-11-25T18:52:44.415+0000] {local_task_job_runner.py:228} INFO - Task exited with return code 0
[2023-11-25T18:52:44.456+0000] {taskinstance.py:2778} INFO - 0 downstream tasks scheduled from follow-on schedule check
