[2023-11-25T18:53:02.842+0000] {logging_mixin.py:154} INFO - Changing /opt/***/logs/dag_id=outcomes_dag/run_id=scheduled__2023-11-16T00:00:00+00:00/task_id=transform permission to 509
[2023-11-25T18:53:02.868+0000] {logging_mixin.py:154} INFO - Changing /opt/***/logs/dag_id=outcomes_dag/run_id=scheduled__2023-11-16T00:00:00+00:00/task_id=transform permission to 509
[2023-11-25T18:53:02.891+0000] {taskinstance.py:1159} INFO - Dependencies all met for dep_context=non-requeueable deps ti=<TaskInstance: outcomes_dag.transform scheduled__2023-11-16T00:00:00+00:00 [queued]>
[2023-11-25T18:53:02.899+0000] {taskinstance.py:1159} INFO - Dependencies all met for dep_context=requeueable deps ti=<TaskInstance: outcomes_dag.transform scheduled__2023-11-16T00:00:00+00:00 [queued]>
[2023-11-25T18:53:02.899+0000] {taskinstance.py:1361} INFO - Starting attempt 1 of 1
[2023-11-25T18:53:02.911+0000] {taskinstance.py:1382} INFO - Executing <Task(PythonOperator): transform> on 2023-11-16 00:00:00+00:00
[2023-11-25T18:53:02.917+0000] {standard_task_runner.py:57} INFO - Started process 316 to run task
[2023-11-25T18:53:02.919+0000] {standard_task_runner.py:84} INFO - Running: ['***', 'tasks', 'run', 'outcomes_dag', 'transform', 'scheduled__2023-11-16T00:00:00+00:00', '--job-id', '37', '--raw', '--subdir', 'DAGS_FOLDER/outcomes_dag.py', '--cfg-path', '/tmp/tmp0lvmp0gx']
[2023-11-25T18:53:02.921+0000] {standard_task_runner.py:85} INFO - Job 37: Subtask transform
[2023-11-25T18:53:02.955+0000] {logging_mixin.py:154} INFO - Changing /opt/***/logs/dag_id=outcomes_dag/run_id=scheduled__2023-11-16T00:00:00+00:00/task_id=transform permission to 509
[2023-11-25T18:53:02.957+0000] {task_command.py:416} INFO - Running <TaskInstance: outcomes_dag.transform scheduled__2023-11-16T00:00:00+00:00 [running]> on host 533b0beedf51
[2023-11-25T18:53:03.183+0000] {taskinstance.py:1662} INFO - Exporting env vars: AIRFLOW_CTX_DAG_OWNER='***' AIRFLOW_CTX_DAG_ID='outcomes_dag' AIRFLOW_CTX_TASK_ID='transform' AIRFLOW_CTX_EXECUTION_DATE='2023-11-16T00:00:00+00:00' AIRFLOW_CTX_TRY_NUMBER='1' AIRFLOW_CTX_DAG_RUN_ID='scheduled__2023-11-16T00:00:00+00:00'
[2023-11-25T18:53:03.510+0000] {logging_mixin.py:154} INFO - In function transform_data()
[2023-11-25T18:53:33.976+0000] {python.py:194} INFO - Done. Returned value was:        Animal ID        Name  ... Date of Outcome Years Age upon Outcome
0        A794011       Chunk  ...      2019-05-08                      2
1        A776359       Gizmo  ...      2018-07-18                      1
2        A821648         NaN  ...      2020-08-16                      1
3        A720371       Moose  ...      2016-02-13                      0
4        A674754         NaN  ...      2014-03-18                      0
...          ...         ...  ...             ...                    ...
157342   A859974  *Lady Gaga  ...      2022-08-16                     10
157343   A856973      *Suede  ...      2022-06-11                      1
157344   A852036       Queen  ...      2022-03-17                      0
157345   A852775     A852775  ...      2022-05-18                      0
157346   A854626     A854626  ...      2022-05-03                      0

[157347 rows x 12 columns]
[2023-11-25T18:53:35.039+0000] {taskinstance.py:1400} INFO - Marking task as SUCCESS. dag_id=outcomes_dag, task_id=transform, execution_date=20231116T000000, start_date=20231125T185302, end_date=20231125T185335
[2023-11-25T18:53:35.226+0000] {local_task_job_runner.py:228} INFO - Task exited with return code 0
[2023-11-25T18:53:35.255+0000] {taskinstance.py:2778} INFO - 0 downstream tasks scheduled from follow-on schedule check
[2023-11-26T19:47:43.472+0000] {logging_mixin.py:154} INFO - Changing /opt/***/logs/dag_id=outcomes_dag/run_id=scheduled__2023-11-16T00:00:00+00:00/task_id=transform permission to 509
[2023-11-26T19:47:43.513+0000] {logging_mixin.py:154} INFO - Changing /opt/***/logs/dag_id=outcomes_dag/run_id=scheduled__2023-11-16T00:00:00+00:00/task_id=transform permission to 509
[2023-11-26T19:47:43.564+0000] {taskinstance.py:1159} INFO - Dependencies all met for dep_context=non-requeueable deps ti=<TaskInstance: outcomes_dag.transform scheduled__2023-11-16T00:00:00+00:00 [queued]>
[2023-11-26T19:47:43.577+0000] {taskinstance.py:1159} INFO - Dependencies all met for dep_context=requeueable deps ti=<TaskInstance: outcomes_dag.transform scheduled__2023-11-16T00:00:00+00:00 [queued]>
[2023-11-26T19:47:43.578+0000] {taskinstance.py:1361} INFO - Starting attempt 1 of 1
[2023-11-26T19:47:43.594+0000] {taskinstance.py:1382} INFO - Executing <Task(PythonOperator): transform> on 2023-11-16 00:00:00+00:00
[2023-11-26T19:47:43.603+0000] {standard_task_runner.py:57} INFO - Started process 652 to run task
[2023-11-26T19:47:43.606+0000] {standard_task_runner.py:84} INFO - Running: ['***', 'tasks', 'run', 'outcomes_dag', 'transform', 'scheduled__2023-11-16T00:00:00+00:00', '--job-id', '68', '--raw', '--subdir', 'DAGS_FOLDER/outcomes_dag.py', '--cfg-path', '/tmp/tmpf176pyd9']
[2023-11-26T19:47:43.609+0000] {standard_task_runner.py:85} INFO - Job 68: Subtask transform
[2023-11-26T19:47:43.653+0000] {logging_mixin.py:154} INFO - Changing /opt/***/logs/dag_id=outcomes_dag/run_id=scheduled__2023-11-16T00:00:00+00:00/task_id=transform permission to 509
[2023-11-26T19:47:43.655+0000] {task_command.py:416} INFO - Running <TaskInstance: outcomes_dag.transform scheduled__2023-11-16T00:00:00+00:00 [running]> on host a66846cad9d1
[2023-11-26T19:47:44.256+0000] {taskinstance.py:1662} INFO - Exporting env vars: AIRFLOW_CTX_DAG_OWNER='***' AIRFLOW_CTX_DAG_ID='outcomes_dag' AIRFLOW_CTX_TASK_ID='transform' AIRFLOW_CTX_EXECUTION_DATE='2023-11-16T00:00:00+00:00' AIRFLOW_CTX_TRY_NUMBER='1' AIRFLOW_CTX_DAG_RUN_ID='scheduled__2023-11-16T00:00:00+00:00'
[2023-11-26T19:47:44.657+0000] {logging_mixin.py:154} INFO - In function transform_data()
[2023-11-26T19:48:20.558+0000] {python.py:194} INFO - Done. Returned value was: None
[2023-11-26T19:48:20.581+0000] {taskinstance.py:1400} INFO - Marking task as SUCCESS. dag_id=outcomes_dag, task_id=transform, execution_date=20231116T000000, start_date=20231126T194743, end_date=20231126T194820
[2023-11-26T19:48:20.849+0000] {local_task_job_runner.py:228} INFO - Task exited with return code 0
[2023-11-26T19:48:20.893+0000] {taskinstance.py:2778} INFO - 1 downstream tasks scheduled from follow-on schedule check
