[2023-11-25T18:18:53.606+0000] {processor.py:157} INFO - Started process (PID=78) to work on /home/airflow/.local/lib/python3.8/site-packages/airflow/example_dags/example_sensors.py
[2023-11-25T18:18:53.607+0000] {processor.py:829} INFO - Processing file /home/airflow/.local/lib/python3.8/site-packages/airflow/example_dags/example_sensors.py for tasks to queue
[2023-11-25T18:18:53.610+0000] {logging_mixin.py:154} INFO - [2023-11-25T18:18:53.609+0000] {dagbag.py:536} INFO - Filling up the DagBag from /home/airflow/.local/lib/python3.8/site-packages/airflow/example_dags/example_sensors.py
[2023-11-25T18:18:53.624+0000] {processor.py:839} INFO - DAG(s) dict_keys(['example_sensors']) retrieved from /home/airflow/.local/lib/python3.8/site-packages/airflow/example_dags/example_sensors.py
[2023-11-25T18:18:53.648+0000] {logging_mixin.py:154} INFO - [2023-11-25T18:18:53.648+0000] {dag.py:2941} INFO - Sync 1 DAGs
[2023-11-25T18:18:53.677+0000] {logging_mixin.py:154} INFO - [2023-11-25T18:18:53.676+0000] {dag.py:3722} INFO - Setting next_dagrun for example_sensors to None, run_after=None
[2023-11-25T18:18:53.715+0000] {processor.py:179} INFO - Processing /home/airflow/.local/lib/python3.8/site-packages/airflow/example_dags/example_sensors.py took 0.112 seconds
[2023-11-25T18:19:24.165+0000] {processor.py:157} INFO - Started process (PID=132) to work on /home/airflow/.local/lib/python3.8/site-packages/airflow/example_dags/example_sensors.py
[2023-11-25T18:19:24.166+0000] {processor.py:829} INFO - Processing file /home/airflow/.local/lib/python3.8/site-packages/airflow/example_dags/example_sensors.py for tasks to queue
[2023-11-25T18:19:24.168+0000] {logging_mixin.py:154} INFO - [2023-11-25T18:19:24.168+0000] {dagbag.py:536} INFO - Filling up the DagBag from /home/airflow/.local/lib/python3.8/site-packages/airflow/example_dags/example_sensors.py
[2023-11-25T18:19:24.176+0000] {processor.py:839} INFO - DAG(s) dict_keys(['example_sensors']) retrieved from /home/airflow/.local/lib/python3.8/site-packages/airflow/example_dags/example_sensors.py
[2023-11-25T18:19:24.200+0000] {logging_mixin.py:154} INFO - [2023-11-25T18:19:24.199+0000] {dag.py:2941} INFO - Sync 1 DAGs
[2023-11-25T18:19:24.212+0000] {logging_mixin.py:154} INFO - [2023-11-25T18:19:24.212+0000] {dag.py:3722} INFO - Setting next_dagrun for example_sensors to None, run_after=None
[2023-11-25T18:19:24.230+0000] {processor.py:179} INFO - Processing /home/airflow/.local/lib/python3.8/site-packages/airflow/example_dags/example_sensors.py took 0.067 seconds
[2023-11-25T18:19:54.568+0000] {processor.py:157} INFO - Started process (PID=186) to work on /home/airflow/.local/lib/python3.8/site-packages/airflow/example_dags/example_sensors.py
[2023-11-25T18:19:54.569+0000] {processor.py:829} INFO - Processing file /home/airflow/.local/lib/python3.8/site-packages/airflow/example_dags/example_sensors.py for tasks to queue
[2023-11-25T18:19:54.571+0000] {logging_mixin.py:154} INFO - [2023-11-25T18:19:54.571+0000] {dagbag.py:536} INFO - Filling up the DagBag from /home/airflow/.local/lib/python3.8/site-packages/airflow/example_dags/example_sensors.py
[2023-11-25T18:19:54.578+0000] {processor.py:839} INFO - DAG(s) dict_keys(['example_sensors']) retrieved from /home/airflow/.local/lib/python3.8/site-packages/airflow/example_dags/example_sensors.py
[2023-11-25T18:19:54.600+0000] {logging_mixin.py:154} INFO - [2023-11-25T18:19:54.600+0000] {dag.py:2941} INFO - Sync 1 DAGs
[2023-11-25T18:19:54.611+0000] {logging_mixin.py:154} INFO - [2023-11-25T18:19:54.611+0000] {dag.py:3722} INFO - Setting next_dagrun for example_sensors to None, run_after=None
[2023-11-25T18:19:54.627+0000] {processor.py:179} INFO - Processing /home/airflow/.local/lib/python3.8/site-packages/airflow/example_dags/example_sensors.py took 0.061 seconds
[2023-11-25T18:20:24.815+0000] {processor.py:157} INFO - Started process (PID=240) to work on /home/airflow/.local/lib/python3.8/site-packages/airflow/example_dags/example_sensors.py
[2023-11-25T18:20:24.816+0000] {processor.py:829} INFO - Processing file /home/airflow/.local/lib/python3.8/site-packages/airflow/example_dags/example_sensors.py for tasks to queue
[2023-11-25T18:20:24.817+0000] {logging_mixin.py:154} INFO - [2023-11-25T18:20:24.817+0000] {dagbag.py:536} INFO - Filling up the DagBag from /home/airflow/.local/lib/python3.8/site-packages/airflow/example_dags/example_sensors.py
[2023-11-25T18:20:24.825+0000] {processor.py:839} INFO - DAG(s) dict_keys(['example_sensors']) retrieved from /home/airflow/.local/lib/python3.8/site-packages/airflow/example_dags/example_sensors.py
[2023-11-25T18:20:24.846+0000] {logging_mixin.py:154} INFO - [2023-11-25T18:20:24.846+0000] {dag.py:2941} INFO - Sync 1 DAGs
[2023-11-25T18:20:24.856+0000] {logging_mixin.py:154} INFO - [2023-11-25T18:20:24.856+0000] {dag.py:3722} INFO - Setting next_dagrun for example_sensors to None, run_after=None
[2023-11-25T18:20:24.871+0000] {processor.py:179} INFO - Processing /home/airflow/.local/lib/python3.8/site-packages/airflow/example_dags/example_sensors.py took 0.059 seconds
[2023-11-25T18:20:55.144+0000] {processor.py:157} INFO - Started process (PID=294) to work on /home/airflow/.local/lib/python3.8/site-packages/airflow/example_dags/example_sensors.py
[2023-11-25T18:20:55.145+0000] {processor.py:829} INFO - Processing file /home/airflow/.local/lib/python3.8/site-packages/airflow/example_dags/example_sensors.py for tasks to queue
[2023-11-25T18:20:55.147+0000] {logging_mixin.py:154} INFO - [2023-11-25T18:20:55.147+0000] {dagbag.py:536} INFO - Filling up the DagBag from /home/airflow/.local/lib/python3.8/site-packages/airflow/example_dags/example_sensors.py
[2023-11-25T18:20:55.155+0000] {processor.py:839} INFO - DAG(s) dict_keys(['example_sensors']) retrieved from /home/airflow/.local/lib/python3.8/site-packages/airflow/example_dags/example_sensors.py
[2023-11-25T18:20:55.176+0000] {logging_mixin.py:154} INFO - [2023-11-25T18:20:55.176+0000] {dag.py:2941} INFO - Sync 1 DAGs
[2023-11-25T18:20:55.188+0000] {logging_mixin.py:154} INFO - [2023-11-25T18:20:55.188+0000] {dag.py:3722} INFO - Setting next_dagrun for example_sensors to None, run_after=None
[2023-11-25T18:20:55.203+0000] {processor.py:179} INFO - Processing /home/airflow/.local/lib/python3.8/site-packages/airflow/example_dags/example_sensors.py took 0.061 seconds
[2023-11-25T18:21:25.423+0000] {processor.py:157} INFO - Started process (PID=348) to work on /home/airflow/.local/lib/python3.8/site-packages/airflow/example_dags/example_sensors.py
[2023-11-25T18:21:25.424+0000] {processor.py:829} INFO - Processing file /home/airflow/.local/lib/python3.8/site-packages/airflow/example_dags/example_sensors.py for tasks to queue
[2023-11-25T18:21:25.426+0000] {logging_mixin.py:154} INFO - [2023-11-25T18:21:25.426+0000] {dagbag.py:536} INFO - Filling up the DagBag from /home/airflow/.local/lib/python3.8/site-packages/airflow/example_dags/example_sensors.py
[2023-11-25T18:21:25.433+0000] {processor.py:839} INFO - DAG(s) dict_keys(['example_sensors']) retrieved from /home/airflow/.local/lib/python3.8/site-packages/airflow/example_dags/example_sensors.py
[2023-11-25T18:21:25.456+0000] {logging_mixin.py:154} INFO - [2023-11-25T18:21:25.456+0000] {dag.py:2941} INFO - Sync 1 DAGs
[2023-11-25T18:21:25.467+0000] {logging_mixin.py:154} INFO - [2023-11-25T18:21:25.467+0000] {dag.py:3722} INFO - Setting next_dagrun for example_sensors to None, run_after=None
[2023-11-25T18:21:25.483+0000] {processor.py:179} INFO - Processing /home/airflow/.local/lib/python3.8/site-packages/airflow/example_dags/example_sensors.py took 0.062 seconds
[2023-11-25T18:21:56.034+0000] {processor.py:157} INFO - Started process (PID=402) to work on /home/airflow/.local/lib/python3.8/site-packages/airflow/example_dags/example_sensors.py
[2023-11-25T18:21:56.035+0000] {processor.py:829} INFO - Processing file /home/airflow/.local/lib/python3.8/site-packages/airflow/example_dags/example_sensors.py for tasks to queue
[2023-11-25T18:21:56.037+0000] {logging_mixin.py:154} INFO - [2023-11-25T18:21:56.036+0000] {dagbag.py:536} INFO - Filling up the DagBag from /home/airflow/.local/lib/python3.8/site-packages/airflow/example_dags/example_sensors.py
[2023-11-25T18:21:56.045+0000] {processor.py:839} INFO - DAG(s) dict_keys(['example_sensors']) retrieved from /home/airflow/.local/lib/python3.8/site-packages/airflow/example_dags/example_sensors.py
[2023-11-25T18:21:56.068+0000] {logging_mixin.py:154} INFO - [2023-11-25T18:21:56.068+0000] {dag.py:2941} INFO - Sync 1 DAGs
[2023-11-25T18:21:56.081+0000] {logging_mixin.py:154} INFO - [2023-11-25T18:21:56.080+0000] {dag.py:3722} INFO - Setting next_dagrun for example_sensors to None, run_after=None
[2023-11-25T18:21:56.098+0000] {processor.py:179} INFO - Processing /home/airflow/.local/lib/python3.8/site-packages/airflow/example_dags/example_sensors.py took 0.066 seconds
[2023-11-25T18:22:26.932+0000] {processor.py:157} INFO - Started process (PID=456) to work on /home/airflow/.local/lib/python3.8/site-packages/airflow/example_dags/example_sensors.py
[2023-11-25T18:22:26.932+0000] {processor.py:829} INFO - Processing file /home/airflow/.local/lib/python3.8/site-packages/airflow/example_dags/example_sensors.py for tasks to queue
[2023-11-25T18:22:26.934+0000] {logging_mixin.py:154} INFO - [2023-11-25T18:22:26.934+0000] {dagbag.py:536} INFO - Filling up the DagBag from /home/airflow/.local/lib/python3.8/site-packages/airflow/example_dags/example_sensors.py
[2023-11-25T18:22:26.942+0000] {processor.py:839} INFO - DAG(s) dict_keys(['example_sensors']) retrieved from /home/airflow/.local/lib/python3.8/site-packages/airflow/example_dags/example_sensors.py
[2023-11-25T18:22:26.965+0000] {logging_mixin.py:154} INFO - [2023-11-25T18:22:26.964+0000] {dag.py:2941} INFO - Sync 1 DAGs
[2023-11-25T18:22:26.977+0000] {logging_mixin.py:154} INFO - [2023-11-25T18:22:26.977+0000] {dag.py:3722} INFO - Setting next_dagrun for example_sensors to None, run_after=None
[2023-11-25T18:22:26.994+0000] {processor.py:179} INFO - Processing /home/airflow/.local/lib/python3.8/site-packages/airflow/example_dags/example_sensors.py took 0.065 seconds
[2023-11-25T18:22:57.771+0000] {processor.py:157} INFO - Started process (PID=510) to work on /home/airflow/.local/lib/python3.8/site-packages/airflow/example_dags/example_sensors.py
[2023-11-25T18:22:57.772+0000] {processor.py:829} INFO - Processing file /home/airflow/.local/lib/python3.8/site-packages/airflow/example_dags/example_sensors.py for tasks to queue
[2023-11-25T18:22:57.774+0000] {logging_mixin.py:154} INFO - [2023-11-25T18:22:57.774+0000] {dagbag.py:536} INFO - Filling up the DagBag from /home/airflow/.local/lib/python3.8/site-packages/airflow/example_dags/example_sensors.py
[2023-11-25T18:22:57.782+0000] {processor.py:839} INFO - DAG(s) dict_keys(['example_sensors']) retrieved from /home/airflow/.local/lib/python3.8/site-packages/airflow/example_dags/example_sensors.py
[2023-11-25T18:22:57.804+0000] {logging_mixin.py:154} INFO - [2023-11-25T18:22:57.804+0000] {dag.py:2941} INFO - Sync 1 DAGs
[2023-11-25T18:22:57.816+0000] {logging_mixin.py:154} INFO - [2023-11-25T18:22:57.816+0000] {dag.py:3722} INFO - Setting next_dagrun for example_sensors to None, run_after=None
[2023-11-25T18:22:57.833+0000] {processor.py:179} INFO - Processing /home/airflow/.local/lib/python3.8/site-packages/airflow/example_dags/example_sensors.py took 0.064 seconds
[2023-11-25T18:23:28.191+0000] {processor.py:157} INFO - Started process (PID=564) to work on /home/airflow/.local/lib/python3.8/site-packages/airflow/example_dags/example_sensors.py
[2023-11-25T18:23:28.192+0000] {processor.py:829} INFO - Processing file /home/airflow/.local/lib/python3.8/site-packages/airflow/example_dags/example_sensors.py for tasks to queue
[2023-11-25T18:23:28.194+0000] {logging_mixin.py:154} INFO - [2023-11-25T18:23:28.194+0000] {dagbag.py:536} INFO - Filling up the DagBag from /home/airflow/.local/lib/python3.8/site-packages/airflow/example_dags/example_sensors.py
[2023-11-25T18:23:28.201+0000] {processor.py:839} INFO - DAG(s) dict_keys(['example_sensors']) retrieved from /home/airflow/.local/lib/python3.8/site-packages/airflow/example_dags/example_sensors.py
[2023-11-25T18:23:28.223+0000] {logging_mixin.py:154} INFO - [2023-11-25T18:23:28.222+0000] {dag.py:2941} INFO - Sync 1 DAGs
[2023-11-25T18:23:28.234+0000] {logging_mixin.py:154} INFO - [2023-11-25T18:23:28.233+0000] {dag.py:3722} INFO - Setting next_dagrun for example_sensors to None, run_after=None
[2023-11-25T18:23:28.249+0000] {processor.py:179} INFO - Processing /home/airflow/.local/lib/python3.8/site-packages/airflow/example_dags/example_sensors.py took 0.061 seconds
[2023-11-25T18:23:59.078+0000] {processor.py:157} INFO - Started process (PID=618) to work on /home/airflow/.local/lib/python3.8/site-packages/airflow/example_dags/example_sensors.py
[2023-11-25T18:23:59.078+0000] {processor.py:829} INFO - Processing file /home/airflow/.local/lib/python3.8/site-packages/airflow/example_dags/example_sensors.py for tasks to queue
[2023-11-25T18:23:59.080+0000] {logging_mixin.py:154} INFO - [2023-11-25T18:23:59.080+0000] {dagbag.py:536} INFO - Filling up the DagBag from /home/airflow/.local/lib/python3.8/site-packages/airflow/example_dags/example_sensors.py
[2023-11-25T18:23:59.087+0000] {processor.py:839} INFO - DAG(s) dict_keys(['example_sensors']) retrieved from /home/airflow/.local/lib/python3.8/site-packages/airflow/example_dags/example_sensors.py
[2023-11-25T18:23:59.110+0000] {logging_mixin.py:154} INFO - [2023-11-25T18:23:59.109+0000] {dag.py:2941} INFO - Sync 1 DAGs
[2023-11-25T18:23:59.121+0000] {logging_mixin.py:154} INFO - [2023-11-25T18:23:59.121+0000] {dag.py:3722} INFO - Setting next_dagrun for example_sensors to None, run_after=None
[2023-11-25T18:23:59.136+0000] {processor.py:179} INFO - Processing /home/airflow/.local/lib/python3.8/site-packages/airflow/example_dags/example_sensors.py took 0.061 seconds
[2023-11-25T18:24:29.993+0000] {processor.py:157} INFO - Started process (PID=672) to work on /home/airflow/.local/lib/python3.8/site-packages/airflow/example_dags/example_sensors.py
[2023-11-25T18:24:29.994+0000] {processor.py:829} INFO - Processing file /home/airflow/.local/lib/python3.8/site-packages/airflow/example_dags/example_sensors.py for tasks to queue
[2023-11-25T18:24:29.996+0000] {logging_mixin.py:154} INFO - [2023-11-25T18:24:29.995+0000] {dagbag.py:536} INFO - Filling up the DagBag from /home/airflow/.local/lib/python3.8/site-packages/airflow/example_dags/example_sensors.py
[2023-11-25T18:24:30.004+0000] {processor.py:839} INFO - DAG(s) dict_keys(['example_sensors']) retrieved from /home/airflow/.local/lib/python3.8/site-packages/airflow/example_dags/example_sensors.py
[2023-11-25T18:24:30.028+0000] {logging_mixin.py:154} INFO - [2023-11-25T18:24:30.027+0000] {dag.py:2941} INFO - Sync 1 DAGs
[2023-11-25T18:24:30.041+0000] {logging_mixin.py:154} INFO - [2023-11-25T18:24:30.040+0000] {dag.py:3722} INFO - Setting next_dagrun for example_sensors to None, run_after=None
[2023-11-25T18:24:30.059+0000] {processor.py:179} INFO - Processing /home/airflow/.local/lib/python3.8/site-packages/airflow/example_dags/example_sensors.py took 0.069 seconds
[2023-11-25T18:25:00.667+0000] {processor.py:157} INFO - Started process (PID=727) to work on /home/airflow/.local/lib/python3.8/site-packages/airflow/example_dags/example_sensors.py
[2023-11-25T18:25:00.668+0000] {processor.py:829} INFO - Processing file /home/airflow/.local/lib/python3.8/site-packages/airflow/example_dags/example_sensors.py for tasks to queue
[2023-11-25T18:25:00.670+0000] {logging_mixin.py:154} INFO - [2023-11-25T18:25:00.670+0000] {dagbag.py:536} INFO - Filling up the DagBag from /home/airflow/.local/lib/python3.8/site-packages/airflow/example_dags/example_sensors.py
[2023-11-25T18:25:00.678+0000] {processor.py:839} INFO - DAG(s) dict_keys(['example_sensors']) retrieved from /home/airflow/.local/lib/python3.8/site-packages/airflow/example_dags/example_sensors.py
[2023-11-25T18:25:00.701+0000] {logging_mixin.py:154} INFO - [2023-11-25T18:25:00.701+0000] {dag.py:2941} INFO - Sync 1 DAGs
[2023-11-25T18:25:00.714+0000] {logging_mixin.py:154} INFO - [2023-11-25T18:25:00.714+0000] {dag.py:3722} INFO - Setting next_dagrun for example_sensors to None, run_after=None
[2023-11-25T18:25:00.734+0000] {processor.py:179} INFO - Processing /home/airflow/.local/lib/python3.8/site-packages/airflow/example_dags/example_sensors.py took 0.070 seconds
[2023-11-25T18:25:31.704+0000] {processor.py:157} INFO - Started process (PID=781) to work on /home/airflow/.local/lib/python3.8/site-packages/airflow/example_dags/example_sensors.py
[2023-11-25T18:25:31.705+0000] {processor.py:829} INFO - Processing file /home/airflow/.local/lib/python3.8/site-packages/airflow/example_dags/example_sensors.py for tasks to queue
[2023-11-25T18:25:31.708+0000] {logging_mixin.py:154} INFO - [2023-11-25T18:25:31.707+0000] {dagbag.py:536} INFO - Filling up the DagBag from /home/airflow/.local/lib/python3.8/site-packages/airflow/example_dags/example_sensors.py
[2023-11-25T18:25:31.722+0000] {processor.py:839} INFO - DAG(s) dict_keys(['example_sensors']) retrieved from /home/airflow/.local/lib/python3.8/site-packages/airflow/example_dags/example_sensors.py
[2023-11-25T18:25:31.767+0000] {logging_mixin.py:154} INFO - [2023-11-25T18:25:31.767+0000] {dag.py:2941} INFO - Sync 1 DAGs
[2023-11-25T18:25:31.790+0000] {logging_mixin.py:154} INFO - [2023-11-25T18:25:31.789+0000] {dag.py:3722} INFO - Setting next_dagrun for example_sensors to None, run_after=None
[2023-11-25T18:25:31.824+0000] {processor.py:179} INFO - Processing /home/airflow/.local/lib/python3.8/site-packages/airflow/example_dags/example_sensors.py took 0.124 seconds
[2023-11-25T18:26:02.543+0000] {processor.py:157} INFO - Started process (PID=835) to work on /home/airflow/.local/lib/python3.8/site-packages/airflow/example_dags/example_sensors.py
[2023-11-25T18:26:02.544+0000] {processor.py:829} INFO - Processing file /home/airflow/.local/lib/python3.8/site-packages/airflow/example_dags/example_sensors.py for tasks to queue
[2023-11-25T18:26:02.545+0000] {logging_mixin.py:154} INFO - [2023-11-25T18:26:02.545+0000] {dagbag.py:536} INFO - Filling up the DagBag from /home/airflow/.local/lib/python3.8/site-packages/airflow/example_dags/example_sensors.py
[2023-11-25T18:26:02.552+0000] {processor.py:839} INFO - DAG(s) dict_keys(['example_sensors']) retrieved from /home/airflow/.local/lib/python3.8/site-packages/airflow/example_dags/example_sensors.py
[2023-11-25T18:26:02.572+0000] {logging_mixin.py:154} INFO - [2023-11-25T18:26:02.571+0000] {dag.py:2941} INFO - Sync 1 DAGs
[2023-11-25T18:26:02.582+0000] {logging_mixin.py:154} INFO - [2023-11-25T18:26:02.581+0000] {dag.py:3722} INFO - Setting next_dagrun for example_sensors to None, run_after=None
[2023-11-25T18:26:02.600+0000] {processor.py:179} INFO - Processing /home/airflow/.local/lib/python3.8/site-packages/airflow/example_dags/example_sensors.py took 0.059 seconds
[2023-11-25T18:26:33.183+0000] {processor.py:157} INFO - Started process (PID=889) to work on /home/airflow/.local/lib/python3.8/site-packages/airflow/example_dags/example_sensors.py
[2023-11-25T18:26:33.184+0000] {processor.py:829} INFO - Processing file /home/airflow/.local/lib/python3.8/site-packages/airflow/example_dags/example_sensors.py for tasks to queue
[2023-11-25T18:26:33.186+0000] {logging_mixin.py:154} INFO - [2023-11-25T18:26:33.186+0000] {dagbag.py:536} INFO - Filling up the DagBag from /home/airflow/.local/lib/python3.8/site-packages/airflow/example_dags/example_sensors.py
[2023-11-25T18:26:33.197+0000] {processor.py:839} INFO - DAG(s) dict_keys(['example_sensors']) retrieved from /home/airflow/.local/lib/python3.8/site-packages/airflow/example_dags/example_sensors.py
[2023-11-25T18:26:33.223+0000] {logging_mixin.py:154} INFO - [2023-11-25T18:26:33.223+0000] {dag.py:2941} INFO - Sync 1 DAGs
[2023-11-25T18:26:33.238+0000] {logging_mixin.py:154} INFO - [2023-11-25T18:26:33.237+0000] {dag.py:3722} INFO - Setting next_dagrun for example_sensors to None, run_after=None
[2023-11-25T18:26:33.259+0000] {processor.py:179} INFO - Processing /home/airflow/.local/lib/python3.8/site-packages/airflow/example_dags/example_sensors.py took 0.079 seconds
[2023-11-25T18:27:03.787+0000] {processor.py:157} INFO - Started process (PID=943) to work on /home/airflow/.local/lib/python3.8/site-packages/airflow/example_dags/example_sensors.py
[2023-11-25T18:27:03.787+0000] {processor.py:829} INFO - Processing file /home/airflow/.local/lib/python3.8/site-packages/airflow/example_dags/example_sensors.py for tasks to queue
[2023-11-25T18:27:03.789+0000] {logging_mixin.py:154} INFO - [2023-11-25T18:27:03.789+0000] {dagbag.py:536} INFO - Filling up the DagBag from /home/airflow/.local/lib/python3.8/site-packages/airflow/example_dags/example_sensors.py
[2023-11-25T18:27:03.797+0000] {processor.py:839} INFO - DAG(s) dict_keys(['example_sensors']) retrieved from /home/airflow/.local/lib/python3.8/site-packages/airflow/example_dags/example_sensors.py
[2023-11-25T18:27:03.817+0000] {logging_mixin.py:154} INFO - [2023-11-25T18:27:03.816+0000] {dag.py:2941} INFO - Sync 1 DAGs
[2023-11-25T18:27:03.827+0000] {logging_mixin.py:154} INFO - [2023-11-25T18:27:03.827+0000] {dag.py:3722} INFO - Setting next_dagrun for example_sensors to None, run_after=None
[2023-11-25T18:27:03.843+0000] {processor.py:179} INFO - Processing /home/airflow/.local/lib/python3.8/site-packages/airflow/example_dags/example_sensors.py took 0.059 seconds
[2023-11-25T18:27:34.603+0000] {processor.py:157} INFO - Started process (PID=997) to work on /home/airflow/.local/lib/python3.8/site-packages/airflow/example_dags/example_sensors.py
[2023-11-25T18:27:34.604+0000] {processor.py:829} INFO - Processing file /home/airflow/.local/lib/python3.8/site-packages/airflow/example_dags/example_sensors.py for tasks to queue
[2023-11-25T18:27:34.606+0000] {logging_mixin.py:154} INFO - [2023-11-25T18:27:34.605+0000] {dagbag.py:536} INFO - Filling up the DagBag from /home/airflow/.local/lib/python3.8/site-packages/airflow/example_dags/example_sensors.py
[2023-11-25T18:27:34.612+0000] {processor.py:839} INFO - DAG(s) dict_keys(['example_sensors']) retrieved from /home/airflow/.local/lib/python3.8/site-packages/airflow/example_dags/example_sensors.py
[2023-11-25T18:27:34.632+0000] {logging_mixin.py:154} INFO - [2023-11-25T18:27:34.632+0000] {dag.py:2941} INFO - Sync 1 DAGs
[2023-11-25T18:27:34.643+0000] {logging_mixin.py:154} INFO - [2023-11-25T18:27:34.643+0000] {dag.py:3722} INFO - Setting next_dagrun for example_sensors to None, run_after=None
[2023-11-25T18:27:34.659+0000] {processor.py:179} INFO - Processing /home/airflow/.local/lib/python3.8/site-packages/airflow/example_dags/example_sensors.py took 0.058 seconds
[2023-11-25T18:28:05.411+0000] {processor.py:157} INFO - Started process (PID=1051) to work on /home/airflow/.local/lib/python3.8/site-packages/airflow/example_dags/example_sensors.py
[2023-11-25T18:28:05.411+0000] {processor.py:829} INFO - Processing file /home/airflow/.local/lib/python3.8/site-packages/airflow/example_dags/example_sensors.py for tasks to queue
[2023-11-25T18:28:05.413+0000] {logging_mixin.py:154} INFO - [2023-11-25T18:28:05.413+0000] {dagbag.py:536} INFO - Filling up the DagBag from /home/airflow/.local/lib/python3.8/site-packages/airflow/example_dags/example_sensors.py
[2023-11-25T18:28:05.419+0000] {processor.py:839} INFO - DAG(s) dict_keys(['example_sensors']) retrieved from /home/airflow/.local/lib/python3.8/site-packages/airflow/example_dags/example_sensors.py
[2023-11-25T18:28:05.440+0000] {logging_mixin.py:154} INFO - [2023-11-25T18:28:05.440+0000] {dag.py:2941} INFO - Sync 1 DAGs
[2023-11-25T18:28:05.450+0000] {logging_mixin.py:154} INFO - [2023-11-25T18:28:05.450+0000] {dag.py:3722} INFO - Setting next_dagrun for example_sensors to None, run_after=None
[2023-11-25T18:28:05.468+0000] {processor.py:179} INFO - Processing /home/airflow/.local/lib/python3.8/site-packages/airflow/example_dags/example_sensors.py took 0.060 seconds
[2023-11-25T18:28:35.710+0000] {processor.py:157} INFO - Started process (PID=1105) to work on /home/airflow/.local/lib/python3.8/site-packages/airflow/example_dags/example_sensors.py
[2023-11-25T18:28:35.711+0000] {processor.py:829} INFO - Processing file /home/airflow/.local/lib/python3.8/site-packages/airflow/example_dags/example_sensors.py for tasks to queue
[2023-11-25T18:28:35.713+0000] {logging_mixin.py:154} INFO - [2023-11-25T18:28:35.713+0000] {dagbag.py:536} INFO - Filling up the DagBag from /home/airflow/.local/lib/python3.8/site-packages/airflow/example_dags/example_sensors.py
[2023-11-25T18:28:35.719+0000] {processor.py:839} INFO - DAG(s) dict_keys(['example_sensors']) retrieved from /home/airflow/.local/lib/python3.8/site-packages/airflow/example_dags/example_sensors.py
[2023-11-25T18:28:35.741+0000] {logging_mixin.py:154} INFO - [2023-11-25T18:28:35.741+0000] {dag.py:2941} INFO - Sync 1 DAGs
[2023-11-25T18:28:35.752+0000] {logging_mixin.py:154} INFO - [2023-11-25T18:28:35.752+0000] {dag.py:3722} INFO - Setting next_dagrun for example_sensors to None, run_after=None
[2023-11-25T18:28:35.768+0000] {processor.py:179} INFO - Processing /home/airflow/.local/lib/python3.8/site-packages/airflow/example_dags/example_sensors.py took 0.060 seconds
[2023-11-25T18:29:06.711+0000] {processor.py:157} INFO - Started process (PID=1166) to work on /home/airflow/.local/lib/python3.8/site-packages/airflow/example_dags/example_sensors.py
[2023-11-25T18:29:06.712+0000] {processor.py:829} INFO - Processing file /home/airflow/.local/lib/python3.8/site-packages/airflow/example_dags/example_sensors.py for tasks to queue
[2023-11-25T18:29:06.714+0000] {logging_mixin.py:154} INFO - [2023-11-25T18:29:06.714+0000] {dagbag.py:536} INFO - Filling up the DagBag from /home/airflow/.local/lib/python3.8/site-packages/airflow/example_dags/example_sensors.py
[2023-11-25T18:29:06.726+0000] {processor.py:839} INFO - DAG(s) dict_keys(['example_sensors']) retrieved from /home/airflow/.local/lib/python3.8/site-packages/airflow/example_dags/example_sensors.py
[2023-11-25T18:29:06.753+0000] {logging_mixin.py:154} INFO - [2023-11-25T18:29:06.753+0000] {dag.py:2941} INFO - Sync 1 DAGs
[2023-11-25T18:29:06.768+0000] {logging_mixin.py:154} INFO - [2023-11-25T18:29:06.768+0000] {dag.py:3722} INFO - Setting next_dagrun for example_sensors to None, run_after=None
[2023-11-25T18:29:06.790+0000] {processor.py:179} INFO - Processing /home/airflow/.local/lib/python3.8/site-packages/airflow/example_dags/example_sensors.py took 0.083 seconds
[2023-11-25T18:29:38.880+0000] {processor.py:157} INFO - Started process (PID=1220) to work on /home/airflow/.local/lib/python3.8/site-packages/airflow/example_dags/example_sensors.py
[2023-11-25T18:29:38.881+0000] {processor.py:829} INFO - Processing file /home/airflow/.local/lib/python3.8/site-packages/airflow/example_dags/example_sensors.py for tasks to queue
[2023-11-25T18:29:38.883+0000] {logging_mixin.py:154} INFO - [2023-11-25T18:29:38.883+0000] {dagbag.py:536} INFO - Filling up the DagBag from /home/airflow/.local/lib/python3.8/site-packages/airflow/example_dags/example_sensors.py
[2023-11-25T18:29:38.895+0000] {processor.py:839} INFO - DAG(s) dict_keys(['example_sensors']) retrieved from /home/airflow/.local/lib/python3.8/site-packages/airflow/example_dags/example_sensors.py
[2023-11-25T18:29:38.932+0000] {logging_mixin.py:154} INFO - [2023-11-25T18:29:38.932+0000] {dag.py:2941} INFO - Sync 1 DAGs
[2023-11-25T18:29:39.164+0000] {logging_mixin.py:154} INFO - [2023-11-25T18:29:39.164+0000] {dag.py:3722} INFO - Setting next_dagrun for example_sensors to None, run_after=None
[2023-11-25T18:29:39.189+0000] {processor.py:179} INFO - Processing /home/airflow/.local/lib/python3.8/site-packages/airflow/example_dags/example_sensors.py took 0.313 seconds
[2023-11-25T18:30:09.660+0000] {processor.py:157} INFO - Started process (PID=1274) to work on /home/airflow/.local/lib/python3.8/site-packages/airflow/example_dags/example_sensors.py
[2023-11-25T18:30:09.661+0000] {processor.py:829} INFO - Processing file /home/airflow/.local/lib/python3.8/site-packages/airflow/example_dags/example_sensors.py for tasks to queue
[2023-11-25T18:30:09.664+0000] {logging_mixin.py:154} INFO - [2023-11-25T18:30:09.663+0000] {dagbag.py:536} INFO - Filling up the DagBag from /home/airflow/.local/lib/python3.8/site-packages/airflow/example_dags/example_sensors.py
[2023-11-25T18:30:09.676+0000] {processor.py:839} INFO - DAG(s) dict_keys(['example_sensors']) retrieved from /home/airflow/.local/lib/python3.8/site-packages/airflow/example_dags/example_sensors.py
[2023-11-25T18:30:09.705+0000] {logging_mixin.py:154} INFO - [2023-11-25T18:30:09.704+0000] {dag.py:2941} INFO - Sync 1 DAGs
[2023-11-25T18:30:09.723+0000] {logging_mixin.py:154} INFO - [2023-11-25T18:30:09.723+0000] {dag.py:3722} INFO - Setting next_dagrun for example_sensors to None, run_after=None
[2023-11-25T18:30:09.747+0000] {processor.py:179} INFO - Processing /home/airflow/.local/lib/python3.8/site-packages/airflow/example_dags/example_sensors.py took 0.090 seconds
[2023-11-25T18:30:40.533+0000] {processor.py:157} INFO - Started process (PID=1329) to work on /home/airflow/.local/lib/python3.8/site-packages/airflow/example_dags/example_sensors.py
[2023-11-25T18:30:40.534+0000] {processor.py:829} INFO - Processing file /home/airflow/.local/lib/python3.8/site-packages/airflow/example_dags/example_sensors.py for tasks to queue
[2023-11-25T18:30:40.537+0000] {logging_mixin.py:154} INFO - [2023-11-25T18:30:40.536+0000] {dagbag.py:536} INFO - Filling up the DagBag from /home/airflow/.local/lib/python3.8/site-packages/airflow/example_dags/example_sensors.py
[2023-11-25T18:30:40.554+0000] {processor.py:839} INFO - DAG(s) dict_keys(['example_sensors']) retrieved from /home/airflow/.local/lib/python3.8/site-packages/airflow/example_dags/example_sensors.py
[2023-11-25T18:30:40.605+0000] {logging_mixin.py:154} INFO - [2023-11-25T18:30:40.604+0000] {dag.py:2941} INFO - Sync 1 DAGs
[2023-11-25T18:30:40.872+0000] {logging_mixin.py:154} INFO - [2023-11-25T18:30:40.871+0000] {dag.py:3722} INFO - Setting next_dagrun for example_sensors to None, run_after=None
[2023-11-25T18:30:40.900+0000] {processor.py:179} INFO - Processing /home/airflow/.local/lib/python3.8/site-packages/airflow/example_dags/example_sensors.py took 0.371 seconds
[2023-11-25T18:31:11.277+0000] {processor.py:157} INFO - Started process (PID=1383) to work on /home/airflow/.local/lib/python3.8/site-packages/airflow/example_dags/example_sensors.py
[2023-11-25T18:31:11.278+0000] {processor.py:829} INFO - Processing file /home/airflow/.local/lib/python3.8/site-packages/airflow/example_dags/example_sensors.py for tasks to queue
[2023-11-25T18:31:11.281+0000] {logging_mixin.py:154} INFO - [2023-11-25T18:31:11.281+0000] {dagbag.py:536} INFO - Filling up the DagBag from /home/airflow/.local/lib/python3.8/site-packages/airflow/example_dags/example_sensors.py
[2023-11-25T18:31:11.294+0000] {processor.py:839} INFO - DAG(s) dict_keys(['example_sensors']) retrieved from /home/airflow/.local/lib/python3.8/site-packages/airflow/example_dags/example_sensors.py
[2023-11-25T18:31:11.331+0000] {logging_mixin.py:154} INFO - [2023-11-25T18:31:11.331+0000] {dag.py:2941} INFO - Sync 1 DAGs
[2023-11-25T18:31:11.348+0000] {logging_mixin.py:154} INFO - [2023-11-25T18:31:11.348+0000] {dag.py:3722} INFO - Setting next_dagrun for example_sensors to None, run_after=None
[2023-11-25T18:31:11.384+0000] {processor.py:179} INFO - Processing /home/airflow/.local/lib/python3.8/site-packages/airflow/example_dags/example_sensors.py took 0.114 seconds
[2023-11-25T18:31:41.598+0000] {processor.py:157} INFO - Started process (PID=1437) to work on /home/airflow/.local/lib/python3.8/site-packages/airflow/example_dags/example_sensors.py
[2023-11-25T18:31:41.599+0000] {processor.py:829} INFO - Processing file /home/airflow/.local/lib/python3.8/site-packages/airflow/example_dags/example_sensors.py for tasks to queue
[2023-11-25T18:31:41.602+0000] {logging_mixin.py:154} INFO - [2023-11-25T18:31:41.602+0000] {dagbag.py:536} INFO - Filling up the DagBag from /home/airflow/.local/lib/python3.8/site-packages/airflow/example_dags/example_sensors.py
[2023-11-25T18:31:41.614+0000] {processor.py:839} INFO - DAG(s) dict_keys(['example_sensors']) retrieved from /home/airflow/.local/lib/python3.8/site-packages/airflow/example_dags/example_sensors.py
[2023-11-25T18:31:41.649+0000] {logging_mixin.py:154} INFO - [2023-11-25T18:31:41.649+0000] {dag.py:2941} INFO - Sync 1 DAGs
[2023-11-25T18:31:41.670+0000] {logging_mixin.py:154} INFO - [2023-11-25T18:31:41.670+0000] {dag.py:3722} INFO - Setting next_dagrun for example_sensors to None, run_after=None
[2023-11-25T18:31:41.708+0000] {processor.py:179} INFO - Processing /home/airflow/.local/lib/python3.8/site-packages/airflow/example_dags/example_sensors.py took 0.114 seconds
[2023-11-25T18:32:12.256+0000] {processor.py:157} INFO - Started process (PID=1491) to work on /home/airflow/.local/lib/python3.8/site-packages/airflow/example_dags/example_sensors.py
[2023-11-25T18:32:12.258+0000] {processor.py:829} INFO - Processing file /home/airflow/.local/lib/python3.8/site-packages/airflow/example_dags/example_sensors.py for tasks to queue
[2023-11-25T18:32:12.262+0000] {logging_mixin.py:154} INFO - [2023-11-25T18:32:12.261+0000] {dagbag.py:536} INFO - Filling up the DagBag from /home/airflow/.local/lib/python3.8/site-packages/airflow/example_dags/example_sensors.py
[2023-11-25T18:32:12.274+0000] {processor.py:839} INFO - DAG(s) dict_keys(['example_sensors']) retrieved from /home/airflow/.local/lib/python3.8/site-packages/airflow/example_dags/example_sensors.py
[2023-11-25T18:32:12.307+0000] {logging_mixin.py:154} INFO - [2023-11-25T18:32:12.307+0000] {dag.py:2941} INFO - Sync 1 DAGs
[2023-11-25T18:32:12.326+0000] {logging_mixin.py:154} INFO - [2023-11-25T18:32:12.326+0000] {dag.py:3722} INFO - Setting next_dagrun for example_sensors to None, run_after=None
[2023-11-25T18:32:12.592+0000] {processor.py:179} INFO - Processing /home/airflow/.local/lib/python3.8/site-packages/airflow/example_dags/example_sensors.py took 0.341 seconds
