[2023-11-25T18:18:53.882+0000] {processor.py:157} INFO - Started process (PID=81) to work on /home/airflow/.local/lib/python3.8/site-packages/airflow/example_dags/example_branch_day_of_week_operator.py
[2023-11-25T18:18:53.883+0000] {processor.py:829} INFO - Processing file /home/airflow/.local/lib/python3.8/site-packages/airflow/example_dags/example_branch_day_of_week_operator.py for tasks to queue
[2023-11-25T18:18:53.885+0000] {logging_mixin.py:154} INFO - [2023-11-25T18:18:53.885+0000] {dagbag.py:536} INFO - Filling up the DagBag from /home/airflow/.local/lib/python3.8/site-packages/airflow/example_dags/example_branch_day_of_week_operator.py
[2023-11-25T18:18:53.896+0000] {processor.py:839} INFO - DAG(s) dict_keys(['example_weekday_branch_operator']) retrieved from /home/airflow/.local/lib/python3.8/site-packages/airflow/example_dags/example_branch_day_of_week_operator.py
[2023-11-25T18:18:53.922+0000] {logging_mixin.py:154} INFO - [2023-11-25T18:18:53.921+0000] {dag.py:2941} INFO - Sync 1 DAGs
[2023-11-25T18:18:53.991+0000] {logging_mixin.py:154} INFO - [2023-11-25T18:18:53.990+0000] {dag.py:3722} INFO - Setting next_dagrun for example_weekday_branch_operator to 2023-11-24T00:00:00+00:00, run_after=2023-11-25T00:00:00+00:00
[2023-11-25T18:18:54.016+0000] {processor.py:179} INFO - Processing /home/airflow/.local/lib/python3.8/site-packages/airflow/example_dags/example_branch_day_of_week_operator.py took 0.137 seconds
[2023-11-25T18:19:24.361+0000] {processor.py:157} INFO - Started process (PID=135) to work on /home/airflow/.local/lib/python3.8/site-packages/airflow/example_dags/example_branch_day_of_week_operator.py
[2023-11-25T18:19:24.362+0000] {processor.py:829} INFO - Processing file /home/airflow/.local/lib/python3.8/site-packages/airflow/example_dags/example_branch_day_of_week_operator.py for tasks to queue
[2023-11-25T18:19:24.364+0000] {logging_mixin.py:154} INFO - [2023-11-25T18:19:24.364+0000] {dagbag.py:536} INFO - Filling up the DagBag from /home/airflow/.local/lib/python3.8/site-packages/airflow/example_dags/example_branch_day_of_week_operator.py
[2023-11-25T18:19:24.371+0000] {processor.py:839} INFO - DAG(s) dict_keys(['example_weekday_branch_operator']) retrieved from /home/airflow/.local/lib/python3.8/site-packages/airflow/example_dags/example_branch_day_of_week_operator.py
[2023-11-25T18:19:24.390+0000] {logging_mixin.py:154} INFO - [2023-11-25T18:19:24.390+0000] {dag.py:2941} INFO - Sync 1 DAGs
[2023-11-25T18:19:24.413+0000] {logging_mixin.py:154} INFO - [2023-11-25T18:19:24.413+0000] {dag.py:3722} INFO - Setting next_dagrun for example_weekday_branch_operator to 2023-11-24T00:00:00+00:00, run_after=2023-11-25T00:00:00+00:00
[2023-11-25T18:19:24.433+0000] {processor.py:179} INFO - Processing /home/airflow/.local/lib/python3.8/site-packages/airflow/example_dags/example_branch_day_of_week_operator.py took 0.074 seconds
[2023-11-25T18:19:54.747+0000] {processor.py:157} INFO - Started process (PID=189) to work on /home/airflow/.local/lib/python3.8/site-packages/airflow/example_dags/example_branch_day_of_week_operator.py
[2023-11-25T18:19:54.747+0000] {processor.py:829} INFO - Processing file /home/airflow/.local/lib/python3.8/site-packages/airflow/example_dags/example_branch_day_of_week_operator.py for tasks to queue
[2023-11-25T18:19:54.749+0000] {logging_mixin.py:154} INFO - [2023-11-25T18:19:54.749+0000] {dagbag.py:536} INFO - Filling up the DagBag from /home/airflow/.local/lib/python3.8/site-packages/airflow/example_dags/example_branch_day_of_week_operator.py
[2023-11-25T18:19:54.756+0000] {processor.py:839} INFO - DAG(s) dict_keys(['example_weekday_branch_operator']) retrieved from /home/airflow/.local/lib/python3.8/site-packages/airflow/example_dags/example_branch_day_of_week_operator.py
[2023-11-25T18:19:54.774+0000] {logging_mixin.py:154} INFO - [2023-11-25T18:19:54.773+0000] {dag.py:2941} INFO - Sync 1 DAGs
[2023-11-25T18:19:54.796+0000] {logging_mixin.py:154} INFO - [2023-11-25T18:19:54.796+0000] {dag.py:3722} INFO - Setting next_dagrun for example_weekday_branch_operator to 2023-11-24T00:00:00+00:00, run_after=2023-11-25T00:00:00+00:00
[2023-11-25T18:19:54.812+0000] {processor.py:179} INFO - Processing /home/airflow/.local/lib/python3.8/site-packages/airflow/example_dags/example_branch_day_of_week_operator.py took 0.068 seconds
[2023-11-25T18:20:24.992+0000] {processor.py:157} INFO - Started process (PID=243) to work on /home/airflow/.local/lib/python3.8/site-packages/airflow/example_dags/example_branch_day_of_week_operator.py
[2023-11-25T18:20:24.992+0000] {processor.py:829} INFO - Processing file /home/airflow/.local/lib/python3.8/site-packages/airflow/example_dags/example_branch_day_of_week_operator.py for tasks to queue
[2023-11-25T18:20:24.994+0000] {logging_mixin.py:154} INFO - [2023-11-25T18:20:24.994+0000] {dagbag.py:536} INFO - Filling up the DagBag from /home/airflow/.local/lib/python3.8/site-packages/airflow/example_dags/example_branch_day_of_week_operator.py
[2023-11-25T18:20:25.000+0000] {processor.py:839} INFO - DAG(s) dict_keys(['example_weekday_branch_operator']) retrieved from /home/airflow/.local/lib/python3.8/site-packages/airflow/example_dags/example_branch_day_of_week_operator.py
[2023-11-25T18:20:25.017+0000] {logging_mixin.py:154} INFO - [2023-11-25T18:20:25.017+0000] {dag.py:2941} INFO - Sync 1 DAGs
[2023-11-25T18:20:25.038+0000] {logging_mixin.py:154} INFO - [2023-11-25T18:20:25.038+0000] {dag.py:3722} INFO - Setting next_dagrun for example_weekday_branch_operator to 2023-11-24T00:00:00+00:00, run_after=2023-11-25T00:00:00+00:00
[2023-11-25T18:20:25.053+0000] {processor.py:179} INFO - Processing /home/airflow/.local/lib/python3.8/site-packages/airflow/example_dags/example_branch_day_of_week_operator.py took 0.063 seconds
[2023-11-25T18:20:55.321+0000] {processor.py:157} INFO - Started process (PID=297) to work on /home/airflow/.local/lib/python3.8/site-packages/airflow/example_dags/example_branch_day_of_week_operator.py
[2023-11-25T18:20:55.322+0000] {processor.py:829} INFO - Processing file /home/airflow/.local/lib/python3.8/site-packages/airflow/example_dags/example_branch_day_of_week_operator.py for tasks to queue
[2023-11-25T18:20:55.323+0000] {logging_mixin.py:154} INFO - [2023-11-25T18:20:55.323+0000] {dagbag.py:536} INFO - Filling up the DagBag from /home/airflow/.local/lib/python3.8/site-packages/airflow/example_dags/example_branch_day_of_week_operator.py
[2023-11-25T18:20:55.329+0000] {processor.py:839} INFO - DAG(s) dict_keys(['example_weekday_branch_operator']) retrieved from /home/airflow/.local/lib/python3.8/site-packages/airflow/example_dags/example_branch_day_of_week_operator.py
[2023-11-25T18:20:55.347+0000] {logging_mixin.py:154} INFO - [2023-11-25T18:20:55.347+0000] {dag.py:2941} INFO - Sync 1 DAGs
[2023-11-25T18:20:55.368+0000] {logging_mixin.py:154} INFO - [2023-11-25T18:20:55.367+0000] {dag.py:3722} INFO - Setting next_dagrun for example_weekday_branch_operator to 2023-11-24T00:00:00+00:00, run_after=2023-11-25T00:00:00+00:00
[2023-11-25T18:20:55.383+0000] {processor.py:179} INFO - Processing /home/airflow/.local/lib/python3.8/site-packages/airflow/example_dags/example_branch_day_of_week_operator.py took 0.065 seconds
[2023-11-25T18:21:25.601+0000] {processor.py:157} INFO - Started process (PID=351) to work on /home/airflow/.local/lib/python3.8/site-packages/airflow/example_dags/example_branch_day_of_week_operator.py
[2023-11-25T18:21:25.602+0000] {processor.py:829} INFO - Processing file /home/airflow/.local/lib/python3.8/site-packages/airflow/example_dags/example_branch_day_of_week_operator.py for tasks to queue
[2023-11-25T18:21:25.604+0000] {logging_mixin.py:154} INFO - [2023-11-25T18:21:25.603+0000] {dagbag.py:536} INFO - Filling up the DagBag from /home/airflow/.local/lib/python3.8/site-packages/airflow/example_dags/example_branch_day_of_week_operator.py
[2023-11-25T18:21:25.610+0000] {processor.py:839} INFO - DAG(s) dict_keys(['example_weekday_branch_operator']) retrieved from /home/airflow/.local/lib/python3.8/site-packages/airflow/example_dags/example_branch_day_of_week_operator.py
[2023-11-25T18:21:25.628+0000] {logging_mixin.py:154} INFO - [2023-11-25T18:21:25.628+0000] {dag.py:2941} INFO - Sync 1 DAGs
[2023-11-25T18:21:25.650+0000] {logging_mixin.py:154} INFO - [2023-11-25T18:21:25.650+0000] {dag.py:3722} INFO - Setting next_dagrun for example_weekday_branch_operator to 2023-11-24T00:00:00+00:00, run_after=2023-11-25T00:00:00+00:00
[2023-11-25T18:21:25.666+0000] {processor.py:179} INFO - Processing /home/airflow/.local/lib/python3.8/site-packages/airflow/example_dags/example_branch_day_of_week_operator.py took 0.067 seconds
[2023-11-25T18:21:56.225+0000] {processor.py:157} INFO - Started process (PID=405) to work on /home/airflow/.local/lib/python3.8/site-packages/airflow/example_dags/example_branch_day_of_week_operator.py
[2023-11-25T18:21:56.226+0000] {processor.py:829} INFO - Processing file /home/airflow/.local/lib/python3.8/site-packages/airflow/example_dags/example_branch_day_of_week_operator.py for tasks to queue
[2023-11-25T18:21:56.227+0000] {logging_mixin.py:154} INFO - [2023-11-25T18:21:56.227+0000] {dagbag.py:536} INFO - Filling up the DagBag from /home/airflow/.local/lib/python3.8/site-packages/airflow/example_dags/example_branch_day_of_week_operator.py
[2023-11-25T18:21:56.234+0000] {processor.py:839} INFO - DAG(s) dict_keys(['example_weekday_branch_operator']) retrieved from /home/airflow/.local/lib/python3.8/site-packages/airflow/example_dags/example_branch_day_of_week_operator.py
[2023-11-25T18:21:56.253+0000] {logging_mixin.py:154} INFO - [2023-11-25T18:21:56.253+0000] {dag.py:2941} INFO - Sync 1 DAGs
[2023-11-25T18:21:56.276+0000] {logging_mixin.py:154} INFO - [2023-11-25T18:21:56.276+0000] {dag.py:3722} INFO - Setting next_dagrun for example_weekday_branch_operator to 2023-11-24T00:00:00+00:00, run_after=2023-11-25T00:00:00+00:00
[2023-11-25T18:21:56.293+0000] {processor.py:179} INFO - Processing /home/airflow/.local/lib/python3.8/site-packages/airflow/example_dags/example_branch_day_of_week_operator.py took 0.071 seconds
[2023-11-25T18:22:27.124+0000] {processor.py:157} INFO - Started process (PID=459) to work on /home/airflow/.local/lib/python3.8/site-packages/airflow/example_dags/example_branch_day_of_week_operator.py
[2023-11-25T18:22:27.125+0000] {processor.py:829} INFO - Processing file /home/airflow/.local/lib/python3.8/site-packages/airflow/example_dags/example_branch_day_of_week_operator.py for tasks to queue
[2023-11-25T18:22:27.126+0000] {logging_mixin.py:154} INFO - [2023-11-25T18:22:27.126+0000] {dagbag.py:536} INFO - Filling up the DagBag from /home/airflow/.local/lib/python3.8/site-packages/airflow/example_dags/example_branch_day_of_week_operator.py
[2023-11-25T18:22:27.134+0000] {processor.py:839} INFO - DAG(s) dict_keys(['example_weekday_branch_operator']) retrieved from /home/airflow/.local/lib/python3.8/site-packages/airflow/example_dags/example_branch_day_of_week_operator.py
[2023-11-25T18:22:27.154+0000] {logging_mixin.py:154} INFO - [2023-11-25T18:22:27.154+0000] {dag.py:2941} INFO - Sync 1 DAGs
[2023-11-25T18:22:27.182+0000] {logging_mixin.py:154} INFO - [2023-11-25T18:22:27.182+0000] {dag.py:3722} INFO - Setting next_dagrun for example_weekday_branch_operator to 2023-11-24T00:00:00+00:00, run_after=2023-11-25T00:00:00+00:00
[2023-11-25T18:22:27.200+0000] {processor.py:179} INFO - Processing /home/airflow/.local/lib/python3.8/site-packages/airflow/example_dags/example_branch_day_of_week_operator.py took 0.079 seconds
[2023-11-25T18:22:57.953+0000] {processor.py:157} INFO - Started process (PID=513) to work on /home/airflow/.local/lib/python3.8/site-packages/airflow/example_dags/example_branch_day_of_week_operator.py
[2023-11-25T18:22:57.954+0000] {processor.py:829} INFO - Processing file /home/airflow/.local/lib/python3.8/site-packages/airflow/example_dags/example_branch_day_of_week_operator.py for tasks to queue
[2023-11-25T18:22:57.956+0000] {logging_mixin.py:154} INFO - [2023-11-25T18:22:57.955+0000] {dagbag.py:536} INFO - Filling up the DagBag from /home/airflow/.local/lib/python3.8/site-packages/airflow/example_dags/example_branch_day_of_week_operator.py
[2023-11-25T18:22:57.961+0000] {processor.py:839} INFO - DAG(s) dict_keys(['example_weekday_branch_operator']) retrieved from /home/airflow/.local/lib/python3.8/site-packages/airflow/example_dags/example_branch_day_of_week_operator.py
[2023-11-25T18:22:57.977+0000] {logging_mixin.py:154} INFO - [2023-11-25T18:22:57.977+0000] {dag.py:2941} INFO - Sync 1 DAGs
[2023-11-25T18:22:57.996+0000] {logging_mixin.py:154} INFO - [2023-11-25T18:22:57.996+0000] {dag.py:3722} INFO - Setting next_dagrun for example_weekday_branch_operator to 2023-11-24T00:00:00+00:00, run_after=2023-11-25T00:00:00+00:00
[2023-11-25T18:22:58.010+0000] {processor.py:179} INFO - Processing /home/airflow/.local/lib/python3.8/site-packages/airflow/example_dags/example_branch_day_of_week_operator.py took 0.060 seconds
[2023-11-25T18:23:28.368+0000] {processor.py:157} INFO - Started process (PID=567) to work on /home/airflow/.local/lib/python3.8/site-packages/airflow/example_dags/example_branch_day_of_week_operator.py
[2023-11-25T18:23:28.368+0000] {processor.py:829} INFO - Processing file /home/airflow/.local/lib/python3.8/site-packages/airflow/example_dags/example_branch_day_of_week_operator.py for tasks to queue
[2023-11-25T18:23:28.370+0000] {logging_mixin.py:154} INFO - [2023-11-25T18:23:28.370+0000] {dagbag.py:536} INFO - Filling up the DagBag from /home/airflow/.local/lib/python3.8/site-packages/airflow/example_dags/example_branch_day_of_week_operator.py
[2023-11-25T18:23:28.376+0000] {processor.py:839} INFO - DAG(s) dict_keys(['example_weekday_branch_operator']) retrieved from /home/airflow/.local/lib/python3.8/site-packages/airflow/example_dags/example_branch_day_of_week_operator.py
[2023-11-25T18:23:28.394+0000] {logging_mixin.py:154} INFO - [2023-11-25T18:23:28.393+0000] {dag.py:2941} INFO - Sync 1 DAGs
[2023-11-25T18:23:28.414+0000] {logging_mixin.py:154} INFO - [2023-11-25T18:23:28.414+0000] {dag.py:3722} INFO - Setting next_dagrun for example_weekday_branch_operator to 2023-11-24T00:00:00+00:00, run_after=2023-11-25T00:00:00+00:00
[2023-11-25T18:23:28.430+0000] {processor.py:179} INFO - Processing /home/airflow/.local/lib/python3.8/site-packages/airflow/example_dags/example_branch_day_of_week_operator.py took 0.065 seconds
[2023-11-25T18:23:59.252+0000] {processor.py:157} INFO - Started process (PID=621) to work on /home/airflow/.local/lib/python3.8/site-packages/airflow/example_dags/example_branch_day_of_week_operator.py
[2023-11-25T18:23:59.253+0000] {processor.py:829} INFO - Processing file /home/airflow/.local/lib/python3.8/site-packages/airflow/example_dags/example_branch_day_of_week_operator.py for tasks to queue
[2023-11-25T18:23:59.255+0000] {logging_mixin.py:154} INFO - [2023-11-25T18:23:59.254+0000] {dagbag.py:536} INFO - Filling up the DagBag from /home/airflow/.local/lib/python3.8/site-packages/airflow/example_dags/example_branch_day_of_week_operator.py
[2023-11-25T18:23:59.261+0000] {processor.py:839} INFO - DAG(s) dict_keys(['example_weekday_branch_operator']) retrieved from /home/airflow/.local/lib/python3.8/site-packages/airflow/example_dags/example_branch_day_of_week_operator.py
[2023-11-25T18:23:59.279+0000] {logging_mixin.py:154} INFO - [2023-11-25T18:23:59.279+0000] {dag.py:2941} INFO - Sync 1 DAGs
[2023-11-25T18:23:59.304+0000] {logging_mixin.py:154} INFO - [2023-11-25T18:23:59.304+0000] {dag.py:3722} INFO - Setting next_dagrun for example_weekday_branch_operator to 2023-11-24T00:00:00+00:00, run_after=2023-11-25T00:00:00+00:00
[2023-11-25T18:23:59.320+0000] {processor.py:179} INFO - Processing /home/airflow/.local/lib/python3.8/site-packages/airflow/example_dags/example_branch_day_of_week_operator.py took 0.070 seconds
[2023-11-25T18:24:30.187+0000] {processor.py:157} INFO - Started process (PID=675) to work on /home/airflow/.local/lib/python3.8/site-packages/airflow/example_dags/example_branch_day_of_week_operator.py
[2023-11-25T18:24:30.188+0000] {processor.py:829} INFO - Processing file /home/airflow/.local/lib/python3.8/site-packages/airflow/example_dags/example_branch_day_of_week_operator.py for tasks to queue
[2023-11-25T18:24:30.190+0000] {logging_mixin.py:154} INFO - [2023-11-25T18:24:30.190+0000] {dagbag.py:536} INFO - Filling up the DagBag from /home/airflow/.local/lib/python3.8/site-packages/airflow/example_dags/example_branch_day_of_week_operator.py
[2023-11-25T18:24:30.196+0000] {processor.py:839} INFO - DAG(s) dict_keys(['example_weekday_branch_operator']) retrieved from /home/airflow/.local/lib/python3.8/site-packages/airflow/example_dags/example_branch_day_of_week_operator.py
[2023-11-25T18:24:30.214+0000] {logging_mixin.py:154} INFO - [2023-11-25T18:24:30.214+0000] {dag.py:2941} INFO - Sync 1 DAGs
[2023-11-25T18:24:30.236+0000] {logging_mixin.py:154} INFO - [2023-11-25T18:24:30.236+0000] {dag.py:3722} INFO - Setting next_dagrun for example_weekday_branch_operator to 2023-11-24T00:00:00+00:00, run_after=2023-11-25T00:00:00+00:00
[2023-11-25T18:24:30.254+0000] {processor.py:179} INFO - Processing /home/airflow/.local/lib/python3.8/site-packages/airflow/example_dags/example_branch_day_of_week_operator.py took 0.070 seconds
[2023-11-25T18:25:00.830+0000] {processor.py:157} INFO - Started process (PID=730) to work on /home/airflow/.local/lib/python3.8/site-packages/airflow/example_dags/example_branch_day_of_week_operator.py
[2023-11-25T18:25:00.831+0000] {processor.py:829} INFO - Processing file /home/airflow/.local/lib/python3.8/site-packages/airflow/example_dags/example_branch_day_of_week_operator.py for tasks to queue
[2023-11-25T18:25:00.833+0000] {logging_mixin.py:154} INFO - [2023-11-25T18:25:00.833+0000] {dagbag.py:536} INFO - Filling up the DagBag from /home/airflow/.local/lib/python3.8/site-packages/airflow/example_dags/example_branch_day_of_week_operator.py
[2023-11-25T18:25:00.840+0000] {processor.py:839} INFO - DAG(s) dict_keys(['example_weekday_branch_operator']) retrieved from /home/airflow/.local/lib/python3.8/site-packages/airflow/example_dags/example_branch_day_of_week_operator.py
[2023-11-25T18:25:00.861+0000] {logging_mixin.py:154} INFO - [2023-11-25T18:25:00.861+0000] {dag.py:2941} INFO - Sync 1 DAGs
[2023-11-25T18:25:00.885+0000] {logging_mixin.py:154} INFO - [2023-11-25T18:25:00.885+0000] {dag.py:3722} INFO - Setting next_dagrun for example_weekday_branch_operator to 2023-11-24T00:00:00+00:00, run_after=2023-11-25T00:00:00+00:00
[2023-11-25T18:25:00.903+0000] {processor.py:179} INFO - Processing /home/airflow/.local/lib/python3.8/site-packages/airflow/example_dags/example_branch_day_of_week_operator.py took 0.076 seconds
[2023-11-25T18:25:32.080+0000] {processor.py:157} INFO - Started process (PID=784) to work on /home/airflow/.local/lib/python3.8/site-packages/airflow/example_dags/example_branch_day_of_week_operator.py
[2023-11-25T18:25:32.087+0000] {processor.py:829} INFO - Processing file /home/airflow/.local/lib/python3.8/site-packages/airflow/example_dags/example_branch_day_of_week_operator.py for tasks to queue
[2023-11-25T18:25:32.092+0000] {logging_mixin.py:154} INFO - [2023-11-25T18:25:32.091+0000] {dagbag.py:536} INFO - Filling up the DagBag from /home/airflow/.local/lib/python3.8/site-packages/airflow/example_dags/example_branch_day_of_week_operator.py
[2023-11-25T18:25:32.125+0000] {processor.py:839} INFO - DAG(s) dict_keys(['example_weekday_branch_operator']) retrieved from /home/airflow/.local/lib/python3.8/site-packages/airflow/example_dags/example_branch_day_of_week_operator.py
[2023-11-25T18:25:32.166+0000] {logging_mixin.py:154} INFO - [2023-11-25T18:25:32.166+0000] {dag.py:2941} INFO - Sync 1 DAGs
[2023-11-25T18:25:32.212+0000] {logging_mixin.py:154} INFO - [2023-11-25T18:25:32.212+0000] {dag.py:3722} INFO - Setting next_dagrun for example_weekday_branch_operator to 2023-11-24T00:00:00+00:00, run_after=2023-11-25T00:00:00+00:00
[2023-11-25T18:25:32.248+0000] {processor.py:179} INFO - Processing /home/airflow/.local/lib/python3.8/site-packages/airflow/example_dags/example_branch_day_of_week_operator.py took 0.179 seconds
[2023-11-25T18:26:02.695+0000] {processor.py:157} INFO - Started process (PID=838) to work on /home/airflow/.local/lib/python3.8/site-packages/airflow/example_dags/example_branch_day_of_week_operator.py
[2023-11-25T18:26:02.696+0000] {processor.py:829} INFO - Processing file /home/airflow/.local/lib/python3.8/site-packages/airflow/example_dags/example_branch_day_of_week_operator.py for tasks to queue
[2023-11-25T18:26:02.697+0000] {logging_mixin.py:154} INFO - [2023-11-25T18:26:02.697+0000] {dagbag.py:536} INFO - Filling up the DagBag from /home/airflow/.local/lib/python3.8/site-packages/airflow/example_dags/example_branch_day_of_week_operator.py
[2023-11-25T18:26:02.704+0000] {processor.py:839} INFO - DAG(s) dict_keys(['example_weekday_branch_operator']) retrieved from /home/airflow/.local/lib/python3.8/site-packages/airflow/example_dags/example_branch_day_of_week_operator.py
[2023-11-25T18:26:02.721+0000] {logging_mixin.py:154} INFO - [2023-11-25T18:26:02.721+0000] {dag.py:2941} INFO - Sync 1 DAGs
[2023-11-25T18:26:02.741+0000] {logging_mixin.py:154} INFO - [2023-11-25T18:26:02.741+0000] {dag.py:3722} INFO - Setting next_dagrun for example_weekday_branch_operator to 2023-11-24T00:00:00+00:00, run_after=2023-11-25T00:00:00+00:00
[2023-11-25T18:26:02.759+0000] {processor.py:179} INFO - Processing /home/airflow/.local/lib/python3.8/site-packages/airflow/example_dags/example_branch_day_of_week_operator.py took 0.067 seconds
[2023-11-25T18:26:33.378+0000] {processor.py:157} INFO - Started process (PID=892) to work on /home/airflow/.local/lib/python3.8/site-packages/airflow/example_dags/example_branch_day_of_week_operator.py
[2023-11-25T18:26:33.379+0000] {processor.py:829} INFO - Processing file /home/airflow/.local/lib/python3.8/site-packages/airflow/example_dags/example_branch_day_of_week_operator.py for tasks to queue
[2023-11-25T18:26:33.381+0000] {logging_mixin.py:154} INFO - [2023-11-25T18:26:33.381+0000] {dagbag.py:536} INFO - Filling up the DagBag from /home/airflow/.local/lib/python3.8/site-packages/airflow/example_dags/example_branch_day_of_week_operator.py
[2023-11-25T18:26:33.388+0000] {processor.py:839} INFO - DAG(s) dict_keys(['example_weekday_branch_operator']) retrieved from /home/airflow/.local/lib/python3.8/site-packages/airflow/example_dags/example_branch_day_of_week_operator.py
[2023-11-25T18:26:33.405+0000] {logging_mixin.py:154} INFO - [2023-11-25T18:26:33.405+0000] {dag.py:2941} INFO - Sync 1 DAGs
[2023-11-25T18:26:33.426+0000] {logging_mixin.py:154} INFO - [2023-11-25T18:26:33.426+0000] {dag.py:3722} INFO - Setting next_dagrun for example_weekday_branch_operator to 2023-11-24T00:00:00+00:00, run_after=2023-11-25T00:00:00+00:00
[2023-11-25T18:26:33.442+0000] {processor.py:179} INFO - Processing /home/airflow/.local/lib/python3.8/site-packages/airflow/example_dags/example_branch_day_of_week_operator.py took 0.067 seconds
[2023-11-25T18:27:03.942+0000] {processor.py:157} INFO - Started process (PID=946) to work on /home/airflow/.local/lib/python3.8/site-packages/airflow/example_dags/example_branch_day_of_week_operator.py
[2023-11-25T18:27:03.943+0000] {processor.py:829} INFO - Processing file /home/airflow/.local/lib/python3.8/site-packages/airflow/example_dags/example_branch_day_of_week_operator.py for tasks to queue
[2023-11-25T18:27:03.945+0000] {logging_mixin.py:154} INFO - [2023-11-25T18:27:03.944+0000] {dagbag.py:536} INFO - Filling up the DagBag from /home/airflow/.local/lib/python3.8/site-packages/airflow/example_dags/example_branch_day_of_week_operator.py
[2023-11-25T18:27:03.951+0000] {processor.py:839} INFO - DAG(s) dict_keys(['example_weekday_branch_operator']) retrieved from /home/airflow/.local/lib/python3.8/site-packages/airflow/example_dags/example_branch_day_of_week_operator.py
[2023-11-25T18:27:03.969+0000] {logging_mixin.py:154} INFO - [2023-11-25T18:27:03.968+0000] {dag.py:2941} INFO - Sync 1 DAGs
[2023-11-25T18:27:03.990+0000] {logging_mixin.py:154} INFO - [2023-11-25T18:27:03.989+0000] {dag.py:3722} INFO - Setting next_dagrun for example_weekday_branch_operator to 2023-11-24T00:00:00+00:00, run_after=2023-11-25T00:00:00+00:00
[2023-11-25T18:27:04.006+0000] {processor.py:179} INFO - Processing /home/airflow/.local/lib/python3.8/site-packages/airflow/example_dags/example_branch_day_of_week_operator.py took 0.067 seconds
[2023-11-25T18:27:34.754+0000] {processor.py:157} INFO - Started process (PID=1000) to work on /home/airflow/.local/lib/python3.8/site-packages/airflow/example_dags/example_branch_day_of_week_operator.py
[2023-11-25T18:27:34.755+0000] {processor.py:829} INFO - Processing file /home/airflow/.local/lib/python3.8/site-packages/airflow/example_dags/example_branch_day_of_week_operator.py for tasks to queue
[2023-11-25T18:27:34.757+0000] {logging_mixin.py:154} INFO - [2023-11-25T18:27:34.757+0000] {dagbag.py:536} INFO - Filling up the DagBag from /home/airflow/.local/lib/python3.8/site-packages/airflow/example_dags/example_branch_day_of_week_operator.py
[2023-11-25T18:27:34.765+0000] {processor.py:839} INFO - DAG(s) dict_keys(['example_weekday_branch_operator']) retrieved from /home/airflow/.local/lib/python3.8/site-packages/airflow/example_dags/example_branch_day_of_week_operator.py
[2023-11-25T18:27:34.783+0000] {logging_mixin.py:154} INFO - [2023-11-25T18:27:34.783+0000] {dag.py:2941} INFO - Sync 1 DAGs
[2023-11-25T18:27:34.803+0000] {logging_mixin.py:154} INFO - [2023-11-25T18:27:34.802+0000] {dag.py:3722} INFO - Setting next_dagrun for example_weekday_branch_operator to 2023-11-24T00:00:00+00:00, run_after=2023-11-25T00:00:00+00:00
[2023-11-25T18:27:34.817+0000] {processor.py:179} INFO - Processing /home/airflow/.local/lib/python3.8/site-packages/airflow/example_dags/example_branch_day_of_week_operator.py took 0.065 seconds
[2023-11-25T18:28:05.555+0000] {processor.py:157} INFO - Started process (PID=1054) to work on /home/airflow/.local/lib/python3.8/site-packages/airflow/example_dags/example_branch_day_of_week_operator.py
[2023-11-25T18:28:05.556+0000] {processor.py:829} INFO - Processing file /home/airflow/.local/lib/python3.8/site-packages/airflow/example_dags/example_branch_day_of_week_operator.py for tasks to queue
[2023-11-25T18:28:05.557+0000] {logging_mixin.py:154} INFO - [2023-11-25T18:28:05.557+0000] {dagbag.py:536} INFO - Filling up the DagBag from /home/airflow/.local/lib/python3.8/site-packages/airflow/example_dags/example_branch_day_of_week_operator.py
[2023-11-25T18:28:05.564+0000] {processor.py:839} INFO - DAG(s) dict_keys(['example_weekday_branch_operator']) retrieved from /home/airflow/.local/lib/python3.8/site-packages/airflow/example_dags/example_branch_day_of_week_operator.py
[2023-11-25T18:28:05.581+0000] {logging_mixin.py:154} INFO - [2023-11-25T18:28:05.581+0000] {dag.py:2941} INFO - Sync 1 DAGs
[2023-11-25T18:28:05.599+0000] {logging_mixin.py:154} INFO - [2023-11-25T18:28:05.599+0000] {dag.py:3722} INFO - Setting next_dagrun for example_weekday_branch_operator to 2023-11-24T00:00:00+00:00, run_after=2023-11-25T00:00:00+00:00
[2023-11-25T18:28:05.613+0000] {processor.py:179} INFO - Processing /home/airflow/.local/lib/python3.8/site-packages/airflow/example_dags/example_branch_day_of_week_operator.py took 0.061 seconds
[2023-11-25T18:28:35.866+0000] {processor.py:157} INFO - Started process (PID=1108) to work on /home/airflow/.local/lib/python3.8/site-packages/airflow/example_dags/example_branch_day_of_week_operator.py
[2023-11-25T18:28:35.867+0000] {processor.py:829} INFO - Processing file /home/airflow/.local/lib/python3.8/site-packages/airflow/example_dags/example_branch_day_of_week_operator.py for tasks to queue
[2023-11-25T18:28:35.869+0000] {logging_mixin.py:154} INFO - [2023-11-25T18:28:35.868+0000] {dagbag.py:536} INFO - Filling up the DagBag from /home/airflow/.local/lib/python3.8/site-packages/airflow/example_dags/example_branch_day_of_week_operator.py
[2023-11-25T18:28:35.875+0000] {processor.py:839} INFO - DAG(s) dict_keys(['example_weekday_branch_operator']) retrieved from /home/airflow/.local/lib/python3.8/site-packages/airflow/example_dags/example_branch_day_of_week_operator.py
[2023-11-25T18:28:35.891+0000] {logging_mixin.py:154} INFO - [2023-11-25T18:28:35.891+0000] {dag.py:2941} INFO - Sync 1 DAGs
[2023-11-25T18:28:35.917+0000] {logging_mixin.py:154} INFO - [2023-11-25T18:28:35.917+0000] {dag.py:3722} INFO - Setting next_dagrun for example_weekday_branch_operator to 2023-11-24T00:00:00+00:00, run_after=2023-11-25T00:00:00+00:00
[2023-11-25T18:28:36.089+0000] {processor.py:179} INFO - Processing /home/airflow/.local/lib/python3.8/site-packages/airflow/example_dags/example_branch_day_of_week_operator.py took 0.225 seconds
[2023-11-25T18:29:06.946+0000] {processor.py:157} INFO - Started process (PID=1169) to work on /home/airflow/.local/lib/python3.8/site-packages/airflow/example_dags/example_branch_day_of_week_operator.py
[2023-11-25T18:29:06.948+0000] {processor.py:829} INFO - Processing file /home/airflow/.local/lib/python3.8/site-packages/airflow/example_dags/example_branch_day_of_week_operator.py for tasks to queue
[2023-11-25T18:29:06.950+0000] {logging_mixin.py:154} INFO - [2023-11-25T18:29:06.950+0000] {dagbag.py:536} INFO - Filling up the DagBag from /home/airflow/.local/lib/python3.8/site-packages/airflow/example_dags/example_branch_day_of_week_operator.py
[2023-11-25T18:29:06.964+0000] {processor.py:839} INFO - DAG(s) dict_keys(['example_weekday_branch_operator']) retrieved from /home/airflow/.local/lib/python3.8/site-packages/airflow/example_dags/example_branch_day_of_week_operator.py
[2023-11-25T18:29:06.992+0000] {logging_mixin.py:154} INFO - [2023-11-25T18:29:06.992+0000] {dag.py:2941} INFO - Sync 1 DAGs
[2023-11-25T18:29:07.018+0000] {logging_mixin.py:154} INFO - [2023-11-25T18:29:07.018+0000] {dag.py:3722} INFO - Setting next_dagrun for example_weekday_branch_operator to 2023-11-24T00:00:00+00:00, run_after=2023-11-25T00:00:00+00:00
[2023-11-25T18:29:07.041+0000] {processor.py:179} INFO - Processing /home/airflow/.local/lib/python3.8/site-packages/airflow/example_dags/example_branch_day_of_week_operator.py took 0.097 seconds
[2023-11-25T18:29:39.243+0000] {processor.py:157} INFO - Started process (PID=1223) to work on /home/airflow/.local/lib/python3.8/site-packages/airflow/example_dags/example_branch_day_of_week_operator.py
[2023-11-25T18:29:39.244+0000] {processor.py:829} INFO - Processing file /home/airflow/.local/lib/python3.8/site-packages/airflow/example_dags/example_branch_day_of_week_operator.py for tasks to queue
[2023-11-25T18:29:39.247+0000] {logging_mixin.py:154} INFO - [2023-11-25T18:29:39.247+0000] {dagbag.py:536} INFO - Filling up the DagBag from /home/airflow/.local/lib/python3.8/site-packages/airflow/example_dags/example_branch_day_of_week_operator.py
[2023-11-25T18:29:39.256+0000] {processor.py:839} INFO - DAG(s) dict_keys(['example_weekday_branch_operator']) retrieved from /home/airflow/.local/lib/python3.8/site-packages/airflow/example_dags/example_branch_day_of_week_operator.py
[2023-11-25T18:29:39.287+0000] {logging_mixin.py:154} INFO - [2023-11-25T18:29:39.286+0000] {dag.py:2941} INFO - Sync 1 DAGs
[2023-11-25T18:29:39.552+0000] {logging_mixin.py:154} INFO - [2023-11-25T18:29:39.552+0000] {dag.py:3722} INFO - Setting next_dagrun for example_weekday_branch_operator to 2023-11-24T00:00:00+00:00, run_after=2023-11-25T00:00:00+00:00
[2023-11-25T18:29:39.576+0000] {processor.py:179} INFO - Processing /home/airflow/.local/lib/python3.8/site-packages/airflow/example_dags/example_branch_day_of_week_operator.py took 0.336 seconds
[2023-11-25T18:30:09.905+0000] {processor.py:157} INFO - Started process (PID=1277) to work on /home/airflow/.local/lib/python3.8/site-packages/airflow/example_dags/example_branch_day_of_week_operator.py
[2023-11-25T18:30:09.906+0000] {processor.py:829} INFO - Processing file /home/airflow/.local/lib/python3.8/site-packages/airflow/example_dags/example_branch_day_of_week_operator.py for tasks to queue
[2023-11-25T18:30:09.908+0000] {logging_mixin.py:154} INFO - [2023-11-25T18:30:09.908+0000] {dagbag.py:536} INFO - Filling up the DagBag from /home/airflow/.local/lib/python3.8/site-packages/airflow/example_dags/example_branch_day_of_week_operator.py
[2023-11-25T18:30:09.917+0000] {processor.py:839} INFO - DAG(s) dict_keys(['example_weekday_branch_operator']) retrieved from /home/airflow/.local/lib/python3.8/site-packages/airflow/example_dags/example_branch_day_of_week_operator.py
[2023-11-25T18:30:09.941+0000] {logging_mixin.py:154} INFO - [2023-11-25T18:30:09.940+0000] {dag.py:2941} INFO - Sync 1 DAGs
[2023-11-25T18:30:09.972+0000] {logging_mixin.py:154} INFO - [2023-11-25T18:30:09.972+0000] {dag.py:3722} INFO - Setting next_dagrun for example_weekday_branch_operator to 2023-11-24T00:00:00+00:00, run_after=2023-11-25T00:00:00+00:00
[2023-11-25T18:30:09.997+0000] {processor.py:179} INFO - Processing /home/airflow/.local/lib/python3.8/site-packages/airflow/example_dags/example_branch_day_of_week_operator.py took 0.095 seconds
[2023-11-25T18:30:40.943+0000] {processor.py:157} INFO - Started process (PID=1332) to work on /home/airflow/.local/lib/python3.8/site-packages/airflow/example_dags/example_branch_day_of_week_operator.py
[2023-11-25T18:30:40.945+0000] {processor.py:829} INFO - Processing file /home/airflow/.local/lib/python3.8/site-packages/airflow/example_dags/example_branch_day_of_week_operator.py for tasks to queue
[2023-11-25T18:30:40.948+0000] {logging_mixin.py:154} INFO - [2023-11-25T18:30:40.948+0000] {dagbag.py:536} INFO - Filling up the DagBag from /home/airflow/.local/lib/python3.8/site-packages/airflow/example_dags/example_branch_day_of_week_operator.py
[2023-11-25T18:30:40.957+0000] {processor.py:839} INFO - DAG(s) dict_keys(['example_weekday_branch_operator']) retrieved from /home/airflow/.local/lib/python3.8/site-packages/airflow/example_dags/example_branch_day_of_week_operator.py
[2023-11-25T18:30:40.987+0000] {logging_mixin.py:154} INFO - [2023-11-25T18:30:40.987+0000] {dag.py:2941} INFO - Sync 1 DAGs
[2023-11-25T18:30:41.020+0000] {logging_mixin.py:154} INFO - [2023-11-25T18:30:41.020+0000] {dag.py:3722} INFO - Setting next_dagrun for example_weekday_branch_operator to 2023-11-24T00:00:00+00:00, run_after=2023-11-25T00:00:00+00:00
[2023-11-25T18:30:41.043+0000] {processor.py:179} INFO - Processing /home/airflow/.local/lib/python3.8/site-packages/airflow/example_dags/example_branch_day_of_week_operator.py took 0.103 seconds
[2023-11-25T18:31:11.546+0000] {processor.py:157} INFO - Started process (PID=1386) to work on /home/airflow/.local/lib/python3.8/site-packages/airflow/example_dags/example_branch_day_of_week_operator.py
[2023-11-25T18:31:11.547+0000] {processor.py:829} INFO - Processing file /home/airflow/.local/lib/python3.8/site-packages/airflow/example_dags/example_branch_day_of_week_operator.py for tasks to queue
[2023-11-25T18:31:11.550+0000] {logging_mixin.py:154} INFO - [2023-11-25T18:31:11.549+0000] {dagbag.py:536} INFO - Filling up the DagBag from /home/airflow/.local/lib/python3.8/site-packages/airflow/example_dags/example_branch_day_of_week_operator.py
[2023-11-25T18:31:11.560+0000] {processor.py:839} INFO - DAG(s) dict_keys(['example_weekday_branch_operator']) retrieved from /home/airflow/.local/lib/python3.8/site-packages/airflow/example_dags/example_branch_day_of_week_operator.py
[2023-11-25T18:31:11.591+0000] {logging_mixin.py:154} INFO - [2023-11-25T18:31:11.591+0000] {dag.py:2941} INFO - Sync 1 DAGs
[2023-11-25T18:31:11.623+0000] {logging_mixin.py:154} INFO - [2023-11-25T18:31:11.622+0000] {dag.py:3722} INFO - Setting next_dagrun for example_weekday_branch_operator to 2023-11-24T00:00:00+00:00, run_after=2023-11-25T00:00:00+00:00
[2023-11-25T18:31:11.869+0000] {processor.py:179} INFO - Processing /home/airflow/.local/lib/python3.8/site-packages/airflow/example_dags/example_branch_day_of_week_operator.py took 0.327 seconds
[2023-11-25T18:31:42.869+0000] {processor.py:157} INFO - Started process (PID=1440) to work on /home/airflow/.local/lib/python3.8/site-packages/airflow/example_dags/example_branch_day_of_week_operator.py
[2023-11-25T18:31:42.871+0000] {processor.py:829} INFO - Processing file /home/airflow/.local/lib/python3.8/site-packages/airflow/example_dags/example_branch_day_of_week_operator.py for tasks to queue
[2023-11-25T18:31:42.873+0000] {logging_mixin.py:154} INFO - [2023-11-25T18:31:42.873+0000] {dagbag.py:536} INFO - Filling up the DagBag from /home/airflow/.local/lib/python3.8/site-packages/airflow/example_dags/example_branch_day_of_week_operator.py
[2023-11-25T18:31:42.887+0000] {processor.py:839} INFO - DAG(s) dict_keys(['example_weekday_branch_operator']) retrieved from /home/airflow/.local/lib/python3.8/site-packages/airflow/example_dags/example_branch_day_of_week_operator.py
[2023-11-25T18:31:42.911+0000] {logging_mixin.py:154} INFO - [2023-11-25T18:31:42.911+0000] {dag.py:2941} INFO - Sync 1 DAGs
[2023-11-25T18:31:42.949+0000] {logging_mixin.py:154} INFO - [2023-11-25T18:31:42.948+0000] {dag.py:3722} INFO - Setting next_dagrun for example_weekday_branch_operator to 2023-11-24T00:00:00+00:00, run_after=2023-11-25T00:00:00+00:00
[2023-11-25T18:31:42.976+0000] {processor.py:179} INFO - Processing /home/airflow/.local/lib/python3.8/site-packages/airflow/example_dags/example_branch_day_of_week_operator.py took 0.111 seconds
[2023-11-25T18:32:13.772+0000] {processor.py:157} INFO - Started process (PID=1494) to work on /home/airflow/.local/lib/python3.8/site-packages/airflow/example_dags/example_branch_day_of_week_operator.py
[2023-11-25T18:32:13.773+0000] {processor.py:829} INFO - Processing file /home/airflow/.local/lib/python3.8/site-packages/airflow/example_dags/example_branch_day_of_week_operator.py for tasks to queue
[2023-11-25T18:32:13.778+0000] {logging_mixin.py:154} INFO - [2023-11-25T18:32:13.777+0000] {dagbag.py:536} INFO - Filling up the DagBag from /home/airflow/.local/lib/python3.8/site-packages/airflow/example_dags/example_branch_day_of_week_operator.py
[2023-11-25T18:32:13.791+0000] {processor.py:839} INFO - DAG(s) dict_keys(['example_weekday_branch_operator']) retrieved from /home/airflow/.local/lib/python3.8/site-packages/airflow/example_dags/example_branch_day_of_week_operator.py
[2023-11-25T18:32:13.824+0000] {logging_mixin.py:154} INFO - [2023-11-25T18:32:13.824+0000] {dag.py:2941} INFO - Sync 1 DAGs
[2023-11-25T18:32:14.074+0000] {logging_mixin.py:154} INFO - [2023-11-25T18:32:14.073+0000] {dag.py:3722} INFO - Setting next_dagrun for example_weekday_branch_operator to 2023-11-24T00:00:00+00:00, run_after=2023-11-25T00:00:00+00:00
[2023-11-25T18:32:14.102+0000] {processor.py:179} INFO - Processing /home/airflow/.local/lib/python3.8/site-packages/airflow/example_dags/example_branch_day_of_week_operator.py took 0.334 seconds
