[2023-11-25T18:18:51.740+0000] {processor.py:157} INFO - Started process (PID=60) to work on /home/airflow/.local/lib/python3.8/site-packages/airflow/example_dags/example_task_group_decorator.py
[2023-11-25T18:18:51.742+0000] {processor.py:829} INFO - Processing file /home/airflow/.local/lib/python3.8/site-packages/airflow/example_dags/example_task_group_decorator.py for tasks to queue
[2023-11-25T18:18:51.750+0000] {logging_mixin.py:154} INFO - [2023-11-25T18:18:51.748+0000] {dagbag.py:536} INFO - Filling up the DagBag from /home/airflow/.local/lib/python3.8/site-packages/airflow/example_dags/example_task_group_decorator.py
[2023-11-25T18:18:51.786+0000] {processor.py:839} INFO - DAG(s) dict_keys(['example_task_group_decorator']) retrieved from /home/airflow/.local/lib/python3.8/site-packages/airflow/example_dags/example_task_group_decorator.py
[2023-11-25T18:18:51.803+0000] {logging_mixin.py:154} INFO - [2023-11-25T18:18:51.802+0000] {dag.py:2941} INFO - Sync 1 DAGs
[2023-11-25T18:18:51.879+0000] {logging_mixin.py:154} INFO - [2023-11-25T18:18:51.878+0000] {dag.py:3722} INFO - Setting next_dagrun for example_task_group_decorator to 2023-11-24T18:18:51.877075+00:00, run_after=2023-11-25T18:18:51.877075+00:00
[2023-11-25T18:18:51.915+0000] {processor.py:179} INFO - Processing /home/airflow/.local/lib/python3.8/site-packages/airflow/example_dags/example_task_group_decorator.py took 0.189 seconds
[2023-11-25T18:19:22.183+0000] {processor.py:157} INFO - Started process (PID=114) to work on /home/airflow/.local/lib/python3.8/site-packages/airflow/example_dags/example_task_group_decorator.py
[2023-11-25T18:19:22.184+0000] {processor.py:829} INFO - Processing file /home/airflow/.local/lib/python3.8/site-packages/airflow/example_dags/example_task_group_decorator.py for tasks to queue
[2023-11-25T18:19:22.185+0000] {logging_mixin.py:154} INFO - [2023-11-25T18:19:22.185+0000] {dagbag.py:536} INFO - Filling up the DagBag from /home/airflow/.local/lib/python3.8/site-packages/airflow/example_dags/example_task_group_decorator.py
[2023-11-25T18:19:22.197+0000] {processor.py:839} INFO - DAG(s) dict_keys(['example_task_group_decorator']) retrieved from /home/airflow/.local/lib/python3.8/site-packages/airflow/example_dags/example_task_group_decorator.py
[2023-11-25T18:19:22.216+0000] {logging_mixin.py:154} INFO - [2023-11-25T18:19:22.216+0000] {dag.py:2941} INFO - Sync 1 DAGs
[2023-11-25T18:19:22.233+0000] {logging_mixin.py:154} INFO - [2023-11-25T18:19:22.232+0000] {dag.py:3722} INFO - Setting next_dagrun for example_task_group_decorator to 2023-11-24T18:19:22.232725+00:00, run_after=2023-11-25T18:19:22.232725+00:00
[2023-11-25T18:19:22.247+0000] {processor.py:179} INFO - Processing /home/airflow/.local/lib/python3.8/site-packages/airflow/example_dags/example_task_group_decorator.py took 0.067 seconds
[2023-11-25T18:19:52.709+0000] {processor.py:157} INFO - Started process (PID=168) to work on /home/airflow/.local/lib/python3.8/site-packages/airflow/example_dags/example_task_group_decorator.py
[2023-11-25T18:19:52.710+0000] {processor.py:829} INFO - Processing file /home/airflow/.local/lib/python3.8/site-packages/airflow/example_dags/example_task_group_decorator.py for tasks to queue
[2023-11-25T18:19:52.712+0000] {logging_mixin.py:154} INFO - [2023-11-25T18:19:52.712+0000] {dagbag.py:536} INFO - Filling up the DagBag from /home/airflow/.local/lib/python3.8/site-packages/airflow/example_dags/example_task_group_decorator.py
[2023-11-25T18:19:52.723+0000] {processor.py:839} INFO - DAG(s) dict_keys(['example_task_group_decorator']) retrieved from /home/airflow/.local/lib/python3.8/site-packages/airflow/example_dags/example_task_group_decorator.py
[2023-11-25T18:19:52.743+0000] {logging_mixin.py:154} INFO - [2023-11-25T18:19:52.743+0000] {dag.py:2941} INFO - Sync 1 DAGs
[2023-11-25T18:19:52.762+0000] {logging_mixin.py:154} INFO - [2023-11-25T18:19:52.761+0000] {dag.py:3722} INFO - Setting next_dagrun for example_task_group_decorator to 2023-11-24T18:19:52.761768+00:00, run_after=2023-11-25T18:19:52.761768+00:00
[2023-11-25T18:19:52.778+0000] {processor.py:179} INFO - Processing /home/airflow/.local/lib/python3.8/site-packages/airflow/example_dags/example_task_group_decorator.py took 0.071 seconds
[2023-11-25T18:20:22.990+0000] {processor.py:157} INFO - Started process (PID=222) to work on /home/airflow/.local/lib/python3.8/site-packages/airflow/example_dags/example_task_group_decorator.py
[2023-11-25T18:20:22.991+0000] {processor.py:829} INFO - Processing file /home/airflow/.local/lib/python3.8/site-packages/airflow/example_dags/example_task_group_decorator.py for tasks to queue
[2023-11-25T18:20:22.993+0000] {logging_mixin.py:154} INFO - [2023-11-25T18:20:22.992+0000] {dagbag.py:536} INFO - Filling up the DagBag from /home/airflow/.local/lib/python3.8/site-packages/airflow/example_dags/example_task_group_decorator.py
[2023-11-25T18:20:23.005+0000] {processor.py:839} INFO - DAG(s) dict_keys(['example_task_group_decorator']) retrieved from /home/airflow/.local/lib/python3.8/site-packages/airflow/example_dags/example_task_group_decorator.py
[2023-11-25T18:20:23.026+0000] {logging_mixin.py:154} INFO - [2023-11-25T18:20:23.026+0000] {dag.py:2941} INFO - Sync 1 DAGs
[2023-11-25T18:20:23.045+0000] {logging_mixin.py:154} INFO - [2023-11-25T18:20:23.045+0000] {dag.py:3722} INFO - Setting next_dagrun for example_task_group_decorator to 2023-11-24T18:20:23.045341+00:00, run_after=2023-11-25T18:20:23.045341+00:00
[2023-11-25T18:20:23.062+0000] {processor.py:179} INFO - Processing /home/airflow/.local/lib/python3.8/site-packages/airflow/example_dags/example_task_group_decorator.py took 0.074 seconds
[2023-11-25T18:20:53.332+0000] {processor.py:157} INFO - Started process (PID=276) to work on /home/airflow/.local/lib/python3.8/site-packages/airflow/example_dags/example_task_group_decorator.py
[2023-11-25T18:20:53.332+0000] {processor.py:829} INFO - Processing file /home/airflow/.local/lib/python3.8/site-packages/airflow/example_dags/example_task_group_decorator.py for tasks to queue
[2023-11-25T18:20:53.334+0000] {logging_mixin.py:154} INFO - [2023-11-25T18:20:53.334+0000] {dagbag.py:536} INFO - Filling up the DagBag from /home/airflow/.local/lib/python3.8/site-packages/airflow/example_dags/example_task_group_decorator.py
[2023-11-25T18:20:53.345+0000] {processor.py:839} INFO - DAG(s) dict_keys(['example_task_group_decorator']) retrieved from /home/airflow/.local/lib/python3.8/site-packages/airflow/example_dags/example_task_group_decorator.py
[2023-11-25T18:20:53.365+0000] {logging_mixin.py:154} INFO - [2023-11-25T18:20:53.365+0000] {dag.py:2941} INFO - Sync 1 DAGs
[2023-11-25T18:20:53.384+0000] {logging_mixin.py:154} INFO - [2023-11-25T18:20:53.383+0000] {dag.py:3722} INFO - Setting next_dagrun for example_task_group_decorator to 2023-11-24T18:20:53.383577+00:00, run_after=2023-11-25T18:20:53.383577+00:00
[2023-11-25T18:20:53.401+0000] {processor.py:179} INFO - Processing /home/airflow/.local/lib/python3.8/site-packages/airflow/example_dags/example_task_group_decorator.py took 0.072 seconds
[2023-11-25T18:21:23.594+0000] {processor.py:157} INFO - Started process (PID=330) to work on /home/airflow/.local/lib/python3.8/site-packages/airflow/example_dags/example_task_group_decorator.py
[2023-11-25T18:21:23.595+0000] {processor.py:829} INFO - Processing file /home/airflow/.local/lib/python3.8/site-packages/airflow/example_dags/example_task_group_decorator.py for tasks to queue
[2023-11-25T18:21:23.597+0000] {logging_mixin.py:154} INFO - [2023-11-25T18:21:23.597+0000] {dagbag.py:536} INFO - Filling up the DagBag from /home/airflow/.local/lib/python3.8/site-packages/airflow/example_dags/example_task_group_decorator.py
[2023-11-25T18:21:23.609+0000] {processor.py:839} INFO - DAG(s) dict_keys(['example_task_group_decorator']) retrieved from /home/airflow/.local/lib/python3.8/site-packages/airflow/example_dags/example_task_group_decorator.py
[2023-11-25T18:21:23.630+0000] {logging_mixin.py:154} INFO - [2023-11-25T18:21:23.630+0000] {dag.py:2941} INFO - Sync 1 DAGs
[2023-11-25T18:21:23.649+0000] {logging_mixin.py:154} INFO - [2023-11-25T18:21:23.649+0000] {dag.py:3722} INFO - Setting next_dagrun for example_task_group_decorator to 2023-11-24T18:21:23.649099+00:00, run_after=2023-11-25T18:21:23.649099+00:00
[2023-11-25T18:21:23.667+0000] {processor.py:179} INFO - Processing /home/airflow/.local/lib/python3.8/site-packages/airflow/example_dags/example_task_group_decorator.py took 0.075 seconds
[2023-11-25T18:21:54.013+0000] {processor.py:157} INFO - Started process (PID=384) to work on /home/airflow/.local/lib/python3.8/site-packages/airflow/example_dags/example_task_group_decorator.py
[2023-11-25T18:21:54.014+0000] {processor.py:829} INFO - Processing file /home/airflow/.local/lib/python3.8/site-packages/airflow/example_dags/example_task_group_decorator.py for tasks to queue
[2023-11-25T18:21:54.016+0000] {logging_mixin.py:154} INFO - [2023-11-25T18:21:54.016+0000] {dagbag.py:536} INFO - Filling up the DagBag from /home/airflow/.local/lib/python3.8/site-packages/airflow/example_dags/example_task_group_decorator.py
[2023-11-25T18:21:54.030+0000] {processor.py:839} INFO - DAG(s) dict_keys(['example_task_group_decorator']) retrieved from /home/airflow/.local/lib/python3.8/site-packages/airflow/example_dags/example_task_group_decorator.py
[2023-11-25T18:21:54.052+0000] {logging_mixin.py:154} INFO - [2023-11-25T18:21:54.052+0000] {dag.py:2941} INFO - Sync 1 DAGs
[2023-11-25T18:21:54.074+0000] {logging_mixin.py:154} INFO - [2023-11-25T18:21:54.074+0000] {dag.py:3722} INFO - Setting next_dagrun for example_task_group_decorator to 2023-11-24T18:21:54.073919+00:00, run_after=2023-11-25T18:21:54.073919+00:00
[2023-11-25T18:21:54.091+0000] {processor.py:179} INFO - Processing /home/airflow/.local/lib/python3.8/site-packages/airflow/example_dags/example_task_group_decorator.py took 0.080 seconds
[2023-11-25T18:22:24.761+0000] {processor.py:157} INFO - Started process (PID=438) to work on /home/airflow/.local/lib/python3.8/site-packages/airflow/example_dags/example_task_group_decorator.py
[2023-11-25T18:22:24.762+0000] {processor.py:829} INFO - Processing file /home/airflow/.local/lib/python3.8/site-packages/airflow/example_dags/example_task_group_decorator.py for tasks to queue
[2023-11-25T18:22:24.763+0000] {logging_mixin.py:154} INFO - [2023-11-25T18:22:24.763+0000] {dagbag.py:536} INFO - Filling up the DagBag from /home/airflow/.local/lib/python3.8/site-packages/airflow/example_dags/example_task_group_decorator.py
[2023-11-25T18:22:24.775+0000] {processor.py:839} INFO - DAG(s) dict_keys(['example_task_group_decorator']) retrieved from /home/airflow/.local/lib/python3.8/site-packages/airflow/example_dags/example_task_group_decorator.py
[2023-11-25T18:22:24.796+0000] {logging_mixin.py:154} INFO - [2023-11-25T18:22:24.796+0000] {dag.py:2941} INFO - Sync 1 DAGs
[2023-11-25T18:22:24.816+0000] {logging_mixin.py:154} INFO - [2023-11-25T18:22:24.815+0000] {dag.py:3722} INFO - Setting next_dagrun for example_task_group_decorator to 2023-11-24T18:22:24.815739+00:00, run_after=2023-11-25T18:22:24.815739+00:00
[2023-11-25T18:22:24.832+0000] {processor.py:179} INFO - Processing /home/airflow/.local/lib/python3.8/site-packages/airflow/example_dags/example_task_group_decorator.py took 0.073 seconds
[2023-11-25T18:22:55.739+0000] {processor.py:157} INFO - Started process (PID=492) to work on /home/airflow/.local/lib/python3.8/site-packages/airflow/example_dags/example_task_group_decorator.py
[2023-11-25T18:22:55.740+0000] {processor.py:829} INFO - Processing file /home/airflow/.local/lib/python3.8/site-packages/airflow/example_dags/example_task_group_decorator.py for tasks to queue
[2023-11-25T18:22:55.742+0000] {logging_mixin.py:154} INFO - [2023-11-25T18:22:55.741+0000] {dagbag.py:536} INFO - Filling up the DagBag from /home/airflow/.local/lib/python3.8/site-packages/airflow/example_dags/example_task_group_decorator.py
[2023-11-25T18:22:55.752+0000] {processor.py:839} INFO - DAG(s) dict_keys(['example_task_group_decorator']) retrieved from /home/airflow/.local/lib/python3.8/site-packages/airflow/example_dags/example_task_group_decorator.py
[2023-11-25T18:22:55.771+0000] {logging_mixin.py:154} INFO - [2023-11-25T18:22:55.771+0000] {dag.py:2941} INFO - Sync 1 DAGs
[2023-11-25T18:22:55.789+0000] {logging_mixin.py:154} INFO - [2023-11-25T18:22:55.789+0000] {dag.py:3722} INFO - Setting next_dagrun for example_task_group_decorator to 2023-11-24T18:22:55.788951+00:00, run_after=2023-11-25T18:22:55.788951+00:00
[2023-11-25T18:22:55.803+0000] {processor.py:179} INFO - Processing /home/airflow/.local/lib/python3.8/site-packages/airflow/example_dags/example_task_group_decorator.py took 0.066 seconds
[2023-11-25T18:23:26.381+0000] {processor.py:157} INFO - Started process (PID=546) to work on /home/airflow/.local/lib/python3.8/site-packages/airflow/example_dags/example_task_group_decorator.py
[2023-11-25T18:23:26.382+0000] {processor.py:829} INFO - Processing file /home/airflow/.local/lib/python3.8/site-packages/airflow/example_dags/example_task_group_decorator.py for tasks to queue
[2023-11-25T18:23:26.383+0000] {logging_mixin.py:154} INFO - [2023-11-25T18:23:26.383+0000] {dagbag.py:536} INFO - Filling up the DagBag from /home/airflow/.local/lib/python3.8/site-packages/airflow/example_dags/example_task_group_decorator.py
[2023-11-25T18:23:26.394+0000] {processor.py:839} INFO - DAG(s) dict_keys(['example_task_group_decorator']) retrieved from /home/airflow/.local/lib/python3.8/site-packages/airflow/example_dags/example_task_group_decorator.py
[2023-11-25T18:23:26.414+0000] {logging_mixin.py:154} INFO - [2023-11-25T18:23:26.414+0000] {dag.py:2941} INFO - Sync 1 DAGs
[2023-11-25T18:23:26.432+0000] {logging_mixin.py:154} INFO - [2023-11-25T18:23:26.432+0000] {dag.py:3722} INFO - Setting next_dagrun for example_task_group_decorator to 2023-11-24T18:23:26.432319+00:00, run_after=2023-11-25T18:23:26.432319+00:00
[2023-11-25T18:23:26.448+0000] {processor.py:179} INFO - Processing /home/airflow/.local/lib/python3.8/site-packages/airflow/example_dags/example_task_group_decorator.py took 0.069 seconds
[2023-11-25T18:23:56.927+0000] {processor.py:157} INFO - Started process (PID=600) to work on /home/airflow/.local/lib/python3.8/site-packages/airflow/example_dags/example_task_group_decorator.py
[2023-11-25T18:23:56.928+0000] {processor.py:829} INFO - Processing file /home/airflow/.local/lib/python3.8/site-packages/airflow/example_dags/example_task_group_decorator.py for tasks to queue
[2023-11-25T18:23:56.931+0000] {logging_mixin.py:154} INFO - [2023-11-25T18:23:56.930+0000] {dagbag.py:536} INFO - Filling up the DagBag from /home/airflow/.local/lib/python3.8/site-packages/airflow/example_dags/example_task_group_decorator.py
[2023-11-25T18:23:56.949+0000] {processor.py:839} INFO - DAG(s) dict_keys(['example_task_group_decorator']) retrieved from /home/airflow/.local/lib/python3.8/site-packages/airflow/example_dags/example_task_group_decorator.py
[2023-11-25T18:23:56.979+0000] {logging_mixin.py:154} INFO - [2023-11-25T18:23:56.979+0000] {dag.py:2941} INFO - Sync 1 DAGs
[2023-11-25T18:23:57.008+0000] {logging_mixin.py:154} INFO - [2023-11-25T18:23:57.008+0000] {dag.py:3722} INFO - Setting next_dagrun for example_task_group_decorator to 2023-11-24T18:23:57.008193+00:00, run_after=2023-11-25T18:23:57.008193+00:00
[2023-11-25T18:23:57.032+0000] {processor.py:179} INFO - Processing /home/airflow/.local/lib/python3.8/site-packages/airflow/example_dags/example_task_group_decorator.py took 0.108 seconds
[2023-11-25T18:24:28.021+0000] {processor.py:157} INFO - Started process (PID=654) to work on /home/airflow/.local/lib/python3.8/site-packages/airflow/example_dags/example_task_group_decorator.py
[2023-11-25T18:24:28.022+0000] {processor.py:829} INFO - Processing file /home/airflow/.local/lib/python3.8/site-packages/airflow/example_dags/example_task_group_decorator.py for tasks to queue
[2023-11-25T18:24:28.024+0000] {logging_mixin.py:154} INFO - [2023-11-25T18:24:28.023+0000] {dagbag.py:536} INFO - Filling up the DagBag from /home/airflow/.local/lib/python3.8/site-packages/airflow/example_dags/example_task_group_decorator.py
[2023-11-25T18:24:28.042+0000] {processor.py:839} INFO - DAG(s) dict_keys(['example_task_group_decorator']) retrieved from /home/airflow/.local/lib/python3.8/site-packages/airflow/example_dags/example_task_group_decorator.py
[2023-11-25T18:24:28.064+0000] {logging_mixin.py:154} INFO - [2023-11-25T18:24:28.064+0000] {dag.py:2941} INFO - Sync 1 DAGs
[2023-11-25T18:24:28.085+0000] {logging_mixin.py:154} INFO - [2023-11-25T18:24:28.085+0000] {dag.py:3722} INFO - Setting next_dagrun for example_task_group_decorator to 2023-11-24T18:24:28.085257+00:00, run_after=2023-11-25T18:24:28.085257+00:00
[2023-11-25T18:24:28.103+0000] {processor.py:179} INFO - Processing /home/airflow/.local/lib/python3.8/site-packages/airflow/example_dags/example_task_group_decorator.py took 0.085 seconds
[2023-11-25T18:24:58.567+0000] {processor.py:157} INFO - Started process (PID=709) to work on /home/airflow/.local/lib/python3.8/site-packages/airflow/example_dags/example_task_group_decorator.py
[2023-11-25T18:24:58.568+0000] {processor.py:829} INFO - Processing file /home/airflow/.local/lib/python3.8/site-packages/airflow/example_dags/example_task_group_decorator.py for tasks to queue
[2023-11-25T18:24:58.570+0000] {logging_mixin.py:154} INFO - [2023-11-25T18:24:58.569+0000] {dagbag.py:536} INFO - Filling up the DagBag from /home/airflow/.local/lib/python3.8/site-packages/airflow/example_dags/example_task_group_decorator.py
[2023-11-25T18:24:58.583+0000] {processor.py:839} INFO - DAG(s) dict_keys(['example_task_group_decorator']) retrieved from /home/airflow/.local/lib/python3.8/site-packages/airflow/example_dags/example_task_group_decorator.py
[2023-11-25T18:24:58.606+0000] {logging_mixin.py:154} INFO - [2023-11-25T18:24:58.606+0000] {dag.py:2941} INFO - Sync 1 DAGs
[2023-11-25T18:24:58.630+0000] {logging_mixin.py:154} INFO - [2023-11-25T18:24:58.629+0000] {dag.py:3722} INFO - Setting next_dagrun for example_task_group_decorator to 2023-11-24T18:24:58.629599+00:00, run_after=2023-11-25T18:24:58.629599+00:00
[2023-11-25T18:24:58.646+0000] {processor.py:179} INFO - Processing /home/airflow/.local/lib/python3.8/site-packages/airflow/example_dags/example_task_group_decorator.py took 0.082 seconds
[2023-11-25T18:25:30.105+0000] {processor.py:157} INFO - Started process (PID=763) to work on /home/airflow/.local/lib/python3.8/site-packages/airflow/example_dags/example_task_group_decorator.py
[2023-11-25T18:25:30.106+0000] {processor.py:829} INFO - Processing file /home/airflow/.local/lib/python3.8/site-packages/airflow/example_dags/example_task_group_decorator.py for tasks to queue
[2023-11-25T18:25:30.109+0000] {logging_mixin.py:154} INFO - [2023-11-25T18:25:30.108+0000] {dagbag.py:536} INFO - Filling up the DagBag from /home/airflow/.local/lib/python3.8/site-packages/airflow/example_dags/example_task_group_decorator.py
[2023-11-25T18:25:30.129+0000] {processor.py:839} INFO - DAG(s) dict_keys(['example_task_group_decorator']) retrieved from /home/airflow/.local/lib/python3.8/site-packages/airflow/example_dags/example_task_group_decorator.py
[2023-11-25T18:25:30.160+0000] {logging_mixin.py:154} INFO - [2023-11-25T18:25:30.159+0000] {dag.py:2941} INFO - Sync 1 DAGs
[2023-11-25T18:25:30.195+0000] {logging_mixin.py:154} INFO - [2023-11-25T18:25:30.195+0000] {dag.py:3722} INFO - Setting next_dagrun for example_task_group_decorator to 2023-11-24T18:25:30.195216+00:00, run_after=2023-11-25T18:25:30.195216+00:00
[2023-11-25T18:25:30.225+0000] {processor.py:179} INFO - Processing /home/airflow/.local/lib/python3.8/site-packages/airflow/example_dags/example_task_group_decorator.py took 0.124 seconds
[2023-11-25T18:26:00.672+0000] {processor.py:157} INFO - Started process (PID=817) to work on /home/airflow/.local/lib/python3.8/site-packages/airflow/example_dags/example_task_group_decorator.py
[2023-11-25T18:26:00.673+0000] {processor.py:829} INFO - Processing file /home/airflow/.local/lib/python3.8/site-packages/airflow/example_dags/example_task_group_decorator.py for tasks to queue
[2023-11-25T18:26:00.675+0000] {logging_mixin.py:154} INFO - [2023-11-25T18:26:00.675+0000] {dagbag.py:536} INFO - Filling up the DagBag from /home/airflow/.local/lib/python3.8/site-packages/airflow/example_dags/example_task_group_decorator.py
[2023-11-25T18:26:00.686+0000] {processor.py:839} INFO - DAG(s) dict_keys(['example_task_group_decorator']) retrieved from /home/airflow/.local/lib/python3.8/site-packages/airflow/example_dags/example_task_group_decorator.py
[2023-11-25T18:26:00.705+0000] {logging_mixin.py:154} INFO - [2023-11-25T18:26:00.705+0000] {dag.py:2941} INFO - Sync 1 DAGs
[2023-11-25T18:26:00.722+0000] {logging_mixin.py:154} INFO - [2023-11-25T18:26:00.722+0000] {dag.py:3722} INFO - Setting next_dagrun for example_task_group_decorator to 2023-11-24T18:26:00.721962+00:00, run_after=2023-11-25T18:26:00.721962+00:00
[2023-11-25T18:26:00.738+0000] {processor.py:179} INFO - Processing /home/airflow/.local/lib/python3.8/site-packages/airflow/example_dags/example_task_group_decorator.py took 0.068 seconds
[2023-11-25T18:26:31.055+0000] {processor.py:157} INFO - Started process (PID=871) to work on /home/airflow/.local/lib/python3.8/site-packages/airflow/example_dags/example_task_group_decorator.py
[2023-11-25T18:26:31.056+0000] {processor.py:829} INFO - Processing file /home/airflow/.local/lib/python3.8/site-packages/airflow/example_dags/example_task_group_decorator.py for tasks to queue
[2023-11-25T18:26:31.058+0000] {logging_mixin.py:154} INFO - [2023-11-25T18:26:31.058+0000] {dagbag.py:536} INFO - Filling up the DagBag from /home/airflow/.local/lib/python3.8/site-packages/airflow/example_dags/example_task_group_decorator.py
[2023-11-25T18:26:31.077+0000] {processor.py:839} INFO - DAG(s) dict_keys(['example_task_group_decorator']) retrieved from /home/airflow/.local/lib/python3.8/site-packages/airflow/example_dags/example_task_group_decorator.py
[2023-11-25T18:26:31.101+0000] {logging_mixin.py:154} INFO - [2023-11-25T18:26:31.100+0000] {dag.py:2941} INFO - Sync 1 DAGs
[2023-11-25T18:26:31.125+0000] {logging_mixin.py:154} INFO - [2023-11-25T18:26:31.125+0000] {dag.py:3722} INFO - Setting next_dagrun for example_task_group_decorator to 2023-11-24T18:26:31.124864+00:00, run_after=2023-11-25T18:26:31.124864+00:00
[2023-11-25T18:26:31.147+0000] {processor.py:179} INFO - Processing /home/airflow/.local/lib/python3.8/site-packages/airflow/example_dags/example_task_group_decorator.py took 0.095 seconds
[2023-11-25T18:27:01.502+0000] {processor.py:157} INFO - Started process (PID=924) to work on /home/airflow/.local/lib/python3.8/site-packages/airflow/example_dags/example_task_group_decorator.py
[2023-11-25T18:27:01.503+0000] {processor.py:829} INFO - Processing file /home/airflow/.local/lib/python3.8/site-packages/airflow/example_dags/example_task_group_decorator.py for tasks to queue
[2023-11-25T18:27:01.504+0000] {logging_mixin.py:154} INFO - [2023-11-25T18:27:01.504+0000] {dagbag.py:536} INFO - Filling up the DagBag from /home/airflow/.local/lib/python3.8/site-packages/airflow/example_dags/example_task_group_decorator.py
[2023-11-25T18:27:01.516+0000] {processor.py:839} INFO - DAG(s) dict_keys(['example_task_group_decorator']) retrieved from /home/airflow/.local/lib/python3.8/site-packages/airflow/example_dags/example_task_group_decorator.py
[2023-11-25T18:27:01.537+0000] {logging_mixin.py:154} INFO - [2023-11-25T18:27:01.537+0000] {dag.py:2941} INFO - Sync 1 DAGs
[2023-11-25T18:27:01.558+0000] {logging_mixin.py:154} INFO - [2023-11-25T18:27:01.558+0000] {dag.py:3722} INFO - Setting next_dagrun for example_task_group_decorator to 2023-11-24T18:27:01.557869+00:00, run_after=2023-11-25T18:27:01.557869+00:00
[2023-11-25T18:27:01.739+0000] {processor.py:179} INFO - Processing /home/airflow/.local/lib/python3.8/site-packages/airflow/example_dags/example_task_group_decorator.py took 0.239 seconds
[2023-11-25T18:27:32.656+0000] {processor.py:157} INFO - Started process (PID=979) to work on /home/airflow/.local/lib/python3.8/site-packages/airflow/example_dags/example_task_group_decorator.py
[2023-11-25T18:27:32.657+0000] {processor.py:829} INFO - Processing file /home/airflow/.local/lib/python3.8/site-packages/airflow/example_dags/example_task_group_decorator.py for tasks to queue
[2023-11-25T18:27:32.659+0000] {logging_mixin.py:154} INFO - [2023-11-25T18:27:32.659+0000] {dagbag.py:536} INFO - Filling up the DagBag from /home/airflow/.local/lib/python3.8/site-packages/airflow/example_dags/example_task_group_decorator.py
[2023-11-25T18:27:32.672+0000] {processor.py:839} INFO - DAG(s) dict_keys(['example_task_group_decorator']) retrieved from /home/airflow/.local/lib/python3.8/site-packages/airflow/example_dags/example_task_group_decorator.py
[2023-11-25T18:27:32.695+0000] {logging_mixin.py:154} INFO - [2023-11-25T18:27:32.695+0000] {dag.py:2941} INFO - Sync 1 DAGs
[2023-11-25T18:27:32.717+0000] {logging_mixin.py:154} INFO - [2023-11-25T18:27:32.717+0000] {dag.py:3722} INFO - Setting next_dagrun for example_task_group_decorator to 2023-11-24T18:27:32.717026+00:00, run_after=2023-11-25T18:27:32.717026+00:00
[2023-11-25T18:27:32.735+0000] {processor.py:179} INFO - Processing /home/airflow/.local/lib/python3.8/site-packages/airflow/example_dags/example_task_group_decorator.py took 0.083 seconds
[2023-11-25T18:28:03.399+0000] {processor.py:157} INFO - Started process (PID=1033) to work on /home/airflow/.local/lib/python3.8/site-packages/airflow/example_dags/example_task_group_decorator.py
[2023-11-25T18:28:03.399+0000] {processor.py:829} INFO - Processing file /home/airflow/.local/lib/python3.8/site-packages/airflow/example_dags/example_task_group_decorator.py for tasks to queue
[2023-11-25T18:28:03.401+0000] {logging_mixin.py:154} INFO - [2023-11-25T18:28:03.401+0000] {dagbag.py:536} INFO - Filling up the DagBag from /home/airflow/.local/lib/python3.8/site-packages/airflow/example_dags/example_task_group_decorator.py
[2023-11-25T18:28:03.412+0000] {processor.py:839} INFO - DAG(s) dict_keys(['example_task_group_decorator']) retrieved from /home/airflow/.local/lib/python3.8/site-packages/airflow/example_dags/example_task_group_decorator.py
[2023-11-25T18:28:03.438+0000] {logging_mixin.py:154} INFO - [2023-11-25T18:28:03.438+0000] {dag.py:2941} INFO - Sync 1 DAGs
[2023-11-25T18:28:03.463+0000] {logging_mixin.py:154} INFO - [2023-11-25T18:28:03.463+0000] {dag.py:3722} INFO - Setting next_dagrun for example_task_group_decorator to 2023-11-24T18:28:03.463458+00:00, run_after=2023-11-25T18:28:03.463458+00:00
[2023-11-25T18:28:03.481+0000] {processor.py:179} INFO - Processing /home/airflow/.local/lib/python3.8/site-packages/airflow/example_dags/example_task_group_decorator.py took 0.084 seconds
[2023-11-25T18:28:33.548+0000] {processor.py:157} INFO - Started process (PID=1086) to work on /home/airflow/.local/lib/python3.8/site-packages/airflow/example_dags/example_task_group_decorator.py
[2023-11-25T18:28:33.549+0000] {processor.py:829} INFO - Processing file /home/airflow/.local/lib/python3.8/site-packages/airflow/example_dags/example_task_group_decorator.py for tasks to queue
[2023-11-25T18:28:33.551+0000] {logging_mixin.py:154} INFO - [2023-11-25T18:28:33.550+0000] {dagbag.py:536} INFO - Filling up the DagBag from /home/airflow/.local/lib/python3.8/site-packages/airflow/example_dags/example_task_group_decorator.py
[2023-11-25T18:28:33.562+0000] {processor.py:839} INFO - DAG(s) dict_keys(['example_task_group_decorator']) retrieved from /home/airflow/.local/lib/python3.8/site-packages/airflow/example_dags/example_task_group_decorator.py
[2023-11-25T18:28:33.582+0000] {logging_mixin.py:154} INFO - [2023-11-25T18:28:33.582+0000] {dag.py:2941} INFO - Sync 1 DAGs
[2023-11-25T18:28:33.600+0000] {logging_mixin.py:154} INFO - [2023-11-25T18:28:33.599+0000] {dag.py:3722} INFO - Setting next_dagrun for example_task_group_decorator to 2023-11-24T18:28:33.599598+00:00, run_after=2023-11-25T18:28:33.599598+00:00
[2023-11-25T18:28:33.616+0000] {processor.py:179} INFO - Processing /home/airflow/.local/lib/python3.8/site-packages/airflow/example_dags/example_task_group_decorator.py took 0.070 seconds
[2023-11-25T18:29:04.303+0000] {processor.py:157} INFO - Started process (PID=1141) to work on /home/airflow/.local/lib/python3.8/site-packages/airflow/example_dags/example_task_group_decorator.py
[2023-11-25T18:29:04.304+0000] {processor.py:829} INFO - Processing file /home/airflow/.local/lib/python3.8/site-packages/airflow/example_dags/example_task_group_decorator.py for tasks to queue
[2023-11-25T18:29:04.308+0000] {logging_mixin.py:154} INFO - [2023-11-25T18:29:04.307+0000] {dagbag.py:536} INFO - Filling up the DagBag from /home/airflow/.local/lib/python3.8/site-packages/airflow/example_dags/example_task_group_decorator.py
[2023-11-25T18:29:04.324+0000] {processor.py:839} INFO - DAG(s) dict_keys(['example_task_group_decorator']) retrieved from /home/airflow/.local/lib/python3.8/site-packages/airflow/example_dags/example_task_group_decorator.py
[2023-11-25T18:29:04.354+0000] {logging_mixin.py:154} INFO - [2023-11-25T18:29:04.353+0000] {dag.py:2941} INFO - Sync 1 DAGs
[2023-11-25T18:29:04.381+0000] {logging_mixin.py:154} INFO - [2023-11-25T18:29:04.381+0000] {dag.py:3722} INFO - Setting next_dagrun for example_task_group_decorator to 2023-11-24T18:29:04.381253+00:00, run_after=2023-11-25T18:29:04.381253+00:00
[2023-11-25T18:29:04.409+0000] {processor.py:179} INFO - Processing /home/airflow/.local/lib/python3.8/site-packages/airflow/example_dags/example_task_group_decorator.py took 0.112 seconds
[2023-11-25T18:29:35.392+0000] {processor.py:157} INFO - Started process (PID=1195) to work on /home/airflow/.local/lib/python3.8/site-packages/airflow/example_dags/example_task_group_decorator.py
[2023-11-25T18:29:35.393+0000] {processor.py:829} INFO - Processing file /home/airflow/.local/lib/python3.8/site-packages/airflow/example_dags/example_task_group_decorator.py for tasks to queue
[2023-11-25T18:29:35.396+0000] {logging_mixin.py:154} INFO - [2023-11-25T18:29:35.396+0000] {dagbag.py:536} INFO - Filling up the DagBag from /home/airflow/.local/lib/python3.8/site-packages/airflow/example_dags/example_task_group_decorator.py
[2023-11-25T18:29:35.416+0000] {processor.py:839} INFO - DAG(s) dict_keys(['example_task_group_decorator']) retrieved from /home/airflow/.local/lib/python3.8/site-packages/airflow/example_dags/example_task_group_decorator.py
[2023-11-25T18:29:35.449+0000] {logging_mixin.py:154} INFO - [2023-11-25T18:29:35.449+0000] {dag.py:2941} INFO - Sync 1 DAGs
[2023-11-25T18:29:35.487+0000] {logging_mixin.py:154} INFO - [2023-11-25T18:29:35.486+0000] {dag.py:3722} INFO - Setting next_dagrun for example_task_group_decorator to 2023-11-24T18:29:35.486624+00:00, run_after=2023-11-25T18:29:35.486624+00:00
[2023-11-25T18:29:35.754+0000] {processor.py:179} INFO - Processing /home/airflow/.local/lib/python3.8/site-packages/airflow/example_dags/example_task_group_decorator.py took 0.366 seconds
[2023-11-25T18:30:06.268+0000] {processor.py:157} INFO - Started process (PID=1256) to work on /home/airflow/.local/lib/python3.8/site-packages/airflow/example_dags/example_task_group_decorator.py
[2023-11-25T18:30:06.270+0000] {processor.py:829} INFO - Processing file /home/airflow/.local/lib/python3.8/site-packages/airflow/example_dags/example_task_group_decorator.py for tasks to queue
[2023-11-25T18:30:06.274+0000] {logging_mixin.py:154} INFO - [2023-11-25T18:30:06.273+0000] {dagbag.py:536} INFO - Filling up the DagBag from /home/airflow/.local/lib/python3.8/site-packages/airflow/example_dags/example_task_group_decorator.py
[2023-11-25T18:30:06.294+0000] {processor.py:839} INFO - DAG(s) dict_keys(['example_task_group_decorator']) retrieved from /home/airflow/.local/lib/python3.8/site-packages/airflow/example_dags/example_task_group_decorator.py
[2023-11-25T18:30:06.323+0000] {logging_mixin.py:154} INFO - [2023-11-25T18:30:06.323+0000] {dag.py:2941} INFO - Sync 1 DAGs
[2023-11-25T18:30:06.350+0000] {logging_mixin.py:154} INFO - [2023-11-25T18:30:06.350+0000] {dag.py:3722} INFO - Setting next_dagrun for example_task_group_decorator to 2023-11-24T18:30:06.349868+00:00, run_after=2023-11-25T18:30:06.349868+00:00
[2023-11-25T18:30:06.371+0000] {processor.py:179} INFO - Processing /home/airflow/.local/lib/python3.8/site-packages/airflow/example_dags/example_task_group_decorator.py took 0.106 seconds
[2023-11-25T18:30:37.112+0000] {processor.py:157} INFO - Started process (PID=1311) to work on /home/airflow/.local/lib/python3.8/site-packages/airflow/example_dags/example_task_group_decorator.py
[2023-11-25T18:30:37.115+0000] {processor.py:829} INFO - Processing file /home/airflow/.local/lib/python3.8/site-packages/airflow/example_dags/example_task_group_decorator.py for tasks to queue
[2023-11-25T18:30:37.117+0000] {logging_mixin.py:154} INFO - [2023-11-25T18:30:37.117+0000] {dagbag.py:536} INFO - Filling up the DagBag from /home/airflow/.local/lib/python3.8/site-packages/airflow/example_dags/example_task_group_decorator.py
[2023-11-25T18:30:37.136+0000] {processor.py:839} INFO - DAG(s) dict_keys(['example_task_group_decorator']) retrieved from /home/airflow/.local/lib/python3.8/site-packages/airflow/example_dags/example_task_group_decorator.py
[2023-11-25T18:30:37.171+0000] {logging_mixin.py:154} INFO - [2023-11-25T18:30:37.170+0000] {dag.py:2941} INFO - Sync 1 DAGs
[2023-11-25T18:30:37.428+0000] {logging_mixin.py:154} INFO - [2023-11-25T18:30:37.427+0000] {dag.py:3722} INFO - Setting next_dagrun for example_task_group_decorator to 2023-11-24T18:30:37.427466+00:00, run_after=2023-11-25T18:30:37.427466+00:00
[2023-11-25T18:30:37.457+0000] {processor.py:179} INFO - Processing /home/airflow/.local/lib/python3.8/site-packages/airflow/example_dags/example_task_group_decorator.py took 0.352 seconds
[2023-11-25T18:31:07.510+0000] {processor.py:157} INFO - Started process (PID=1365) to work on /home/airflow/.local/lib/python3.8/site-packages/airflow/example_dags/example_task_group_decorator.py
[2023-11-25T18:31:07.511+0000] {processor.py:829} INFO - Processing file /home/airflow/.local/lib/python3.8/site-packages/airflow/example_dags/example_task_group_decorator.py for tasks to queue
[2023-11-25T18:31:07.515+0000] {logging_mixin.py:154} INFO - [2023-11-25T18:31:07.514+0000] {dagbag.py:536} INFO - Filling up the DagBag from /home/airflow/.local/lib/python3.8/site-packages/airflow/example_dags/example_task_group_decorator.py
[2023-11-25T18:31:07.534+0000] {processor.py:839} INFO - DAG(s) dict_keys(['example_task_group_decorator']) retrieved from /home/airflow/.local/lib/python3.8/site-packages/airflow/example_dags/example_task_group_decorator.py
[2023-11-25T18:31:07.574+0000] {logging_mixin.py:154} INFO - [2023-11-25T18:31:07.574+0000] {dag.py:2941} INFO - Sync 1 DAGs
[2023-11-25T18:31:07.609+0000] {logging_mixin.py:154} INFO - [2023-11-25T18:31:07.609+0000] {dag.py:3722} INFO - Setting next_dagrun for example_task_group_decorator to 2023-11-24T18:31:07.608913+00:00, run_after=2023-11-25T18:31:07.608913+00:00
[2023-11-25T18:31:07.638+0000] {processor.py:179} INFO - Processing /home/airflow/.local/lib/python3.8/site-packages/airflow/example_dags/example_task_group_decorator.py took 0.131 seconds
[2023-11-25T18:31:38.073+0000] {processor.py:157} INFO - Started process (PID=1418) to work on /home/airflow/.local/lib/python3.8/site-packages/airflow/example_dags/example_task_group_decorator.py
[2023-11-25T18:31:38.074+0000] {processor.py:829} INFO - Processing file /home/airflow/.local/lib/python3.8/site-packages/airflow/example_dags/example_task_group_decorator.py for tasks to queue
[2023-11-25T18:31:38.077+0000] {logging_mixin.py:154} INFO - [2023-11-25T18:31:38.077+0000] {dagbag.py:536} INFO - Filling up the DagBag from /home/airflow/.local/lib/python3.8/site-packages/airflow/example_dags/example_task_group_decorator.py
[2023-11-25T18:31:38.092+0000] {processor.py:839} INFO - DAG(s) dict_keys(['example_task_group_decorator']) retrieved from /home/airflow/.local/lib/python3.8/site-packages/airflow/example_dags/example_task_group_decorator.py
[2023-11-25T18:31:38.126+0000] {logging_mixin.py:154} INFO - [2023-11-25T18:31:38.126+0000] {dag.py:2941} INFO - Sync 1 DAGs
[2023-11-25T18:31:38.373+0000] {logging_mixin.py:154} INFO - [2023-11-25T18:31:38.372+0000] {dag.py:3722} INFO - Setting next_dagrun for example_task_group_decorator to 2023-11-24T18:31:38.372489+00:00, run_after=2023-11-25T18:31:38.372489+00:00
[2023-11-25T18:31:38.408+0000] {processor.py:179} INFO - Processing /home/airflow/.local/lib/python3.8/site-packages/airflow/example_dags/example_task_group_decorator.py took 0.339 seconds
[2023-11-25T18:32:08.549+0000] {processor.py:157} INFO - Started process (PID=1472) to work on /home/airflow/.local/lib/python3.8/site-packages/airflow/example_dags/example_task_group_decorator.py
[2023-11-25T18:32:08.551+0000] {processor.py:829} INFO - Processing file /home/airflow/.local/lib/python3.8/site-packages/airflow/example_dags/example_task_group_decorator.py for tasks to queue
[2023-11-25T18:32:08.555+0000] {logging_mixin.py:154} INFO - [2023-11-25T18:32:08.554+0000] {dagbag.py:536} INFO - Filling up the DagBag from /home/airflow/.local/lib/python3.8/site-packages/airflow/example_dags/example_task_group_decorator.py
[2023-11-25T18:32:08.576+0000] {processor.py:839} INFO - DAG(s) dict_keys(['example_task_group_decorator']) retrieved from /home/airflow/.local/lib/python3.8/site-packages/airflow/example_dags/example_task_group_decorator.py
[2023-11-25T18:32:08.621+0000] {logging_mixin.py:154} INFO - [2023-11-25T18:32:08.620+0000] {dag.py:2941} INFO - Sync 1 DAGs
[2023-11-25T18:32:08.660+0000] {logging_mixin.py:154} INFO - [2023-11-25T18:32:08.659+0000] {dag.py:3722} INFO - Setting next_dagrun for example_task_group_decorator to 2023-11-24T18:32:08.659652+00:00, run_after=2023-11-25T18:32:08.659652+00:00
[2023-11-25T18:32:08.871+0000] {processor.py:179} INFO - Processing /home/airflow/.local/lib/python3.8/site-packages/airflow/example_dags/example_task_group_decorator.py took 0.328 seconds
