[2023-11-25T18:18:51.468+0000] {processor.py:157} INFO - Started process (PID=55) to work on /home/airflow/.local/lib/python3.8/site-packages/airflow/example_dags/example_params_trigger_ui.py
[2023-11-25T18:18:51.470+0000] {processor.py:829} INFO - Processing file /home/airflow/.local/lib/python3.8/site-packages/airflow/example_dags/example_params_trigger_ui.py for tasks to queue
[2023-11-25T18:18:51.473+0000] {logging_mixin.py:154} INFO - [2023-11-25T18:18:51.472+0000] {dagbag.py:536} INFO - Filling up the DagBag from /home/airflow/.local/lib/python3.8/site-packages/airflow/example_dags/example_params_trigger_ui.py
[2023-11-25T18:18:51.496+0000] {processor.py:839} INFO - DAG(s) dict_keys(['example_params_trigger_ui']) retrieved from /home/airflow/.local/lib/python3.8/site-packages/airflow/example_dags/example_params_trigger_ui.py
[2023-11-25T18:18:51.509+0000] {logging_mixin.py:154} INFO - [2023-11-25T18:18:51.509+0000] {dag.py:2941} INFO - Sync 1 DAGs
[2023-11-25T18:18:51.523+0000] {logging_mixin.py:154} INFO - [2023-11-25T18:18:51.523+0000] {dag.py:3722} INFO - Setting next_dagrun for example_params_trigger_ui to None, run_after=None
[2023-11-25T18:18:51.544+0000] {processor.py:179} INFO - Processing /home/airflow/.local/lib/python3.8/site-packages/airflow/example_dags/example_params_trigger_ui.py took 0.079 seconds
[2023-11-25T18:19:21.887+0000] {processor.py:157} INFO - Started process (PID=109) to work on /home/airflow/.local/lib/python3.8/site-packages/airflow/example_dags/example_params_trigger_ui.py
[2023-11-25T18:19:21.888+0000] {processor.py:829} INFO - Processing file /home/airflow/.local/lib/python3.8/site-packages/airflow/example_dags/example_params_trigger_ui.py for tasks to queue
[2023-11-25T18:19:21.890+0000] {logging_mixin.py:154} INFO - [2023-11-25T18:19:21.890+0000] {dagbag.py:536} INFO - Filling up the DagBag from /home/airflow/.local/lib/python3.8/site-packages/airflow/example_dags/example_params_trigger_ui.py
[2023-11-25T18:19:21.904+0000] {processor.py:839} INFO - DAG(s) dict_keys(['example_params_trigger_ui']) retrieved from /home/airflow/.local/lib/python3.8/site-packages/airflow/example_dags/example_params_trigger_ui.py
[2023-11-25T18:19:21.951+0000] {logging_mixin.py:154} INFO - [2023-11-25T18:19:21.951+0000] {dag.py:2941} INFO - Sync 1 DAGs
[2023-11-25T18:19:21.963+0000] {logging_mixin.py:154} INFO - [2023-11-25T18:19:21.963+0000] {dag.py:3722} INFO - Setting next_dagrun for example_params_trigger_ui to None, run_after=None
[2023-11-25T18:19:21.982+0000] {processor.py:179} INFO - Processing /home/airflow/.local/lib/python3.8/site-packages/airflow/example_dags/example_params_trigger_ui.py took 0.098 seconds
[2023-11-25T18:19:52.420+0000] {processor.py:157} INFO - Started process (PID=163) to work on /home/airflow/.local/lib/python3.8/site-packages/airflow/example_dags/example_params_trigger_ui.py
[2023-11-25T18:19:52.421+0000] {processor.py:829} INFO - Processing file /home/airflow/.local/lib/python3.8/site-packages/airflow/example_dags/example_params_trigger_ui.py for tasks to queue
[2023-11-25T18:19:52.423+0000] {logging_mixin.py:154} INFO - [2023-11-25T18:19:52.423+0000] {dagbag.py:536} INFO - Filling up the DagBag from /home/airflow/.local/lib/python3.8/site-packages/airflow/example_dags/example_params_trigger_ui.py
[2023-11-25T18:19:52.438+0000] {processor.py:839} INFO - DAG(s) dict_keys(['example_params_trigger_ui']) retrieved from /home/airflow/.local/lib/python3.8/site-packages/airflow/example_dags/example_params_trigger_ui.py
[2023-11-25T18:19:52.484+0000] {logging_mixin.py:154} INFO - [2023-11-25T18:19:52.483+0000] {dag.py:2941} INFO - Sync 1 DAGs
[2023-11-25T18:19:52.495+0000] {logging_mixin.py:154} INFO - [2023-11-25T18:19:52.495+0000] {dag.py:3722} INFO - Setting next_dagrun for example_params_trigger_ui to None, run_after=None
[2023-11-25T18:19:52.511+0000] {processor.py:179} INFO - Processing /home/airflow/.local/lib/python3.8/site-packages/airflow/example_dags/example_params_trigger_ui.py took 0.093 seconds
[2023-11-25T18:20:22.767+0000] {processor.py:157} INFO - Started process (PID=217) to work on /home/airflow/.local/lib/python3.8/site-packages/airflow/example_dags/example_params_trigger_ui.py
[2023-11-25T18:20:22.768+0000] {processor.py:829} INFO - Processing file /home/airflow/.local/lib/python3.8/site-packages/airflow/example_dags/example_params_trigger_ui.py for tasks to queue
[2023-11-25T18:20:22.769+0000] {logging_mixin.py:154} INFO - [2023-11-25T18:20:22.769+0000] {dagbag.py:536} INFO - Filling up the DagBag from /home/airflow/.local/lib/python3.8/site-packages/airflow/example_dags/example_params_trigger_ui.py
[2023-11-25T18:20:22.782+0000] {processor.py:839} INFO - DAG(s) dict_keys(['example_params_trigger_ui']) retrieved from /home/airflow/.local/lib/python3.8/site-packages/airflow/example_dags/example_params_trigger_ui.py
[2023-11-25T18:20:22.827+0000] {logging_mixin.py:154} INFO - [2023-11-25T18:20:22.827+0000] {dag.py:2941} INFO - Sync 1 DAGs
[2023-11-25T18:20:22.839+0000] {logging_mixin.py:154} INFO - [2023-11-25T18:20:22.839+0000] {dag.py:3722} INFO - Setting next_dagrun for example_params_trigger_ui to None, run_after=None
[2023-11-25T18:20:22.854+0000] {processor.py:179} INFO - Processing /home/airflow/.local/lib/python3.8/site-packages/airflow/example_dags/example_params_trigger_ui.py took 0.089 seconds
[2023-11-25T18:20:53.028+0000] {processor.py:157} INFO - Started process (PID=271) to work on /home/airflow/.local/lib/python3.8/site-packages/airflow/example_dags/example_params_trigger_ui.py
[2023-11-25T18:20:53.028+0000] {processor.py:829} INFO - Processing file /home/airflow/.local/lib/python3.8/site-packages/airflow/example_dags/example_params_trigger_ui.py for tasks to queue
[2023-11-25T18:20:53.030+0000] {logging_mixin.py:154} INFO - [2023-11-25T18:20:53.030+0000] {dagbag.py:536} INFO - Filling up the DagBag from /home/airflow/.local/lib/python3.8/site-packages/airflow/example_dags/example_params_trigger_ui.py
[2023-11-25T18:20:53.042+0000] {processor.py:839} INFO - DAG(s) dict_keys(['example_params_trigger_ui']) retrieved from /home/airflow/.local/lib/python3.8/site-packages/airflow/example_dags/example_params_trigger_ui.py
[2023-11-25T18:20:53.088+0000] {logging_mixin.py:154} INFO - [2023-11-25T18:20:53.088+0000] {dag.py:2941} INFO - Sync 1 DAGs
[2023-11-25T18:20:53.098+0000] {logging_mixin.py:154} INFO - [2023-11-25T18:20:53.098+0000] {dag.py:3722} INFO - Setting next_dagrun for example_params_trigger_ui to None, run_after=None
[2023-11-25T18:20:53.113+0000] {processor.py:179} INFO - Processing /home/airflow/.local/lib/python3.8/site-packages/airflow/example_dags/example_params_trigger_ui.py took 0.088 seconds
[2023-11-25T18:21:23.366+0000] {processor.py:157} INFO - Started process (PID=325) to work on /home/airflow/.local/lib/python3.8/site-packages/airflow/example_dags/example_params_trigger_ui.py
[2023-11-25T18:21:23.367+0000] {processor.py:829} INFO - Processing file /home/airflow/.local/lib/python3.8/site-packages/airflow/example_dags/example_params_trigger_ui.py for tasks to queue
[2023-11-25T18:21:23.368+0000] {logging_mixin.py:154} INFO - [2023-11-25T18:21:23.368+0000] {dagbag.py:536} INFO - Filling up the DagBag from /home/airflow/.local/lib/python3.8/site-packages/airflow/example_dags/example_params_trigger_ui.py
[2023-11-25T18:21:23.381+0000] {processor.py:839} INFO - DAG(s) dict_keys(['example_params_trigger_ui']) retrieved from /home/airflow/.local/lib/python3.8/site-packages/airflow/example_dags/example_params_trigger_ui.py
[2023-11-25T18:21:23.425+0000] {logging_mixin.py:154} INFO - [2023-11-25T18:21:23.425+0000] {dag.py:2941} INFO - Sync 1 DAGs
[2023-11-25T18:21:23.436+0000] {logging_mixin.py:154} INFO - [2023-11-25T18:21:23.436+0000] {dag.py:3722} INFO - Setting next_dagrun for example_params_trigger_ui to None, run_after=None
[2023-11-25T18:21:23.451+0000] {processor.py:179} INFO - Processing /home/airflow/.local/lib/python3.8/site-packages/airflow/example_dags/example_params_trigger_ui.py took 0.087 seconds
[2023-11-25T18:21:53.778+0000] {processor.py:157} INFO - Started process (PID=379) to work on /home/airflow/.local/lib/python3.8/site-packages/airflow/example_dags/example_params_trigger_ui.py
[2023-11-25T18:21:53.779+0000] {processor.py:829} INFO - Processing file /home/airflow/.local/lib/python3.8/site-packages/airflow/example_dags/example_params_trigger_ui.py for tasks to queue
[2023-11-25T18:21:53.781+0000] {logging_mixin.py:154} INFO - [2023-11-25T18:21:53.780+0000] {dagbag.py:536} INFO - Filling up the DagBag from /home/airflow/.local/lib/python3.8/site-packages/airflow/example_dags/example_params_trigger_ui.py
[2023-11-25T18:21:53.794+0000] {processor.py:839} INFO - DAG(s) dict_keys(['example_params_trigger_ui']) retrieved from /home/airflow/.local/lib/python3.8/site-packages/airflow/example_dags/example_params_trigger_ui.py
[2023-11-25T18:21:53.848+0000] {logging_mixin.py:154} INFO - [2023-11-25T18:21:53.848+0000] {dag.py:2941} INFO - Sync 1 DAGs
[2023-11-25T18:21:53.860+0000] {logging_mixin.py:154} INFO - [2023-11-25T18:21:53.860+0000] {dag.py:3722} INFO - Setting next_dagrun for example_params_trigger_ui to None, run_after=None
[2023-11-25T18:21:53.878+0000] {processor.py:179} INFO - Processing /home/airflow/.local/lib/python3.8/site-packages/airflow/example_dags/example_params_trigger_ui.py took 0.103 seconds
[2023-11-25T18:22:24.568+0000] {processor.py:157} INFO - Started process (PID=433) to work on /home/airflow/.local/lib/python3.8/site-packages/airflow/example_dags/example_params_trigger_ui.py
[2023-11-25T18:22:24.569+0000] {processor.py:829} INFO - Processing file /home/airflow/.local/lib/python3.8/site-packages/airflow/example_dags/example_params_trigger_ui.py for tasks to queue
[2023-11-25T18:22:24.572+0000] {logging_mixin.py:154} INFO - [2023-11-25T18:22:24.571+0000] {dagbag.py:536} INFO - Filling up the DagBag from /home/airflow/.local/lib/python3.8/site-packages/airflow/example_dags/example_params_trigger_ui.py
[2023-11-25T18:22:24.586+0000] {processor.py:839} INFO - DAG(s) dict_keys(['example_params_trigger_ui']) retrieved from /home/airflow/.local/lib/python3.8/site-packages/airflow/example_dags/example_params_trigger_ui.py
[2023-11-25T18:22:24.634+0000] {logging_mixin.py:154} INFO - [2023-11-25T18:22:24.634+0000] {dag.py:2941} INFO - Sync 1 DAGs
[2023-11-25T18:22:24.646+0000] {logging_mixin.py:154} INFO - [2023-11-25T18:22:24.646+0000] {dag.py:3722} INFO - Setting next_dagrun for example_params_trigger_ui to None, run_after=None
[2023-11-25T18:22:24.662+0000] {processor.py:179} INFO - Processing /home/airflow/.local/lib/python3.8/site-packages/airflow/example_dags/example_params_trigger_ui.py took 0.097 seconds
[2023-11-25T18:22:55.393+0000] {processor.py:157} INFO - Started process (PID=487) to work on /home/airflow/.local/lib/python3.8/site-packages/airflow/example_dags/example_params_trigger_ui.py
[2023-11-25T18:22:55.394+0000] {processor.py:829} INFO - Processing file /home/airflow/.local/lib/python3.8/site-packages/airflow/example_dags/example_params_trigger_ui.py for tasks to queue
[2023-11-25T18:22:55.395+0000] {logging_mixin.py:154} INFO - [2023-11-25T18:22:55.395+0000] {dagbag.py:536} INFO - Filling up the DagBag from /home/airflow/.local/lib/python3.8/site-packages/airflow/example_dags/example_params_trigger_ui.py
[2023-11-25T18:22:55.408+0000] {processor.py:839} INFO - DAG(s) dict_keys(['example_params_trigger_ui']) retrieved from /home/airflow/.local/lib/python3.8/site-packages/airflow/example_dags/example_params_trigger_ui.py
[2023-11-25T18:22:55.450+0000] {logging_mixin.py:154} INFO - [2023-11-25T18:22:55.450+0000] {dag.py:2941} INFO - Sync 1 DAGs
[2023-11-25T18:22:55.460+0000] {logging_mixin.py:154} INFO - [2023-11-25T18:22:55.460+0000] {dag.py:3722} INFO - Setting next_dagrun for example_params_trigger_ui to None, run_after=None
[2023-11-25T18:22:55.474+0000] {processor.py:179} INFO - Processing /home/airflow/.local/lib/python3.8/site-packages/airflow/example_dags/example_params_trigger_ui.py took 0.083 seconds
[2023-11-25T18:23:25.944+0000] {processor.py:157} INFO - Started process (PID=541) to work on /home/airflow/.local/lib/python3.8/site-packages/airflow/example_dags/example_params_trigger_ui.py
[2023-11-25T18:23:25.945+0000] {processor.py:829} INFO - Processing file /home/airflow/.local/lib/python3.8/site-packages/airflow/example_dags/example_params_trigger_ui.py for tasks to queue
[2023-11-25T18:23:25.946+0000] {logging_mixin.py:154} INFO - [2023-11-25T18:23:25.946+0000] {dagbag.py:536} INFO - Filling up the DagBag from /home/airflow/.local/lib/python3.8/site-packages/airflow/example_dags/example_params_trigger_ui.py
[2023-11-25T18:23:25.959+0000] {processor.py:839} INFO - DAG(s) dict_keys(['example_params_trigger_ui']) retrieved from /home/airflow/.local/lib/python3.8/site-packages/airflow/example_dags/example_params_trigger_ui.py
[2023-11-25T18:23:26.003+0000] {logging_mixin.py:154} INFO - [2023-11-25T18:23:26.002+0000] {dag.py:2941} INFO - Sync 1 DAGs
[2023-11-25T18:23:26.013+0000] {logging_mixin.py:154} INFO - [2023-11-25T18:23:26.013+0000] {dag.py:3722} INFO - Setting next_dagrun for example_params_trigger_ui to None, run_after=None
[2023-11-25T18:23:26.028+0000] {processor.py:179} INFO - Processing /home/airflow/.local/lib/python3.8/site-packages/airflow/example_dags/example_params_trigger_ui.py took 0.086 seconds
[2023-11-25T18:23:56.465+0000] {processor.py:157} INFO - Started process (PID=595) to work on /home/airflow/.local/lib/python3.8/site-packages/airflow/example_dags/example_params_trigger_ui.py
[2023-11-25T18:23:56.466+0000] {processor.py:829} INFO - Processing file /home/airflow/.local/lib/python3.8/site-packages/airflow/example_dags/example_params_trigger_ui.py for tasks to queue
[2023-11-25T18:23:56.467+0000] {logging_mixin.py:154} INFO - [2023-11-25T18:23:56.467+0000] {dagbag.py:536} INFO - Filling up the DagBag from /home/airflow/.local/lib/python3.8/site-packages/airflow/example_dags/example_params_trigger_ui.py
[2023-11-25T18:23:56.483+0000] {processor.py:839} INFO - DAG(s) dict_keys(['example_params_trigger_ui']) retrieved from /home/airflow/.local/lib/python3.8/site-packages/airflow/example_dags/example_params_trigger_ui.py
[2023-11-25T18:23:56.539+0000] {logging_mixin.py:154} INFO - [2023-11-25T18:23:56.539+0000] {dag.py:2941} INFO - Sync 1 DAGs
[2023-11-25T18:23:56.553+0000] {logging_mixin.py:154} INFO - [2023-11-25T18:23:56.553+0000] {dag.py:3722} INFO - Setting next_dagrun for example_params_trigger_ui to None, run_after=None
[2023-11-25T18:23:56.576+0000] {processor.py:179} INFO - Processing /home/airflow/.local/lib/python3.8/site-packages/airflow/example_dags/example_params_trigger_ui.py took 0.113 seconds
[2023-11-25T18:24:27.589+0000] {processor.py:157} INFO - Started process (PID=649) to work on /home/airflow/.local/lib/python3.8/site-packages/airflow/example_dags/example_params_trigger_ui.py
[2023-11-25T18:24:27.590+0000] {processor.py:829} INFO - Processing file /home/airflow/.local/lib/python3.8/site-packages/airflow/example_dags/example_params_trigger_ui.py for tasks to queue
[2023-11-25T18:24:27.592+0000] {logging_mixin.py:154} INFO - [2023-11-25T18:24:27.591+0000] {dagbag.py:536} INFO - Filling up the DagBag from /home/airflow/.local/lib/python3.8/site-packages/airflow/example_dags/example_params_trigger_ui.py
[2023-11-25T18:24:27.608+0000] {processor.py:839} INFO - DAG(s) dict_keys(['example_params_trigger_ui']) retrieved from /home/airflow/.local/lib/python3.8/site-packages/airflow/example_dags/example_params_trigger_ui.py
[2023-11-25T18:24:27.666+0000] {logging_mixin.py:154} INFO - [2023-11-25T18:24:27.665+0000] {dag.py:2941} INFO - Sync 1 DAGs
[2023-11-25T18:24:27.679+0000] {logging_mixin.py:154} INFO - [2023-11-25T18:24:27.679+0000] {dag.py:3722} INFO - Setting next_dagrun for example_params_trigger_ui to None, run_after=None
[2023-11-25T18:24:27.699+0000] {processor.py:179} INFO - Processing /home/airflow/.local/lib/python3.8/site-packages/airflow/example_dags/example_params_trigger_ui.py took 0.113 seconds
[2023-11-25T18:24:58.148+0000] {processor.py:157} INFO - Started process (PID=704) to work on /home/airflow/.local/lib/python3.8/site-packages/airflow/example_dags/example_params_trigger_ui.py
[2023-11-25T18:24:58.149+0000] {processor.py:829} INFO - Processing file /home/airflow/.local/lib/python3.8/site-packages/airflow/example_dags/example_params_trigger_ui.py for tasks to queue
[2023-11-25T18:24:58.151+0000] {logging_mixin.py:154} INFO - [2023-11-25T18:24:58.151+0000] {dagbag.py:536} INFO - Filling up the DagBag from /home/airflow/.local/lib/python3.8/site-packages/airflow/example_dags/example_params_trigger_ui.py
[2023-11-25T18:24:58.168+0000] {processor.py:839} INFO - DAG(s) dict_keys(['example_params_trigger_ui']) retrieved from /home/airflow/.local/lib/python3.8/site-packages/airflow/example_dags/example_params_trigger_ui.py
[2023-11-25T18:24:58.226+0000] {logging_mixin.py:154} INFO - [2023-11-25T18:24:58.226+0000] {dag.py:2941} INFO - Sync 1 DAGs
[2023-11-25T18:24:58.239+0000] {logging_mixin.py:154} INFO - [2023-11-25T18:24:58.239+0000] {dag.py:3722} INFO - Setting next_dagrun for example_params_trigger_ui to None, run_after=None
[2023-11-25T18:24:58.259+0000] {processor.py:179} INFO - Processing /home/airflow/.local/lib/python3.8/site-packages/airflow/example_dags/example_params_trigger_ui.py took 0.114 seconds
[2023-11-25T18:25:29.136+0000] {processor.py:157} INFO - Started process (PID=758) to work on /home/airflow/.local/lib/python3.8/site-packages/airflow/example_dags/example_params_trigger_ui.py
[2023-11-25T18:25:29.137+0000] {processor.py:829} INFO - Processing file /home/airflow/.local/lib/python3.8/site-packages/airflow/example_dags/example_params_trigger_ui.py for tasks to queue
[2023-11-25T18:25:29.141+0000] {logging_mixin.py:154} INFO - [2023-11-25T18:25:29.140+0000] {dagbag.py:536} INFO - Filling up the DagBag from /home/airflow/.local/lib/python3.8/site-packages/airflow/example_dags/example_params_trigger_ui.py
[2023-11-25T18:25:29.167+0000] {processor.py:839} INFO - DAG(s) dict_keys(['example_params_trigger_ui']) retrieved from /home/airflow/.local/lib/python3.8/site-packages/airflow/example_dags/example_params_trigger_ui.py
[2023-11-25T18:25:29.264+0000] {logging_mixin.py:154} INFO - [2023-11-25T18:25:29.264+0000] {dag.py:2941} INFO - Sync 1 DAGs
[2023-11-25T18:25:29.288+0000] {logging_mixin.py:154} INFO - [2023-11-25T18:25:29.288+0000] {dag.py:3722} INFO - Setting next_dagrun for example_params_trigger_ui to None, run_after=None
[2023-11-25T18:25:29.326+0000] {processor.py:179} INFO - Processing /home/airflow/.local/lib/python3.8/site-packages/airflow/example_dags/example_params_trigger_ui.py took 0.193 seconds
[2023-11-25T18:26:00.222+0000] {processor.py:157} INFO - Started process (PID=812) to work on /home/airflow/.local/lib/python3.8/site-packages/airflow/example_dags/example_params_trigger_ui.py
[2023-11-25T18:26:00.223+0000] {processor.py:829} INFO - Processing file /home/airflow/.local/lib/python3.8/site-packages/airflow/example_dags/example_params_trigger_ui.py for tasks to queue
[2023-11-25T18:26:00.225+0000] {logging_mixin.py:154} INFO - [2023-11-25T18:26:00.224+0000] {dagbag.py:536} INFO - Filling up the DagBag from /home/airflow/.local/lib/python3.8/site-packages/airflow/example_dags/example_params_trigger_ui.py
[2023-11-25T18:26:00.238+0000] {processor.py:839} INFO - DAG(s) dict_keys(['example_params_trigger_ui']) retrieved from /home/airflow/.local/lib/python3.8/site-packages/airflow/example_dags/example_params_trigger_ui.py
[2023-11-25T18:26:00.285+0000] {logging_mixin.py:154} INFO - [2023-11-25T18:26:00.284+0000] {dag.py:2941} INFO - Sync 1 DAGs
[2023-11-25T18:26:00.296+0000] {logging_mixin.py:154} INFO - [2023-11-25T18:26:00.295+0000] {dag.py:3722} INFO - Setting next_dagrun for example_params_trigger_ui to None, run_after=None
[2023-11-25T18:26:00.312+0000] {processor.py:179} INFO - Processing /home/airflow/.local/lib/python3.8/site-packages/airflow/example_dags/example_params_trigger_ui.py took 0.092 seconds
[2023-11-25T18:26:30.660+0000] {processor.py:157} INFO - Started process (PID=866) to work on /home/airflow/.local/lib/python3.8/site-packages/airflow/example_dags/example_params_trigger_ui.py
[2023-11-25T18:26:30.661+0000] {processor.py:829} INFO - Processing file /home/airflow/.local/lib/python3.8/site-packages/airflow/example_dags/example_params_trigger_ui.py for tasks to queue
[2023-11-25T18:26:30.663+0000] {logging_mixin.py:154} INFO - [2023-11-25T18:26:30.663+0000] {dagbag.py:536} INFO - Filling up the DagBag from /home/airflow/.local/lib/python3.8/site-packages/airflow/example_dags/example_params_trigger_ui.py
[2023-11-25T18:26:30.680+0000] {processor.py:839} INFO - DAG(s) dict_keys(['example_params_trigger_ui']) retrieved from /home/airflow/.local/lib/python3.8/site-packages/airflow/example_dags/example_params_trigger_ui.py
[2023-11-25T18:26:30.733+0000] {logging_mixin.py:154} INFO - [2023-11-25T18:26:30.732+0000] {dag.py:2941} INFO - Sync 1 DAGs
[2023-11-25T18:26:30.745+0000] {logging_mixin.py:154} INFO - [2023-11-25T18:26:30.744+0000] {dag.py:3722} INFO - Setting next_dagrun for example_params_trigger_ui to None, run_after=None
[2023-11-25T18:26:30.761+0000] {processor.py:179} INFO - Processing /home/airflow/.local/lib/python3.8/site-packages/airflow/example_dags/example_params_trigger_ui.py took 0.104 seconds
[2023-11-25T18:27:00.841+0000] {processor.py:157} INFO - Started process (PID=919) to work on /home/airflow/.local/lib/python3.8/site-packages/airflow/example_dags/example_params_trigger_ui.py
[2023-11-25T18:27:00.841+0000] {processor.py:829} INFO - Processing file /home/airflow/.local/lib/python3.8/site-packages/airflow/example_dags/example_params_trigger_ui.py for tasks to queue
[2023-11-25T18:27:00.843+0000] {logging_mixin.py:154} INFO - [2023-11-25T18:27:00.843+0000] {dagbag.py:536} INFO - Filling up the DagBag from /home/airflow/.local/lib/python3.8/site-packages/airflow/example_dags/example_params_trigger_ui.py
[2023-11-25T18:27:00.855+0000] {processor.py:839} INFO - DAG(s) dict_keys(['example_params_trigger_ui']) retrieved from /home/airflow/.local/lib/python3.8/site-packages/airflow/example_dags/example_params_trigger_ui.py
[2023-11-25T18:27:00.896+0000] {logging_mixin.py:154} INFO - [2023-11-25T18:27:00.896+0000] {dag.py:2941} INFO - Sync 1 DAGs
[2023-11-25T18:27:00.906+0000] {logging_mixin.py:154} INFO - [2023-11-25T18:27:00.906+0000] {dag.py:3722} INFO - Setting next_dagrun for example_params_trigger_ui to None, run_after=None
[2023-11-25T18:27:00.920+0000] {processor.py:179} INFO - Processing /home/airflow/.local/lib/python3.8/site-packages/airflow/example_dags/example_params_trigger_ui.py took 0.082 seconds
[2023-11-25T18:27:31.374+0000] {processor.py:157} INFO - Started process (PID=973) to work on /home/airflow/.local/lib/python3.8/site-packages/airflow/example_dags/example_params_trigger_ui.py
[2023-11-25T18:27:31.375+0000] {processor.py:829} INFO - Processing file /home/airflow/.local/lib/python3.8/site-packages/airflow/example_dags/example_params_trigger_ui.py for tasks to queue
[2023-11-25T18:27:31.377+0000] {logging_mixin.py:154} INFO - [2023-11-25T18:27:31.376+0000] {dagbag.py:536} INFO - Filling up the DagBag from /home/airflow/.local/lib/python3.8/site-packages/airflow/example_dags/example_params_trigger_ui.py
[2023-11-25T18:27:31.389+0000] {processor.py:839} INFO - DAG(s) dict_keys(['example_params_trigger_ui']) retrieved from /home/airflow/.local/lib/python3.8/site-packages/airflow/example_dags/example_params_trigger_ui.py
[2023-11-25T18:27:31.430+0000] {logging_mixin.py:154} INFO - [2023-11-25T18:27:31.429+0000] {dag.py:2941} INFO - Sync 1 DAGs
[2023-11-25T18:27:31.440+0000] {logging_mixin.py:154} INFO - [2023-11-25T18:27:31.440+0000] {dag.py:3722} INFO - Setting next_dagrun for example_params_trigger_ui to None, run_after=None
[2023-11-25T18:27:31.458+0000] {processor.py:179} INFO - Processing /home/airflow/.local/lib/python3.8/site-packages/airflow/example_dags/example_params_trigger_ui.py took 0.086 seconds
[2023-11-25T18:28:02.096+0000] {processor.py:157} INFO - Started process (PID=1027) to work on /home/airflow/.local/lib/python3.8/site-packages/airflow/example_dags/example_params_trigger_ui.py
[2023-11-25T18:28:02.097+0000] {processor.py:829} INFO - Processing file /home/airflow/.local/lib/python3.8/site-packages/airflow/example_dags/example_params_trigger_ui.py for tasks to queue
[2023-11-25T18:28:02.099+0000] {logging_mixin.py:154} INFO - [2023-11-25T18:28:02.099+0000] {dagbag.py:536} INFO - Filling up the DagBag from /home/airflow/.local/lib/python3.8/site-packages/airflow/example_dags/example_params_trigger_ui.py
[2023-11-25T18:28:02.125+0000] {processor.py:839} INFO - DAG(s) dict_keys(['example_params_trigger_ui']) retrieved from /home/airflow/.local/lib/python3.8/site-packages/airflow/example_dags/example_params_trigger_ui.py
[2023-11-25T18:28:02.177+0000] {logging_mixin.py:154} INFO - [2023-11-25T18:28:02.176+0000] {dag.py:2941} INFO - Sync 1 DAGs
[2023-11-25T18:28:02.190+0000] {logging_mixin.py:154} INFO - [2023-11-25T18:28:02.190+0000] {dag.py:3722} INFO - Setting next_dagrun for example_params_trigger_ui to None, run_after=None
[2023-11-25T18:28:02.207+0000] {processor.py:179} INFO - Processing /home/airflow/.local/lib/python3.8/site-packages/airflow/example_dags/example_params_trigger_ui.py took 0.117 seconds
[2023-11-25T18:28:32.374+0000] {processor.py:157} INFO - Started process (PID=1081) to work on /home/airflow/.local/lib/python3.8/site-packages/airflow/example_dags/example_params_trigger_ui.py
[2023-11-25T18:28:32.374+0000] {processor.py:829} INFO - Processing file /home/airflow/.local/lib/python3.8/site-packages/airflow/example_dags/example_params_trigger_ui.py for tasks to queue
[2023-11-25T18:28:32.376+0000] {logging_mixin.py:154} INFO - [2023-11-25T18:28:32.376+0000] {dagbag.py:536} INFO - Filling up the DagBag from /home/airflow/.local/lib/python3.8/site-packages/airflow/example_dags/example_params_trigger_ui.py
[2023-11-25T18:28:32.388+0000] {processor.py:839} INFO - DAG(s) dict_keys(['example_params_trigger_ui']) retrieved from /home/airflow/.local/lib/python3.8/site-packages/airflow/example_dags/example_params_trigger_ui.py
[2023-11-25T18:28:32.429+0000] {logging_mixin.py:154} INFO - [2023-11-25T18:28:32.429+0000] {dag.py:2941} INFO - Sync 1 DAGs
[2023-11-25T18:28:32.440+0000] {logging_mixin.py:154} INFO - [2023-11-25T18:28:32.439+0000] {dag.py:3722} INFO - Setting next_dagrun for example_params_trigger_ui to None, run_after=None
[2023-11-25T18:28:32.456+0000] {processor.py:179} INFO - Processing /home/airflow/.local/lib/python3.8/site-packages/airflow/example_dags/example_params_trigger_ui.py took 0.085 seconds
[2023-11-25T18:29:02.825+0000] {processor.py:157} INFO - Started process (PID=1135) to work on /home/airflow/.local/lib/python3.8/site-packages/airflow/example_dags/example_params_trigger_ui.py
[2023-11-25T18:29:02.828+0000] {processor.py:829} INFO - Processing file /home/airflow/.local/lib/python3.8/site-packages/airflow/example_dags/example_params_trigger_ui.py for tasks to queue
[2023-11-25T18:29:02.831+0000] {logging_mixin.py:154} INFO - [2023-11-25T18:29:02.831+0000] {dagbag.py:536} INFO - Filling up the DagBag from /home/airflow/.local/lib/python3.8/site-packages/airflow/example_dags/example_params_trigger_ui.py
[2023-11-25T18:29:02.862+0000] {processor.py:839} INFO - DAG(s) dict_keys(['example_params_trigger_ui']) retrieved from /home/airflow/.local/lib/python3.8/site-packages/airflow/example_dags/example_params_trigger_ui.py
[2023-11-25T18:29:02.947+0000] {logging_mixin.py:154} INFO - [2023-11-25T18:29:02.947+0000] {dag.py:2941} INFO - Sync 1 DAGs
[2023-11-25T18:29:02.967+0000] {logging_mixin.py:154} INFO - [2023-11-25T18:29:02.967+0000] {dag.py:3722} INFO - Setting next_dagrun for example_params_trigger_ui to None, run_after=None
[2023-11-25T18:29:02.998+0000] {processor.py:179} INFO - Processing /home/airflow/.local/lib/python3.8/site-packages/airflow/example_dags/example_params_trigger_ui.py took 0.176 seconds
[2023-11-25T18:29:33.465+0000] {processor.py:157} INFO - Started process (PID=1189) to work on /home/airflow/.local/lib/python3.8/site-packages/airflow/example_dags/example_params_trigger_ui.py
[2023-11-25T18:29:33.466+0000] {processor.py:829} INFO - Processing file /home/airflow/.local/lib/python3.8/site-packages/airflow/example_dags/example_params_trigger_ui.py for tasks to queue
[2023-11-25T18:29:33.468+0000] {logging_mixin.py:154} INFO - [2023-11-25T18:29:33.468+0000] {dagbag.py:536} INFO - Filling up the DagBag from /home/airflow/.local/lib/python3.8/site-packages/airflow/example_dags/example_params_trigger_ui.py
[2023-11-25T18:29:33.486+0000] {processor.py:839} INFO - DAG(s) dict_keys(['example_params_trigger_ui']) retrieved from /home/airflow/.local/lib/python3.8/site-packages/airflow/example_dags/example_params_trigger_ui.py
[2023-11-25T18:29:33.557+0000] {logging_mixin.py:154} INFO - [2023-11-25T18:29:33.557+0000] {dag.py:2941} INFO - Sync 1 DAGs
[2023-11-25T18:29:33.579+0000] {logging_mixin.py:154} INFO - [2023-11-25T18:29:33.579+0000] {dag.py:3722} INFO - Setting next_dagrun for example_params_trigger_ui to None, run_after=None
[2023-11-25T18:29:33.606+0000] {processor.py:179} INFO - Processing /home/airflow/.local/lib/python3.8/site-packages/airflow/example_dags/example_params_trigger_ui.py took 0.145 seconds
[2023-11-25T18:30:03.828+0000] {processor.py:157} INFO - Started process (PID=1243) to work on /home/airflow/.local/lib/python3.8/site-packages/airflow/example_dags/example_params_trigger_ui.py
[2023-11-25T18:30:03.830+0000] {processor.py:829} INFO - Processing file /home/airflow/.local/lib/python3.8/site-packages/airflow/example_dags/example_params_trigger_ui.py for tasks to queue
[2023-11-25T18:30:03.833+0000] {logging_mixin.py:154} INFO - [2023-11-25T18:30:03.833+0000] {dagbag.py:536} INFO - Filling up the DagBag from /home/airflow/.local/lib/python3.8/site-packages/airflow/example_dags/example_params_trigger_ui.py
[2023-11-25T18:30:03.861+0000] {processor.py:839} INFO - DAG(s) dict_keys(['example_params_trigger_ui']) retrieved from /home/airflow/.local/lib/python3.8/site-packages/airflow/example_dags/example_params_trigger_ui.py
[2023-11-25T18:30:03.933+0000] {logging_mixin.py:154} INFO - [2023-11-25T18:30:03.933+0000] {dag.py:2941} INFO - Sync 1 DAGs
[2023-11-25T18:30:03.952+0000] {logging_mixin.py:154} INFO - [2023-11-25T18:30:03.951+0000] {dag.py:3722} INFO - Setting next_dagrun for example_params_trigger_ui to None, run_after=None
[2023-11-25T18:30:03.978+0000] {processor.py:179} INFO - Processing /home/airflow/.local/lib/python3.8/site-packages/airflow/example_dags/example_params_trigger_ui.py took 0.153 seconds
[2023-11-25T18:30:34.860+0000] {processor.py:157} INFO - Started process (PID=1297) to work on /home/airflow/.local/lib/python3.8/site-packages/airflow/example_dags/example_params_trigger_ui.py
[2023-11-25T18:30:34.861+0000] {processor.py:829} INFO - Processing file /home/airflow/.local/lib/python3.8/site-packages/airflow/example_dags/example_params_trigger_ui.py for tasks to queue
[2023-11-25T18:30:34.865+0000] {logging_mixin.py:154} INFO - [2023-11-25T18:30:34.865+0000] {dagbag.py:536} INFO - Filling up the DagBag from /home/airflow/.local/lib/python3.8/site-packages/airflow/example_dags/example_params_trigger_ui.py
[2023-11-25T18:30:34.897+0000] {processor.py:839} INFO - DAG(s) dict_keys(['example_params_trigger_ui']) retrieved from /home/airflow/.local/lib/python3.8/site-packages/airflow/example_dags/example_params_trigger_ui.py
[2023-11-25T18:30:34.996+0000] {logging_mixin.py:154} INFO - [2023-11-25T18:30:34.995+0000] {dag.py:2941} INFO - Sync 1 DAGs
[2023-11-25T18:30:35.236+0000] {logging_mixin.py:154} INFO - [2023-11-25T18:30:35.236+0000] {dag.py:3722} INFO - Setting next_dagrun for example_params_trigger_ui to None, run_after=None
[2023-11-25T18:30:35.266+0000] {processor.py:179} INFO - Processing /home/airflow/.local/lib/python3.8/site-packages/airflow/example_dags/example_params_trigger_ui.py took 0.410 seconds
[2023-11-25T18:31:06.027+0000] {processor.py:157} INFO - Started process (PID=1352) to work on /home/airflow/.local/lib/python3.8/site-packages/airflow/example_dags/example_params_trigger_ui.py
[2023-11-25T18:31:06.029+0000] {processor.py:829} INFO - Processing file /home/airflow/.local/lib/python3.8/site-packages/airflow/example_dags/example_params_trigger_ui.py for tasks to queue
[2023-11-25T18:31:06.033+0000] {logging_mixin.py:154} INFO - [2023-11-25T18:31:06.032+0000] {dagbag.py:536} INFO - Filling up the DagBag from /home/airflow/.local/lib/python3.8/site-packages/airflow/example_dags/example_params_trigger_ui.py
[2023-11-25T18:31:06.055+0000] {processor.py:839} INFO - DAG(s) dict_keys(['example_params_trigger_ui']) retrieved from /home/airflow/.local/lib/python3.8/site-packages/airflow/example_dags/example_params_trigger_ui.py
[2023-11-25T18:31:06.122+0000] {logging_mixin.py:154} INFO - [2023-11-25T18:31:06.121+0000] {dag.py:2941} INFO - Sync 1 DAGs
[2023-11-25T18:31:06.141+0000] {logging_mixin.py:154} INFO - [2023-11-25T18:31:06.140+0000] {dag.py:3722} INFO - Setting next_dagrun for example_params_trigger_ui to None, run_after=None
[2023-11-25T18:31:06.174+0000] {processor.py:179} INFO - Processing /home/airflow/.local/lib/python3.8/site-packages/airflow/example_dags/example_params_trigger_ui.py took 0.153 seconds
[2023-11-25T18:31:37.014+0000] {processor.py:157} INFO - Started process (PID=1413) to work on /home/airflow/.local/lib/python3.8/site-packages/airflow/example_dags/example_params_trigger_ui.py
[2023-11-25T18:31:37.018+0000] {processor.py:829} INFO - Processing file /home/airflow/.local/lib/python3.8/site-packages/airflow/example_dags/example_params_trigger_ui.py for tasks to queue
[2023-11-25T18:31:37.022+0000] {logging_mixin.py:154} INFO - [2023-11-25T18:31:37.021+0000] {dagbag.py:536} INFO - Filling up the DagBag from /home/airflow/.local/lib/python3.8/site-packages/airflow/example_dags/example_params_trigger_ui.py
[2023-11-25T18:31:37.045+0000] {processor.py:839} INFO - DAG(s) dict_keys(['example_params_trigger_ui']) retrieved from /home/airflow/.local/lib/python3.8/site-packages/airflow/example_dags/example_params_trigger_ui.py
[2023-11-25T18:31:37.311+0000] {logging_mixin.py:154} INFO - [2023-11-25T18:31:37.311+0000] {dag.py:2941} INFO - Sync 1 DAGs
[2023-11-25T18:31:37.327+0000] {logging_mixin.py:154} INFO - [2023-11-25T18:31:37.326+0000] {dag.py:3722} INFO - Setting next_dagrun for example_params_trigger_ui to None, run_after=None
[2023-11-25T18:31:37.354+0000] {processor.py:179} INFO - Processing /home/airflow/.local/lib/python3.8/site-packages/airflow/example_dags/example_params_trigger_ui.py took 0.345 seconds
[2023-11-25T18:32:08.216+0000] {processor.py:157} INFO - Started process (PID=1467) to work on /home/airflow/.local/lib/python3.8/site-packages/airflow/example_dags/example_params_trigger_ui.py
[2023-11-25T18:32:08.218+0000] {processor.py:829} INFO - Processing file /home/airflow/.local/lib/python3.8/site-packages/airflow/example_dags/example_params_trigger_ui.py for tasks to queue
[2023-11-25T18:32:08.221+0000] {logging_mixin.py:154} INFO - [2023-11-25T18:32:08.220+0000] {dagbag.py:536} INFO - Filling up the DagBag from /home/airflow/.local/lib/python3.8/site-packages/airflow/example_dags/example_params_trigger_ui.py
[2023-11-25T18:32:08.241+0000] {processor.py:839} INFO - DAG(s) dict_keys(['example_params_trigger_ui']) retrieved from /home/airflow/.local/lib/python3.8/site-packages/airflow/example_dags/example_params_trigger_ui.py
[2023-11-25T18:32:08.311+0000] {logging_mixin.py:154} INFO - [2023-11-25T18:32:08.311+0000] {dag.py:2941} INFO - Sync 1 DAGs
[2023-11-25T18:32:08.330+0000] {logging_mixin.py:154} INFO - [2023-11-25T18:32:08.329+0000] {dag.py:3722} INFO - Setting next_dagrun for example_params_trigger_ui to None, run_after=None
[2023-11-25T18:32:08.364+0000] {processor.py:179} INFO - Processing /home/airflow/.local/lib/python3.8/site-packages/airflow/example_dags/example_params_trigger_ui.py took 0.151 seconds
