[2023-11-25T18:18:52.812+0000] {processor.py:157} INFO - Started process (PID=69) to work on /home/airflow/.local/lib/python3.8/site-packages/airflow/example_dags/example_nested_branch_dag.py
[2023-11-25T18:18:52.813+0000] {processor.py:829} INFO - Processing file /home/airflow/.local/lib/python3.8/site-packages/airflow/example_dags/example_nested_branch_dag.py for tasks to queue
[2023-11-25T18:18:52.815+0000] {logging_mixin.py:154} INFO - [2023-11-25T18:18:52.815+0000] {dagbag.py:536} INFO - Filling up the DagBag from /home/airflow/.local/lib/python3.8/site-packages/airflow/example_dags/example_nested_branch_dag.py
[2023-11-25T18:18:52.837+0000] {processor.py:839} INFO - DAG(s) dict_keys(['example_nested_branch_dag']) retrieved from /home/airflow/.local/lib/python3.8/site-packages/airflow/example_dags/example_nested_branch_dag.py
[2023-11-25T18:18:52.867+0000] {logging_mixin.py:154} INFO - [2023-11-25T18:18:52.866+0000] {dag.py:2941} INFO - Sync 1 DAGs
[2023-11-25T18:18:52.932+0000] {logging_mixin.py:154} INFO - [2023-11-25T18:18:52.932+0000] {dag.py:3722} INFO - Setting next_dagrun for example_nested_branch_dag to 2023-11-24T00:00:00+00:00, run_after=2023-11-25T00:00:00+00:00
[2023-11-25T18:18:52.971+0000] {processor.py:179} INFO - Processing /home/airflow/.local/lib/python3.8/site-packages/airflow/example_dags/example_nested_branch_dag.py took 0.163 seconds
[2023-11-25T18:19:23.754+0000] {processor.py:157} INFO - Started process (PID=123) to work on /home/airflow/.local/lib/python3.8/site-packages/airflow/example_dags/example_nested_branch_dag.py
[2023-11-25T18:19:23.755+0000] {processor.py:829} INFO - Processing file /home/airflow/.local/lib/python3.8/site-packages/airflow/example_dags/example_nested_branch_dag.py for tasks to queue
[2023-11-25T18:19:23.757+0000] {logging_mixin.py:154} INFO - [2023-11-25T18:19:23.757+0000] {dagbag.py:536} INFO - Filling up the DagBag from /home/airflow/.local/lib/python3.8/site-packages/airflow/example_dags/example_nested_branch_dag.py
[2023-11-25T18:19:23.764+0000] {processor.py:839} INFO - DAG(s) dict_keys(['example_nested_branch_dag']) retrieved from /home/airflow/.local/lib/python3.8/site-packages/airflow/example_dags/example_nested_branch_dag.py
[2023-11-25T18:19:23.781+0000] {logging_mixin.py:154} INFO - [2023-11-25T18:19:23.781+0000] {dag.py:2941} INFO - Sync 1 DAGs
[2023-11-25T18:19:23.799+0000] {logging_mixin.py:154} INFO - [2023-11-25T18:19:23.799+0000] {dag.py:3722} INFO - Setting next_dagrun for example_nested_branch_dag to 2023-11-24T00:00:00+00:00, run_after=2023-11-25T00:00:00+00:00
[2023-11-25T18:19:23.813+0000] {processor.py:179} INFO - Processing /home/airflow/.local/lib/python3.8/site-packages/airflow/example_dags/example_nested_branch_dag.py took 0.061 seconds
[2023-11-25T18:19:54.142+0000] {processor.py:157} INFO - Started process (PID=177) to work on /home/airflow/.local/lib/python3.8/site-packages/airflow/example_dags/example_nested_branch_dag.py
[2023-11-25T18:19:54.142+0000] {processor.py:829} INFO - Processing file /home/airflow/.local/lib/python3.8/site-packages/airflow/example_dags/example_nested_branch_dag.py for tasks to queue
[2023-11-25T18:19:54.144+0000] {logging_mixin.py:154} INFO - [2023-11-25T18:19:54.144+0000] {dagbag.py:536} INFO - Filling up the DagBag from /home/airflow/.local/lib/python3.8/site-packages/airflow/example_dags/example_nested_branch_dag.py
[2023-11-25T18:19:54.151+0000] {processor.py:839} INFO - DAG(s) dict_keys(['example_nested_branch_dag']) retrieved from /home/airflow/.local/lib/python3.8/site-packages/airflow/example_dags/example_nested_branch_dag.py
[2023-11-25T18:19:54.168+0000] {logging_mixin.py:154} INFO - [2023-11-25T18:19:54.168+0000] {dag.py:2941} INFO - Sync 1 DAGs
[2023-11-25T18:19:54.187+0000] {logging_mixin.py:154} INFO - [2023-11-25T18:19:54.187+0000] {dag.py:3722} INFO - Setting next_dagrun for example_nested_branch_dag to 2023-11-24T00:00:00+00:00, run_after=2023-11-25T00:00:00+00:00
[2023-11-25T18:19:54.202+0000] {processor.py:179} INFO - Processing /home/airflow/.local/lib/python3.8/site-packages/airflow/example_dags/example_nested_branch_dag.py took 0.062 seconds
[2023-11-25T18:20:24.409+0000] {processor.py:157} INFO - Started process (PID=231) to work on /home/airflow/.local/lib/python3.8/site-packages/airflow/example_dags/example_nested_branch_dag.py
[2023-11-25T18:20:24.410+0000] {processor.py:829} INFO - Processing file /home/airflow/.local/lib/python3.8/site-packages/airflow/example_dags/example_nested_branch_dag.py for tasks to queue
[2023-11-25T18:20:24.412+0000] {logging_mixin.py:154} INFO - [2023-11-25T18:20:24.412+0000] {dagbag.py:536} INFO - Filling up the DagBag from /home/airflow/.local/lib/python3.8/site-packages/airflow/example_dags/example_nested_branch_dag.py
[2023-11-25T18:20:24.419+0000] {processor.py:839} INFO - DAG(s) dict_keys(['example_nested_branch_dag']) retrieved from /home/airflow/.local/lib/python3.8/site-packages/airflow/example_dags/example_nested_branch_dag.py
[2023-11-25T18:20:24.436+0000] {logging_mixin.py:154} INFO - [2023-11-25T18:20:24.436+0000] {dag.py:2941} INFO - Sync 1 DAGs
[2023-11-25T18:20:24.456+0000] {logging_mixin.py:154} INFO - [2023-11-25T18:20:24.455+0000] {dag.py:3722} INFO - Setting next_dagrun for example_nested_branch_dag to 2023-11-24T00:00:00+00:00, run_after=2023-11-25T00:00:00+00:00
[2023-11-25T18:20:24.468+0000] {processor.py:179} INFO - Processing /home/airflow/.local/lib/python3.8/site-packages/airflow/example_dags/example_nested_branch_dag.py took 0.062 seconds
[2023-11-25T18:20:54.739+0000] {processor.py:157} INFO - Started process (PID=285) to work on /home/airflow/.local/lib/python3.8/site-packages/airflow/example_dags/example_nested_branch_dag.py
[2023-11-25T18:20:54.739+0000] {processor.py:829} INFO - Processing file /home/airflow/.local/lib/python3.8/site-packages/airflow/example_dags/example_nested_branch_dag.py for tasks to queue
[2023-11-25T18:20:54.741+0000] {logging_mixin.py:154} INFO - [2023-11-25T18:20:54.741+0000] {dagbag.py:536} INFO - Filling up the DagBag from /home/airflow/.local/lib/python3.8/site-packages/airflow/example_dags/example_nested_branch_dag.py
[2023-11-25T18:20:54.748+0000] {processor.py:839} INFO - DAG(s) dict_keys(['example_nested_branch_dag']) retrieved from /home/airflow/.local/lib/python3.8/site-packages/airflow/example_dags/example_nested_branch_dag.py
[2023-11-25T18:20:54.766+0000] {logging_mixin.py:154} INFO - [2023-11-25T18:20:54.766+0000] {dag.py:2941} INFO - Sync 1 DAGs
[2023-11-25T18:20:54.786+0000] {logging_mixin.py:154} INFO - [2023-11-25T18:20:54.786+0000] {dag.py:3722} INFO - Setting next_dagrun for example_nested_branch_dag to 2023-11-24T00:00:00+00:00, run_after=2023-11-25T00:00:00+00:00
[2023-11-25T18:20:54.801+0000] {processor.py:179} INFO - Processing /home/airflow/.local/lib/python3.8/site-packages/airflow/example_dags/example_nested_branch_dag.py took 0.065 seconds
[2023-11-25T18:21:25.028+0000] {processor.py:157} INFO - Started process (PID=339) to work on /home/airflow/.local/lib/python3.8/site-packages/airflow/example_dags/example_nested_branch_dag.py
[2023-11-25T18:21:25.029+0000] {processor.py:829} INFO - Processing file /home/airflow/.local/lib/python3.8/site-packages/airflow/example_dags/example_nested_branch_dag.py for tasks to queue
[2023-11-25T18:21:25.031+0000] {logging_mixin.py:154} INFO - [2023-11-25T18:21:25.031+0000] {dagbag.py:536} INFO - Filling up the DagBag from /home/airflow/.local/lib/python3.8/site-packages/airflow/example_dags/example_nested_branch_dag.py
[2023-11-25T18:21:25.038+0000] {processor.py:839} INFO - DAG(s) dict_keys(['example_nested_branch_dag']) retrieved from /home/airflow/.local/lib/python3.8/site-packages/airflow/example_dags/example_nested_branch_dag.py
[2023-11-25T18:21:25.055+0000] {logging_mixin.py:154} INFO - [2023-11-25T18:21:25.054+0000] {dag.py:2941} INFO - Sync 1 DAGs
[2023-11-25T18:21:25.073+0000] {logging_mixin.py:154} INFO - [2023-11-25T18:21:25.073+0000] {dag.py:3722} INFO - Setting next_dagrun for example_nested_branch_dag to 2023-11-24T00:00:00+00:00, run_after=2023-11-25T00:00:00+00:00
[2023-11-25T18:21:25.086+0000] {processor.py:179} INFO - Processing /home/airflow/.local/lib/python3.8/site-packages/airflow/example_dags/example_nested_branch_dag.py took 0.060 seconds
[2023-11-25T18:21:55.559+0000] {processor.py:157} INFO - Started process (PID=393) to work on /home/airflow/.local/lib/python3.8/site-packages/airflow/example_dags/example_nested_branch_dag.py
[2023-11-25T18:21:55.559+0000] {processor.py:829} INFO - Processing file /home/airflow/.local/lib/python3.8/site-packages/airflow/example_dags/example_nested_branch_dag.py for tasks to queue
[2023-11-25T18:21:55.561+0000] {logging_mixin.py:154} INFO - [2023-11-25T18:21:55.561+0000] {dagbag.py:536} INFO - Filling up the DagBag from /home/airflow/.local/lib/python3.8/site-packages/airflow/example_dags/example_nested_branch_dag.py
[2023-11-25T18:21:55.569+0000] {processor.py:839} INFO - DAG(s) dict_keys(['example_nested_branch_dag']) retrieved from /home/airflow/.local/lib/python3.8/site-packages/airflow/example_dags/example_nested_branch_dag.py
[2023-11-25T18:21:55.588+0000] {logging_mixin.py:154} INFO - [2023-11-25T18:21:55.587+0000] {dag.py:2941} INFO - Sync 1 DAGs
[2023-11-25T18:21:55.609+0000] {logging_mixin.py:154} INFO - [2023-11-25T18:21:55.609+0000] {dag.py:3722} INFO - Setting next_dagrun for example_nested_branch_dag to 2023-11-24T00:00:00+00:00, run_after=2023-11-25T00:00:00+00:00
[2023-11-25T18:21:55.626+0000] {processor.py:179} INFO - Processing /home/airflow/.local/lib/python3.8/site-packages/airflow/example_dags/example_nested_branch_dag.py took 0.070 seconds
[2023-11-25T18:22:26.517+0000] {processor.py:157} INFO - Started process (PID=447) to work on /home/airflow/.local/lib/python3.8/site-packages/airflow/example_dags/example_nested_branch_dag.py
[2023-11-25T18:22:26.518+0000] {processor.py:829} INFO - Processing file /home/airflow/.local/lib/python3.8/site-packages/airflow/example_dags/example_nested_branch_dag.py for tasks to queue
[2023-11-25T18:22:26.520+0000] {logging_mixin.py:154} INFO - [2023-11-25T18:22:26.520+0000] {dagbag.py:536} INFO - Filling up the DagBag from /home/airflow/.local/lib/python3.8/site-packages/airflow/example_dags/example_nested_branch_dag.py
[2023-11-25T18:22:26.532+0000] {processor.py:839} INFO - DAG(s) dict_keys(['example_nested_branch_dag']) retrieved from /home/airflow/.local/lib/python3.8/site-packages/airflow/example_dags/example_nested_branch_dag.py
[2023-11-25T18:22:26.554+0000] {logging_mixin.py:154} INFO - [2023-11-25T18:22:26.554+0000] {dag.py:2941} INFO - Sync 1 DAGs
[2023-11-25T18:22:26.579+0000] {logging_mixin.py:154} INFO - [2023-11-25T18:22:26.578+0000] {dag.py:3722} INFO - Setting next_dagrun for example_nested_branch_dag to 2023-11-24T00:00:00+00:00, run_after=2023-11-25T00:00:00+00:00
[2023-11-25T18:22:26.597+0000] {processor.py:179} INFO - Processing /home/airflow/.local/lib/python3.8/site-packages/airflow/example_dags/example_nested_branch_dag.py took 0.083 seconds
[2023-11-25T18:22:57.248+0000] {processor.py:157} INFO - Started process (PID=501) to work on /home/airflow/.local/lib/python3.8/site-packages/airflow/example_dags/example_nested_branch_dag.py
[2023-11-25T18:22:57.249+0000] {processor.py:829} INFO - Processing file /home/airflow/.local/lib/python3.8/site-packages/airflow/example_dags/example_nested_branch_dag.py for tasks to queue
[2023-11-25T18:22:57.251+0000] {logging_mixin.py:154} INFO - [2023-11-25T18:22:57.251+0000] {dagbag.py:536} INFO - Filling up the DagBag from /home/airflow/.local/lib/python3.8/site-packages/airflow/example_dags/example_nested_branch_dag.py
[2023-11-25T18:22:57.259+0000] {processor.py:839} INFO - DAG(s) dict_keys(['example_nested_branch_dag']) retrieved from /home/airflow/.local/lib/python3.8/site-packages/airflow/example_dags/example_nested_branch_dag.py
[2023-11-25T18:22:57.279+0000] {logging_mixin.py:154} INFO - [2023-11-25T18:22:57.278+0000] {dag.py:2941} INFO - Sync 1 DAGs
[2023-11-25T18:22:57.303+0000] {logging_mixin.py:154} INFO - [2023-11-25T18:22:57.303+0000] {dag.py:3722} INFO - Setting next_dagrun for example_nested_branch_dag to 2023-11-24T00:00:00+00:00, run_after=2023-11-25T00:00:00+00:00
[2023-11-25T18:22:57.319+0000] {processor.py:179} INFO - Processing /home/airflow/.local/lib/python3.8/site-packages/airflow/example_dags/example_nested_branch_dag.py took 0.074 seconds
[2023-11-25T18:23:27.772+0000] {processor.py:157} INFO - Started process (PID=555) to work on /home/airflow/.local/lib/python3.8/site-packages/airflow/example_dags/example_nested_branch_dag.py
[2023-11-25T18:23:27.773+0000] {processor.py:829} INFO - Processing file /home/airflow/.local/lib/python3.8/site-packages/airflow/example_dags/example_nested_branch_dag.py for tasks to queue
[2023-11-25T18:23:27.775+0000] {logging_mixin.py:154} INFO - [2023-11-25T18:23:27.774+0000] {dagbag.py:536} INFO - Filling up the DagBag from /home/airflow/.local/lib/python3.8/site-packages/airflow/example_dags/example_nested_branch_dag.py
[2023-11-25T18:23:27.782+0000] {processor.py:839} INFO - DAG(s) dict_keys(['example_nested_branch_dag']) retrieved from /home/airflow/.local/lib/python3.8/site-packages/airflow/example_dags/example_nested_branch_dag.py
[2023-11-25T18:23:27.799+0000] {logging_mixin.py:154} INFO - [2023-11-25T18:23:27.798+0000] {dag.py:2941} INFO - Sync 1 DAGs
[2023-11-25T18:23:27.816+0000] {logging_mixin.py:154} INFO - [2023-11-25T18:23:27.816+0000] {dag.py:3722} INFO - Setting next_dagrun for example_nested_branch_dag to 2023-11-24T00:00:00+00:00, run_after=2023-11-25T00:00:00+00:00
[2023-11-25T18:23:27.829+0000] {processor.py:179} INFO - Processing /home/airflow/.local/lib/python3.8/site-packages/airflow/example_dags/example_nested_branch_dag.py took 0.059 seconds
[2023-11-25T18:23:58.615+0000] {processor.py:157} INFO - Started process (PID=609) to work on /home/airflow/.local/lib/python3.8/site-packages/airflow/example_dags/example_nested_branch_dag.py
[2023-11-25T18:23:58.615+0000] {processor.py:829} INFO - Processing file /home/airflow/.local/lib/python3.8/site-packages/airflow/example_dags/example_nested_branch_dag.py for tasks to queue
[2023-11-25T18:23:58.617+0000] {logging_mixin.py:154} INFO - [2023-11-25T18:23:58.617+0000] {dagbag.py:536} INFO - Filling up the DagBag from /home/airflow/.local/lib/python3.8/site-packages/airflow/example_dags/example_nested_branch_dag.py
[2023-11-25T18:23:58.627+0000] {processor.py:839} INFO - DAG(s) dict_keys(['example_nested_branch_dag']) retrieved from /home/airflow/.local/lib/python3.8/site-packages/airflow/example_dags/example_nested_branch_dag.py
[2023-11-25T18:23:58.648+0000] {logging_mixin.py:154} INFO - [2023-11-25T18:23:58.648+0000] {dag.py:2941} INFO - Sync 1 DAGs
[2023-11-25T18:23:58.672+0000] {logging_mixin.py:154} INFO - [2023-11-25T18:23:58.672+0000] {dag.py:3722} INFO - Setting next_dagrun for example_nested_branch_dag to 2023-11-24T00:00:00+00:00, run_after=2023-11-25T00:00:00+00:00
[2023-11-25T18:23:58.690+0000] {processor.py:179} INFO - Processing /home/airflow/.local/lib/python3.8/site-packages/airflow/example_dags/example_nested_branch_dag.py took 0.078 seconds
[2023-11-25T18:24:29.503+0000] {processor.py:157} INFO - Started process (PID=663) to work on /home/airflow/.local/lib/python3.8/site-packages/airflow/example_dags/example_nested_branch_dag.py
[2023-11-25T18:24:29.504+0000] {processor.py:829} INFO - Processing file /home/airflow/.local/lib/python3.8/site-packages/airflow/example_dags/example_nested_branch_dag.py for tasks to queue
[2023-11-25T18:24:29.506+0000] {logging_mixin.py:154} INFO - [2023-11-25T18:24:29.506+0000] {dagbag.py:536} INFO - Filling up the DagBag from /home/airflow/.local/lib/python3.8/site-packages/airflow/example_dags/example_nested_branch_dag.py
[2023-11-25T18:24:29.515+0000] {processor.py:839} INFO - DAG(s) dict_keys(['example_nested_branch_dag']) retrieved from /home/airflow/.local/lib/python3.8/site-packages/airflow/example_dags/example_nested_branch_dag.py
[2023-11-25T18:24:29.536+0000] {logging_mixin.py:154} INFO - [2023-11-25T18:24:29.535+0000] {dag.py:2941} INFO - Sync 1 DAGs
[2023-11-25T18:24:29.559+0000] {logging_mixin.py:154} INFO - [2023-11-25T18:24:29.559+0000] {dag.py:3722} INFO - Setting next_dagrun for example_nested_branch_dag to 2023-11-24T00:00:00+00:00, run_after=2023-11-25T00:00:00+00:00
[2023-11-25T18:24:29.575+0000] {processor.py:179} INFO - Processing /home/airflow/.local/lib/python3.8/site-packages/airflow/example_dags/example_nested_branch_dag.py took 0.074 seconds
[2023-11-25T18:25:00.077+0000] {processor.py:157} INFO - Started process (PID=718) to work on /home/airflow/.local/lib/python3.8/site-packages/airflow/example_dags/example_nested_branch_dag.py
[2023-11-25T18:25:00.078+0000] {processor.py:829} INFO - Processing file /home/airflow/.local/lib/python3.8/site-packages/airflow/example_dags/example_nested_branch_dag.py for tasks to queue
[2023-11-25T18:25:00.081+0000] {logging_mixin.py:154} INFO - [2023-11-25T18:25:00.081+0000] {dagbag.py:536} INFO - Filling up the DagBag from /home/airflow/.local/lib/python3.8/site-packages/airflow/example_dags/example_nested_branch_dag.py
[2023-11-25T18:25:00.090+0000] {processor.py:839} INFO - DAG(s) dict_keys(['example_nested_branch_dag']) retrieved from /home/airflow/.local/lib/python3.8/site-packages/airflow/example_dags/example_nested_branch_dag.py
[2023-11-25T18:25:00.112+0000] {logging_mixin.py:154} INFO - [2023-11-25T18:25:00.112+0000] {dag.py:2941} INFO - Sync 1 DAGs
[2023-11-25T18:25:00.136+0000] {logging_mixin.py:154} INFO - [2023-11-25T18:25:00.136+0000] {dag.py:3722} INFO - Setting next_dagrun for example_nested_branch_dag to 2023-11-24T00:00:00+00:00, run_after=2023-11-25T00:00:00+00:00
[2023-11-25T18:25:00.153+0000] {processor.py:179} INFO - Processing /home/airflow/.local/lib/python3.8/site-packages/airflow/example_dags/example_nested_branch_dag.py took 0.079 seconds
[2023-11-25T18:25:30.924+0000] {processor.py:157} INFO - Started process (PID=772) to work on /home/airflow/.local/lib/python3.8/site-packages/airflow/example_dags/example_nested_branch_dag.py
[2023-11-25T18:25:30.926+0000] {processor.py:829} INFO - Processing file /home/airflow/.local/lib/python3.8/site-packages/airflow/example_dags/example_nested_branch_dag.py for tasks to queue
[2023-11-25T18:25:30.930+0000] {logging_mixin.py:154} INFO - [2023-11-25T18:25:30.929+0000] {dagbag.py:536} INFO - Filling up the DagBag from /home/airflow/.local/lib/python3.8/site-packages/airflow/example_dags/example_nested_branch_dag.py
[2023-11-25T18:25:30.947+0000] {processor.py:839} INFO - DAG(s) dict_keys(['example_nested_branch_dag']) retrieved from /home/airflow/.local/lib/python3.8/site-packages/airflow/example_dags/example_nested_branch_dag.py
[2023-11-25T18:25:30.981+0000] {logging_mixin.py:154} INFO - [2023-11-25T18:25:30.981+0000] {dag.py:2941} INFO - Sync 1 DAGs
[2023-11-25T18:25:31.014+0000] {logging_mixin.py:154} INFO - [2023-11-25T18:25:31.013+0000] {dag.py:3722} INFO - Setting next_dagrun for example_nested_branch_dag to 2023-11-24T00:00:00+00:00, run_after=2023-11-25T00:00:00+00:00
[2023-11-25T18:25:31.051+0000] {processor.py:179} INFO - Processing /home/airflow/.local/lib/python3.8/site-packages/airflow/example_dags/example_nested_branch_dag.py took 0.131 seconds
[2023-11-25T18:26:01.113+0000] {processor.py:157} INFO - Started process (PID=826) to work on /home/airflow/.local/lib/python3.8/site-packages/airflow/example_dags/example_nested_branch_dag.py
[2023-11-25T18:26:01.114+0000] {processor.py:829} INFO - Processing file /home/airflow/.local/lib/python3.8/site-packages/airflow/example_dags/example_nested_branch_dag.py for tasks to queue
[2023-11-25T18:26:01.116+0000] {logging_mixin.py:154} INFO - [2023-11-25T18:26:01.115+0000] {dagbag.py:536} INFO - Filling up the DagBag from /home/airflow/.local/lib/python3.8/site-packages/airflow/example_dags/example_nested_branch_dag.py
[2023-11-25T18:26:01.123+0000] {processor.py:839} INFO - DAG(s) dict_keys(['example_nested_branch_dag']) retrieved from /home/airflow/.local/lib/python3.8/site-packages/airflow/example_dags/example_nested_branch_dag.py
[2023-11-25T18:26:01.140+0000] {logging_mixin.py:154} INFO - [2023-11-25T18:26:01.139+0000] {dag.py:2941} INFO - Sync 1 DAGs
[2023-11-25T18:26:01.159+0000] {logging_mixin.py:154} INFO - [2023-11-25T18:26:01.159+0000] {dag.py:3722} INFO - Setting next_dagrun for example_nested_branch_dag to 2023-11-24T00:00:00+00:00, run_after=2023-11-25T00:00:00+00:00
[2023-11-25T18:26:01.173+0000] {processor.py:179} INFO - Processing /home/airflow/.local/lib/python3.8/site-packages/airflow/example_dags/example_nested_branch_dag.py took 0.063 seconds
[2023-11-25T18:26:31.666+0000] {processor.py:157} INFO - Started process (PID=880) to work on /home/airflow/.local/lib/python3.8/site-packages/airflow/example_dags/example_nested_branch_dag.py
[2023-11-25T18:26:31.667+0000] {processor.py:829} INFO - Processing file /home/airflow/.local/lib/python3.8/site-packages/airflow/example_dags/example_nested_branch_dag.py for tasks to queue
[2023-11-25T18:26:31.668+0000] {logging_mixin.py:154} INFO - [2023-11-25T18:26:31.668+0000] {dagbag.py:536} INFO - Filling up the DagBag from /home/airflow/.local/lib/python3.8/site-packages/airflow/example_dags/example_nested_branch_dag.py
[2023-11-25T18:26:31.677+0000] {processor.py:839} INFO - DAG(s) dict_keys(['example_nested_branch_dag']) retrieved from /home/airflow/.local/lib/python3.8/site-packages/airflow/example_dags/example_nested_branch_dag.py
[2023-11-25T18:26:31.696+0000] {logging_mixin.py:154} INFO - [2023-11-25T18:26:31.696+0000] {dag.py:2941} INFO - Sync 1 DAGs
[2023-11-25T18:26:31.717+0000] {logging_mixin.py:154} INFO - [2023-11-25T18:26:31.716+0000] {dag.py:3722} INFO - Setting next_dagrun for example_nested_branch_dag to 2023-11-24T00:00:00+00:00, run_after=2023-11-25T00:00:00+00:00
[2023-11-25T18:26:31.733+0000] {processor.py:179} INFO - Processing /home/airflow/.local/lib/python3.8/site-packages/airflow/example_dags/example_nested_branch_dag.py took 0.070 seconds
[2023-11-25T18:27:02.345+0000] {processor.py:157} INFO - Started process (PID=934) to work on /home/airflow/.local/lib/python3.8/site-packages/airflow/example_dags/example_nested_branch_dag.py
[2023-11-25T18:27:02.346+0000] {processor.py:829} INFO - Processing file /home/airflow/.local/lib/python3.8/site-packages/airflow/example_dags/example_nested_branch_dag.py for tasks to queue
[2023-11-25T18:27:02.348+0000] {logging_mixin.py:154} INFO - [2023-11-25T18:27:02.348+0000] {dagbag.py:536} INFO - Filling up the DagBag from /home/airflow/.local/lib/python3.8/site-packages/airflow/example_dags/example_nested_branch_dag.py
[2023-11-25T18:27:02.355+0000] {processor.py:839} INFO - DAG(s) dict_keys(['example_nested_branch_dag']) retrieved from /home/airflow/.local/lib/python3.8/site-packages/airflow/example_dags/example_nested_branch_dag.py
[2023-11-25T18:27:02.372+0000] {logging_mixin.py:154} INFO - [2023-11-25T18:27:02.372+0000] {dag.py:2941} INFO - Sync 1 DAGs
[2023-11-25T18:27:02.391+0000] {logging_mixin.py:154} INFO - [2023-11-25T18:27:02.390+0000] {dag.py:3722} INFO - Setting next_dagrun for example_nested_branch_dag to 2023-11-24T00:00:00+00:00, run_after=2023-11-25T00:00:00+00:00
[2023-11-25T18:27:02.405+0000] {processor.py:179} INFO - Processing /home/airflow/.local/lib/python3.8/site-packages/airflow/example_dags/example_nested_branch_dag.py took 0.062 seconds
[2023-11-25T18:27:33.173+0000] {processor.py:157} INFO - Started process (PID=988) to work on /home/airflow/.local/lib/python3.8/site-packages/airflow/example_dags/example_nested_branch_dag.py
[2023-11-25T18:27:33.174+0000] {processor.py:829} INFO - Processing file /home/airflow/.local/lib/python3.8/site-packages/airflow/example_dags/example_nested_branch_dag.py for tasks to queue
[2023-11-25T18:27:33.176+0000] {logging_mixin.py:154} INFO - [2023-11-25T18:27:33.176+0000] {dagbag.py:536} INFO - Filling up the DagBag from /home/airflow/.local/lib/python3.8/site-packages/airflow/example_dags/example_nested_branch_dag.py
[2023-11-25T18:27:33.184+0000] {processor.py:839} INFO - DAG(s) dict_keys(['example_nested_branch_dag']) retrieved from /home/airflow/.local/lib/python3.8/site-packages/airflow/example_dags/example_nested_branch_dag.py
[2023-11-25T18:27:33.203+0000] {logging_mixin.py:154} INFO - [2023-11-25T18:27:33.203+0000] {dag.py:2941} INFO - Sync 1 DAGs
[2023-11-25T18:27:33.225+0000] {logging_mixin.py:154} INFO - [2023-11-25T18:27:33.225+0000] {dag.py:3722} INFO - Setting next_dagrun for example_nested_branch_dag to 2023-11-24T00:00:00+00:00, run_after=2023-11-25T00:00:00+00:00
[2023-11-25T18:27:33.243+0000] {processor.py:179} INFO - Processing /home/airflow/.local/lib/python3.8/site-packages/airflow/example_dags/example_nested_branch_dag.py took 0.073 seconds
[2023-11-25T18:28:03.959+0000] {processor.py:157} INFO - Started process (PID=1042) to work on /home/airflow/.local/lib/python3.8/site-packages/airflow/example_dags/example_nested_branch_dag.py
[2023-11-25T18:28:03.960+0000] {processor.py:829} INFO - Processing file /home/airflow/.local/lib/python3.8/site-packages/airflow/example_dags/example_nested_branch_dag.py for tasks to queue
[2023-11-25T18:28:03.962+0000] {logging_mixin.py:154} INFO - [2023-11-25T18:28:03.962+0000] {dagbag.py:536} INFO - Filling up the DagBag from /home/airflow/.local/lib/python3.8/site-packages/airflow/example_dags/example_nested_branch_dag.py
[2023-11-25T18:28:03.971+0000] {processor.py:839} INFO - DAG(s) dict_keys(['example_nested_branch_dag']) retrieved from /home/airflow/.local/lib/python3.8/site-packages/airflow/example_dags/example_nested_branch_dag.py
[2023-11-25T18:28:03.994+0000] {logging_mixin.py:154} INFO - [2023-11-25T18:28:03.994+0000] {dag.py:2941} INFO - Sync 1 DAGs
[2023-11-25T18:28:04.022+0000] {logging_mixin.py:154} INFO - [2023-11-25T18:28:04.021+0000] {dag.py:3722} INFO - Setting next_dagrun for example_nested_branch_dag to 2023-11-24T00:00:00+00:00, run_after=2023-11-25T00:00:00+00:00
[2023-11-25T18:28:04.046+0000] {processor.py:179} INFO - Processing /home/airflow/.local/lib/python3.8/site-packages/airflow/example_dags/example_nested_branch_dag.py took 0.089 seconds
[2023-11-25T18:28:34.309+0000] {processor.py:157} INFO - Started process (PID=1096) to work on /home/airflow/.local/lib/python3.8/site-packages/airflow/example_dags/example_nested_branch_dag.py
[2023-11-25T18:28:34.310+0000] {processor.py:829} INFO - Processing file /home/airflow/.local/lib/python3.8/site-packages/airflow/example_dags/example_nested_branch_dag.py for tasks to queue
[2023-11-25T18:28:34.312+0000] {logging_mixin.py:154} INFO - [2023-11-25T18:28:34.312+0000] {dagbag.py:536} INFO - Filling up the DagBag from /home/airflow/.local/lib/python3.8/site-packages/airflow/example_dags/example_nested_branch_dag.py
[2023-11-25T18:28:34.320+0000] {processor.py:839} INFO - DAG(s) dict_keys(['example_nested_branch_dag']) retrieved from /home/airflow/.local/lib/python3.8/site-packages/airflow/example_dags/example_nested_branch_dag.py
[2023-11-25T18:28:34.340+0000] {logging_mixin.py:154} INFO - [2023-11-25T18:28:34.339+0000] {dag.py:2941} INFO - Sync 1 DAGs
[2023-11-25T18:28:34.363+0000] {logging_mixin.py:154} INFO - [2023-11-25T18:28:34.363+0000] {dag.py:3722} INFO - Setting next_dagrun for example_nested_branch_dag to 2023-11-24T00:00:00+00:00, run_after=2023-11-25T00:00:00+00:00
[2023-11-25T18:28:34.380+0000] {processor.py:179} INFO - Processing /home/airflow/.local/lib/python3.8/site-packages/airflow/example_dags/example_nested_branch_dag.py took 0.073 seconds
[2023-11-25T18:29:05.210+0000] {processor.py:157} INFO - Started process (PID=1150) to work on /home/airflow/.local/lib/python3.8/site-packages/airflow/example_dags/example_nested_branch_dag.py
[2023-11-25T18:29:05.211+0000] {processor.py:829} INFO - Processing file /home/airflow/.local/lib/python3.8/site-packages/airflow/example_dags/example_nested_branch_dag.py for tasks to queue
[2023-11-25T18:29:05.214+0000] {logging_mixin.py:154} INFO - [2023-11-25T18:29:05.213+0000] {dagbag.py:536} INFO - Filling up the DagBag from /home/airflow/.local/lib/python3.8/site-packages/airflow/example_dags/example_nested_branch_dag.py
[2023-11-25T18:29:05.228+0000] {processor.py:839} INFO - DAG(s) dict_keys(['example_nested_branch_dag']) retrieved from /home/airflow/.local/lib/python3.8/site-packages/airflow/example_dags/example_nested_branch_dag.py
[2023-11-25T18:29:05.253+0000] {logging_mixin.py:154} INFO - [2023-11-25T18:29:05.253+0000] {dag.py:2941} INFO - Sync 1 DAGs
[2023-11-25T18:29:05.287+0000] {logging_mixin.py:154} INFO - [2023-11-25T18:29:05.286+0000] {dag.py:3722} INFO - Setting next_dagrun for example_nested_branch_dag to 2023-11-24T00:00:00+00:00, run_after=2023-11-25T00:00:00+00:00
[2023-11-25T18:29:05.308+0000] {processor.py:179} INFO - Processing /home/airflow/.local/lib/python3.8/site-packages/airflow/example_dags/example_nested_branch_dag.py took 0.104 seconds
[2023-11-25T18:29:36.835+0000] {processor.py:157} INFO - Started process (PID=1211) to work on /home/airflow/.local/lib/python3.8/site-packages/airflow/example_dags/example_nested_branch_dag.py
[2023-11-25T18:29:36.836+0000] {processor.py:829} INFO - Processing file /home/airflow/.local/lib/python3.8/site-packages/airflow/example_dags/example_nested_branch_dag.py for tasks to queue
[2023-11-25T18:29:36.838+0000] {logging_mixin.py:154} INFO - [2023-11-25T18:29:36.838+0000] {dagbag.py:536} INFO - Filling up the DagBag from /home/airflow/.local/lib/python3.8/site-packages/airflow/example_dags/example_nested_branch_dag.py
[2023-11-25T18:29:36.852+0000] {processor.py:839} INFO - DAG(s) dict_keys(['example_nested_branch_dag']) retrieved from /home/airflow/.local/lib/python3.8/site-packages/airflow/example_dags/example_nested_branch_dag.py
[2023-11-25T18:29:36.883+0000] {logging_mixin.py:154} INFO - [2023-11-25T18:29:36.883+0000] {dag.py:2941} INFO - Sync 1 DAGs
[2023-11-25T18:29:36.920+0000] {logging_mixin.py:154} INFO - [2023-11-25T18:29:36.920+0000] {dag.py:3722} INFO - Setting next_dagrun for example_nested_branch_dag to 2023-11-24T00:00:00+00:00, run_after=2023-11-25T00:00:00+00:00
[2023-11-25T18:29:37.210+0000] {processor.py:179} INFO - Processing /home/airflow/.local/lib/python3.8/site-packages/airflow/example_dags/example_nested_branch_dag.py took 0.381 seconds
[2023-11-25T18:30:07.993+0000] {processor.py:157} INFO - Started process (PID=1265) to work on /home/airflow/.local/lib/python3.8/site-packages/airflow/example_dags/example_nested_branch_dag.py
[2023-11-25T18:30:07.994+0000] {processor.py:829} INFO - Processing file /home/airflow/.local/lib/python3.8/site-packages/airflow/example_dags/example_nested_branch_dag.py for tasks to queue
[2023-11-25T18:30:07.997+0000] {logging_mixin.py:154} INFO - [2023-11-25T18:30:07.996+0000] {dagbag.py:536} INFO - Filling up the DagBag from /home/airflow/.local/lib/python3.8/site-packages/airflow/example_dags/example_nested_branch_dag.py
[2023-11-25T18:30:08.014+0000] {processor.py:839} INFO - DAG(s) dict_keys(['example_nested_branch_dag']) retrieved from /home/airflow/.local/lib/python3.8/site-packages/airflow/example_dags/example_nested_branch_dag.py
[2023-11-25T18:30:08.044+0000] {logging_mixin.py:154} INFO - [2023-11-25T18:30:08.044+0000] {dag.py:2941} INFO - Sync 1 DAGs
[2023-11-25T18:30:08.080+0000] {logging_mixin.py:154} INFO - [2023-11-25T18:30:08.080+0000] {dag.py:3722} INFO - Setting next_dagrun for example_nested_branch_dag to 2023-11-24T00:00:00+00:00, run_after=2023-11-25T00:00:00+00:00
[2023-11-25T18:30:08.109+0000] {processor.py:179} INFO - Processing /home/airflow/.local/lib/python3.8/site-packages/airflow/example_dags/example_nested_branch_dag.py took 0.120 seconds
[2023-11-25T18:30:38.757+0000] {processor.py:157} INFO - Started process (PID=1320) to work on /home/airflow/.local/lib/python3.8/site-packages/airflow/example_dags/example_nested_branch_dag.py
[2023-11-25T18:30:38.759+0000] {processor.py:829} INFO - Processing file /home/airflow/.local/lib/python3.8/site-packages/airflow/example_dags/example_nested_branch_dag.py for tasks to queue
[2023-11-25T18:30:38.763+0000] {logging_mixin.py:154} INFO - [2023-11-25T18:30:38.762+0000] {dagbag.py:536} INFO - Filling up the DagBag from /home/airflow/.local/lib/python3.8/site-packages/airflow/example_dags/example_nested_branch_dag.py
[2023-11-25T18:30:38.777+0000] {processor.py:839} INFO - DAG(s) dict_keys(['example_nested_branch_dag']) retrieved from /home/airflow/.local/lib/python3.8/site-packages/airflow/example_dags/example_nested_branch_dag.py
[2023-11-25T18:30:38.807+0000] {logging_mixin.py:154} INFO - [2023-11-25T18:30:38.807+0000] {dag.py:2941} INFO - Sync 1 DAGs
[2023-11-25T18:30:39.031+0000] {logging_mixin.py:154} INFO - [2023-11-25T18:30:39.031+0000] {dag.py:3722} INFO - Setting next_dagrun for example_nested_branch_dag to 2023-11-24T00:00:00+00:00, run_after=2023-11-25T00:00:00+00:00
[2023-11-25T18:30:39.062+0000] {processor.py:179} INFO - Processing /home/airflow/.local/lib/python3.8/site-packages/airflow/example_dags/example_nested_branch_dag.py took 0.309 seconds
[2023-11-25T18:31:09.554+0000] {processor.py:157} INFO - Started process (PID=1374) to work on /home/airflow/.local/lib/python3.8/site-packages/airflow/example_dags/example_nested_branch_dag.py
[2023-11-25T18:31:09.556+0000] {processor.py:829} INFO - Processing file /home/airflow/.local/lib/python3.8/site-packages/airflow/example_dags/example_nested_branch_dag.py for tasks to queue
[2023-11-25T18:31:09.559+0000] {logging_mixin.py:154} INFO - [2023-11-25T18:31:09.559+0000] {dagbag.py:536} INFO - Filling up the DagBag from /home/airflow/.local/lib/python3.8/site-packages/airflow/example_dags/example_nested_branch_dag.py
[2023-11-25T18:31:09.573+0000] {processor.py:839} INFO - DAG(s) dict_keys(['example_nested_branch_dag']) retrieved from /home/airflow/.local/lib/python3.8/site-packages/airflow/example_dags/example_nested_branch_dag.py
[2023-11-25T18:31:09.600+0000] {logging_mixin.py:154} INFO - [2023-11-25T18:31:09.599+0000] {dag.py:2941} INFO - Sync 1 DAGs
[2023-11-25T18:31:09.635+0000] {logging_mixin.py:154} INFO - [2023-11-25T18:31:09.635+0000] {dag.py:3722} INFO - Setting next_dagrun for example_nested_branch_dag to 2023-11-24T00:00:00+00:00, run_after=2023-11-25T00:00:00+00:00
[2023-11-25T18:31:09.663+0000] {processor.py:179} INFO - Processing /home/airflow/.local/lib/python3.8/site-packages/airflow/example_dags/example_nested_branch_dag.py took 0.112 seconds
[2023-11-25T18:31:39.727+0000] {processor.py:157} INFO - Started process (PID=1428) to work on /home/airflow/.local/lib/python3.8/site-packages/airflow/example_dags/example_nested_branch_dag.py
[2023-11-25T18:31:39.728+0000] {processor.py:829} INFO - Processing file /home/airflow/.local/lib/python3.8/site-packages/airflow/example_dags/example_nested_branch_dag.py for tasks to queue
[2023-11-25T18:31:39.731+0000] {logging_mixin.py:154} INFO - [2023-11-25T18:31:39.731+0000] {dagbag.py:536} INFO - Filling up the DagBag from /home/airflow/.local/lib/python3.8/site-packages/airflow/example_dags/example_nested_branch_dag.py
[2023-11-25T18:31:39.740+0000] {processor.py:839} INFO - DAG(s) dict_keys(['example_nested_branch_dag']) retrieved from /home/airflow/.local/lib/python3.8/site-packages/airflow/example_dags/example_nested_branch_dag.py
[2023-11-25T18:31:39.770+0000] {logging_mixin.py:154} INFO - [2023-11-25T18:31:39.770+0000] {dag.py:2941} INFO - Sync 1 DAGs
[2023-11-25T18:31:39.802+0000] {logging_mixin.py:154} INFO - [2023-11-25T18:31:39.802+0000] {dag.py:3722} INFO - Setting next_dagrun for example_nested_branch_dag to 2023-11-24T00:00:00+00:00, run_after=2023-11-25T00:00:00+00:00
[2023-11-25T18:31:39.828+0000] {processor.py:179} INFO - Processing /home/airflow/.local/lib/python3.8/site-packages/airflow/example_dags/example_nested_branch_dag.py took 0.105 seconds
[2023-11-25T18:32:10.711+0000] {processor.py:157} INFO - Started process (PID=1482) to work on /home/airflow/.local/lib/python3.8/site-packages/airflow/example_dags/example_nested_branch_dag.py
[2023-11-25T18:32:10.712+0000] {processor.py:829} INFO - Processing file /home/airflow/.local/lib/python3.8/site-packages/airflow/example_dags/example_nested_branch_dag.py for tasks to queue
[2023-11-25T18:32:10.714+0000] {logging_mixin.py:154} INFO - [2023-11-25T18:32:10.714+0000] {dagbag.py:536} INFO - Filling up the DagBag from /home/airflow/.local/lib/python3.8/site-packages/airflow/example_dags/example_nested_branch_dag.py
[2023-11-25T18:32:10.727+0000] {processor.py:839} INFO - DAG(s) dict_keys(['example_nested_branch_dag']) retrieved from /home/airflow/.local/lib/python3.8/site-packages/airflow/example_dags/example_nested_branch_dag.py
[2023-11-25T18:32:10.757+0000] {logging_mixin.py:154} INFO - [2023-11-25T18:32:10.756+0000] {dag.py:2941} INFO - Sync 1 DAGs
[2023-11-25T18:32:10.792+0000] {logging_mixin.py:154} INFO - [2023-11-25T18:32:10.792+0000] {dag.py:3722} INFO - Setting next_dagrun for example_nested_branch_dag to 2023-11-24T00:00:00+00:00, run_after=2023-11-25T00:00:00+00:00
[2023-11-25T18:32:11.033+0000] {processor.py:179} INFO - Processing /home/airflow/.local/lib/python3.8/site-packages/airflow/example_dags/example_nested_branch_dag.py took 0.326 seconds
