[2023-11-25T18:18:53.968+0000] {processor.py:157} INFO - Started process (PID=82) to work on /home/airflow/.local/lib/python3.8/site-packages/airflow/example_dags/example_short_circuit_decorator.py
[2023-11-25T18:18:53.973+0000] {processor.py:829} INFO - Processing file /home/airflow/.local/lib/python3.8/site-packages/airflow/example_dags/example_short_circuit_decorator.py for tasks to queue
[2023-11-25T18:18:53.980+0000] {logging_mixin.py:154} INFO - [2023-11-25T18:18:53.979+0000] {dagbag.py:536} INFO - Filling up the DagBag from /home/airflow/.local/lib/python3.8/site-packages/airflow/example_dags/example_short_circuit_decorator.py
[2023-11-25T18:18:54.009+0000] {processor.py:839} INFO - DAG(s) dict_keys(['example_short_circuit_decorator']) retrieved from /home/airflow/.local/lib/python3.8/site-packages/airflow/example_dags/example_short_circuit_decorator.py
[2023-11-25T18:18:54.030+0000] {logging_mixin.py:154} INFO - [2023-11-25T18:18:54.030+0000] {dag.py:2941} INFO - Sync 1 DAGs
[2023-11-25T18:18:54.079+0000] {logging_mixin.py:154} INFO - [2023-11-25T18:18:54.079+0000] {dag.py:3722} INFO - Setting next_dagrun for example_short_circuit_decorator to 2023-11-24T18:18:54.078284+00:00, run_after=2023-11-25T18:18:54.078284+00:00
[2023-11-25T18:18:54.107+0000] {processor.py:179} INFO - Processing /home/airflow/.local/lib/python3.8/site-packages/airflow/example_dags/example_short_circuit_decorator.py took 0.159 seconds
[2023-11-25T18:19:24.436+0000] {processor.py:157} INFO - Started process (PID=136) to work on /home/airflow/.local/lib/python3.8/site-packages/airflow/example_dags/example_short_circuit_decorator.py
[2023-11-25T18:19:24.437+0000] {processor.py:829} INFO - Processing file /home/airflow/.local/lib/python3.8/site-packages/airflow/example_dags/example_short_circuit_decorator.py for tasks to queue
[2023-11-25T18:19:24.439+0000] {logging_mixin.py:154} INFO - [2023-11-25T18:19:24.439+0000] {dagbag.py:536} INFO - Filling up the DagBag from /home/airflow/.local/lib/python3.8/site-packages/airflow/example_dags/example_short_circuit_decorator.py
[2023-11-25T18:19:24.448+0000] {processor.py:839} INFO - DAG(s) dict_keys(['example_short_circuit_decorator']) retrieved from /home/airflow/.local/lib/python3.8/site-packages/airflow/example_dags/example_short_circuit_decorator.py
[2023-11-25T18:19:24.471+0000] {logging_mixin.py:154} INFO - [2023-11-25T18:19:24.471+0000] {dag.py:2941} INFO - Sync 1 DAGs
[2023-11-25T18:19:24.494+0000] {logging_mixin.py:154} INFO - [2023-11-25T18:19:24.493+0000] {dag.py:3722} INFO - Setting next_dagrun for example_short_circuit_decorator to 2023-11-24T18:19:24.493647+00:00, run_after=2023-11-25T18:19:24.493647+00:00
[2023-11-25T18:19:24.513+0000] {processor.py:179} INFO - Processing /home/airflow/.local/lib/python3.8/site-packages/airflow/example_dags/example_short_circuit_decorator.py took 0.080 seconds
[2023-11-25T18:19:54.786+0000] {processor.py:157} INFO - Started process (PID=190) to work on /home/airflow/.local/lib/python3.8/site-packages/airflow/example_dags/example_short_circuit_decorator.py
[2023-11-25T18:19:54.787+0000] {processor.py:829} INFO - Processing file /home/airflow/.local/lib/python3.8/site-packages/airflow/example_dags/example_short_circuit_decorator.py for tasks to queue
[2023-11-25T18:19:54.789+0000] {logging_mixin.py:154} INFO - [2023-11-25T18:19:54.788+0000] {dagbag.py:536} INFO - Filling up the DagBag from /home/airflow/.local/lib/python3.8/site-packages/airflow/example_dags/example_short_circuit_decorator.py
[2023-11-25T18:19:54.796+0000] {processor.py:839} INFO - DAG(s) dict_keys(['example_short_circuit_decorator']) retrieved from /home/airflow/.local/lib/python3.8/site-packages/airflow/example_dags/example_short_circuit_decorator.py
[2023-11-25T18:19:54.816+0000] {logging_mixin.py:154} INFO - [2023-11-25T18:19:54.816+0000] {dag.py:2941} INFO - Sync 1 DAGs
[2023-11-25T18:19:54.839+0000] {logging_mixin.py:154} INFO - [2023-11-25T18:19:54.839+0000] {dag.py:3722} INFO - Setting next_dagrun for example_short_circuit_decorator to 2023-11-24T18:19:54.838796+00:00, run_after=2023-11-25T18:19:54.838796+00:00
[2023-11-25T18:19:54.855+0000] {processor.py:179} INFO - Processing /home/airflow/.local/lib/python3.8/site-packages/airflow/example_dags/example_short_circuit_decorator.py took 0.072 seconds
[2023-11-25T18:20:25.075+0000] {processor.py:157} INFO - Started process (PID=244) to work on /home/airflow/.local/lib/python3.8/site-packages/airflow/example_dags/example_short_circuit_decorator.py
[2023-11-25T18:20:25.075+0000] {processor.py:829} INFO - Processing file /home/airflow/.local/lib/python3.8/site-packages/airflow/example_dags/example_short_circuit_decorator.py for tasks to queue
[2023-11-25T18:20:25.077+0000] {logging_mixin.py:154} INFO - [2023-11-25T18:20:25.077+0000] {dagbag.py:536} INFO - Filling up the DagBag from /home/airflow/.local/lib/python3.8/site-packages/airflow/example_dags/example_short_circuit_decorator.py
[2023-11-25T18:20:25.084+0000] {processor.py:839} INFO - DAG(s) dict_keys(['example_short_circuit_decorator']) retrieved from /home/airflow/.local/lib/python3.8/site-packages/airflow/example_dags/example_short_circuit_decorator.py
[2023-11-25T18:20:25.103+0000] {logging_mixin.py:154} INFO - [2023-11-25T18:20:25.103+0000] {dag.py:2941} INFO - Sync 1 DAGs
[2023-11-25T18:20:25.121+0000] {logging_mixin.py:154} INFO - [2023-11-25T18:20:25.121+0000] {dag.py:3722} INFO - Setting next_dagrun for example_short_circuit_decorator to 2023-11-24T18:20:25.120861+00:00, run_after=2023-11-25T18:20:25.120861+00:00
[2023-11-25T18:20:25.136+0000] {processor.py:179} INFO - Processing /home/airflow/.local/lib/python3.8/site-packages/airflow/example_dags/example_short_circuit_decorator.py took 0.064 seconds
[2023-11-25T18:20:55.407+0000] {processor.py:157} INFO - Started process (PID=298) to work on /home/airflow/.local/lib/python3.8/site-packages/airflow/example_dags/example_short_circuit_decorator.py
[2023-11-25T18:20:55.407+0000] {processor.py:829} INFO - Processing file /home/airflow/.local/lib/python3.8/site-packages/airflow/example_dags/example_short_circuit_decorator.py for tasks to queue
[2023-11-25T18:20:55.409+0000] {logging_mixin.py:154} INFO - [2023-11-25T18:20:55.409+0000] {dagbag.py:536} INFO - Filling up the DagBag from /home/airflow/.local/lib/python3.8/site-packages/airflow/example_dags/example_short_circuit_decorator.py
[2023-11-25T18:20:55.416+0000] {processor.py:839} INFO - DAG(s) dict_keys(['example_short_circuit_decorator']) retrieved from /home/airflow/.local/lib/python3.8/site-packages/airflow/example_dags/example_short_circuit_decorator.py
[2023-11-25T18:20:55.434+0000] {logging_mixin.py:154} INFO - [2023-11-25T18:20:55.434+0000] {dag.py:2941} INFO - Sync 1 DAGs
[2023-11-25T18:20:55.452+0000] {logging_mixin.py:154} INFO - [2023-11-25T18:20:55.452+0000] {dag.py:3722} INFO - Setting next_dagrun for example_short_circuit_decorator to 2023-11-24T18:20:55.452390+00:00, run_after=2023-11-25T18:20:55.452390+00:00
[2023-11-25T18:20:55.466+0000] {processor.py:179} INFO - Processing /home/airflow/.local/lib/python3.8/site-packages/airflow/example_dags/example_short_circuit_decorator.py took 0.062 seconds
[2023-11-25T18:21:25.685+0000] {processor.py:157} INFO - Started process (PID=352) to work on /home/airflow/.local/lib/python3.8/site-packages/airflow/example_dags/example_short_circuit_decorator.py
[2023-11-25T18:21:25.686+0000] {processor.py:829} INFO - Processing file /home/airflow/.local/lib/python3.8/site-packages/airflow/example_dags/example_short_circuit_decorator.py for tasks to queue
[2023-11-25T18:21:25.687+0000] {logging_mixin.py:154} INFO - [2023-11-25T18:21:25.687+0000] {dagbag.py:536} INFO - Filling up the DagBag from /home/airflow/.local/lib/python3.8/site-packages/airflow/example_dags/example_short_circuit_decorator.py
[2023-11-25T18:21:25.695+0000] {processor.py:839} INFO - DAG(s) dict_keys(['example_short_circuit_decorator']) retrieved from /home/airflow/.local/lib/python3.8/site-packages/airflow/example_dags/example_short_circuit_decorator.py
[2023-11-25T18:21:25.714+0000] {logging_mixin.py:154} INFO - [2023-11-25T18:21:25.713+0000] {dag.py:2941} INFO - Sync 1 DAGs
[2023-11-25T18:21:25.731+0000] {logging_mixin.py:154} INFO - [2023-11-25T18:21:25.731+0000] {dag.py:3722} INFO - Setting next_dagrun for example_short_circuit_decorator to 2023-11-24T18:21:25.730821+00:00, run_after=2023-11-25T18:21:25.730821+00:00
[2023-11-25T18:21:25.744+0000] {processor.py:179} INFO - Processing /home/airflow/.local/lib/python3.8/site-packages/airflow/example_dags/example_short_circuit_decorator.py took 0.062 seconds
[2023-11-25T18:21:56.315+0000] {processor.py:157} INFO - Started process (PID=406) to work on /home/airflow/.local/lib/python3.8/site-packages/airflow/example_dags/example_short_circuit_decorator.py
[2023-11-25T18:21:56.316+0000] {processor.py:829} INFO - Processing file /home/airflow/.local/lib/python3.8/site-packages/airflow/example_dags/example_short_circuit_decorator.py for tasks to queue
[2023-11-25T18:21:56.318+0000] {logging_mixin.py:154} INFO - [2023-11-25T18:21:56.318+0000] {dagbag.py:536} INFO - Filling up the DagBag from /home/airflow/.local/lib/python3.8/site-packages/airflow/example_dags/example_short_circuit_decorator.py
[2023-11-25T18:21:56.325+0000] {processor.py:839} INFO - DAG(s) dict_keys(['example_short_circuit_decorator']) retrieved from /home/airflow/.local/lib/python3.8/site-packages/airflow/example_dags/example_short_circuit_decorator.py
[2023-11-25T18:21:56.345+0000] {logging_mixin.py:154} INFO - [2023-11-25T18:21:56.345+0000] {dag.py:2941} INFO - Sync 1 DAGs
[2023-11-25T18:21:56.369+0000] {logging_mixin.py:154} INFO - [2023-11-25T18:21:56.369+0000] {dag.py:3722} INFO - Setting next_dagrun for example_short_circuit_decorator to 2023-11-24T18:21:56.369409+00:00, run_after=2023-11-25T18:21:56.369409+00:00
[2023-11-25T18:21:56.385+0000] {processor.py:179} INFO - Processing /home/airflow/.local/lib/python3.8/site-packages/airflow/example_dags/example_short_circuit_decorator.py took 0.072 seconds
[2023-11-25T18:22:27.168+0000] {processor.py:157} INFO - Started process (PID=460) to work on /home/airflow/.local/lib/python3.8/site-packages/airflow/example_dags/example_short_circuit_decorator.py
[2023-11-25T18:22:27.169+0000] {processor.py:829} INFO - Processing file /home/airflow/.local/lib/python3.8/site-packages/airflow/example_dags/example_short_circuit_decorator.py for tasks to queue
[2023-11-25T18:22:27.171+0000] {logging_mixin.py:154} INFO - [2023-11-25T18:22:27.170+0000] {dagbag.py:536} INFO - Filling up the DagBag from /home/airflow/.local/lib/python3.8/site-packages/airflow/example_dags/example_short_circuit_decorator.py
[2023-11-25T18:22:27.179+0000] {processor.py:839} INFO - DAG(s) dict_keys(['example_short_circuit_decorator']) retrieved from /home/airflow/.local/lib/python3.8/site-packages/airflow/example_dags/example_short_circuit_decorator.py
[2023-11-25T18:22:27.201+0000] {logging_mixin.py:154} INFO - [2023-11-25T18:22:27.201+0000] {dag.py:2941} INFO - Sync 1 DAGs
[2023-11-25T18:22:27.225+0000] {logging_mixin.py:154} INFO - [2023-11-25T18:22:27.224+0000] {dag.py:3722} INFO - Setting next_dagrun for example_short_circuit_decorator to 2023-11-24T18:22:27.224505+00:00, run_after=2023-11-25T18:22:27.224505+00:00
[2023-11-25T18:22:27.244+0000] {processor.py:179} INFO - Processing /home/airflow/.local/lib/python3.8/site-packages/airflow/example_dags/example_short_circuit_decorator.py took 0.079 seconds
[2023-11-25T18:22:58.039+0000] {processor.py:157} INFO - Started process (PID=514) to work on /home/airflow/.local/lib/python3.8/site-packages/airflow/example_dags/example_short_circuit_decorator.py
[2023-11-25T18:22:58.040+0000] {processor.py:829} INFO - Processing file /home/airflow/.local/lib/python3.8/site-packages/airflow/example_dags/example_short_circuit_decorator.py for tasks to queue
[2023-11-25T18:22:58.042+0000] {logging_mixin.py:154} INFO - [2023-11-25T18:22:58.042+0000] {dagbag.py:536} INFO - Filling up the DagBag from /home/airflow/.local/lib/python3.8/site-packages/airflow/example_dags/example_short_circuit_decorator.py
[2023-11-25T18:22:58.049+0000] {processor.py:839} INFO - DAG(s) dict_keys(['example_short_circuit_decorator']) retrieved from /home/airflow/.local/lib/python3.8/site-packages/airflow/example_dags/example_short_circuit_decorator.py
[2023-11-25T18:22:58.068+0000] {logging_mixin.py:154} INFO - [2023-11-25T18:22:58.068+0000] {dag.py:2941} INFO - Sync 1 DAGs
[2023-11-25T18:22:58.087+0000] {logging_mixin.py:154} INFO - [2023-11-25T18:22:58.086+0000] {dag.py:3722} INFO - Setting next_dagrun for example_short_circuit_decorator to 2023-11-24T18:22:58.086766+00:00, run_after=2023-11-25T18:22:58.086766+00:00
[2023-11-25T18:22:58.104+0000] {processor.py:179} INFO - Processing /home/airflow/.local/lib/python3.8/site-packages/airflow/example_dags/example_short_circuit_decorator.py took 0.067 seconds
[2023-11-25T18:23:28.451+0000] {processor.py:157} INFO - Started process (PID=568) to work on /home/airflow/.local/lib/python3.8/site-packages/airflow/example_dags/example_short_circuit_decorator.py
[2023-11-25T18:23:28.452+0000] {processor.py:829} INFO - Processing file /home/airflow/.local/lib/python3.8/site-packages/airflow/example_dags/example_short_circuit_decorator.py for tasks to queue
[2023-11-25T18:23:28.454+0000] {logging_mixin.py:154} INFO - [2023-11-25T18:23:28.453+0000] {dagbag.py:536} INFO - Filling up the DagBag from /home/airflow/.local/lib/python3.8/site-packages/airflow/example_dags/example_short_circuit_decorator.py
[2023-11-25T18:23:28.461+0000] {processor.py:839} INFO - DAG(s) dict_keys(['example_short_circuit_decorator']) retrieved from /home/airflow/.local/lib/python3.8/site-packages/airflow/example_dags/example_short_circuit_decorator.py
[2023-11-25T18:23:28.479+0000] {logging_mixin.py:154} INFO - [2023-11-25T18:23:28.479+0000] {dag.py:2941} INFO - Sync 1 DAGs
[2023-11-25T18:23:28.498+0000] {logging_mixin.py:154} INFO - [2023-11-25T18:23:28.498+0000] {dag.py:3722} INFO - Setting next_dagrun for example_short_circuit_decorator to 2023-11-24T18:23:28.497933+00:00, run_after=2023-11-25T18:23:28.497933+00:00
[2023-11-25T18:23:28.512+0000] {processor.py:179} INFO - Processing /home/airflow/.local/lib/python3.8/site-packages/airflow/example_dags/example_short_circuit_decorator.py took 0.063 seconds
[2023-11-25T18:23:59.294+0000] {processor.py:157} INFO - Started process (PID=622) to work on /home/airflow/.local/lib/python3.8/site-packages/airflow/example_dags/example_short_circuit_decorator.py
[2023-11-25T18:23:59.295+0000] {processor.py:829} INFO - Processing file /home/airflow/.local/lib/python3.8/site-packages/airflow/example_dags/example_short_circuit_decorator.py for tasks to queue
[2023-11-25T18:23:59.296+0000] {logging_mixin.py:154} INFO - [2023-11-25T18:23:59.296+0000] {dagbag.py:536} INFO - Filling up the DagBag from /home/airflow/.local/lib/python3.8/site-packages/airflow/example_dags/example_short_circuit_decorator.py
[2023-11-25T18:23:59.304+0000] {processor.py:839} INFO - DAG(s) dict_keys(['example_short_circuit_decorator']) retrieved from /home/airflow/.local/lib/python3.8/site-packages/airflow/example_dags/example_short_circuit_decorator.py
[2023-11-25T18:23:59.324+0000] {logging_mixin.py:154} INFO - [2023-11-25T18:23:59.324+0000] {dag.py:2941} INFO - Sync 1 DAGs
[2023-11-25T18:23:59.346+0000] {logging_mixin.py:154} INFO - [2023-11-25T18:23:59.346+0000] {dag.py:3722} INFO - Setting next_dagrun for example_short_circuit_decorator to 2023-11-24T18:23:59.345955+00:00, run_after=2023-11-25T18:23:59.345955+00:00
[2023-11-25T18:23:59.362+0000] {processor.py:179} INFO - Processing /home/airflow/.local/lib/python3.8/site-packages/airflow/example_dags/example_short_circuit_decorator.py took 0.071 seconds
[2023-11-25T18:24:30.283+0000] {processor.py:157} INFO - Started process (PID=676) to work on /home/airflow/.local/lib/python3.8/site-packages/airflow/example_dags/example_short_circuit_decorator.py
[2023-11-25T18:24:30.284+0000] {processor.py:829} INFO - Processing file /home/airflow/.local/lib/python3.8/site-packages/airflow/example_dags/example_short_circuit_decorator.py for tasks to queue
[2023-11-25T18:24:30.286+0000] {logging_mixin.py:154} INFO - [2023-11-25T18:24:30.286+0000] {dagbag.py:536} INFO - Filling up the DagBag from /home/airflow/.local/lib/python3.8/site-packages/airflow/example_dags/example_short_circuit_decorator.py
[2023-11-25T18:24:30.293+0000] {processor.py:839} INFO - DAG(s) dict_keys(['example_short_circuit_decorator']) retrieved from /home/airflow/.local/lib/python3.8/site-packages/airflow/example_dags/example_short_circuit_decorator.py
[2023-11-25T18:24:30.313+0000] {logging_mixin.py:154} INFO - [2023-11-25T18:24:30.313+0000] {dag.py:2941} INFO - Sync 1 DAGs
[2023-11-25T18:24:30.334+0000] {logging_mixin.py:154} INFO - [2023-11-25T18:24:30.334+0000] {dag.py:3722} INFO - Setting next_dagrun for example_short_circuit_decorator to 2023-11-24T18:24:30.334501+00:00, run_after=2023-11-25T18:24:30.334501+00:00
[2023-11-25T18:24:30.353+0000] {processor.py:179} INFO - Processing /home/airflow/.local/lib/python3.8/site-packages/airflow/example_dags/example_short_circuit_decorator.py took 0.072 seconds
[2023-11-25T18:25:00.862+0000] {processor.py:157} INFO - Started process (PID=731) to work on /home/airflow/.local/lib/python3.8/site-packages/airflow/example_dags/example_short_circuit_decorator.py
[2023-11-25T18:25:00.862+0000] {processor.py:829} INFO - Processing file /home/airflow/.local/lib/python3.8/site-packages/airflow/example_dags/example_short_circuit_decorator.py for tasks to queue
[2023-11-25T18:25:00.864+0000] {logging_mixin.py:154} INFO - [2023-11-25T18:25:00.864+0000] {dagbag.py:536} INFO - Filling up the DagBag from /home/airflow/.local/lib/python3.8/site-packages/airflow/example_dags/example_short_circuit_decorator.py
[2023-11-25T18:25:00.872+0000] {processor.py:839} INFO - DAG(s) dict_keys(['example_short_circuit_decorator']) retrieved from /home/airflow/.local/lib/python3.8/site-packages/airflow/example_dags/example_short_circuit_decorator.py
[2023-11-25T18:25:00.894+0000] {logging_mixin.py:154} INFO - [2023-11-25T18:25:00.894+0000] {dag.py:2941} INFO - Sync 1 DAGs
[2023-11-25T18:25:00.917+0000] {logging_mixin.py:154} INFO - [2023-11-25T18:25:00.917+0000] {dag.py:3722} INFO - Setting next_dagrun for example_short_circuit_decorator to 2023-11-24T18:25:00.916838+00:00, run_after=2023-11-25T18:25:00.916838+00:00
[2023-11-25T18:25:00.939+0000] {processor.py:179} INFO - Processing /home/airflow/.local/lib/python3.8/site-packages/airflow/example_dags/example_short_circuit_decorator.py took 0.080 seconds
[2023-11-25T18:25:32.165+0000] {processor.py:157} INFO - Started process (PID=785) to work on /home/airflow/.local/lib/python3.8/site-packages/airflow/example_dags/example_short_circuit_decorator.py
[2023-11-25T18:25:32.166+0000] {processor.py:829} INFO - Processing file /home/airflow/.local/lib/python3.8/site-packages/airflow/example_dags/example_short_circuit_decorator.py for tasks to queue
[2023-11-25T18:25:32.168+0000] {logging_mixin.py:154} INFO - [2023-11-25T18:25:32.168+0000] {dagbag.py:536} INFO - Filling up the DagBag from /home/airflow/.local/lib/python3.8/site-packages/airflow/example_dags/example_short_circuit_decorator.py
[2023-11-25T18:25:32.186+0000] {processor.py:839} INFO - DAG(s) dict_keys(['example_short_circuit_decorator']) retrieved from /home/airflow/.local/lib/python3.8/site-packages/airflow/example_dags/example_short_circuit_decorator.py
[2023-11-25T18:25:32.225+0000] {logging_mixin.py:154} INFO - [2023-11-25T18:25:32.225+0000] {dag.py:2941} INFO - Sync 1 DAGs
[2023-11-25T18:25:32.272+0000] {logging_mixin.py:154} INFO - [2023-11-25T18:25:32.271+0000] {dag.py:3722} INFO - Setting next_dagrun for example_short_circuit_decorator to 2023-11-24T18:25:32.271328+00:00, run_after=2023-11-25T18:25:32.271328+00:00
[2023-11-25T18:25:32.311+0000] {processor.py:179} INFO - Processing /home/airflow/.local/lib/python3.8/site-packages/airflow/example_dags/example_short_circuit_decorator.py took 0.150 seconds
[2023-11-25T18:26:02.703+0000] {processor.py:157} INFO - Started process (PID=839) to work on /home/airflow/.local/lib/python3.8/site-packages/airflow/example_dags/example_short_circuit_decorator.py
[2023-11-25T18:26:02.703+0000] {processor.py:829} INFO - Processing file /home/airflow/.local/lib/python3.8/site-packages/airflow/example_dags/example_short_circuit_decorator.py for tasks to queue
[2023-11-25T18:26:02.705+0000] {logging_mixin.py:154} INFO - [2023-11-25T18:26:02.705+0000] {dagbag.py:536} INFO - Filling up the DagBag from /home/airflow/.local/lib/python3.8/site-packages/airflow/example_dags/example_short_circuit_decorator.py
[2023-11-25T18:26:02.713+0000] {processor.py:839} INFO - DAG(s) dict_keys(['example_short_circuit_decorator']) retrieved from /home/airflow/.local/lib/python3.8/site-packages/airflow/example_dags/example_short_circuit_decorator.py
[2023-11-25T18:26:02.732+0000] {logging_mixin.py:154} INFO - [2023-11-25T18:26:02.731+0000] {dag.py:2941} INFO - Sync 1 DAGs
[2023-11-25T18:26:02.750+0000] {logging_mixin.py:154} INFO - [2023-11-25T18:26:02.750+0000] {dag.py:3722} INFO - Setting next_dagrun for example_short_circuit_decorator to 2023-11-24T18:26:02.750318+00:00, run_after=2023-11-25T18:26:02.750318+00:00
[2023-11-25T18:26:02.769+0000] {processor.py:179} INFO - Processing /home/airflow/.local/lib/python3.8/site-packages/airflow/example_dags/example_short_circuit_decorator.py took 0.069 seconds
[2023-11-25T18:26:33.471+0000] {processor.py:157} INFO - Started process (PID=893) to work on /home/airflow/.local/lib/python3.8/site-packages/airflow/example_dags/example_short_circuit_decorator.py
[2023-11-25T18:26:33.473+0000] {processor.py:829} INFO - Processing file /home/airflow/.local/lib/python3.8/site-packages/airflow/example_dags/example_short_circuit_decorator.py for tasks to queue
[2023-11-25T18:26:33.475+0000] {logging_mixin.py:154} INFO - [2023-11-25T18:26:33.474+0000] {dagbag.py:536} INFO - Filling up the DagBag from /home/airflow/.local/lib/python3.8/site-packages/airflow/example_dags/example_short_circuit_decorator.py
[2023-11-25T18:26:33.483+0000] {processor.py:839} INFO - DAG(s) dict_keys(['example_short_circuit_decorator']) retrieved from /home/airflow/.local/lib/python3.8/site-packages/airflow/example_dags/example_short_circuit_decorator.py
[2023-11-25T18:26:33.504+0000] {logging_mixin.py:154} INFO - [2023-11-25T18:26:33.504+0000] {dag.py:2941} INFO - Sync 1 DAGs
[2023-11-25T18:26:33.527+0000] {logging_mixin.py:154} INFO - [2023-11-25T18:26:33.526+0000] {dag.py:3722} INFO - Setting next_dagrun for example_short_circuit_decorator to 2023-11-24T18:26:33.526700+00:00, run_after=2023-11-25T18:26:33.526700+00:00
[2023-11-25T18:26:33.546+0000] {processor.py:179} INFO - Processing /home/airflow/.local/lib/python3.8/site-packages/airflow/example_dags/example_short_circuit_decorator.py took 0.077 seconds
[2023-11-25T18:27:03.948+0000] {processor.py:157} INFO - Started process (PID=947) to work on /home/airflow/.local/lib/python3.8/site-packages/airflow/example_dags/example_short_circuit_decorator.py
[2023-11-25T18:27:03.949+0000] {processor.py:829} INFO - Processing file /home/airflow/.local/lib/python3.8/site-packages/airflow/example_dags/example_short_circuit_decorator.py for tasks to queue
[2023-11-25T18:27:03.950+0000] {logging_mixin.py:154} INFO - [2023-11-25T18:27:03.950+0000] {dagbag.py:536} INFO - Filling up the DagBag from /home/airflow/.local/lib/python3.8/site-packages/airflow/example_dags/example_short_circuit_decorator.py
[2023-11-25T18:27:03.958+0000] {processor.py:839} INFO - DAG(s) dict_keys(['example_short_circuit_decorator']) retrieved from /home/airflow/.local/lib/python3.8/site-packages/airflow/example_dags/example_short_circuit_decorator.py
[2023-11-25T18:27:03.976+0000] {logging_mixin.py:154} INFO - [2023-11-25T18:27:03.976+0000] {dag.py:2941} INFO - Sync 1 DAGs
[2023-11-25T18:27:03.995+0000] {logging_mixin.py:154} INFO - [2023-11-25T18:27:03.994+0000] {dag.py:3722} INFO - Setting next_dagrun for example_short_circuit_decorator to 2023-11-24T18:27:03.994658+00:00, run_after=2023-11-25T18:27:03.994658+00:00
[2023-11-25T18:27:04.009+0000] {processor.py:179} INFO - Processing /home/airflow/.local/lib/python3.8/site-packages/airflow/example_dags/example_short_circuit_decorator.py took 0.064 seconds
[2023-11-25T18:27:34.759+0000] {processor.py:157} INFO - Started process (PID=1001) to work on /home/airflow/.local/lib/python3.8/site-packages/airflow/example_dags/example_short_circuit_decorator.py
[2023-11-25T18:27:34.760+0000] {processor.py:829} INFO - Processing file /home/airflow/.local/lib/python3.8/site-packages/airflow/example_dags/example_short_circuit_decorator.py for tasks to queue
[2023-11-25T18:27:34.762+0000] {logging_mixin.py:154} INFO - [2023-11-25T18:27:34.761+0000] {dagbag.py:536} INFO - Filling up the DagBag from /home/airflow/.local/lib/python3.8/site-packages/airflow/example_dags/example_short_circuit_decorator.py
[2023-11-25T18:27:34.768+0000] {processor.py:839} INFO - DAG(s) dict_keys(['example_short_circuit_decorator']) retrieved from /home/airflow/.local/lib/python3.8/site-packages/airflow/example_dags/example_short_circuit_decorator.py
[2023-11-25T18:27:34.785+0000] {logging_mixin.py:154} INFO - [2023-11-25T18:27:34.785+0000] {dag.py:2941} INFO - Sync 1 DAGs
[2023-11-25T18:27:34.802+0000] {logging_mixin.py:154} INFO - [2023-11-25T18:27:34.802+0000] {dag.py:3722} INFO - Setting next_dagrun for example_short_circuit_decorator to 2023-11-24T18:27:34.801891+00:00, run_after=2023-11-25T18:27:34.801891+00:00
[2023-11-25T18:27:34.816+0000] {processor.py:179} INFO - Processing /home/airflow/.local/lib/python3.8/site-packages/airflow/example_dags/example_short_circuit_decorator.py took 0.060 seconds
[2023-11-25T18:28:05.571+0000] {processor.py:157} INFO - Started process (PID=1055) to work on /home/airflow/.local/lib/python3.8/site-packages/airflow/example_dags/example_short_circuit_decorator.py
[2023-11-25T18:28:05.572+0000] {processor.py:829} INFO - Processing file /home/airflow/.local/lib/python3.8/site-packages/airflow/example_dags/example_short_circuit_decorator.py for tasks to queue
[2023-11-25T18:28:05.573+0000] {logging_mixin.py:154} INFO - [2023-11-25T18:28:05.573+0000] {dagbag.py:536} INFO - Filling up the DagBag from /home/airflow/.local/lib/python3.8/site-packages/airflow/example_dags/example_short_circuit_decorator.py
[2023-11-25T18:28:05.580+0000] {processor.py:839} INFO - DAG(s) dict_keys(['example_short_circuit_decorator']) retrieved from /home/airflow/.local/lib/python3.8/site-packages/airflow/example_dags/example_short_circuit_decorator.py
[2023-11-25T18:28:05.599+0000] {logging_mixin.py:154} INFO - [2023-11-25T18:28:05.598+0000] {dag.py:2941} INFO - Sync 1 DAGs
[2023-11-25T18:28:05.617+0000] {logging_mixin.py:154} INFO - [2023-11-25T18:28:05.616+0000] {dag.py:3722} INFO - Setting next_dagrun for example_short_circuit_decorator to 2023-11-24T18:28:05.616672+00:00, run_after=2023-11-25T18:28:05.616672+00:00
[2023-11-25T18:28:05.634+0000] {processor.py:179} INFO - Processing /home/airflow/.local/lib/python3.8/site-packages/airflow/example_dags/example_short_circuit_decorator.py took 0.066 seconds
[2023-11-25T18:28:35.872+0000] {processor.py:157} INFO - Started process (PID=1109) to work on /home/airflow/.local/lib/python3.8/site-packages/airflow/example_dags/example_short_circuit_decorator.py
[2023-11-25T18:28:35.873+0000] {processor.py:829} INFO - Processing file /home/airflow/.local/lib/python3.8/site-packages/airflow/example_dags/example_short_circuit_decorator.py for tasks to queue
[2023-11-25T18:28:35.875+0000] {logging_mixin.py:154} INFO - [2023-11-25T18:28:35.874+0000] {dagbag.py:536} INFO - Filling up the DagBag from /home/airflow/.local/lib/python3.8/site-packages/airflow/example_dags/example_short_circuit_decorator.py
[2023-11-25T18:28:35.882+0000] {processor.py:839} INFO - DAG(s) dict_keys(['example_short_circuit_decorator']) retrieved from /home/airflow/.local/lib/python3.8/site-packages/airflow/example_dags/example_short_circuit_decorator.py
[2023-11-25T18:28:35.899+0000] {logging_mixin.py:154} INFO - [2023-11-25T18:28:35.899+0000] {dag.py:2941} INFO - Sync 1 DAGs
[2023-11-25T18:28:35.927+0000] {logging_mixin.py:154} INFO - [2023-11-25T18:28:35.927+0000] {dag.py:3722} INFO - Setting next_dagrun for example_short_circuit_decorator to 2023-11-24T18:28:35.927004+00:00, run_after=2023-11-25T18:28:35.927004+00:00
[2023-11-25T18:28:36.098+0000] {processor.py:179} INFO - Processing /home/airflow/.local/lib/python3.8/site-packages/airflow/example_dags/example_short_circuit_decorator.py took 0.228 seconds
[2023-11-25T18:29:06.963+0000] {processor.py:157} INFO - Started process (PID=1170) to work on /home/airflow/.local/lib/python3.8/site-packages/airflow/example_dags/example_short_circuit_decorator.py
[2023-11-25T18:29:06.964+0000] {processor.py:829} INFO - Processing file /home/airflow/.local/lib/python3.8/site-packages/airflow/example_dags/example_short_circuit_decorator.py for tasks to queue
[2023-11-25T18:29:06.969+0000] {logging_mixin.py:154} INFO - [2023-11-25T18:29:06.969+0000] {dagbag.py:536} INFO - Filling up the DagBag from /home/airflow/.local/lib/python3.8/site-packages/airflow/example_dags/example_short_circuit_decorator.py
[2023-11-25T18:29:06.981+0000] {processor.py:839} INFO - DAG(s) dict_keys(['example_short_circuit_decorator']) retrieved from /home/airflow/.local/lib/python3.8/site-packages/airflow/example_dags/example_short_circuit_decorator.py
[2023-11-25T18:29:07.006+0000] {logging_mixin.py:154} INFO - [2023-11-25T18:29:07.006+0000] {dag.py:2941} INFO - Sync 1 DAGs
[2023-11-25T18:29:07.033+0000] {logging_mixin.py:154} INFO - [2023-11-25T18:29:07.033+0000] {dag.py:3722} INFO - Setting next_dagrun for example_short_circuit_decorator to 2023-11-24T18:29:07.033170+00:00, run_after=2023-11-25T18:29:07.033170+00:00
[2023-11-25T18:29:07.053+0000] {processor.py:179} INFO - Processing /home/airflow/.local/lib/python3.8/site-packages/airflow/example_dags/example_short_circuit_decorator.py took 0.094 seconds
[2023-11-25T18:29:39.622+0000] {processor.py:157} INFO - Started process (PID=1224) to work on /home/airflow/.local/lib/python3.8/site-packages/airflow/example_dags/example_short_circuit_decorator.py
[2023-11-25T18:29:39.624+0000] {processor.py:829} INFO - Processing file /home/airflow/.local/lib/python3.8/site-packages/airflow/example_dags/example_short_circuit_decorator.py for tasks to queue
[2023-11-25T18:29:39.626+0000] {logging_mixin.py:154} INFO - [2023-11-25T18:29:39.626+0000] {dagbag.py:536} INFO - Filling up the DagBag from /home/airflow/.local/lib/python3.8/site-packages/airflow/example_dags/example_short_circuit_decorator.py
[2023-11-25T18:29:39.636+0000] {processor.py:839} INFO - DAG(s) dict_keys(['example_short_circuit_decorator']) retrieved from /home/airflow/.local/lib/python3.8/site-packages/airflow/example_dags/example_short_circuit_decorator.py
[2023-11-25T18:29:39.665+0000] {logging_mixin.py:154} INFO - [2023-11-25T18:29:39.664+0000] {dag.py:2941} INFO - Sync 1 DAGs
[2023-11-25T18:29:39.695+0000] {logging_mixin.py:154} INFO - [2023-11-25T18:29:39.695+0000] {dag.py:3722} INFO - Setting next_dagrun for example_short_circuit_decorator to 2023-11-24T18:29:39.695002+00:00, run_after=2023-11-25T18:29:39.695002+00:00
[2023-11-25T18:29:39.719+0000] {processor.py:179} INFO - Processing /home/airflow/.local/lib/python3.8/site-packages/airflow/example_dags/example_short_circuit_decorator.py took 0.102 seconds
[2023-11-25T18:30:09.973+0000] {processor.py:157} INFO - Started process (PID=1278) to work on /home/airflow/.local/lib/python3.8/site-packages/airflow/example_dags/example_short_circuit_decorator.py
[2023-11-25T18:30:09.975+0000] {processor.py:829} INFO - Processing file /home/airflow/.local/lib/python3.8/site-packages/airflow/example_dags/example_short_circuit_decorator.py for tasks to queue
[2023-11-25T18:30:09.977+0000] {logging_mixin.py:154} INFO - [2023-11-25T18:30:09.976+0000] {dagbag.py:536} INFO - Filling up the DagBag from /home/airflow/.local/lib/python3.8/site-packages/airflow/example_dags/example_short_circuit_decorator.py
[2023-11-25T18:30:09.987+0000] {processor.py:839} INFO - DAG(s) dict_keys(['example_short_circuit_decorator']) retrieved from /home/airflow/.local/lib/python3.8/site-packages/airflow/example_dags/example_short_circuit_decorator.py
[2023-11-25T18:30:10.014+0000] {logging_mixin.py:154} INFO - [2023-11-25T18:30:10.013+0000] {dag.py:2941} INFO - Sync 1 DAGs
[2023-11-25T18:30:10.044+0000] {logging_mixin.py:154} INFO - [2023-11-25T18:30:10.043+0000] {dag.py:3722} INFO - Setting next_dagrun for example_short_circuit_decorator to 2023-11-24T18:30:10.043544+00:00, run_after=2023-11-25T18:30:10.043544+00:00
[2023-11-25T18:30:10.063+0000] {processor.py:179} INFO - Processing /home/airflow/.local/lib/python3.8/site-packages/airflow/example_dags/example_short_circuit_decorator.py took 0.094 seconds
[2023-11-25T18:30:40.966+0000] {processor.py:157} INFO - Started process (PID=1333) to work on /home/airflow/.local/lib/python3.8/site-packages/airflow/example_dags/example_short_circuit_decorator.py
[2023-11-25T18:30:40.968+0000] {processor.py:829} INFO - Processing file /home/airflow/.local/lib/python3.8/site-packages/airflow/example_dags/example_short_circuit_decorator.py for tasks to queue
[2023-11-25T18:30:40.971+0000] {logging_mixin.py:154} INFO - [2023-11-25T18:30:40.971+0000] {dagbag.py:536} INFO - Filling up the DagBag from /home/airflow/.local/lib/python3.8/site-packages/airflow/example_dags/example_short_circuit_decorator.py
[2023-11-25T18:30:40.982+0000] {processor.py:839} INFO - DAG(s) dict_keys(['example_short_circuit_decorator']) retrieved from /home/airflow/.local/lib/python3.8/site-packages/airflow/example_dags/example_short_circuit_decorator.py
[2023-11-25T18:30:41.012+0000] {logging_mixin.py:154} INFO - [2023-11-25T18:30:41.012+0000] {dag.py:2941} INFO - Sync 1 DAGs
[2023-11-25T18:30:41.042+0000] {logging_mixin.py:154} INFO - [2023-11-25T18:30:41.042+0000] {dag.py:3722} INFO - Setting next_dagrun for example_short_circuit_decorator to 2023-11-24T18:30:41.042505+00:00, run_after=2023-11-25T18:30:41.042505+00:00
[2023-11-25T18:30:41.081+0000] {processor.py:179} INFO - Processing /home/airflow/.local/lib/python3.8/site-packages/airflow/example_dags/example_short_circuit_decorator.py took 0.119 seconds
[2023-11-25T18:31:11.559+0000] {processor.py:157} INFO - Started process (PID=1387) to work on /home/airflow/.local/lib/python3.8/site-packages/airflow/example_dags/example_short_circuit_decorator.py
[2023-11-25T18:31:11.560+0000] {processor.py:829} INFO - Processing file /home/airflow/.local/lib/python3.8/site-packages/airflow/example_dags/example_short_circuit_decorator.py for tasks to queue
[2023-11-25T18:31:11.564+0000] {logging_mixin.py:154} INFO - [2023-11-25T18:31:11.564+0000] {dagbag.py:536} INFO - Filling up the DagBag from /home/airflow/.local/lib/python3.8/site-packages/airflow/example_dags/example_short_circuit_decorator.py
[2023-11-25T18:31:11.578+0000] {processor.py:839} INFO - DAG(s) dict_keys(['example_short_circuit_decorator']) retrieved from /home/airflow/.local/lib/python3.8/site-packages/airflow/example_dags/example_short_circuit_decorator.py
[2023-11-25T18:31:11.609+0000] {logging_mixin.py:154} INFO - [2023-11-25T18:31:11.609+0000] {dag.py:2941} INFO - Sync 1 DAGs
[2023-11-25T18:31:11.642+0000] {logging_mixin.py:154} INFO - [2023-11-25T18:31:11.642+0000] {dag.py:3722} INFO - Setting next_dagrun for example_short_circuit_decorator to 2023-11-24T18:31:11.642084+00:00, run_after=2023-11-25T18:31:11.642084+00:00
[2023-11-25T18:31:11.882+0000] {processor.py:179} INFO - Processing /home/airflow/.local/lib/python3.8/site-packages/airflow/example_dags/example_short_circuit_decorator.py took 0.326 seconds
[2023-11-25T18:31:42.873+0000] {processor.py:157} INFO - Started process (PID=1441) to work on /home/airflow/.local/lib/python3.8/site-packages/airflow/example_dags/example_short_circuit_decorator.py
[2023-11-25T18:31:42.875+0000] {processor.py:829} INFO - Processing file /home/airflow/.local/lib/python3.8/site-packages/airflow/example_dags/example_short_circuit_decorator.py for tasks to queue
[2023-11-25T18:31:42.879+0000] {logging_mixin.py:154} INFO - [2023-11-25T18:31:42.878+0000] {dagbag.py:536} INFO - Filling up the DagBag from /home/airflow/.local/lib/python3.8/site-packages/airflow/example_dags/example_short_circuit_decorator.py
[2023-11-25T18:31:42.891+0000] {processor.py:839} INFO - DAG(s) dict_keys(['example_short_circuit_decorator']) retrieved from /home/airflow/.local/lib/python3.8/site-packages/airflow/example_dags/example_short_circuit_decorator.py
[2023-11-25T18:31:42.922+0000] {logging_mixin.py:154} INFO - [2023-11-25T18:31:42.921+0000] {dag.py:2941} INFO - Sync 1 DAGs
[2023-11-25T18:31:42.956+0000] {logging_mixin.py:154} INFO - [2023-11-25T18:31:42.956+0000] {dag.py:3722} INFO - Setting next_dagrun for example_short_circuit_decorator to 2023-11-24T18:31:42.955784+00:00, run_after=2023-11-25T18:31:42.955784+00:00
[2023-11-25T18:31:42.988+0000] {processor.py:179} INFO - Processing /home/airflow/.local/lib/python3.8/site-packages/airflow/example_dags/example_short_circuit_decorator.py took 0.118 seconds
[2023-11-25T18:32:13.773+0000] {processor.py:157} INFO - Started process (PID=1495) to work on /home/airflow/.local/lib/python3.8/site-packages/airflow/example_dags/example_short_circuit_decorator.py
[2023-11-25T18:32:13.774+0000] {processor.py:829} INFO - Processing file /home/airflow/.local/lib/python3.8/site-packages/airflow/example_dags/example_short_circuit_decorator.py for tasks to queue
[2023-11-25T18:32:13.778+0000] {logging_mixin.py:154} INFO - [2023-11-25T18:32:13.778+0000] {dagbag.py:536} INFO - Filling up the DagBag from /home/airflow/.local/lib/python3.8/site-packages/airflow/example_dags/example_short_circuit_decorator.py
[2023-11-25T18:32:13.790+0000] {processor.py:839} INFO - DAG(s) dict_keys(['example_short_circuit_decorator']) retrieved from /home/airflow/.local/lib/python3.8/site-packages/airflow/example_dags/example_short_circuit_decorator.py
[2023-11-25T18:32:13.829+0000] {logging_mixin.py:154} INFO - [2023-11-25T18:32:13.828+0000] {dag.py:2941} INFO - Sync 1 DAGs
[2023-11-25T18:32:14.074+0000] {logging_mixin.py:154} INFO - [2023-11-25T18:32:14.074+0000] {dag.py:3722} INFO - Setting next_dagrun for example_short_circuit_decorator to 2023-11-24T18:32:14.074236+00:00, run_after=2023-11-25T18:32:14.074236+00:00
[2023-11-25T18:32:14.103+0000] {processor.py:179} INFO - Processing /home/airflow/.local/lib/python3.8/site-packages/airflow/example_dags/example_short_circuit_decorator.py took 0.334 seconds
