[2023-11-25T18:18:54.190+0000] {processor.py:157} INFO - Started process (PID=85) to work on /home/airflow/.local/lib/python3.8/site-packages/airflow/example_dags/example_branch_python_dop_operator_3.py
[2023-11-25T18:18:54.191+0000] {processor.py:829} INFO - Processing file /home/airflow/.local/lib/python3.8/site-packages/airflow/example_dags/example_branch_python_dop_operator_3.py for tasks to queue
[2023-11-25T18:18:54.196+0000] {logging_mixin.py:154} INFO - [2023-11-25T18:18:54.196+0000] {dagbag.py:536} INFO - Filling up the DagBag from /home/airflow/.local/lib/python3.8/site-packages/airflow/example_dags/example_branch_python_dop_operator_3.py
[2023-11-25T18:18:54.210+0000] {processor.py:839} INFO - DAG(s) dict_keys(['example_branch_dop_operator_v3']) retrieved from /home/airflow/.local/lib/python3.8/site-packages/airflow/example_dags/example_branch_python_dop_operator_3.py
[2023-11-25T18:18:54.224+0000] {logging_mixin.py:154} INFO - [2023-11-25T18:18:54.223+0000] {dag.py:2941} INFO - Sync 1 DAGs
[2023-11-25T18:18:54.266+0000] {logging_mixin.py:154} INFO - [2023-11-25T18:18:54.265+0000] {dag.py:3722} INFO - Setting next_dagrun for example_branch_dop_operator_v3 to 2023-11-25T18:17:00+00:00, run_after=2023-11-25T18:18:00+00:00
[2023-11-25T18:18:54.304+0000] {processor.py:179} INFO - Processing /home/airflow/.local/lib/python3.8/site-packages/airflow/example_dags/example_branch_python_dop_operator_3.py took 0.117 seconds
[2023-11-25T18:19:24.552+0000] {processor.py:157} INFO - Started process (PID=139) to work on /home/airflow/.local/lib/python3.8/site-packages/airflow/example_dags/example_branch_python_dop_operator_3.py
[2023-11-25T18:19:24.553+0000] {processor.py:829} INFO - Processing file /home/airflow/.local/lib/python3.8/site-packages/airflow/example_dags/example_branch_python_dop_operator_3.py for tasks to queue
[2023-11-25T18:19:24.555+0000] {logging_mixin.py:154} INFO - [2023-11-25T18:19:24.555+0000] {dagbag.py:536} INFO - Filling up the DagBag from /home/airflow/.local/lib/python3.8/site-packages/airflow/example_dags/example_branch_python_dop_operator_3.py
[2023-11-25T18:19:24.563+0000] {processor.py:839} INFO - DAG(s) dict_keys(['example_branch_dop_operator_v3']) retrieved from /home/airflow/.local/lib/python3.8/site-packages/airflow/example_dags/example_branch_python_dop_operator_3.py
[2023-11-25T18:19:24.581+0000] {logging_mixin.py:154} INFO - [2023-11-25T18:19:24.581+0000] {dag.py:2941} INFO - Sync 1 DAGs
[2023-11-25T18:19:24.608+0000] {logging_mixin.py:154} INFO - [2023-11-25T18:19:24.607+0000] {dag.py:3722} INFO - Setting next_dagrun for example_branch_dop_operator_v3 to 2023-11-25T18:18:00+00:00, run_after=2023-11-25T18:19:00+00:00
[2023-11-25T18:19:24.627+0000] {processor.py:179} INFO - Processing /home/airflow/.local/lib/python3.8/site-packages/airflow/example_dags/example_branch_python_dop_operator_3.py took 0.078 seconds
[2023-11-25T18:19:54.919+0000] {processor.py:157} INFO - Started process (PID=193) to work on /home/airflow/.local/lib/python3.8/site-packages/airflow/example_dags/example_branch_python_dop_operator_3.py
[2023-11-25T18:19:54.920+0000] {processor.py:829} INFO - Processing file /home/airflow/.local/lib/python3.8/site-packages/airflow/example_dags/example_branch_python_dop_operator_3.py for tasks to queue
[2023-11-25T18:19:54.922+0000] {logging_mixin.py:154} INFO - [2023-11-25T18:19:54.922+0000] {dagbag.py:536} INFO - Filling up the DagBag from /home/airflow/.local/lib/python3.8/site-packages/airflow/example_dags/example_branch_python_dop_operator_3.py
[2023-11-25T18:19:54.930+0000] {processor.py:839} INFO - DAG(s) dict_keys(['example_branch_dop_operator_v3']) retrieved from /home/airflow/.local/lib/python3.8/site-packages/airflow/example_dags/example_branch_python_dop_operator_3.py
[2023-11-25T18:19:54.947+0000] {logging_mixin.py:154} INFO - [2023-11-25T18:19:54.947+0000] {dag.py:2941} INFO - Sync 1 DAGs
[2023-11-25T18:19:54.974+0000] {logging_mixin.py:154} INFO - [2023-11-25T18:19:54.974+0000] {dag.py:3722} INFO - Setting next_dagrun for example_branch_dop_operator_v3 to 2023-11-25T18:18:00+00:00, run_after=2023-11-25T18:19:00+00:00
[2023-11-25T18:19:54.991+0000] {processor.py:179} INFO - Processing /home/airflow/.local/lib/python3.8/site-packages/airflow/example_dags/example_branch_python_dop_operator_3.py took 0.074 seconds
[2023-11-25T18:20:25.254+0000] {processor.py:157} INFO - Started process (PID=247) to work on /home/airflow/.local/lib/python3.8/site-packages/airflow/example_dags/example_branch_python_dop_operator_3.py
[2023-11-25T18:20:25.255+0000] {processor.py:829} INFO - Processing file /home/airflow/.local/lib/python3.8/site-packages/airflow/example_dags/example_branch_python_dop_operator_3.py for tasks to queue
[2023-11-25T18:20:25.257+0000] {logging_mixin.py:154} INFO - [2023-11-25T18:20:25.257+0000] {dagbag.py:536} INFO - Filling up the DagBag from /home/airflow/.local/lib/python3.8/site-packages/airflow/example_dags/example_branch_python_dop_operator_3.py
[2023-11-25T18:20:25.266+0000] {processor.py:839} INFO - DAG(s) dict_keys(['example_branch_dop_operator_v3']) retrieved from /home/airflow/.local/lib/python3.8/site-packages/airflow/example_dags/example_branch_python_dop_operator_3.py
[2023-11-25T18:20:25.287+0000] {logging_mixin.py:154} INFO - [2023-11-25T18:20:25.286+0000] {dag.py:2941} INFO - Sync 1 DAGs
[2023-11-25T18:20:25.315+0000] {logging_mixin.py:154} INFO - [2023-11-25T18:20:25.314+0000] {dag.py:3722} INFO - Setting next_dagrun for example_branch_dop_operator_v3 to 2023-11-25T18:19:00+00:00, run_after=2023-11-25T18:20:00+00:00
[2023-11-25T18:20:25.335+0000] {processor.py:179} INFO - Processing /home/airflow/.local/lib/python3.8/site-packages/airflow/example_dags/example_branch_python_dop_operator_3.py took 0.084 seconds
[2023-11-25T18:20:55.586+0000] {processor.py:157} INFO - Started process (PID=301) to work on /home/airflow/.local/lib/python3.8/site-packages/airflow/example_dags/example_branch_python_dop_operator_3.py
[2023-11-25T18:20:55.587+0000] {processor.py:829} INFO - Processing file /home/airflow/.local/lib/python3.8/site-packages/airflow/example_dags/example_branch_python_dop_operator_3.py for tasks to queue
[2023-11-25T18:20:55.589+0000] {logging_mixin.py:154} INFO - [2023-11-25T18:20:55.589+0000] {dagbag.py:536} INFO - Filling up the DagBag from /home/airflow/.local/lib/python3.8/site-packages/airflow/example_dags/example_branch_python_dop_operator_3.py
[2023-11-25T18:20:55.597+0000] {processor.py:839} INFO - DAG(s) dict_keys(['example_branch_dop_operator_v3']) retrieved from /home/airflow/.local/lib/python3.8/site-packages/airflow/example_dags/example_branch_python_dop_operator_3.py
[2023-11-25T18:20:55.614+0000] {logging_mixin.py:154} INFO - [2023-11-25T18:20:55.614+0000] {dag.py:2941} INFO - Sync 1 DAGs
[2023-11-25T18:20:55.644+0000] {logging_mixin.py:154} INFO - [2023-11-25T18:20:55.644+0000] {dag.py:3722} INFO - Setting next_dagrun for example_branch_dop_operator_v3 to 2023-11-25T18:19:00+00:00, run_after=2023-11-25T18:20:00+00:00
[2023-11-25T18:20:55.661+0000] {processor.py:179} INFO - Processing /home/airflow/.local/lib/python3.8/site-packages/airflow/example_dags/example_branch_python_dop_operator_3.py took 0.079 seconds
[2023-11-25T18:21:25.858+0000] {processor.py:157} INFO - Started process (PID=355) to work on /home/airflow/.local/lib/python3.8/site-packages/airflow/example_dags/example_branch_python_dop_operator_3.py
[2023-11-25T18:21:25.859+0000] {processor.py:829} INFO - Processing file /home/airflow/.local/lib/python3.8/site-packages/airflow/example_dags/example_branch_python_dop_operator_3.py for tasks to queue
[2023-11-25T18:21:25.861+0000] {logging_mixin.py:154} INFO - [2023-11-25T18:21:25.861+0000] {dagbag.py:536} INFO - Filling up the DagBag from /home/airflow/.local/lib/python3.8/site-packages/airflow/example_dags/example_branch_python_dop_operator_3.py
[2023-11-25T18:21:25.868+0000] {processor.py:839} INFO - DAG(s) dict_keys(['example_branch_dop_operator_v3']) retrieved from /home/airflow/.local/lib/python3.8/site-packages/airflow/example_dags/example_branch_python_dop_operator_3.py
[2023-11-25T18:21:25.884+0000] {logging_mixin.py:154} INFO - [2023-11-25T18:21:25.884+0000] {dag.py:2941} INFO - Sync 1 DAGs
[2023-11-25T18:21:25.906+0000] {logging_mixin.py:154} INFO - [2023-11-25T18:21:25.906+0000] {dag.py:3722} INFO - Setting next_dagrun for example_branch_dop_operator_v3 to 2023-11-25T18:20:00+00:00, run_after=2023-11-25T18:21:00+00:00
[2023-11-25T18:21:25.920+0000] {processor.py:179} INFO - Processing /home/airflow/.local/lib/python3.8/site-packages/airflow/example_dags/example_branch_python_dop_operator_3.py took 0.065 seconds
[2023-11-25T18:21:56.510+0000] {processor.py:157} INFO - Started process (PID=409) to work on /home/airflow/.local/lib/python3.8/site-packages/airflow/example_dags/example_branch_python_dop_operator_3.py
[2023-11-25T18:21:56.511+0000] {processor.py:829} INFO - Processing file /home/airflow/.local/lib/python3.8/site-packages/airflow/example_dags/example_branch_python_dop_operator_3.py for tasks to queue
[2023-11-25T18:21:56.513+0000] {logging_mixin.py:154} INFO - [2023-11-25T18:21:56.513+0000] {dagbag.py:536} INFO - Filling up the DagBag from /home/airflow/.local/lib/python3.8/site-packages/airflow/example_dags/example_branch_python_dop_operator_3.py
[2023-11-25T18:21:56.520+0000] {processor.py:839} INFO - DAG(s) dict_keys(['example_branch_dop_operator_v3']) retrieved from /home/airflow/.local/lib/python3.8/site-packages/airflow/example_dags/example_branch_python_dop_operator_3.py
[2023-11-25T18:21:56.538+0000] {logging_mixin.py:154} INFO - [2023-11-25T18:21:56.537+0000] {dag.py:2941} INFO - Sync 1 DAGs
[2023-11-25T18:21:56.562+0000] {logging_mixin.py:154} INFO - [2023-11-25T18:21:56.562+0000] {dag.py:3722} INFO - Setting next_dagrun for example_branch_dop_operator_v3 to 2023-11-25T18:20:00+00:00, run_after=2023-11-25T18:21:00+00:00
[2023-11-25T18:21:56.577+0000] {processor.py:179} INFO - Processing /home/airflow/.local/lib/python3.8/site-packages/airflow/example_dags/example_branch_python_dop_operator_3.py took 0.069 seconds
[2023-11-25T18:22:27.318+0000] {processor.py:157} INFO - Started process (PID=463) to work on /home/airflow/.local/lib/python3.8/site-packages/airflow/example_dags/example_branch_python_dop_operator_3.py
[2023-11-25T18:22:27.318+0000] {processor.py:829} INFO - Processing file /home/airflow/.local/lib/python3.8/site-packages/airflow/example_dags/example_branch_python_dop_operator_3.py for tasks to queue
[2023-11-25T18:22:27.320+0000] {logging_mixin.py:154} INFO - [2023-11-25T18:22:27.320+0000] {dagbag.py:536} INFO - Filling up the DagBag from /home/airflow/.local/lib/python3.8/site-packages/airflow/example_dags/example_branch_python_dop_operator_3.py
[2023-11-25T18:22:27.329+0000] {processor.py:839} INFO - DAG(s) dict_keys(['example_branch_dop_operator_v3']) retrieved from /home/airflow/.local/lib/python3.8/site-packages/airflow/example_dags/example_branch_python_dop_operator_3.py
[2023-11-25T18:22:27.348+0000] {logging_mixin.py:154} INFO - [2023-11-25T18:22:27.347+0000] {dag.py:2941} INFO - Sync 1 DAGs
[2023-11-25T18:22:27.377+0000] {logging_mixin.py:154} INFO - [2023-11-25T18:22:27.377+0000] {dag.py:3722} INFO - Setting next_dagrun for example_branch_dop_operator_v3 to 2023-11-25T18:21:00+00:00, run_after=2023-11-25T18:22:00+00:00
[2023-11-25T18:22:27.399+0000] {processor.py:179} INFO - Processing /home/airflow/.local/lib/python3.8/site-packages/airflow/example_dags/example_branch_python_dop_operator_3.py took 0.084 seconds
[2023-11-25T18:22:58.208+0000] {processor.py:157} INFO - Started process (PID=517) to work on /home/airflow/.local/lib/python3.8/site-packages/airflow/example_dags/example_branch_python_dop_operator_3.py
[2023-11-25T18:22:58.208+0000] {processor.py:829} INFO - Processing file /home/airflow/.local/lib/python3.8/site-packages/airflow/example_dags/example_branch_python_dop_operator_3.py for tasks to queue
[2023-11-25T18:22:58.210+0000] {logging_mixin.py:154} INFO - [2023-11-25T18:22:58.210+0000] {dagbag.py:536} INFO - Filling up the DagBag from /home/airflow/.local/lib/python3.8/site-packages/airflow/example_dags/example_branch_python_dop_operator_3.py
[2023-11-25T18:22:58.217+0000] {processor.py:839} INFO - DAG(s) dict_keys(['example_branch_dop_operator_v3']) retrieved from /home/airflow/.local/lib/python3.8/site-packages/airflow/example_dags/example_branch_python_dop_operator_3.py
[2023-11-25T18:22:58.234+0000] {logging_mixin.py:154} INFO - [2023-11-25T18:22:58.234+0000] {dag.py:2941} INFO - Sync 1 DAGs
[2023-11-25T18:22:58.260+0000] {logging_mixin.py:154} INFO - [2023-11-25T18:22:58.260+0000] {dag.py:3722} INFO - Setting next_dagrun for example_branch_dop_operator_v3 to 2023-11-25T18:21:00+00:00, run_after=2023-11-25T18:22:00+00:00
[2023-11-25T18:22:58.278+0000] {processor.py:179} INFO - Processing /home/airflow/.local/lib/python3.8/site-packages/airflow/example_dags/example_branch_python_dop_operator_3.py took 0.073 seconds
[2023-11-25T18:23:28.630+0000] {processor.py:157} INFO - Started process (PID=571) to work on /home/airflow/.local/lib/python3.8/site-packages/airflow/example_dags/example_branch_python_dop_operator_3.py
[2023-11-25T18:23:28.631+0000] {processor.py:829} INFO - Processing file /home/airflow/.local/lib/python3.8/site-packages/airflow/example_dags/example_branch_python_dop_operator_3.py for tasks to queue
[2023-11-25T18:23:28.632+0000] {logging_mixin.py:154} INFO - [2023-11-25T18:23:28.632+0000] {dagbag.py:536} INFO - Filling up the DagBag from /home/airflow/.local/lib/python3.8/site-packages/airflow/example_dags/example_branch_python_dop_operator_3.py
[2023-11-25T18:23:28.640+0000] {processor.py:839} INFO - DAG(s) dict_keys(['example_branch_dop_operator_v3']) retrieved from /home/airflow/.local/lib/python3.8/site-packages/airflow/example_dags/example_branch_python_dop_operator_3.py
[2023-11-25T18:23:28.658+0000] {logging_mixin.py:154} INFO - [2023-11-25T18:23:28.658+0000] {dag.py:2941} INFO - Sync 1 DAGs
[2023-11-25T18:23:28.686+0000] {logging_mixin.py:154} INFO - [2023-11-25T18:23:28.686+0000] {dag.py:3722} INFO - Setting next_dagrun for example_branch_dop_operator_v3 to 2023-11-25T18:22:00+00:00, run_after=2023-11-25T18:23:00+00:00
[2023-11-25T18:23:28.706+0000] {processor.py:179} INFO - Processing /home/airflow/.local/lib/python3.8/site-packages/airflow/example_dags/example_branch_python_dop_operator_3.py took 0.079 seconds
[2023-11-25T18:23:59.426+0000] {processor.py:157} INFO - Started process (PID=625) to work on /home/airflow/.local/lib/python3.8/site-packages/airflow/example_dags/example_branch_python_dop_operator_3.py
[2023-11-25T18:23:59.427+0000] {processor.py:829} INFO - Processing file /home/airflow/.local/lib/python3.8/site-packages/airflow/example_dags/example_branch_python_dop_operator_3.py for tasks to queue
[2023-11-25T18:23:59.429+0000] {logging_mixin.py:154} INFO - [2023-11-25T18:23:59.429+0000] {dagbag.py:536} INFO - Filling up the DagBag from /home/airflow/.local/lib/python3.8/site-packages/airflow/example_dags/example_branch_python_dop_operator_3.py
[2023-11-25T18:23:59.439+0000] {processor.py:839} INFO - DAG(s) dict_keys(['example_branch_dop_operator_v3']) retrieved from /home/airflow/.local/lib/python3.8/site-packages/airflow/example_dags/example_branch_python_dop_operator_3.py
[2023-11-25T18:23:59.460+0000] {logging_mixin.py:154} INFO - [2023-11-25T18:23:59.459+0000] {dag.py:2941} INFO - Sync 1 DAGs
[2023-11-25T18:23:59.492+0000] {logging_mixin.py:154} INFO - [2023-11-25T18:23:59.492+0000] {dag.py:3722} INFO - Setting next_dagrun for example_branch_dop_operator_v3 to 2023-11-25T18:22:00+00:00, run_after=2023-11-25T18:23:00+00:00
[2023-11-25T18:23:59.511+0000] {processor.py:179} INFO - Processing /home/airflow/.local/lib/python3.8/site-packages/airflow/example_dags/example_branch_python_dop_operator_3.py took 0.087 seconds
[2023-11-25T18:24:30.480+0000] {processor.py:157} INFO - Started process (PID=679) to work on /home/airflow/.local/lib/python3.8/site-packages/airflow/example_dags/example_branch_python_dop_operator_3.py
[2023-11-25T18:24:30.481+0000] {processor.py:829} INFO - Processing file /home/airflow/.local/lib/python3.8/site-packages/airflow/example_dags/example_branch_python_dop_operator_3.py for tasks to queue
[2023-11-25T18:24:30.483+0000] {logging_mixin.py:154} INFO - [2023-11-25T18:24:30.483+0000] {dagbag.py:536} INFO - Filling up the DagBag from /home/airflow/.local/lib/python3.8/site-packages/airflow/example_dags/example_branch_python_dop_operator_3.py
[2023-11-25T18:24:30.491+0000] {processor.py:839} INFO - DAG(s) dict_keys(['example_branch_dop_operator_v3']) retrieved from /home/airflow/.local/lib/python3.8/site-packages/airflow/example_dags/example_branch_python_dop_operator_3.py
[2023-11-25T18:24:30.510+0000] {logging_mixin.py:154} INFO - [2023-11-25T18:24:30.509+0000] {dag.py:2941} INFO - Sync 1 DAGs
[2023-11-25T18:24:30.538+0000] {logging_mixin.py:154} INFO - [2023-11-25T18:24:30.538+0000] {dag.py:3722} INFO - Setting next_dagrun for example_branch_dop_operator_v3 to 2023-11-25T18:23:00+00:00, run_after=2023-11-25T18:24:00+00:00
[2023-11-25T18:24:30.559+0000] {processor.py:179} INFO - Processing /home/airflow/.local/lib/python3.8/site-packages/airflow/example_dags/example_branch_python_dop_operator_3.py took 0.081 seconds
[2023-11-25T18:25:01.073+0000] {processor.py:157} INFO - Started process (PID=736) to work on /home/airflow/.local/lib/python3.8/site-packages/airflow/example_dags/example_branch_python_dop_operator_3.py
[2023-11-25T18:25:01.074+0000] {processor.py:829} INFO - Processing file /home/airflow/.local/lib/python3.8/site-packages/airflow/example_dags/example_branch_python_dop_operator_3.py for tasks to queue
[2023-11-25T18:25:01.076+0000] {logging_mixin.py:154} INFO - [2023-11-25T18:25:01.076+0000] {dagbag.py:536} INFO - Filling up the DagBag from /home/airflow/.local/lib/python3.8/site-packages/airflow/example_dags/example_branch_python_dop_operator_3.py
[2023-11-25T18:25:01.084+0000] {processor.py:839} INFO - DAG(s) dict_keys(['example_branch_dop_operator_v3']) retrieved from /home/airflow/.local/lib/python3.8/site-packages/airflow/example_dags/example_branch_python_dop_operator_3.py
[2023-11-25T18:25:01.104+0000] {logging_mixin.py:154} INFO - [2023-11-25T18:25:01.104+0000] {dag.py:2941} INFO - Sync 1 DAGs
[2023-11-25T18:25:01.130+0000] {logging_mixin.py:154} INFO - [2023-11-25T18:25:01.130+0000] {dag.py:3722} INFO - Setting next_dagrun for example_branch_dop_operator_v3 to 2023-11-25T18:24:00+00:00, run_after=2023-11-25T18:25:00+00:00
[2023-11-25T18:25:01.149+0000] {processor.py:179} INFO - Processing /home/airflow/.local/lib/python3.8/site-packages/airflow/example_dags/example_branch_python_dop_operator_3.py took 0.078 seconds
[2023-11-25T18:25:32.458+0000] {processor.py:157} INFO - Started process (PID=788) to work on /home/airflow/.local/lib/python3.8/site-packages/airflow/example_dags/example_branch_python_dop_operator_3.py
[2023-11-25T18:25:32.459+0000] {processor.py:829} INFO - Processing file /home/airflow/.local/lib/python3.8/site-packages/airflow/example_dags/example_branch_python_dop_operator_3.py for tasks to queue
[2023-11-25T18:25:32.464+0000] {logging_mixin.py:154} INFO - [2023-11-25T18:25:32.464+0000] {dagbag.py:536} INFO - Filling up the DagBag from /home/airflow/.local/lib/python3.8/site-packages/airflow/example_dags/example_branch_python_dop_operator_3.py
[2023-11-25T18:25:32.475+0000] {processor.py:839} INFO - DAG(s) dict_keys(['example_branch_dop_operator_v3']) retrieved from /home/airflow/.local/lib/python3.8/site-packages/airflow/example_dags/example_branch_python_dop_operator_3.py
[2023-11-25T18:25:32.513+0000] {logging_mixin.py:154} INFO - [2023-11-25T18:25:32.512+0000] {dag.py:2941} INFO - Sync 1 DAGs
[2023-11-25T18:25:32.564+0000] {logging_mixin.py:154} INFO - [2023-11-25T18:25:32.564+0000] {dag.py:3722} INFO - Setting next_dagrun for example_branch_dop_operator_v3 to 2023-11-25T18:24:00+00:00, run_after=2023-11-25T18:25:00+00:00
[2023-11-25T18:25:32.608+0000] {processor.py:179} INFO - Processing /home/airflow/.local/lib/python3.8/site-packages/airflow/example_dags/example_branch_python_dop_operator_3.py took 0.154 seconds
[2023-11-25T18:26:02.889+0000] {processor.py:157} INFO - Started process (PID=842) to work on /home/airflow/.local/lib/python3.8/site-packages/airflow/example_dags/example_branch_python_dop_operator_3.py
[2023-11-25T18:26:02.890+0000] {processor.py:829} INFO - Processing file /home/airflow/.local/lib/python3.8/site-packages/airflow/example_dags/example_branch_python_dop_operator_3.py for tasks to queue
[2023-11-25T18:26:02.892+0000] {logging_mixin.py:154} INFO - [2023-11-25T18:26:02.892+0000] {dagbag.py:536} INFO - Filling up the DagBag from /home/airflow/.local/lib/python3.8/site-packages/airflow/example_dags/example_branch_python_dop_operator_3.py
[2023-11-25T18:26:02.899+0000] {processor.py:839} INFO - DAG(s) dict_keys(['example_branch_dop_operator_v3']) retrieved from /home/airflow/.local/lib/python3.8/site-packages/airflow/example_dags/example_branch_python_dop_operator_3.py
[2023-11-25T18:26:02.917+0000] {logging_mixin.py:154} INFO - [2023-11-25T18:26:02.917+0000] {dag.py:2941} INFO - Sync 1 DAGs
[2023-11-25T18:26:02.942+0000] {logging_mixin.py:154} INFO - [2023-11-25T18:26:02.942+0000] {dag.py:3722} INFO - Setting next_dagrun for example_branch_dop_operator_v3 to 2023-11-25T18:25:00+00:00, run_after=2023-11-25T18:26:00+00:00
[2023-11-25T18:26:02.960+0000] {processor.py:179} INFO - Processing /home/airflow/.local/lib/python3.8/site-packages/airflow/example_dags/example_branch_python_dop_operator_3.py took 0.073 seconds
[2023-11-25T18:26:33.577+0000] {processor.py:157} INFO - Started process (PID=896) to work on /home/airflow/.local/lib/python3.8/site-packages/airflow/example_dags/example_branch_python_dop_operator_3.py
[2023-11-25T18:26:33.578+0000] {processor.py:829} INFO - Processing file /home/airflow/.local/lib/python3.8/site-packages/airflow/example_dags/example_branch_python_dop_operator_3.py for tasks to queue
[2023-11-25T18:26:33.580+0000] {logging_mixin.py:154} INFO - [2023-11-25T18:26:33.579+0000] {dagbag.py:536} INFO - Filling up the DagBag from /home/airflow/.local/lib/python3.8/site-packages/airflow/example_dags/example_branch_python_dop_operator_3.py
[2023-11-25T18:26:33.588+0000] {processor.py:839} INFO - DAG(s) dict_keys(['example_branch_dop_operator_v3']) retrieved from /home/airflow/.local/lib/python3.8/site-packages/airflow/example_dags/example_branch_python_dop_operator_3.py
[2023-11-25T18:26:33.608+0000] {logging_mixin.py:154} INFO - [2023-11-25T18:26:33.607+0000] {dag.py:2941} INFO - Sync 1 DAGs
[2023-11-25T18:26:33.635+0000] {logging_mixin.py:154} INFO - [2023-11-25T18:26:33.635+0000] {dag.py:3722} INFO - Setting next_dagrun for example_branch_dop_operator_v3 to 2023-11-25T18:25:00+00:00, run_after=2023-11-25T18:26:00+00:00
[2023-11-25T18:26:33.655+0000] {processor.py:179} INFO - Processing /home/airflow/.local/lib/python3.8/site-packages/airflow/example_dags/example_branch_python_dop_operator_3.py took 0.081 seconds
[2023-11-25T18:27:04.113+0000] {processor.py:157} INFO - Started process (PID=950) to work on /home/airflow/.local/lib/python3.8/site-packages/airflow/example_dags/example_branch_python_dop_operator_3.py
[2023-11-25T18:27:04.114+0000] {processor.py:829} INFO - Processing file /home/airflow/.local/lib/python3.8/site-packages/airflow/example_dags/example_branch_python_dop_operator_3.py for tasks to queue
[2023-11-25T18:27:04.115+0000] {logging_mixin.py:154} INFO - [2023-11-25T18:27:04.115+0000] {dagbag.py:536} INFO - Filling up the DagBag from /home/airflow/.local/lib/python3.8/site-packages/airflow/example_dags/example_branch_python_dop_operator_3.py
[2023-11-25T18:27:04.122+0000] {processor.py:839} INFO - DAG(s) dict_keys(['example_branch_dop_operator_v3']) retrieved from /home/airflow/.local/lib/python3.8/site-packages/airflow/example_dags/example_branch_python_dop_operator_3.py
[2023-11-25T18:27:04.138+0000] {logging_mixin.py:154} INFO - [2023-11-25T18:27:04.137+0000] {dag.py:2941} INFO - Sync 1 DAGs
[2023-11-25T18:27:04.160+0000] {logging_mixin.py:154} INFO - [2023-11-25T18:27:04.160+0000] {dag.py:3722} INFO - Setting next_dagrun for example_branch_dop_operator_v3 to 2023-11-25T18:26:00+00:00, run_after=2023-11-25T18:27:00+00:00
[2023-11-25T18:27:04.177+0000] {processor.py:179} INFO - Processing /home/airflow/.local/lib/python3.8/site-packages/airflow/example_dags/example_branch_python_dop_operator_3.py took 0.066 seconds
[2023-11-25T18:27:34.934+0000] {processor.py:157} INFO - Started process (PID=1004) to work on /home/airflow/.local/lib/python3.8/site-packages/airflow/example_dags/example_branch_python_dop_operator_3.py
[2023-11-25T18:27:34.934+0000] {processor.py:829} INFO - Processing file /home/airflow/.local/lib/python3.8/site-packages/airflow/example_dags/example_branch_python_dop_operator_3.py for tasks to queue
[2023-11-25T18:27:34.936+0000] {logging_mixin.py:154} INFO - [2023-11-25T18:27:34.936+0000] {dagbag.py:536} INFO - Filling up the DagBag from /home/airflow/.local/lib/python3.8/site-packages/airflow/example_dags/example_branch_python_dop_operator_3.py
[2023-11-25T18:27:34.943+0000] {processor.py:839} INFO - DAG(s) dict_keys(['example_branch_dop_operator_v3']) retrieved from /home/airflow/.local/lib/python3.8/site-packages/airflow/example_dags/example_branch_python_dop_operator_3.py
[2023-11-25T18:27:34.961+0000] {logging_mixin.py:154} INFO - [2023-11-25T18:27:34.960+0000] {dag.py:2941} INFO - Sync 1 DAGs
[2023-11-25T18:27:34.987+0000] {logging_mixin.py:154} INFO - [2023-11-25T18:27:34.987+0000] {dag.py:3722} INFO - Setting next_dagrun for example_branch_dop_operator_v3 to 2023-11-25T18:26:00+00:00, run_after=2023-11-25T18:27:00+00:00
[2023-11-25T18:27:35.006+0000] {processor.py:179} INFO - Processing /home/airflow/.local/lib/python3.8/site-packages/airflow/example_dags/example_branch_python_dop_operator_3.py took 0.075 seconds
[2023-11-25T18:28:05.712+0000] {processor.py:157} INFO - Started process (PID=1058) to work on /home/airflow/.local/lib/python3.8/site-packages/airflow/example_dags/example_branch_python_dop_operator_3.py
[2023-11-25T18:28:05.712+0000] {processor.py:829} INFO - Processing file /home/airflow/.local/lib/python3.8/site-packages/airflow/example_dags/example_branch_python_dop_operator_3.py for tasks to queue
[2023-11-25T18:28:05.714+0000] {logging_mixin.py:154} INFO - [2023-11-25T18:28:05.714+0000] {dagbag.py:536} INFO - Filling up the DagBag from /home/airflow/.local/lib/python3.8/site-packages/airflow/example_dags/example_branch_python_dop_operator_3.py
[2023-11-25T18:28:05.721+0000] {processor.py:839} INFO - DAG(s) dict_keys(['example_branch_dop_operator_v3']) retrieved from /home/airflow/.local/lib/python3.8/site-packages/airflow/example_dags/example_branch_python_dop_operator_3.py
[2023-11-25T18:28:05.740+0000] {logging_mixin.py:154} INFO - [2023-11-25T18:28:05.740+0000] {dag.py:2941} INFO - Sync 1 DAGs
[2023-11-25T18:28:05.765+0000] {logging_mixin.py:154} INFO - [2023-11-25T18:28:05.764+0000] {dag.py:3722} INFO - Setting next_dagrun for example_branch_dop_operator_v3 to 2023-11-25T18:27:00+00:00, run_after=2023-11-25T18:28:00+00:00
[2023-11-25T18:28:05.783+0000] {processor.py:179} INFO - Processing /home/airflow/.local/lib/python3.8/site-packages/airflow/example_dags/example_branch_python_dop_operator_3.py took 0.074 seconds
[2023-11-25T18:28:36.201+0000] {processor.py:157} INFO - Started process (PID=1119) to work on /home/airflow/.local/lib/python3.8/site-packages/airflow/example_dags/example_branch_python_dop_operator_3.py
[2023-11-25T18:28:36.202+0000] {processor.py:829} INFO - Processing file /home/airflow/.local/lib/python3.8/site-packages/airflow/example_dags/example_branch_python_dop_operator_3.py for tasks to queue
[2023-11-25T18:28:36.204+0000] {logging_mixin.py:154} INFO - [2023-11-25T18:28:36.204+0000] {dagbag.py:536} INFO - Filling up the DagBag from /home/airflow/.local/lib/python3.8/site-packages/airflow/example_dags/example_branch_python_dop_operator_3.py
[2023-11-25T18:28:36.212+0000] {processor.py:839} INFO - DAG(s) dict_keys(['example_branch_dop_operator_v3']) retrieved from /home/airflow/.local/lib/python3.8/site-packages/airflow/example_dags/example_branch_python_dop_operator_3.py
[2023-11-25T18:28:36.230+0000] {logging_mixin.py:154} INFO - [2023-11-25T18:28:36.230+0000] {dag.py:2941} INFO - Sync 1 DAGs
[2023-11-25T18:28:36.254+0000] {logging_mixin.py:154} INFO - [2023-11-25T18:28:36.254+0000] {dag.py:3722} INFO - Setting next_dagrun for example_branch_dop_operator_v3 to 2023-11-25T18:27:00+00:00, run_after=2023-11-25T18:28:00+00:00
[2023-11-25T18:28:36.408+0000] {processor.py:179} INFO - Processing /home/airflow/.local/lib/python3.8/site-packages/airflow/example_dags/example_branch_python_dop_operator_3.py took 0.210 seconds
[2023-11-25T18:29:07.178+0000] {processor.py:157} INFO - Started process (PID=1173) to work on /home/airflow/.local/lib/python3.8/site-packages/airflow/example_dags/example_branch_python_dop_operator_3.py
[2023-11-25T18:29:07.179+0000] {processor.py:829} INFO - Processing file /home/airflow/.local/lib/python3.8/site-packages/airflow/example_dags/example_branch_python_dop_operator_3.py for tasks to queue
[2023-11-25T18:29:07.183+0000] {logging_mixin.py:154} INFO - [2023-11-25T18:29:07.183+0000] {dagbag.py:536} INFO - Filling up the DagBag from /home/airflow/.local/lib/python3.8/site-packages/airflow/example_dags/example_branch_python_dop_operator_3.py
[2023-11-25T18:29:07.194+0000] {processor.py:839} INFO - DAG(s) dict_keys(['example_branch_dop_operator_v3']) retrieved from /home/airflow/.local/lib/python3.8/site-packages/airflow/example_dags/example_branch_python_dop_operator_3.py
[2023-11-25T18:29:07.214+0000] {logging_mixin.py:154} INFO - [2023-11-25T18:29:07.214+0000] {dag.py:2941} INFO - Sync 1 DAGs
[2023-11-25T18:29:07.247+0000] {logging_mixin.py:154} INFO - [2023-11-25T18:29:07.246+0000] {dag.py:3722} INFO - Setting next_dagrun for example_branch_dop_operator_v3 to 2023-11-25T18:28:00+00:00, run_after=2023-11-25T18:29:00+00:00
[2023-11-25T18:29:07.267+0000] {processor.py:179} INFO - Processing /home/airflow/.local/lib/python3.8/site-packages/airflow/example_dags/example_branch_python_dop_operator_3.py took 0.093 seconds
[2023-11-25T18:29:40.104+0000] {processor.py:157} INFO - Started process (PID=1227) to work on /home/airflow/.local/lib/python3.8/site-packages/airflow/example_dags/example_branch_python_dop_operator_3.py
[2023-11-25T18:29:40.105+0000] {processor.py:829} INFO - Processing file /home/airflow/.local/lib/python3.8/site-packages/airflow/example_dags/example_branch_python_dop_operator_3.py for tasks to queue
[2023-11-25T18:29:40.107+0000] {logging_mixin.py:154} INFO - [2023-11-25T18:29:40.107+0000] {dagbag.py:536} INFO - Filling up the DagBag from /home/airflow/.local/lib/python3.8/site-packages/airflow/example_dags/example_branch_python_dop_operator_3.py
[2023-11-25T18:29:40.121+0000] {processor.py:839} INFO - DAG(s) dict_keys(['example_branch_dop_operator_v3']) retrieved from /home/airflow/.local/lib/python3.8/site-packages/airflow/example_dags/example_branch_python_dop_operator_3.py
[2023-11-25T18:29:40.145+0000] {logging_mixin.py:154} INFO - [2023-11-25T18:29:40.144+0000] {dag.py:2941} INFO - Sync 1 DAGs
[2023-11-25T18:29:40.183+0000] {logging_mixin.py:154} INFO - [2023-11-25T18:29:40.182+0000] {dag.py:3722} INFO - Setting next_dagrun for example_branch_dop_operator_v3 to 2023-11-25T18:28:00+00:00, run_after=2023-11-25T18:29:00+00:00
[2023-11-25T18:29:40.208+0000] {processor.py:179} INFO - Processing /home/airflow/.local/lib/python3.8/site-packages/airflow/example_dags/example_branch_python_dop_operator_3.py took 0.108 seconds
[2023-11-25T18:30:10.336+0000] {processor.py:157} INFO - Started process (PID=1281) to work on /home/airflow/.local/lib/python3.8/site-packages/airflow/example_dags/example_branch_python_dop_operator_3.py
[2023-11-25T18:30:10.337+0000] {processor.py:829} INFO - Processing file /home/airflow/.local/lib/python3.8/site-packages/airflow/example_dags/example_branch_python_dop_operator_3.py for tasks to queue
[2023-11-25T18:30:10.339+0000] {logging_mixin.py:154} INFO - [2023-11-25T18:30:10.339+0000] {dagbag.py:536} INFO - Filling up the DagBag from /home/airflow/.local/lib/python3.8/site-packages/airflow/example_dags/example_branch_python_dop_operator_3.py
[2023-11-25T18:30:10.350+0000] {processor.py:839} INFO - DAG(s) dict_keys(['example_branch_dop_operator_v3']) retrieved from /home/airflow/.local/lib/python3.8/site-packages/airflow/example_dags/example_branch_python_dop_operator_3.py
[2023-11-25T18:30:10.375+0000] {logging_mixin.py:154} INFO - [2023-11-25T18:30:10.375+0000] {dag.py:2941} INFO - Sync 1 DAGs
[2023-11-25T18:30:10.410+0000] {logging_mixin.py:154} INFO - [2023-11-25T18:30:10.410+0000] {dag.py:3722} INFO - Setting next_dagrun for example_branch_dop_operator_v3 to 2023-11-25T18:29:00+00:00, run_after=2023-11-25T18:30:00+00:00
[2023-11-25T18:30:10.439+0000] {processor.py:179} INFO - Processing /home/airflow/.local/lib/python3.8/site-packages/airflow/example_dags/example_branch_python_dop_operator_3.py took 0.107 seconds
[2023-11-25T18:30:41.231+0000] {processor.py:157} INFO - Started process (PID=1336) to work on /home/airflow/.local/lib/python3.8/site-packages/airflow/example_dags/example_branch_python_dop_operator_3.py
[2023-11-25T18:30:41.232+0000] {processor.py:829} INFO - Processing file /home/airflow/.local/lib/python3.8/site-packages/airflow/example_dags/example_branch_python_dop_operator_3.py for tasks to queue
[2023-11-25T18:30:41.237+0000] {logging_mixin.py:154} INFO - [2023-11-25T18:30:41.236+0000] {dagbag.py:536} INFO - Filling up the DagBag from /home/airflow/.local/lib/python3.8/site-packages/airflow/example_dags/example_branch_python_dop_operator_3.py
[2023-11-25T18:30:41.250+0000] {processor.py:839} INFO - DAG(s) dict_keys(['example_branch_dop_operator_v3']) retrieved from /home/airflow/.local/lib/python3.8/site-packages/airflow/example_dags/example_branch_python_dop_operator_3.py
[2023-11-25T18:30:41.280+0000] {logging_mixin.py:154} INFO - [2023-11-25T18:30:41.280+0000] {dag.py:2941} INFO - Sync 1 DAGs
[2023-11-25T18:30:41.331+0000] {logging_mixin.py:154} INFO - [2023-11-25T18:30:41.331+0000] {dag.py:3722} INFO - Setting next_dagrun for example_branch_dop_operator_v3 to 2023-11-25T18:29:00+00:00, run_after=2023-11-25T18:30:00+00:00
[2023-11-25T18:30:41.361+0000] {processor.py:179} INFO - Processing /home/airflow/.local/lib/python3.8/site-packages/airflow/example_dags/example_branch_python_dop_operator_3.py took 0.135 seconds
[2023-11-25T18:31:12.052+0000] {processor.py:157} INFO - Started process (PID=1390) to work on /home/airflow/.local/lib/python3.8/site-packages/airflow/example_dags/example_branch_python_dop_operator_3.py
[2023-11-25T18:31:12.055+0000] {processor.py:829} INFO - Processing file /home/airflow/.local/lib/python3.8/site-packages/airflow/example_dags/example_branch_python_dop_operator_3.py for tasks to queue
[2023-11-25T18:31:12.058+0000] {logging_mixin.py:154} INFO - [2023-11-25T18:31:12.057+0000] {dagbag.py:536} INFO - Filling up the DagBag from /home/airflow/.local/lib/python3.8/site-packages/airflow/example_dags/example_branch_python_dop_operator_3.py
[2023-11-25T18:31:12.067+0000] {processor.py:839} INFO - DAG(s) dict_keys(['example_branch_dop_operator_v3']) retrieved from /home/airflow/.local/lib/python3.8/site-packages/airflow/example_dags/example_branch_python_dop_operator_3.py
[2023-11-25T18:31:12.093+0000] {logging_mixin.py:154} INFO - [2023-11-25T18:31:12.092+0000] {dag.py:2941} INFO - Sync 1 DAGs
[2023-11-25T18:31:12.126+0000] {logging_mixin.py:154} INFO - [2023-11-25T18:31:12.126+0000] {dag.py:3722} INFO - Setting next_dagrun for example_branch_dop_operator_v3 to 2023-11-25T18:30:00+00:00, run_after=2023-11-25T18:31:00+00:00
[2023-11-25T18:31:12.431+0000] {processor.py:179} INFO - Processing /home/airflow/.local/lib/python3.8/site-packages/airflow/example_dags/example_branch_python_dop_operator_3.py took 0.382 seconds
[2023-11-25T18:31:43.169+0000] {processor.py:157} INFO - Started process (PID=1444) to work on /home/airflow/.local/lib/python3.8/site-packages/airflow/example_dags/example_branch_python_dop_operator_3.py
[2023-11-25T18:31:43.171+0000] {processor.py:829} INFO - Processing file /home/airflow/.local/lib/python3.8/site-packages/airflow/example_dags/example_branch_python_dop_operator_3.py for tasks to queue
[2023-11-25T18:31:43.173+0000] {logging_mixin.py:154} INFO - [2023-11-25T18:31:43.172+0000] {dagbag.py:536} INFO - Filling up the DagBag from /home/airflow/.local/lib/python3.8/site-packages/airflow/example_dags/example_branch_python_dop_operator_3.py
[2023-11-25T18:31:43.187+0000] {processor.py:839} INFO - DAG(s) dict_keys(['example_branch_dop_operator_v3']) retrieved from /home/airflow/.local/lib/python3.8/site-packages/airflow/example_dags/example_branch_python_dop_operator_3.py
[2023-11-25T18:31:43.214+0000] {logging_mixin.py:154} INFO - [2023-11-25T18:31:43.214+0000] {dag.py:2941} INFO - Sync 1 DAGs
[2023-11-25T18:31:43.252+0000] {logging_mixin.py:154} INFO - [2023-11-25T18:31:43.252+0000] {dag.py:3722} INFO - Setting next_dagrun for example_branch_dop_operator_v3 to 2023-11-25T18:30:00+00:00, run_after=2023-11-25T18:31:00+00:00
[2023-11-25T18:31:43.284+0000] {processor.py:179} INFO - Processing /home/airflow/.local/lib/python3.8/site-packages/airflow/example_dags/example_branch_python_dop_operator_3.py took 0.118 seconds
[2023-11-25T18:32:14.534+0000] {processor.py:157} INFO - Started process (PID=1498) to work on /home/airflow/.local/lib/python3.8/site-packages/airflow/example_dags/example_branch_python_dop_operator_3.py
[2023-11-25T18:32:14.538+0000] {processor.py:829} INFO - Processing file /home/airflow/.local/lib/python3.8/site-packages/airflow/example_dags/example_branch_python_dop_operator_3.py for tasks to queue
[2023-11-25T18:32:14.541+0000] {logging_mixin.py:154} INFO - [2023-11-25T18:32:14.540+0000] {dagbag.py:536} INFO - Filling up the DagBag from /home/airflow/.local/lib/python3.8/site-packages/airflow/example_dags/example_branch_python_dop_operator_3.py
[2023-11-25T18:32:14.552+0000] {processor.py:839} INFO - DAG(s) dict_keys(['example_branch_dop_operator_v3']) retrieved from /home/airflow/.local/lib/python3.8/site-packages/airflow/example_dags/example_branch_python_dop_operator_3.py
[2023-11-25T18:32:14.579+0000] {logging_mixin.py:154} INFO - [2023-11-25T18:32:14.578+0000] {dag.py:2941} INFO - Sync 1 DAGs
[2023-11-25T18:32:14.858+0000] {logging_mixin.py:154} INFO - [2023-11-25T18:32:14.858+0000] {dag.py:3722} INFO - Setting next_dagrun for example_branch_dop_operator_v3 to 2023-11-25T18:31:00+00:00, run_after=2023-11-25T18:32:00+00:00
[2023-11-25T18:32:14.881+0000] {processor.py:179} INFO - Processing /home/airflow/.local/lib/python3.8/site-packages/airflow/example_dags/example_branch_python_dop_operator_3.py took 0.351 seconds
