[2023-11-25T18:18:52.643+0000] {processor.py:157} INFO - Started process (PID=67) to work on /home/airflow/.local/lib/python3.8/site-packages/airflow/example_dags/example_skip_dag.py
[2023-11-25T18:18:52.644+0000] {processor.py:829} INFO - Processing file /home/airflow/.local/lib/python3.8/site-packages/airflow/example_dags/example_skip_dag.py for tasks to queue
[2023-11-25T18:18:52.646+0000] {logging_mixin.py:154} INFO - [2023-11-25T18:18:52.646+0000] {dagbag.py:536} INFO - Filling up the DagBag from /home/airflow/.local/lib/python3.8/site-packages/airflow/example_dags/example_skip_dag.py
[2023-11-25T18:18:52.660+0000] {processor.py:839} INFO - DAG(s) dict_keys(['example_skip_dag']) retrieved from /home/airflow/.local/lib/python3.8/site-packages/airflow/example_dags/example_skip_dag.py
[2023-11-25T18:18:52.683+0000] {logging_mixin.py:154} INFO - [2023-11-25T18:18:52.683+0000] {dag.py:2941} INFO - Sync 1 DAGs
[2023-11-25T18:18:52.734+0000] {logging_mixin.py:154} INFO - [2023-11-25T18:18:52.733+0000] {dag.py:3722} INFO - Setting next_dagrun for example_skip_dag to 2023-11-24T18:18:52.733482+00:00, run_after=2023-11-25T18:18:52.733482+00:00
[2023-11-25T18:18:52.764+0000] {processor.py:179} INFO - Processing /home/airflow/.local/lib/python3.8/site-packages/airflow/example_dags/example_skip_dag.py took 0.124 seconds
[2023-11-25T18:19:23.673+0000] {processor.py:157} INFO - Started process (PID=121) to work on /home/airflow/.local/lib/python3.8/site-packages/airflow/example_dags/example_skip_dag.py
[2023-11-25T18:19:23.674+0000] {processor.py:829} INFO - Processing file /home/airflow/.local/lib/python3.8/site-packages/airflow/example_dags/example_skip_dag.py for tasks to queue
[2023-11-25T18:19:23.675+0000] {logging_mixin.py:154} INFO - [2023-11-25T18:19:23.675+0000] {dagbag.py:536} INFO - Filling up the DagBag from /home/airflow/.local/lib/python3.8/site-packages/airflow/example_dags/example_skip_dag.py
[2023-11-25T18:19:23.680+0000] {processor.py:839} INFO - DAG(s) dict_keys(['example_skip_dag']) retrieved from /home/airflow/.local/lib/python3.8/site-packages/airflow/example_dags/example_skip_dag.py
[2023-11-25T18:19:23.696+0000] {logging_mixin.py:154} INFO - [2023-11-25T18:19:23.696+0000] {dag.py:2941} INFO - Sync 1 DAGs
[2023-11-25T18:19:23.714+0000] {logging_mixin.py:154} INFO - [2023-11-25T18:19:23.713+0000] {dag.py:3722} INFO - Setting next_dagrun for example_skip_dag to 2023-11-24T18:19:23.713614+00:00, run_after=2023-11-25T18:19:23.713614+00:00
[2023-11-25T18:19:23.728+0000] {processor.py:179} INFO - Processing /home/airflow/.local/lib/python3.8/site-packages/airflow/example_dags/example_skip_dag.py took 0.057 seconds
[2023-11-25T18:19:54.059+0000] {processor.py:157} INFO - Started process (PID=175) to work on /home/airflow/.local/lib/python3.8/site-packages/airflow/example_dags/example_skip_dag.py
[2023-11-25T18:19:54.060+0000] {processor.py:829} INFO - Processing file /home/airflow/.local/lib/python3.8/site-packages/airflow/example_dags/example_skip_dag.py for tasks to queue
[2023-11-25T18:19:54.062+0000] {logging_mixin.py:154} INFO - [2023-11-25T18:19:54.062+0000] {dagbag.py:536} INFO - Filling up the DagBag from /home/airflow/.local/lib/python3.8/site-packages/airflow/example_dags/example_skip_dag.py
[2023-11-25T18:19:54.066+0000] {processor.py:839} INFO - DAG(s) dict_keys(['example_skip_dag']) retrieved from /home/airflow/.local/lib/python3.8/site-packages/airflow/example_dags/example_skip_dag.py
[2023-11-25T18:19:54.083+0000] {logging_mixin.py:154} INFO - [2023-11-25T18:19:54.083+0000] {dag.py:2941} INFO - Sync 1 DAGs
[2023-11-25T18:19:54.100+0000] {logging_mixin.py:154} INFO - [2023-11-25T18:19:54.100+0000] {dag.py:3722} INFO - Setting next_dagrun for example_skip_dag to 2023-11-24T18:19:54.100526+00:00, run_after=2023-11-25T18:19:54.100526+00:00
[2023-11-25T18:19:54.116+0000] {processor.py:179} INFO - Processing /home/airflow/.local/lib/python3.8/site-packages/airflow/example_dags/example_skip_dag.py took 0.059 seconds
[2023-11-25T18:20:24.329+0000] {processor.py:157} INFO - Started process (PID=229) to work on /home/airflow/.local/lib/python3.8/site-packages/airflow/example_dags/example_skip_dag.py
[2023-11-25T18:20:24.330+0000] {processor.py:829} INFO - Processing file /home/airflow/.local/lib/python3.8/site-packages/airflow/example_dags/example_skip_dag.py for tasks to queue
[2023-11-25T18:20:24.331+0000] {logging_mixin.py:154} INFO - [2023-11-25T18:20:24.331+0000] {dagbag.py:536} INFO - Filling up the DagBag from /home/airflow/.local/lib/python3.8/site-packages/airflow/example_dags/example_skip_dag.py
[2023-11-25T18:20:24.336+0000] {processor.py:839} INFO - DAG(s) dict_keys(['example_skip_dag']) retrieved from /home/airflow/.local/lib/python3.8/site-packages/airflow/example_dags/example_skip_dag.py
[2023-11-25T18:20:24.353+0000] {logging_mixin.py:154} INFO - [2023-11-25T18:20:24.352+0000] {dag.py:2941} INFO - Sync 1 DAGs
[2023-11-25T18:20:24.370+0000] {logging_mixin.py:154} INFO - [2023-11-25T18:20:24.369+0000] {dag.py:3722} INFO - Setting next_dagrun for example_skip_dag to 2023-11-24T18:20:24.369654+00:00, run_after=2023-11-25T18:20:24.369654+00:00
[2023-11-25T18:20:24.384+0000] {processor.py:179} INFO - Processing /home/airflow/.local/lib/python3.8/site-packages/airflow/example_dags/example_skip_dag.py took 0.058 seconds
[2023-11-25T18:20:54.657+0000] {processor.py:157} INFO - Started process (PID=283) to work on /home/airflow/.local/lib/python3.8/site-packages/airflow/example_dags/example_skip_dag.py
[2023-11-25T18:20:54.658+0000] {processor.py:829} INFO - Processing file /home/airflow/.local/lib/python3.8/site-packages/airflow/example_dags/example_skip_dag.py for tasks to queue
[2023-11-25T18:20:54.659+0000] {logging_mixin.py:154} INFO - [2023-11-25T18:20:54.659+0000] {dagbag.py:536} INFO - Filling up the DagBag from /home/airflow/.local/lib/python3.8/site-packages/airflow/example_dags/example_skip_dag.py
[2023-11-25T18:20:54.664+0000] {processor.py:839} INFO - DAG(s) dict_keys(['example_skip_dag']) retrieved from /home/airflow/.local/lib/python3.8/site-packages/airflow/example_dags/example_skip_dag.py
[2023-11-25T18:20:54.680+0000] {logging_mixin.py:154} INFO - [2023-11-25T18:20:54.680+0000] {dag.py:2941} INFO - Sync 1 DAGs
[2023-11-25T18:20:54.698+0000] {logging_mixin.py:154} INFO - [2023-11-25T18:20:54.698+0000] {dag.py:3722} INFO - Setting next_dagrun for example_skip_dag to 2023-11-24T18:20:54.698110+00:00, run_after=2023-11-25T18:20:54.698110+00:00
[2023-11-25T18:20:54.713+0000] {processor.py:179} INFO - Processing /home/airflow/.local/lib/python3.8/site-packages/airflow/example_dags/example_skip_dag.py took 0.058 seconds
[2023-11-25T18:21:24.948+0000] {processor.py:157} INFO - Started process (PID=337) to work on /home/airflow/.local/lib/python3.8/site-packages/airflow/example_dags/example_skip_dag.py
[2023-11-25T18:21:24.949+0000] {processor.py:829} INFO - Processing file /home/airflow/.local/lib/python3.8/site-packages/airflow/example_dags/example_skip_dag.py for tasks to queue
[2023-11-25T18:21:24.950+0000] {logging_mixin.py:154} INFO - [2023-11-25T18:21:24.950+0000] {dagbag.py:536} INFO - Filling up the DagBag from /home/airflow/.local/lib/python3.8/site-packages/airflow/example_dags/example_skip_dag.py
[2023-11-25T18:21:24.955+0000] {processor.py:839} INFO - DAG(s) dict_keys(['example_skip_dag']) retrieved from /home/airflow/.local/lib/python3.8/site-packages/airflow/example_dags/example_skip_dag.py
[2023-11-25T18:21:24.971+0000] {logging_mixin.py:154} INFO - [2023-11-25T18:21:24.971+0000] {dag.py:2941} INFO - Sync 1 DAGs
[2023-11-25T18:21:24.989+0000] {logging_mixin.py:154} INFO - [2023-11-25T18:21:24.989+0000] {dag.py:3722} INFO - Setting next_dagrun for example_skip_dag to 2023-11-24T18:21:24.988824+00:00, run_after=2023-11-25T18:21:24.988824+00:00
[2023-11-25T18:21:25.003+0000] {processor.py:179} INFO - Processing /home/airflow/.local/lib/python3.8/site-packages/airflow/example_dags/example_skip_dag.py took 0.057 seconds
[2023-11-25T18:21:55.467+0000] {processor.py:157} INFO - Started process (PID=391) to work on /home/airflow/.local/lib/python3.8/site-packages/airflow/example_dags/example_skip_dag.py
[2023-11-25T18:21:55.468+0000] {processor.py:829} INFO - Processing file /home/airflow/.local/lib/python3.8/site-packages/airflow/example_dags/example_skip_dag.py for tasks to queue
[2023-11-25T18:21:55.470+0000] {logging_mixin.py:154} INFO - [2023-11-25T18:21:55.470+0000] {dagbag.py:536} INFO - Filling up the DagBag from /home/airflow/.local/lib/python3.8/site-packages/airflow/example_dags/example_skip_dag.py
[2023-11-25T18:21:55.475+0000] {processor.py:839} INFO - DAG(s) dict_keys(['example_skip_dag']) retrieved from /home/airflow/.local/lib/python3.8/site-packages/airflow/example_dags/example_skip_dag.py
[2023-11-25T18:21:55.492+0000] {logging_mixin.py:154} INFO - [2023-11-25T18:21:55.492+0000] {dag.py:2941} INFO - Sync 1 DAGs
[2023-11-25T18:21:55.511+0000] {logging_mixin.py:154} INFO - [2023-11-25T18:21:55.511+0000] {dag.py:3722} INFO - Setting next_dagrun for example_skip_dag to 2023-11-24T18:21:55.510854+00:00, run_after=2023-11-25T18:21:55.510854+00:00
[2023-11-25T18:21:55.530+0000] {processor.py:179} INFO - Processing /home/airflow/.local/lib/python3.8/site-packages/airflow/example_dags/example_skip_dag.py took 0.064 seconds
[2023-11-25T18:22:26.429+0000] {processor.py:157} INFO - Started process (PID=445) to work on /home/airflow/.local/lib/python3.8/site-packages/airflow/example_dags/example_skip_dag.py
[2023-11-25T18:22:26.430+0000] {processor.py:829} INFO - Processing file /home/airflow/.local/lib/python3.8/site-packages/airflow/example_dags/example_skip_dag.py for tasks to queue
[2023-11-25T18:22:26.432+0000] {logging_mixin.py:154} INFO - [2023-11-25T18:22:26.432+0000] {dagbag.py:536} INFO - Filling up the DagBag from /home/airflow/.local/lib/python3.8/site-packages/airflow/example_dags/example_skip_dag.py
[2023-11-25T18:22:26.437+0000] {processor.py:839} INFO - DAG(s) dict_keys(['example_skip_dag']) retrieved from /home/airflow/.local/lib/python3.8/site-packages/airflow/example_dags/example_skip_dag.py
[2023-11-25T18:22:26.453+0000] {logging_mixin.py:154} INFO - [2023-11-25T18:22:26.453+0000] {dag.py:2941} INFO - Sync 1 DAGs
[2023-11-25T18:22:26.473+0000] {logging_mixin.py:154} INFO - [2023-11-25T18:22:26.473+0000] {dag.py:3722} INFO - Setting next_dagrun for example_skip_dag to 2023-11-24T18:22:26.472943+00:00, run_after=2023-11-25T18:22:26.472943+00:00
[2023-11-25T18:22:26.491+0000] {processor.py:179} INFO - Processing /home/airflow/.local/lib/python3.8/site-packages/airflow/example_dags/example_skip_dag.py took 0.066 seconds
[2023-11-25T18:22:57.141+0000] {processor.py:157} INFO - Started process (PID=499) to work on /home/airflow/.local/lib/python3.8/site-packages/airflow/example_dags/example_skip_dag.py
[2023-11-25T18:22:57.143+0000] {processor.py:829} INFO - Processing file /home/airflow/.local/lib/python3.8/site-packages/airflow/example_dags/example_skip_dag.py for tasks to queue
[2023-11-25T18:22:57.144+0000] {logging_mixin.py:154} INFO - [2023-11-25T18:22:57.144+0000] {dagbag.py:536} INFO - Filling up the DagBag from /home/airflow/.local/lib/python3.8/site-packages/airflow/example_dags/example_skip_dag.py
[2023-11-25T18:22:57.150+0000] {processor.py:839} INFO - DAG(s) dict_keys(['example_skip_dag']) retrieved from /home/airflow/.local/lib/python3.8/site-packages/airflow/example_dags/example_skip_dag.py
[2023-11-25T18:22:57.171+0000] {logging_mixin.py:154} INFO - [2023-11-25T18:22:57.171+0000] {dag.py:2941} INFO - Sync 1 DAGs
[2023-11-25T18:22:57.196+0000] {logging_mixin.py:154} INFO - [2023-11-25T18:22:57.196+0000] {dag.py:3722} INFO - Setting next_dagrun for example_skip_dag to 2023-11-24T18:22:57.195958+00:00, run_after=2023-11-25T18:22:57.195958+00:00
[2023-11-25T18:22:57.215+0000] {processor.py:179} INFO - Processing /home/airflow/.local/lib/python3.8/site-packages/airflow/example_dags/example_skip_dag.py took 0.077 seconds
[2023-11-25T18:23:27.682+0000] {processor.py:157} INFO - Started process (PID=553) to work on /home/airflow/.local/lib/python3.8/site-packages/airflow/example_dags/example_skip_dag.py
[2023-11-25T18:23:27.683+0000] {processor.py:829} INFO - Processing file /home/airflow/.local/lib/python3.8/site-packages/airflow/example_dags/example_skip_dag.py for tasks to queue
[2023-11-25T18:23:27.685+0000] {logging_mixin.py:154} INFO - [2023-11-25T18:23:27.684+0000] {dagbag.py:536} INFO - Filling up the DagBag from /home/airflow/.local/lib/python3.8/site-packages/airflow/example_dags/example_skip_dag.py
[2023-11-25T18:23:27.690+0000] {processor.py:839} INFO - DAG(s) dict_keys(['example_skip_dag']) retrieved from /home/airflow/.local/lib/python3.8/site-packages/airflow/example_dags/example_skip_dag.py
[2023-11-25T18:23:27.707+0000] {logging_mixin.py:154} INFO - [2023-11-25T18:23:27.707+0000] {dag.py:2941} INFO - Sync 1 DAGs
[2023-11-25T18:23:27.726+0000] {logging_mixin.py:154} INFO - [2023-11-25T18:23:27.725+0000] {dag.py:3722} INFO - Setting next_dagrun for example_skip_dag to 2023-11-24T18:23:27.725597+00:00, run_after=2023-11-25T18:23:27.725597+00:00
[2023-11-25T18:23:27.742+0000] {processor.py:179} INFO - Processing /home/airflow/.local/lib/python3.8/site-packages/airflow/example_dags/example_skip_dag.py took 0.062 seconds
[2023-11-25T18:23:58.506+0000] {processor.py:157} INFO - Started process (PID=607) to work on /home/airflow/.local/lib/python3.8/site-packages/airflow/example_dags/example_skip_dag.py
[2023-11-25T18:23:58.508+0000] {processor.py:829} INFO - Processing file /home/airflow/.local/lib/python3.8/site-packages/airflow/example_dags/example_skip_dag.py for tasks to queue
[2023-11-25T18:23:58.511+0000] {logging_mixin.py:154} INFO - [2023-11-25T18:23:58.510+0000] {dagbag.py:536} INFO - Filling up the DagBag from /home/airflow/.local/lib/python3.8/site-packages/airflow/example_dags/example_skip_dag.py
[2023-11-25T18:23:58.518+0000] {processor.py:839} INFO - DAG(s) dict_keys(['example_skip_dag']) retrieved from /home/airflow/.local/lib/python3.8/site-packages/airflow/example_dags/example_skip_dag.py
[2023-11-25T18:23:58.542+0000] {logging_mixin.py:154} INFO - [2023-11-25T18:23:58.541+0000] {dag.py:2941} INFO - Sync 1 DAGs
[2023-11-25T18:23:58.566+0000] {logging_mixin.py:154} INFO - [2023-11-25T18:23:58.566+0000] {dag.py:3722} INFO - Setting next_dagrun for example_skip_dag to 2023-11-24T18:23:58.565919+00:00, run_after=2023-11-25T18:23:58.565919+00:00
[2023-11-25T18:23:58.586+0000] {processor.py:179} INFO - Processing /home/airflow/.local/lib/python3.8/site-packages/airflow/example_dags/example_skip_dag.py took 0.084 seconds
[2023-11-25T18:24:29.403+0000] {processor.py:157} INFO - Started process (PID=661) to work on /home/airflow/.local/lib/python3.8/site-packages/airflow/example_dags/example_skip_dag.py
[2023-11-25T18:24:29.404+0000] {processor.py:829} INFO - Processing file /home/airflow/.local/lib/python3.8/site-packages/airflow/example_dags/example_skip_dag.py for tasks to queue
[2023-11-25T18:24:29.406+0000] {logging_mixin.py:154} INFO - [2023-11-25T18:24:29.406+0000] {dagbag.py:536} INFO - Filling up the DagBag from /home/airflow/.local/lib/python3.8/site-packages/airflow/example_dags/example_skip_dag.py
[2023-11-25T18:24:29.412+0000] {processor.py:839} INFO - DAG(s) dict_keys(['example_skip_dag']) retrieved from /home/airflow/.local/lib/python3.8/site-packages/airflow/example_dags/example_skip_dag.py
[2023-11-25T18:24:29.431+0000] {logging_mixin.py:154} INFO - [2023-11-25T18:24:29.431+0000] {dag.py:2941} INFO - Sync 1 DAGs
[2023-11-25T18:24:29.453+0000] {logging_mixin.py:154} INFO - [2023-11-25T18:24:29.453+0000] {dag.py:3722} INFO - Setting next_dagrun for example_skip_dag to 2023-11-24T18:24:29.453339+00:00, run_after=2023-11-25T18:24:29.453339+00:00
[2023-11-25T18:24:29.472+0000] {processor.py:179} INFO - Processing /home/airflow/.local/lib/python3.8/site-packages/airflow/example_dags/example_skip_dag.py took 0.072 seconds
[2023-11-25T18:24:59.972+0000] {processor.py:157} INFO - Started process (PID=716) to work on /home/airflow/.local/lib/python3.8/site-packages/airflow/example_dags/example_skip_dag.py
[2023-11-25T18:24:59.973+0000] {processor.py:829} INFO - Processing file /home/airflow/.local/lib/python3.8/site-packages/airflow/example_dags/example_skip_dag.py for tasks to queue
[2023-11-25T18:24:59.975+0000] {logging_mixin.py:154} INFO - [2023-11-25T18:24:59.975+0000] {dagbag.py:536} INFO - Filling up the DagBag from /home/airflow/.local/lib/python3.8/site-packages/airflow/example_dags/example_skip_dag.py
[2023-11-25T18:24:59.980+0000] {processor.py:839} INFO - DAG(s) dict_keys(['example_skip_dag']) retrieved from /home/airflow/.local/lib/python3.8/site-packages/airflow/example_dags/example_skip_dag.py
[2023-11-25T18:25:00.002+0000] {logging_mixin.py:154} INFO - [2023-11-25T18:25:00.002+0000] {dag.py:2941} INFO - Sync 1 DAGs
[2023-11-25T18:25:00.027+0000] {logging_mixin.py:154} INFO - [2023-11-25T18:25:00.027+0000] {dag.py:3722} INFO - Setting next_dagrun for example_skip_dag to 2023-11-24T18:25:00.027230+00:00, run_after=2023-11-25T18:25:00.027230+00:00
[2023-11-25T18:25:00.045+0000] {processor.py:179} INFO - Processing /home/airflow/.local/lib/python3.8/site-packages/airflow/example_dags/example_skip_dag.py took 0.076 seconds
[2023-11-25T18:25:30.768+0000] {processor.py:157} INFO - Started process (PID=770) to work on /home/airflow/.local/lib/python3.8/site-packages/airflow/example_dags/example_skip_dag.py
[2023-11-25T18:25:30.769+0000] {processor.py:829} INFO - Processing file /home/airflow/.local/lib/python3.8/site-packages/airflow/example_dags/example_skip_dag.py for tasks to queue
[2023-11-25T18:25:30.772+0000] {logging_mixin.py:154} INFO - [2023-11-25T18:25:30.772+0000] {dagbag.py:536} INFO - Filling up the DagBag from /home/airflow/.local/lib/python3.8/site-packages/airflow/example_dags/example_skip_dag.py
[2023-11-25T18:25:30.786+0000] {processor.py:839} INFO - DAG(s) dict_keys(['example_skip_dag']) retrieved from /home/airflow/.local/lib/python3.8/site-packages/airflow/example_dags/example_skip_dag.py
[2023-11-25T18:25:30.820+0000] {logging_mixin.py:154} INFO - [2023-11-25T18:25:30.820+0000] {dag.py:2941} INFO - Sync 1 DAGs
[2023-11-25T18:25:30.859+0000] {logging_mixin.py:154} INFO - [2023-11-25T18:25:30.859+0000] {dag.py:3722} INFO - Setting next_dagrun for example_skip_dag to 2023-11-24T18:25:30.858795+00:00, run_after=2023-11-25T18:25:30.858795+00:00
[2023-11-25T18:25:30.891+0000] {processor.py:179} INFO - Processing /home/airflow/.local/lib/python3.8/site-packages/airflow/example_dags/example_skip_dag.py took 0.126 seconds
[2023-11-25T18:26:00.974+0000] {processor.py:157} INFO - Started process (PID=824) to work on /home/airflow/.local/lib/python3.8/site-packages/airflow/example_dags/example_skip_dag.py
[2023-11-25T18:26:00.975+0000] {processor.py:829} INFO - Processing file /home/airflow/.local/lib/python3.8/site-packages/airflow/example_dags/example_skip_dag.py for tasks to queue
[2023-11-25T18:26:00.977+0000] {logging_mixin.py:154} INFO - [2023-11-25T18:26:00.977+0000] {dagbag.py:536} INFO - Filling up the DagBag from /home/airflow/.local/lib/python3.8/site-packages/airflow/example_dags/example_skip_dag.py
[2023-11-25T18:26:00.982+0000] {processor.py:839} INFO - DAG(s) dict_keys(['example_skip_dag']) retrieved from /home/airflow/.local/lib/python3.8/site-packages/airflow/example_dags/example_skip_dag.py
[2023-11-25T18:26:01.001+0000] {logging_mixin.py:154} INFO - [2023-11-25T18:26:01.001+0000] {dag.py:2941} INFO - Sync 1 DAGs
[2023-11-25T18:26:01.021+0000] {logging_mixin.py:154} INFO - [2023-11-25T18:26:01.021+0000] {dag.py:3722} INFO - Setting next_dagrun for example_skip_dag to 2023-11-24T18:26:01.021317+00:00, run_after=2023-11-25T18:26:01.021317+00:00
[2023-11-25T18:26:01.038+0000] {processor.py:179} INFO - Processing /home/airflow/.local/lib/python3.8/site-packages/airflow/example_dags/example_skip_dag.py took 0.066 seconds
[2023-11-25T18:26:31.561+0000] {processor.py:157} INFO - Started process (PID=878) to work on /home/airflow/.local/lib/python3.8/site-packages/airflow/example_dags/example_skip_dag.py
[2023-11-25T18:26:31.562+0000] {processor.py:829} INFO - Processing file /home/airflow/.local/lib/python3.8/site-packages/airflow/example_dags/example_skip_dag.py for tasks to queue
[2023-11-25T18:26:31.564+0000] {logging_mixin.py:154} INFO - [2023-11-25T18:26:31.564+0000] {dagbag.py:536} INFO - Filling up the DagBag from /home/airflow/.local/lib/python3.8/site-packages/airflow/example_dags/example_skip_dag.py
[2023-11-25T18:26:31.570+0000] {processor.py:839} INFO - DAG(s) dict_keys(['example_skip_dag']) retrieved from /home/airflow/.local/lib/python3.8/site-packages/airflow/example_dags/example_skip_dag.py
[2023-11-25T18:26:31.592+0000] {logging_mixin.py:154} INFO - [2023-11-25T18:26:31.592+0000] {dag.py:2941} INFO - Sync 1 DAGs
[2023-11-25T18:26:31.616+0000] {logging_mixin.py:154} INFO - [2023-11-25T18:26:31.616+0000] {dag.py:3722} INFO - Setting next_dagrun for example_skip_dag to 2023-11-24T18:26:31.616146+00:00, run_after=2023-11-25T18:26:31.616146+00:00
[2023-11-25T18:26:31.635+0000] {processor.py:179} INFO - Processing /home/airflow/.local/lib/python3.8/site-packages/airflow/example_dags/example_skip_dag.py took 0.078 seconds
[2023-11-25T18:27:02.255+0000] {processor.py:157} INFO - Started process (PID=932) to work on /home/airflow/.local/lib/python3.8/site-packages/airflow/example_dags/example_skip_dag.py
[2023-11-25T18:27:02.256+0000] {processor.py:829} INFO - Processing file /home/airflow/.local/lib/python3.8/site-packages/airflow/example_dags/example_skip_dag.py for tasks to queue
[2023-11-25T18:27:02.257+0000] {logging_mixin.py:154} INFO - [2023-11-25T18:27:02.257+0000] {dagbag.py:536} INFO - Filling up the DagBag from /home/airflow/.local/lib/python3.8/site-packages/airflow/example_dags/example_skip_dag.py
[2023-11-25T18:27:02.263+0000] {processor.py:839} INFO - DAG(s) dict_keys(['example_skip_dag']) retrieved from /home/airflow/.local/lib/python3.8/site-packages/airflow/example_dags/example_skip_dag.py
[2023-11-25T18:27:02.281+0000] {logging_mixin.py:154} INFO - [2023-11-25T18:27:02.281+0000] {dag.py:2941} INFO - Sync 1 DAGs
[2023-11-25T18:27:02.301+0000] {logging_mixin.py:154} INFO - [2023-11-25T18:27:02.301+0000] {dag.py:3722} INFO - Setting next_dagrun for example_skip_dag to 2023-11-24T18:27:02.300704+00:00, run_after=2023-11-25T18:27:02.300704+00:00
[2023-11-25T18:27:02.316+0000] {processor.py:179} INFO - Processing /home/airflow/.local/lib/python3.8/site-packages/airflow/example_dags/example_skip_dag.py took 0.064 seconds
[2023-11-25T18:27:33.080+0000] {processor.py:157} INFO - Started process (PID=986) to work on /home/airflow/.local/lib/python3.8/site-packages/airflow/example_dags/example_skip_dag.py
[2023-11-25T18:27:33.081+0000] {processor.py:829} INFO - Processing file /home/airflow/.local/lib/python3.8/site-packages/airflow/example_dags/example_skip_dag.py for tasks to queue
[2023-11-25T18:27:33.083+0000] {logging_mixin.py:154} INFO - [2023-11-25T18:27:33.083+0000] {dagbag.py:536} INFO - Filling up the DagBag from /home/airflow/.local/lib/python3.8/site-packages/airflow/example_dags/example_skip_dag.py
[2023-11-25T18:27:33.088+0000] {processor.py:839} INFO - DAG(s) dict_keys(['example_skip_dag']) retrieved from /home/airflow/.local/lib/python3.8/site-packages/airflow/example_dags/example_skip_dag.py
[2023-11-25T18:27:33.108+0000] {logging_mixin.py:154} INFO - [2023-11-25T18:27:33.107+0000] {dag.py:2941} INFO - Sync 1 DAGs
[2023-11-25T18:27:33.128+0000] {logging_mixin.py:154} INFO - [2023-11-25T18:27:33.128+0000] {dag.py:3722} INFO - Setting next_dagrun for example_skip_dag to 2023-11-24T18:27:33.128359+00:00, run_after=2023-11-25T18:27:33.128359+00:00
[2023-11-25T18:27:33.147+0000] {processor.py:179} INFO - Processing /home/airflow/.local/lib/python3.8/site-packages/airflow/example_dags/example_skip_dag.py took 0.070 seconds
[2023-11-25T18:28:03.865+0000] {processor.py:157} INFO - Started process (PID=1040) to work on /home/airflow/.local/lib/python3.8/site-packages/airflow/example_dags/example_skip_dag.py
[2023-11-25T18:28:03.866+0000] {processor.py:829} INFO - Processing file /home/airflow/.local/lib/python3.8/site-packages/airflow/example_dags/example_skip_dag.py for tasks to queue
[2023-11-25T18:28:03.867+0000] {logging_mixin.py:154} INFO - [2023-11-25T18:28:03.867+0000] {dagbag.py:536} INFO - Filling up the DagBag from /home/airflow/.local/lib/python3.8/site-packages/airflow/example_dags/example_skip_dag.py
[2023-11-25T18:28:03.873+0000] {processor.py:839} INFO - DAG(s) dict_keys(['example_skip_dag']) retrieved from /home/airflow/.local/lib/python3.8/site-packages/airflow/example_dags/example_skip_dag.py
[2023-11-25T18:28:03.893+0000] {logging_mixin.py:154} INFO - [2023-11-25T18:28:03.892+0000] {dag.py:2941} INFO - Sync 1 DAGs
[2023-11-25T18:28:03.914+0000] {logging_mixin.py:154} INFO - [2023-11-25T18:28:03.913+0000] {dag.py:3722} INFO - Setting next_dagrun for example_skip_dag to 2023-11-24T18:28:03.913622+00:00, run_after=2023-11-25T18:28:03.913622+00:00
[2023-11-25T18:28:03.932+0000] {processor.py:179} INFO - Processing /home/airflow/.local/lib/python3.8/site-packages/airflow/example_dags/example_skip_dag.py took 0.070 seconds
[2023-11-25T18:28:34.222+0000] {processor.py:157} INFO - Started process (PID=1094) to work on /home/airflow/.local/lib/python3.8/site-packages/airflow/example_dags/example_skip_dag.py
[2023-11-25T18:28:34.223+0000] {processor.py:829} INFO - Processing file /home/airflow/.local/lib/python3.8/site-packages/airflow/example_dags/example_skip_dag.py for tasks to queue
[2023-11-25T18:28:34.225+0000] {logging_mixin.py:154} INFO - [2023-11-25T18:28:34.225+0000] {dagbag.py:536} INFO - Filling up the DagBag from /home/airflow/.local/lib/python3.8/site-packages/airflow/example_dags/example_skip_dag.py
[2023-11-25T18:28:34.231+0000] {processor.py:839} INFO - DAG(s) dict_keys(['example_skip_dag']) retrieved from /home/airflow/.local/lib/python3.8/site-packages/airflow/example_dags/example_skip_dag.py
[2023-11-25T18:28:34.248+0000] {logging_mixin.py:154} INFO - [2023-11-25T18:28:34.248+0000] {dag.py:2941} INFO - Sync 1 DAGs
[2023-11-25T18:28:34.270+0000] {logging_mixin.py:154} INFO - [2023-11-25T18:28:34.269+0000] {dag.py:3722} INFO - Setting next_dagrun for example_skip_dag to 2023-11-24T18:28:34.269637+00:00, run_after=2023-11-25T18:28:34.269637+00:00
[2023-11-25T18:28:34.286+0000] {processor.py:179} INFO - Processing /home/airflow/.local/lib/python3.8/site-packages/airflow/example_dags/example_skip_dag.py took 0.066 seconds
[2023-11-25T18:29:04.925+0000] {processor.py:157} INFO - Started process (PID=1148) to work on /home/airflow/.local/lib/python3.8/site-packages/airflow/example_dags/example_skip_dag.py
[2023-11-25T18:29:04.928+0000] {processor.py:829} INFO - Processing file /home/airflow/.local/lib/python3.8/site-packages/airflow/example_dags/example_skip_dag.py for tasks to queue
[2023-11-25T18:29:04.933+0000] {logging_mixin.py:154} INFO - [2023-11-25T18:29:04.933+0000] {dagbag.py:536} INFO - Filling up the DagBag from /home/airflow/.local/lib/python3.8/site-packages/airflow/example_dags/example_skip_dag.py
[2023-11-25T18:29:04.944+0000] {processor.py:839} INFO - DAG(s) dict_keys(['example_skip_dag']) retrieved from /home/airflow/.local/lib/python3.8/site-packages/airflow/example_dags/example_skip_dag.py
[2023-11-25T18:29:04.983+0000] {logging_mixin.py:154} INFO - [2023-11-25T18:29:04.983+0000] {dag.py:2941} INFO - Sync 1 DAGs
[2023-11-25T18:29:05.018+0000] {logging_mixin.py:154} INFO - [2023-11-25T18:29:05.017+0000] {dag.py:3722} INFO - Setting next_dagrun for example_skip_dag to 2023-11-24T18:29:05.017573+00:00, run_after=2023-11-25T18:29:05.017573+00:00
[2023-11-25T18:29:05.041+0000] {processor.py:179} INFO - Processing /home/airflow/.local/lib/python3.8/site-packages/airflow/example_dags/example_skip_dag.py took 0.122 seconds
[2023-11-25T18:29:36.471+0000] {processor.py:157} INFO - Started process (PID=1209) to work on /home/airflow/.local/lib/python3.8/site-packages/airflow/example_dags/example_skip_dag.py
[2023-11-25T18:29:36.473+0000] {processor.py:829} INFO - Processing file /home/airflow/.local/lib/python3.8/site-packages/airflow/example_dags/example_skip_dag.py for tasks to queue
[2023-11-25T18:29:36.475+0000] {logging_mixin.py:154} INFO - [2023-11-25T18:29:36.475+0000] {dagbag.py:536} INFO - Filling up the DagBag from /home/airflow/.local/lib/python3.8/site-packages/airflow/example_dags/example_skip_dag.py
[2023-11-25T18:29:36.483+0000] {processor.py:839} INFO - DAG(s) dict_keys(['example_skip_dag']) retrieved from /home/airflow/.local/lib/python3.8/site-packages/airflow/example_dags/example_skip_dag.py
[2023-11-25T18:29:36.511+0000] {logging_mixin.py:154} INFO - [2023-11-25T18:29:36.510+0000] {dag.py:2941} INFO - Sync 1 DAGs
[2023-11-25T18:29:36.541+0000] {logging_mixin.py:154} INFO - [2023-11-25T18:29:36.540+0000] {dag.py:3722} INFO - Setting next_dagrun for example_skip_dag to 2023-11-24T18:29:36.540330+00:00, run_after=2023-11-25T18:29:36.540330+00:00
[2023-11-25T18:29:36.793+0000] {processor.py:179} INFO - Processing /home/airflow/.local/lib/python3.8/site-packages/airflow/example_dags/example_skip_dag.py took 0.326 seconds
[2023-11-25T18:30:06.850+0000] {processor.py:157} INFO - Started process (PID=1263) to work on /home/airflow/.local/lib/python3.8/site-packages/airflow/example_dags/example_skip_dag.py
[2023-11-25T18:30:06.851+0000] {processor.py:829} INFO - Processing file /home/airflow/.local/lib/python3.8/site-packages/airflow/example_dags/example_skip_dag.py for tasks to queue
[2023-11-25T18:30:06.853+0000] {logging_mixin.py:154} INFO - [2023-11-25T18:30:06.852+0000] {dagbag.py:536} INFO - Filling up the DagBag from /home/airflow/.local/lib/python3.8/site-packages/airflow/example_dags/example_skip_dag.py
[2023-11-25T18:30:06.859+0000] {processor.py:839} INFO - DAG(s) dict_keys(['example_skip_dag']) retrieved from /home/airflow/.local/lib/python3.8/site-packages/airflow/example_dags/example_skip_dag.py
[2023-11-25T18:30:06.882+0000] {logging_mixin.py:154} INFO - [2023-11-25T18:30:06.882+0000] {dag.py:2941} INFO - Sync 1 DAGs
[2023-11-25T18:30:06.910+0000] {logging_mixin.py:154} INFO - [2023-11-25T18:30:06.910+0000] {dag.py:3722} INFO - Setting next_dagrun for example_skip_dag to 2023-11-24T18:30:06.909926+00:00, run_after=2023-11-25T18:30:06.909926+00:00
[2023-11-25T18:30:06.936+0000] {processor.py:179} INFO - Processing /home/airflow/.local/lib/python3.8/site-packages/airflow/example_dags/example_skip_dag.py took 0.089 seconds
[2023-11-25T18:30:38.346+0000] {processor.py:157} INFO - Started process (PID=1318) to work on /home/airflow/.local/lib/python3.8/site-packages/airflow/example_dags/example_skip_dag.py
[2023-11-25T18:30:38.348+0000] {processor.py:829} INFO - Processing file /home/airflow/.local/lib/python3.8/site-packages/airflow/example_dags/example_skip_dag.py for tasks to queue
[2023-11-25T18:30:38.350+0000] {logging_mixin.py:154} INFO - [2023-11-25T18:30:38.350+0000] {dagbag.py:536} INFO - Filling up the DagBag from /home/airflow/.local/lib/python3.8/site-packages/airflow/example_dags/example_skip_dag.py
[2023-11-25T18:30:38.358+0000] {processor.py:839} INFO - DAG(s) dict_keys(['example_skip_dag']) retrieved from /home/airflow/.local/lib/python3.8/site-packages/airflow/example_dags/example_skip_dag.py
[2023-11-25T18:30:38.386+0000] {logging_mixin.py:154} INFO - [2023-11-25T18:30:38.386+0000] {dag.py:2941} INFO - Sync 1 DAGs
[2023-11-25T18:30:38.684+0000] {logging_mixin.py:154} INFO - [2023-11-25T18:30:38.683+0000] {dag.py:3722} INFO - Setting next_dagrun for example_skip_dag to 2023-11-24T18:30:38.682678+00:00, run_after=2023-11-25T18:30:38.682678+00:00
[2023-11-25T18:30:38.718+0000] {processor.py:179} INFO - Processing /home/airflow/.local/lib/python3.8/site-packages/airflow/example_dags/example_skip_dag.py took 0.378 seconds
[2023-11-25T18:31:09.251+0000] {processor.py:157} INFO - Started process (PID=1372) to work on /home/airflow/.local/lib/python3.8/site-packages/airflow/example_dags/example_skip_dag.py
[2023-11-25T18:31:09.253+0000] {processor.py:829} INFO - Processing file /home/airflow/.local/lib/python3.8/site-packages/airflow/example_dags/example_skip_dag.py for tasks to queue
[2023-11-25T18:31:09.256+0000] {logging_mixin.py:154} INFO - [2023-11-25T18:31:09.255+0000] {dagbag.py:536} INFO - Filling up the DagBag from /home/airflow/.local/lib/python3.8/site-packages/airflow/example_dags/example_skip_dag.py
[2023-11-25T18:31:09.265+0000] {processor.py:839} INFO - DAG(s) dict_keys(['example_skip_dag']) retrieved from /home/airflow/.local/lib/python3.8/site-packages/airflow/example_dags/example_skip_dag.py
[2023-11-25T18:31:09.291+0000] {logging_mixin.py:154} INFO - [2023-11-25T18:31:09.290+0000] {dag.py:2941} INFO - Sync 1 DAGs
[2023-11-25T18:31:09.321+0000] {logging_mixin.py:154} INFO - [2023-11-25T18:31:09.321+0000] {dag.py:3722} INFO - Setting next_dagrun for example_skip_dag to 2023-11-24T18:31:09.320931+00:00, run_after=2023-11-25T18:31:09.320931+00:00
[2023-11-25T18:31:09.350+0000] {processor.py:179} INFO - Processing /home/airflow/.local/lib/python3.8/site-packages/airflow/example_dags/example_skip_dag.py took 0.102 seconds
[2023-11-25T18:31:39.399+0000] {processor.py:157} INFO - Started process (PID=1425) to work on /home/airflow/.local/lib/python3.8/site-packages/airflow/example_dags/example_skip_dag.py
[2023-11-25T18:31:39.400+0000] {processor.py:829} INFO - Processing file /home/airflow/.local/lib/python3.8/site-packages/airflow/example_dags/example_skip_dag.py for tasks to queue
[2023-11-25T18:31:39.402+0000] {logging_mixin.py:154} INFO - [2023-11-25T18:31:39.402+0000] {dagbag.py:536} INFO - Filling up the DagBag from /home/airflow/.local/lib/python3.8/site-packages/airflow/example_dags/example_skip_dag.py
[2023-11-25T18:31:39.411+0000] {processor.py:839} INFO - DAG(s) dict_keys(['example_skip_dag']) retrieved from /home/airflow/.local/lib/python3.8/site-packages/airflow/example_dags/example_skip_dag.py
[2023-11-25T18:31:39.438+0000] {logging_mixin.py:154} INFO - [2023-11-25T18:31:39.437+0000] {dag.py:2941} INFO - Sync 1 DAGs
[2023-11-25T18:31:39.469+0000] {logging_mixin.py:154} INFO - [2023-11-25T18:31:39.468+0000] {dag.py:3722} INFO - Setting next_dagrun for example_skip_dag to 2023-11-24T18:31:39.468421+00:00, run_after=2023-11-25T18:31:39.468421+00:00
[2023-11-25T18:31:39.492+0000] {processor.py:179} INFO - Processing /home/airflow/.local/lib/python3.8/site-packages/airflow/example_dags/example_skip_dag.py took 0.096 seconds
[2023-11-25T18:32:10.013+0000] {processor.py:157} INFO - Started process (PID=1479) to work on /home/airflow/.local/lib/python3.8/site-packages/airflow/example_dags/example_skip_dag.py
[2023-11-25T18:32:10.015+0000] {processor.py:829} INFO - Processing file /home/airflow/.local/lib/python3.8/site-packages/airflow/example_dags/example_skip_dag.py for tasks to queue
[2023-11-25T18:32:10.019+0000] {logging_mixin.py:154} INFO - [2023-11-25T18:32:10.019+0000] {dagbag.py:536} INFO - Filling up the DagBag from /home/airflow/.local/lib/python3.8/site-packages/airflow/example_dags/example_skip_dag.py
[2023-11-25T18:32:10.030+0000] {processor.py:839} INFO - DAG(s) dict_keys(['example_skip_dag']) retrieved from /home/airflow/.local/lib/python3.8/site-packages/airflow/example_dags/example_skip_dag.py
[2023-11-25T18:32:10.057+0000] {logging_mixin.py:154} INFO - [2023-11-25T18:32:10.057+0000] {dag.py:2941} INFO - Sync 1 DAGs
[2023-11-25T18:32:10.093+0000] {logging_mixin.py:154} INFO - [2023-11-25T18:32:10.092+0000] {dag.py:3722} INFO - Setting next_dagrun for example_skip_dag to 2023-11-24T18:32:10.092649+00:00, run_after=2023-11-25T18:32:10.092649+00:00
[2023-11-25T18:32:10.348+0000] {processor.py:179} INFO - Processing /home/airflow/.local/lib/python3.8/site-packages/airflow/example_dags/example_skip_dag.py took 0.339 seconds
