[2023-11-25T18:18:53.215+0000] {processor.py:157} INFO - Started process (PID=73) to work on /home/airflow/.local/lib/python3.8/site-packages/airflow/example_dags/example_xcomargs.py
[2023-11-25T18:18:53.216+0000] {processor.py:829} INFO - Processing file /home/airflow/.local/lib/python3.8/site-packages/airflow/example_dags/example_xcomargs.py for tasks to queue
[2023-11-25T18:18:53.219+0000] {logging_mixin.py:154} INFO - [2023-11-25T18:18:53.219+0000] {dagbag.py:536} INFO - Filling up the DagBag from /home/airflow/.local/lib/python3.8/site-packages/airflow/example_dags/example_xcomargs.py
[2023-11-25T18:18:53.234+0000] {processor.py:839} INFO - DAG(s) dict_keys(['example_xcom_args', 'example_xcom_args_with_operators']) retrieved from /home/airflow/.local/lib/python3.8/site-packages/airflow/example_dags/example_xcomargs.py
[2023-11-25T18:18:53.251+0000] {logging_mixin.py:154} INFO - [2023-11-25T18:18:53.250+0000] {dag.py:2941} INFO - Sync 2 DAGs
[2023-11-25T18:18:53.270+0000] {logging_mixin.py:154} INFO - [2023-11-25T18:18:53.270+0000] {dag.py:3722} INFO - Setting next_dagrun for example_xcom_args to None, run_after=None
[2023-11-25T18:18:53.276+0000] {logging_mixin.py:154} INFO - [2023-11-25T18:18:53.276+0000] {dag.py:3722} INFO - Setting next_dagrun for example_xcom_args_with_operators to None, run_after=None
[2023-11-25T18:18:53.316+0000] {processor.py:179} INFO - Processing /home/airflow/.local/lib/python3.8/site-packages/airflow/example_dags/example_xcomargs.py took 0.104 seconds
[2023-11-25T18:19:23.924+0000] {processor.py:157} INFO - Started process (PID=127) to work on /home/airflow/.local/lib/python3.8/site-packages/airflow/example_dags/example_xcomargs.py
[2023-11-25T18:19:23.924+0000] {processor.py:829} INFO - Processing file /home/airflow/.local/lib/python3.8/site-packages/airflow/example_dags/example_xcomargs.py for tasks to queue
[2023-11-25T18:19:23.926+0000] {logging_mixin.py:154} INFO - [2023-11-25T18:19:23.926+0000] {dagbag.py:536} INFO - Filling up the DagBag from /home/airflow/.local/lib/python3.8/site-packages/airflow/example_dags/example_xcomargs.py
[2023-11-25T18:19:23.932+0000] {processor.py:839} INFO - DAG(s) dict_keys(['example_xcom_args', 'example_xcom_args_with_operators']) retrieved from /home/airflow/.local/lib/python3.8/site-packages/airflow/example_dags/example_xcomargs.py
[2023-11-25T18:19:23.951+0000] {logging_mixin.py:154} INFO - [2023-11-25T18:19:23.950+0000] {dag.py:2941} INFO - Sync 2 DAGs
[2023-11-25T18:19:23.961+0000] {logging_mixin.py:154} INFO - [2023-11-25T18:19:23.961+0000] {dag.py:3722} INFO - Setting next_dagrun for example_xcom_args to None, run_after=None
[2023-11-25T18:19:23.964+0000] {logging_mixin.py:154} INFO - [2023-11-25T18:19:23.964+0000] {dag.py:3722} INFO - Setting next_dagrun for example_xcom_args_with_operators to None, run_after=None
[2023-11-25T18:19:23.978+0000] {processor.py:179} INFO - Processing /home/airflow/.local/lib/python3.8/site-packages/airflow/example_dags/example_xcomargs.py took 0.057 seconds
[2023-11-25T18:19:54.311+0000] {processor.py:157} INFO - Started process (PID=181) to work on /home/airflow/.local/lib/python3.8/site-packages/airflow/example_dags/example_xcomargs.py
[2023-11-25T18:19:54.312+0000] {processor.py:829} INFO - Processing file /home/airflow/.local/lib/python3.8/site-packages/airflow/example_dags/example_xcomargs.py for tasks to queue
[2023-11-25T18:19:54.314+0000] {logging_mixin.py:154} INFO - [2023-11-25T18:19:54.314+0000] {dagbag.py:536} INFO - Filling up the DagBag from /home/airflow/.local/lib/python3.8/site-packages/airflow/example_dags/example_xcomargs.py
[2023-11-25T18:19:54.320+0000] {processor.py:839} INFO - DAG(s) dict_keys(['example_xcom_args_with_operators', 'example_xcom_args']) retrieved from /home/airflow/.local/lib/python3.8/site-packages/airflow/example_dags/example_xcomargs.py
[2023-11-25T18:19:54.338+0000] {logging_mixin.py:154} INFO - [2023-11-25T18:19:54.338+0000] {dag.py:2941} INFO - Sync 2 DAGs
[2023-11-25T18:19:54.348+0000] {logging_mixin.py:154} INFO - [2023-11-25T18:19:54.348+0000] {dag.py:3722} INFO - Setting next_dagrun for example_xcom_args to None, run_after=None
[2023-11-25T18:19:54.351+0000] {logging_mixin.py:154} INFO - [2023-11-25T18:19:54.351+0000] {dag.py:3722} INFO - Setting next_dagrun for example_xcom_args_with_operators to None, run_after=None
[2023-11-25T18:19:54.364+0000] {processor.py:179} INFO - Processing /home/airflow/.local/lib/python3.8/site-packages/airflow/example_dags/example_xcomargs.py took 0.056 seconds
[2023-11-25T18:20:24.580+0000] {processor.py:157} INFO - Started process (PID=235) to work on /home/airflow/.local/lib/python3.8/site-packages/airflow/example_dags/example_xcomargs.py
[2023-11-25T18:20:24.581+0000] {processor.py:829} INFO - Processing file /home/airflow/.local/lib/python3.8/site-packages/airflow/example_dags/example_xcomargs.py for tasks to queue
[2023-11-25T18:20:24.583+0000] {logging_mixin.py:154} INFO - [2023-11-25T18:20:24.583+0000] {dagbag.py:536} INFO - Filling up the DagBag from /home/airflow/.local/lib/python3.8/site-packages/airflow/example_dags/example_xcomargs.py
[2023-11-25T18:20:24.589+0000] {processor.py:839} INFO - DAG(s) dict_keys(['example_xcom_args_with_operators', 'example_xcom_args']) retrieved from /home/airflow/.local/lib/python3.8/site-packages/airflow/example_dags/example_xcomargs.py
[2023-11-25T18:20:24.607+0000] {logging_mixin.py:154} INFO - [2023-11-25T18:20:24.607+0000] {dag.py:2941} INFO - Sync 2 DAGs
[2023-11-25T18:20:24.617+0000] {logging_mixin.py:154} INFO - [2023-11-25T18:20:24.617+0000] {dag.py:3722} INFO - Setting next_dagrun for example_xcom_args to None, run_after=None
[2023-11-25T18:20:24.620+0000] {logging_mixin.py:154} INFO - [2023-11-25T18:20:24.620+0000] {dag.py:3722} INFO - Setting next_dagrun for example_xcom_args_with_operators to None, run_after=None
[2023-11-25T18:20:24.633+0000] {processor.py:179} INFO - Processing /home/airflow/.local/lib/python3.8/site-packages/airflow/example_dags/example_xcomargs.py took 0.055 seconds
[2023-11-25T18:20:54.912+0000] {processor.py:157} INFO - Started process (PID=289) to work on /home/airflow/.local/lib/python3.8/site-packages/airflow/example_dags/example_xcomargs.py
[2023-11-25T18:20:54.912+0000] {processor.py:829} INFO - Processing file /home/airflow/.local/lib/python3.8/site-packages/airflow/example_dags/example_xcomargs.py for tasks to queue
[2023-11-25T18:20:54.914+0000] {logging_mixin.py:154} INFO - [2023-11-25T18:20:54.914+0000] {dagbag.py:536} INFO - Filling up the DagBag from /home/airflow/.local/lib/python3.8/site-packages/airflow/example_dags/example_xcomargs.py
[2023-11-25T18:20:54.920+0000] {processor.py:839} INFO - DAG(s) dict_keys(['example_xcom_args', 'example_xcom_args_with_operators']) retrieved from /home/airflow/.local/lib/python3.8/site-packages/airflow/example_dags/example_xcomargs.py
[2023-11-25T18:20:54.938+0000] {logging_mixin.py:154} INFO - [2023-11-25T18:20:54.938+0000] {dag.py:2941} INFO - Sync 2 DAGs
[2023-11-25T18:20:54.949+0000] {logging_mixin.py:154} INFO - [2023-11-25T18:20:54.949+0000] {dag.py:3722} INFO - Setting next_dagrun for example_xcom_args to None, run_after=None
[2023-11-25T18:20:54.952+0000] {logging_mixin.py:154} INFO - [2023-11-25T18:20:54.952+0000] {dag.py:3722} INFO - Setting next_dagrun for example_xcom_args_with_operators to None, run_after=None
[2023-11-25T18:20:54.966+0000] {processor.py:179} INFO - Processing /home/airflow/.local/lib/python3.8/site-packages/airflow/example_dags/example_xcomargs.py took 0.057 seconds
[2023-11-25T18:21:25.194+0000] {processor.py:157} INFO - Started process (PID=343) to work on /home/airflow/.local/lib/python3.8/site-packages/airflow/example_dags/example_xcomargs.py
[2023-11-25T18:21:25.195+0000] {processor.py:829} INFO - Processing file /home/airflow/.local/lib/python3.8/site-packages/airflow/example_dags/example_xcomargs.py for tasks to queue
[2023-11-25T18:21:25.197+0000] {logging_mixin.py:154} INFO - [2023-11-25T18:21:25.196+0000] {dagbag.py:536} INFO - Filling up the DagBag from /home/airflow/.local/lib/python3.8/site-packages/airflow/example_dags/example_xcomargs.py
[2023-11-25T18:21:25.202+0000] {processor.py:839} INFO - DAG(s) dict_keys(['example_xcom_args_with_operators', 'example_xcom_args']) retrieved from /home/airflow/.local/lib/python3.8/site-packages/airflow/example_dags/example_xcomargs.py
[2023-11-25T18:21:25.222+0000] {logging_mixin.py:154} INFO - [2023-11-25T18:21:25.222+0000] {dag.py:2941} INFO - Sync 2 DAGs
[2023-11-25T18:21:25.233+0000] {logging_mixin.py:154} INFO - [2023-11-25T18:21:25.232+0000] {dag.py:3722} INFO - Setting next_dagrun for example_xcom_args to None, run_after=None
[2023-11-25T18:21:25.236+0000] {logging_mixin.py:154} INFO - [2023-11-25T18:21:25.235+0000] {dag.py:3722} INFO - Setting next_dagrun for example_xcom_args_with_operators to None, run_after=None
[2023-11-25T18:21:25.250+0000] {processor.py:179} INFO - Processing /home/airflow/.local/lib/python3.8/site-packages/airflow/example_dags/example_xcomargs.py took 0.058 seconds
[2023-11-25T18:21:55.755+0000] {processor.py:157} INFO - Started process (PID=397) to work on /home/airflow/.local/lib/python3.8/site-packages/airflow/example_dags/example_xcomargs.py
[2023-11-25T18:21:55.757+0000] {processor.py:829} INFO - Processing file /home/airflow/.local/lib/python3.8/site-packages/airflow/example_dags/example_xcomargs.py for tasks to queue
[2023-11-25T18:21:55.759+0000] {logging_mixin.py:154} INFO - [2023-11-25T18:21:55.759+0000] {dagbag.py:536} INFO - Filling up the DagBag from /home/airflow/.local/lib/python3.8/site-packages/airflow/example_dags/example_xcomargs.py
[2023-11-25T18:21:55.765+0000] {processor.py:839} INFO - DAG(s) dict_keys(['example_xcom_args_with_operators', 'example_xcom_args']) retrieved from /home/airflow/.local/lib/python3.8/site-packages/airflow/example_dags/example_xcomargs.py
[2023-11-25T18:21:55.785+0000] {logging_mixin.py:154} INFO - [2023-11-25T18:21:55.785+0000] {dag.py:2941} INFO - Sync 2 DAGs
[2023-11-25T18:21:55.798+0000] {logging_mixin.py:154} INFO - [2023-11-25T18:21:55.797+0000] {dag.py:3722} INFO - Setting next_dagrun for example_xcom_args to None, run_after=None
[2023-11-25T18:21:55.801+0000] {logging_mixin.py:154} INFO - [2023-11-25T18:21:55.801+0000] {dag.py:3722} INFO - Setting next_dagrun for example_xcom_args_with_operators to None, run_after=None
[2023-11-25T18:21:55.818+0000] {processor.py:179} INFO - Processing /home/airflow/.local/lib/python3.8/site-packages/airflow/example_dags/example_xcomargs.py took 0.066 seconds
[2023-11-25T18:22:26.711+0000] {processor.py:157} INFO - Started process (PID=451) to work on /home/airflow/.local/lib/python3.8/site-packages/airflow/example_dags/example_xcomargs.py
[2023-11-25T18:22:26.712+0000] {processor.py:829} INFO - Processing file /home/airflow/.local/lib/python3.8/site-packages/airflow/example_dags/example_xcomargs.py for tasks to queue
[2023-11-25T18:22:26.715+0000] {logging_mixin.py:154} INFO - [2023-11-25T18:22:26.715+0000] {dagbag.py:536} INFO - Filling up the DagBag from /home/airflow/.local/lib/python3.8/site-packages/airflow/example_dags/example_xcomargs.py
[2023-11-25T18:22:26.722+0000] {processor.py:839} INFO - DAG(s) dict_keys(['example_xcom_args_with_operators', 'example_xcom_args']) retrieved from /home/airflow/.local/lib/python3.8/site-packages/airflow/example_dags/example_xcomargs.py
[2023-11-25T18:22:26.748+0000] {logging_mixin.py:154} INFO - [2023-11-25T18:22:26.748+0000] {dag.py:2941} INFO - Sync 2 DAGs
[2023-11-25T18:22:26.761+0000] {logging_mixin.py:154} INFO - [2023-11-25T18:22:26.761+0000] {dag.py:3722} INFO - Setting next_dagrun for example_xcom_args to None, run_after=None
[2023-11-25T18:22:26.765+0000] {logging_mixin.py:154} INFO - [2023-11-25T18:22:26.764+0000] {dag.py:3722} INFO - Setting next_dagrun for example_xcom_args_with_operators to None, run_after=None
[2023-11-25T18:22:26.780+0000] {processor.py:179} INFO - Processing /home/airflow/.local/lib/python3.8/site-packages/airflow/example_dags/example_xcomargs.py took 0.071 seconds
[2023-11-25T18:22:57.456+0000] {processor.py:157} INFO - Started process (PID=505) to work on /home/airflow/.local/lib/python3.8/site-packages/airflow/example_dags/example_xcomargs.py
[2023-11-25T18:22:57.457+0000] {processor.py:829} INFO - Processing file /home/airflow/.local/lib/python3.8/site-packages/airflow/example_dags/example_xcomargs.py for tasks to queue
[2023-11-25T18:22:57.460+0000] {logging_mixin.py:154} INFO - [2023-11-25T18:22:57.460+0000] {dagbag.py:536} INFO - Filling up the DagBag from /home/airflow/.local/lib/python3.8/site-packages/airflow/example_dags/example_xcomargs.py
[2023-11-25T18:22:57.469+0000] {processor.py:839} INFO - DAG(s) dict_keys(['example_xcom_args_with_operators', 'example_xcom_args']) retrieved from /home/airflow/.local/lib/python3.8/site-packages/airflow/example_dags/example_xcomargs.py
[2023-11-25T18:22:57.494+0000] {logging_mixin.py:154} INFO - [2023-11-25T18:22:57.494+0000] {dag.py:2941} INFO - Sync 2 DAGs
[2023-11-25T18:22:57.508+0000] {logging_mixin.py:154} INFO - [2023-11-25T18:22:57.508+0000] {dag.py:3722} INFO - Setting next_dagrun for example_xcom_args to None, run_after=None
[2023-11-25T18:22:57.512+0000] {logging_mixin.py:154} INFO - [2023-11-25T18:22:57.512+0000] {dag.py:3722} INFO - Setting next_dagrun for example_xcom_args_with_operators to None, run_after=None
[2023-11-25T18:22:57.532+0000] {processor.py:179} INFO - Processing /home/airflow/.local/lib/python3.8/site-packages/airflow/example_dags/example_xcomargs.py took 0.080 seconds
[2023-11-25T18:23:27.945+0000] {processor.py:157} INFO - Started process (PID=559) to work on /home/airflow/.local/lib/python3.8/site-packages/airflow/example_dags/example_xcomargs.py
[2023-11-25T18:23:27.946+0000] {processor.py:829} INFO - Processing file /home/airflow/.local/lib/python3.8/site-packages/airflow/example_dags/example_xcomargs.py for tasks to queue
[2023-11-25T18:23:27.948+0000] {logging_mixin.py:154} INFO - [2023-11-25T18:23:27.948+0000] {dagbag.py:536} INFO - Filling up the DagBag from /home/airflow/.local/lib/python3.8/site-packages/airflow/example_dags/example_xcomargs.py
[2023-11-25T18:23:27.955+0000] {processor.py:839} INFO - DAG(s) dict_keys(['example_xcom_args_with_operators', 'example_xcom_args']) retrieved from /home/airflow/.local/lib/python3.8/site-packages/airflow/example_dags/example_xcomargs.py
[2023-11-25T18:23:27.977+0000] {logging_mixin.py:154} INFO - [2023-11-25T18:23:27.977+0000] {dag.py:2941} INFO - Sync 2 DAGs
[2023-11-25T18:23:27.988+0000] {logging_mixin.py:154} INFO - [2023-11-25T18:23:27.988+0000] {dag.py:3722} INFO - Setting next_dagrun for example_xcom_args to None, run_after=None
[2023-11-25T18:23:27.991+0000] {logging_mixin.py:154} INFO - [2023-11-25T18:23:27.991+0000] {dag.py:3722} INFO - Setting next_dagrun for example_xcom_args_with_operators to None, run_after=None
[2023-11-25T18:23:28.007+0000] {processor.py:179} INFO - Processing /home/airflow/.local/lib/python3.8/site-packages/airflow/example_dags/example_xcomargs.py took 0.066 seconds
[2023-11-25T18:23:58.803+0000] {processor.py:157} INFO - Started process (PID=613) to work on /home/airflow/.local/lib/python3.8/site-packages/airflow/example_dags/example_xcomargs.py
[2023-11-25T18:23:58.804+0000] {processor.py:829} INFO - Processing file /home/airflow/.local/lib/python3.8/site-packages/airflow/example_dags/example_xcomargs.py for tasks to queue
[2023-11-25T18:23:58.806+0000] {logging_mixin.py:154} INFO - [2023-11-25T18:23:58.806+0000] {dagbag.py:536} INFO - Filling up the DagBag from /home/airflow/.local/lib/python3.8/site-packages/airflow/example_dags/example_xcomargs.py
[2023-11-25T18:23:58.812+0000] {processor.py:839} INFO - DAG(s) dict_keys(['example_xcom_args', 'example_xcom_args_with_operators']) retrieved from /home/airflow/.local/lib/python3.8/site-packages/airflow/example_dags/example_xcomargs.py
[2023-11-25T18:23:58.831+0000] {logging_mixin.py:154} INFO - [2023-11-25T18:23:58.831+0000] {dag.py:2941} INFO - Sync 2 DAGs
[2023-11-25T18:23:58.843+0000] {logging_mixin.py:154} INFO - [2023-11-25T18:23:58.843+0000] {dag.py:3722} INFO - Setting next_dagrun for example_xcom_args to None, run_after=None
[2023-11-25T18:23:58.846+0000] {logging_mixin.py:154} INFO - [2023-11-25T18:23:58.846+0000] {dag.py:3722} INFO - Setting next_dagrun for example_xcom_args_with_operators to None, run_after=None
[2023-11-25T18:23:58.860+0000] {processor.py:179} INFO - Processing /home/airflow/.local/lib/python3.8/site-packages/airflow/example_dags/example_xcomargs.py took 0.059 seconds
[2023-11-25T18:24:29.716+0000] {processor.py:157} INFO - Started process (PID=667) to work on /home/airflow/.local/lib/python3.8/site-packages/airflow/example_dags/example_xcomargs.py
[2023-11-25T18:24:29.717+0000] {processor.py:829} INFO - Processing file /home/airflow/.local/lib/python3.8/site-packages/airflow/example_dags/example_xcomargs.py for tasks to queue
[2023-11-25T18:24:29.719+0000] {logging_mixin.py:154} INFO - [2023-11-25T18:24:29.719+0000] {dagbag.py:536} INFO - Filling up the DagBag from /home/airflow/.local/lib/python3.8/site-packages/airflow/example_dags/example_xcomargs.py
[2023-11-25T18:24:29.726+0000] {processor.py:839} INFO - DAG(s) dict_keys(['example_xcom_args', 'example_xcom_args_with_operators']) retrieved from /home/airflow/.local/lib/python3.8/site-packages/airflow/example_dags/example_xcomargs.py
[2023-11-25T18:24:29.749+0000] {logging_mixin.py:154} INFO - [2023-11-25T18:24:29.749+0000] {dag.py:2941} INFO - Sync 2 DAGs
[2023-11-25T18:24:29.762+0000] {logging_mixin.py:154} INFO - [2023-11-25T18:24:29.761+0000] {dag.py:3722} INFO - Setting next_dagrun for example_xcom_args to None, run_after=None
[2023-11-25T18:24:29.766+0000] {logging_mixin.py:154} INFO - [2023-11-25T18:24:29.766+0000] {dag.py:3722} INFO - Setting next_dagrun for example_xcom_args_with_operators to None, run_after=None
[2023-11-25T18:24:29.783+0000] {processor.py:179} INFO - Processing /home/airflow/.local/lib/python3.8/site-packages/airflow/example_dags/example_xcomargs.py took 0.070 seconds
[2023-11-25T18:25:00.273+0000] {processor.py:157} INFO - Started process (PID=722) to work on /home/airflow/.local/lib/python3.8/site-packages/airflow/example_dags/example_xcomargs.py
[2023-11-25T18:25:00.274+0000] {processor.py:829} INFO - Processing file /home/airflow/.local/lib/python3.8/site-packages/airflow/example_dags/example_xcomargs.py for tasks to queue
[2023-11-25T18:25:00.277+0000] {logging_mixin.py:154} INFO - [2023-11-25T18:25:00.276+0000] {dagbag.py:536} INFO - Filling up the DagBag from /home/airflow/.local/lib/python3.8/site-packages/airflow/example_dags/example_xcomargs.py
[2023-11-25T18:25:00.283+0000] {processor.py:839} INFO - DAG(s) dict_keys(['example_xcom_args', 'example_xcom_args_with_operators']) retrieved from /home/airflow/.local/lib/python3.8/site-packages/airflow/example_dags/example_xcomargs.py
[2023-11-25T18:25:00.306+0000] {logging_mixin.py:154} INFO - [2023-11-25T18:25:00.306+0000] {dag.py:2941} INFO - Sync 2 DAGs
[2023-11-25T18:25:00.318+0000] {logging_mixin.py:154} INFO - [2023-11-25T18:25:00.318+0000] {dag.py:3722} INFO - Setting next_dagrun for example_xcom_args to None, run_after=None
[2023-11-25T18:25:00.322+0000] {logging_mixin.py:154} INFO - [2023-11-25T18:25:00.322+0000] {dag.py:3722} INFO - Setting next_dagrun for example_xcom_args_with_operators to None, run_after=None
[2023-11-25T18:25:00.338+0000] {processor.py:179} INFO - Processing /home/airflow/.local/lib/python3.8/site-packages/airflow/example_dags/example_xcomargs.py took 0.067 seconds
[2023-11-25T18:25:31.215+0000] {processor.py:157} INFO - Started process (PID=776) to work on /home/airflow/.local/lib/python3.8/site-packages/airflow/example_dags/example_xcomargs.py
[2023-11-25T18:25:31.216+0000] {processor.py:829} INFO - Processing file /home/airflow/.local/lib/python3.8/site-packages/airflow/example_dags/example_xcomargs.py for tasks to queue
[2023-11-25T18:25:31.219+0000] {logging_mixin.py:154} INFO - [2023-11-25T18:25:31.219+0000] {dagbag.py:536} INFO - Filling up the DagBag from /home/airflow/.local/lib/python3.8/site-packages/airflow/example_dags/example_xcomargs.py
[2023-11-25T18:25:31.232+0000] {processor.py:839} INFO - DAG(s) dict_keys(['example_xcom_args', 'example_xcom_args_with_operators']) retrieved from /home/airflow/.local/lib/python3.8/site-packages/airflow/example_dags/example_xcomargs.py
[2023-11-25T18:25:31.266+0000] {logging_mixin.py:154} INFO - [2023-11-25T18:25:31.265+0000] {dag.py:2941} INFO - Sync 2 DAGs
[2023-11-25T18:25:31.289+0000] {logging_mixin.py:154} INFO - [2023-11-25T18:25:31.288+0000] {dag.py:3722} INFO - Setting next_dagrun for example_xcom_args to None, run_after=None
[2023-11-25T18:25:31.297+0000] {logging_mixin.py:154} INFO - [2023-11-25T18:25:31.296+0000] {dag.py:3722} INFO - Setting next_dagrun for example_xcom_args_with_operators to None, run_after=None
[2023-11-25T18:25:31.319+0000] {processor.py:179} INFO - Processing /home/airflow/.local/lib/python3.8/site-packages/airflow/example_dags/example_xcomargs.py took 0.107 seconds
[2023-11-25T18:26:01.364+0000] {processor.py:157} INFO - Started process (PID=830) to work on /home/airflow/.local/lib/python3.8/site-packages/airflow/example_dags/example_xcomargs.py
[2023-11-25T18:26:01.365+0000] {processor.py:829} INFO - Processing file /home/airflow/.local/lib/python3.8/site-packages/airflow/example_dags/example_xcomargs.py for tasks to queue
[2023-11-25T18:26:01.367+0000] {logging_mixin.py:154} INFO - [2023-11-25T18:26:01.367+0000] {dagbag.py:536} INFO - Filling up the DagBag from /home/airflow/.local/lib/python3.8/site-packages/airflow/example_dags/example_xcomargs.py
[2023-11-25T18:26:01.374+0000] {processor.py:839} INFO - DAG(s) dict_keys(['example_xcom_args', 'example_xcom_args_with_operators']) retrieved from /home/airflow/.local/lib/python3.8/site-packages/airflow/example_dags/example_xcomargs.py
[2023-11-25T18:26:01.393+0000] {logging_mixin.py:154} INFO - [2023-11-25T18:26:01.393+0000] {dag.py:2941} INFO - Sync 2 DAGs
[2023-11-25T18:26:01.404+0000] {logging_mixin.py:154} INFO - [2023-11-25T18:26:01.404+0000] {dag.py:3722} INFO - Setting next_dagrun for example_xcom_args to None, run_after=None
[2023-11-25T18:26:01.408+0000] {logging_mixin.py:154} INFO - [2023-11-25T18:26:01.408+0000] {dag.py:3722} INFO - Setting next_dagrun for example_xcom_args_with_operators to None, run_after=None
[2023-11-25T18:26:01.421+0000] {processor.py:179} INFO - Processing /home/airflow/.local/lib/python3.8/site-packages/airflow/example_dags/example_xcomargs.py took 0.059 seconds
[2023-11-25T18:26:31.865+0000] {processor.py:157} INFO - Started process (PID=884) to work on /home/airflow/.local/lib/python3.8/site-packages/airflow/example_dags/example_xcomargs.py
[2023-11-25T18:26:31.866+0000] {processor.py:829} INFO - Processing file /home/airflow/.local/lib/python3.8/site-packages/airflow/example_dags/example_xcomargs.py for tasks to queue
[2023-11-25T18:26:31.868+0000] {logging_mixin.py:154} INFO - [2023-11-25T18:26:31.868+0000] {dagbag.py:536} INFO - Filling up the DagBag from /home/airflow/.local/lib/python3.8/site-packages/airflow/example_dags/example_xcomargs.py
[2023-11-25T18:26:31.875+0000] {processor.py:839} INFO - DAG(s) dict_keys(['example_xcom_args', 'example_xcom_args_with_operators']) retrieved from /home/airflow/.local/lib/python3.8/site-packages/airflow/example_dags/example_xcomargs.py
[2023-11-25T18:26:31.897+0000] {logging_mixin.py:154} INFO - [2023-11-25T18:26:31.897+0000] {dag.py:2941} INFO - Sync 2 DAGs
[2023-11-25T18:26:31.909+0000] {logging_mixin.py:154} INFO - [2023-11-25T18:26:31.909+0000] {dag.py:3722} INFO - Setting next_dagrun for example_xcom_args to None, run_after=None
[2023-11-25T18:26:31.914+0000] {logging_mixin.py:154} INFO - [2023-11-25T18:26:31.914+0000] {dag.py:3722} INFO - Setting next_dagrun for example_xcom_args_with_operators to None, run_after=None
[2023-11-25T18:26:31.931+0000] {processor.py:179} INFO - Processing /home/airflow/.local/lib/python3.8/site-packages/airflow/example_dags/example_xcomargs.py took 0.068 seconds
[2023-11-25T18:27:02.543+0000] {processor.py:157} INFO - Started process (PID=938) to work on /home/airflow/.local/lib/python3.8/site-packages/airflow/example_dags/example_xcomargs.py
[2023-11-25T18:27:02.544+0000] {processor.py:829} INFO - Processing file /home/airflow/.local/lib/python3.8/site-packages/airflow/example_dags/example_xcomargs.py for tasks to queue
[2023-11-25T18:27:02.545+0000] {logging_mixin.py:154} INFO - [2023-11-25T18:27:02.545+0000] {dagbag.py:536} INFO - Filling up the DagBag from /home/airflow/.local/lib/python3.8/site-packages/airflow/example_dags/example_xcomargs.py
[2023-11-25T18:27:02.552+0000] {processor.py:839} INFO - DAG(s) dict_keys(['example_xcom_args_with_operators', 'example_xcom_args']) retrieved from /home/airflow/.local/lib/python3.8/site-packages/airflow/example_dags/example_xcomargs.py
[2023-11-25T18:27:02.573+0000] {logging_mixin.py:154} INFO - [2023-11-25T18:27:02.572+0000] {dag.py:2941} INFO - Sync 2 DAGs
[2023-11-25T18:27:02.584+0000] {logging_mixin.py:154} INFO - [2023-11-25T18:27:02.584+0000] {dag.py:3722} INFO - Setting next_dagrun for example_xcom_args to None, run_after=None
[2023-11-25T18:27:02.588+0000] {logging_mixin.py:154} INFO - [2023-11-25T18:27:02.587+0000] {dag.py:3722} INFO - Setting next_dagrun for example_xcom_args_with_operators to None, run_after=None
[2023-11-25T18:27:02.603+0000] {processor.py:179} INFO - Processing /home/airflow/.local/lib/python3.8/site-packages/airflow/example_dags/example_xcomargs.py took 0.063 seconds
[2023-11-25T18:27:33.435+0000] {processor.py:157} INFO - Started process (PID=992) to work on /home/airflow/.local/lib/python3.8/site-packages/airflow/example_dags/example_xcomargs.py
[2023-11-25T18:27:33.436+0000] {processor.py:829} INFO - Processing file /home/airflow/.local/lib/python3.8/site-packages/airflow/example_dags/example_xcomargs.py for tasks to queue
[2023-11-25T18:27:33.438+0000] {logging_mixin.py:154} INFO - [2023-11-25T18:27:33.438+0000] {dagbag.py:536} INFO - Filling up the DagBag from /home/airflow/.local/lib/python3.8/site-packages/airflow/example_dags/example_xcomargs.py
[2023-11-25T18:27:33.444+0000] {processor.py:839} INFO - DAG(s) dict_keys(['example_xcom_args', 'example_xcom_args_with_operators']) retrieved from /home/airflow/.local/lib/python3.8/site-packages/airflow/example_dags/example_xcomargs.py
[2023-11-25T18:27:33.461+0000] {logging_mixin.py:154} INFO - [2023-11-25T18:27:33.461+0000] {dag.py:2941} INFO - Sync 2 DAGs
[2023-11-25T18:27:33.472+0000] {logging_mixin.py:154} INFO - [2023-11-25T18:27:33.471+0000] {dag.py:3722} INFO - Setting next_dagrun for example_xcom_args to None, run_after=None
[2023-11-25T18:27:33.474+0000] {logging_mixin.py:154} INFO - [2023-11-25T18:27:33.474+0000] {dag.py:3722} INFO - Setting next_dagrun for example_xcom_args_with_operators to None, run_after=None
[2023-11-25T18:27:33.487+0000] {processor.py:179} INFO - Processing /home/airflow/.local/lib/python3.8/site-packages/airflow/example_dags/example_xcomargs.py took 0.054 seconds
[2023-11-25T18:28:04.157+0000] {processor.py:157} INFO - Started process (PID=1046) to work on /home/airflow/.local/lib/python3.8/site-packages/airflow/example_dags/example_xcomargs.py
[2023-11-25T18:28:04.158+0000] {processor.py:829} INFO - Processing file /home/airflow/.local/lib/python3.8/site-packages/airflow/example_dags/example_xcomargs.py for tasks to queue
[2023-11-25T18:28:04.160+0000] {logging_mixin.py:154} INFO - [2023-11-25T18:28:04.160+0000] {dagbag.py:536} INFO - Filling up the DagBag from /home/airflow/.local/lib/python3.8/site-packages/airflow/example_dags/example_xcomargs.py
[2023-11-25T18:28:04.166+0000] {processor.py:839} INFO - DAG(s) dict_keys(['example_xcom_args', 'example_xcom_args_with_operators']) retrieved from /home/airflow/.local/lib/python3.8/site-packages/airflow/example_dags/example_xcomargs.py
[2023-11-25T18:28:04.186+0000] {logging_mixin.py:154} INFO - [2023-11-25T18:28:04.186+0000] {dag.py:2941} INFO - Sync 2 DAGs
[2023-11-25T18:28:04.198+0000] {logging_mixin.py:154} INFO - [2023-11-25T18:28:04.198+0000] {dag.py:3722} INFO - Setting next_dagrun for example_xcom_args to None, run_after=None
[2023-11-25T18:28:04.202+0000] {logging_mixin.py:154} INFO - [2023-11-25T18:28:04.202+0000] {dag.py:3722} INFO - Setting next_dagrun for example_xcom_args_with_operators to None, run_after=None
[2023-11-25T18:28:04.216+0000] {processor.py:179} INFO - Processing /home/airflow/.local/lib/python3.8/site-packages/airflow/example_dags/example_xcomargs.py took 0.061 seconds
[2023-11-25T18:28:34.480+0000] {processor.py:157} INFO - Started process (PID=1100) to work on /home/airflow/.local/lib/python3.8/site-packages/airflow/example_dags/example_xcomargs.py
[2023-11-25T18:28:34.480+0000] {processor.py:829} INFO - Processing file /home/airflow/.local/lib/python3.8/site-packages/airflow/example_dags/example_xcomargs.py for tasks to queue
[2023-11-25T18:28:34.483+0000] {logging_mixin.py:154} INFO - [2023-11-25T18:28:34.482+0000] {dagbag.py:536} INFO - Filling up the DagBag from /home/airflow/.local/lib/python3.8/site-packages/airflow/example_dags/example_xcomargs.py
[2023-11-25T18:28:34.488+0000] {processor.py:839} INFO - DAG(s) dict_keys(['example_xcom_args_with_operators', 'example_xcom_args']) retrieved from /home/airflow/.local/lib/python3.8/site-packages/airflow/example_dags/example_xcomargs.py
[2023-11-25T18:28:34.508+0000] {logging_mixin.py:154} INFO - [2023-11-25T18:28:34.508+0000] {dag.py:2941} INFO - Sync 2 DAGs
[2023-11-25T18:28:34.521+0000] {logging_mixin.py:154} INFO - [2023-11-25T18:28:34.520+0000] {dag.py:3722} INFO - Setting next_dagrun for example_xcom_args to None, run_after=None
[2023-11-25T18:28:34.524+0000] {logging_mixin.py:154} INFO - [2023-11-25T18:28:34.524+0000] {dag.py:3722} INFO - Setting next_dagrun for example_xcom_args_with_operators to None, run_after=None
[2023-11-25T18:28:34.539+0000] {processor.py:179} INFO - Processing /home/airflow/.local/lib/python3.8/site-packages/airflow/example_dags/example_xcomargs.py took 0.062 seconds
[2023-11-25T18:29:05.447+0000] {processor.py:157} INFO - Started process (PID=1154) to work on /home/airflow/.local/lib/python3.8/site-packages/airflow/example_dags/example_xcomargs.py
[2023-11-25T18:29:05.448+0000] {processor.py:829} INFO - Processing file /home/airflow/.local/lib/python3.8/site-packages/airflow/example_dags/example_xcomargs.py for tasks to queue
[2023-11-25T18:29:05.452+0000] {logging_mixin.py:154} INFO - [2023-11-25T18:29:05.451+0000] {dagbag.py:536} INFO - Filling up the DagBag from /home/airflow/.local/lib/python3.8/site-packages/airflow/example_dags/example_xcomargs.py
[2023-11-25T18:29:05.463+0000] {processor.py:839} INFO - DAG(s) dict_keys(['example_xcom_args', 'example_xcom_args_with_operators']) retrieved from /home/airflow/.local/lib/python3.8/site-packages/airflow/example_dags/example_xcomargs.py
[2023-11-25T18:29:05.486+0000] {logging_mixin.py:154} INFO - [2023-11-25T18:29:05.485+0000] {dag.py:2941} INFO - Sync 2 DAGs
[2023-11-25T18:29:05.500+0000] {logging_mixin.py:154} INFO - [2023-11-25T18:29:05.500+0000] {dag.py:3722} INFO - Setting next_dagrun for example_xcom_args to None, run_after=None
[2023-11-25T18:29:05.504+0000] {logging_mixin.py:154} INFO - [2023-11-25T18:29:05.504+0000] {dag.py:3722} INFO - Setting next_dagrun for example_xcom_args_with_operators to None, run_after=None
[2023-11-25T18:29:05.522+0000] {processor.py:179} INFO - Processing /home/airflow/.local/lib/python3.8/site-packages/airflow/example_dags/example_xcomargs.py took 0.077 seconds
[2023-11-25T18:29:37.371+0000] {processor.py:157} INFO - Started process (PID=1215) to work on /home/airflow/.local/lib/python3.8/site-packages/airflow/example_dags/example_xcomargs.py
[2023-11-25T18:29:37.374+0000] {processor.py:829} INFO - Processing file /home/airflow/.local/lib/python3.8/site-packages/airflow/example_dags/example_xcomargs.py for tasks to queue
[2023-11-25T18:29:37.377+0000] {logging_mixin.py:154} INFO - [2023-11-25T18:29:37.376+0000] {dagbag.py:536} INFO - Filling up the DagBag from /home/airflow/.local/lib/python3.8/site-packages/airflow/example_dags/example_xcomargs.py
[2023-11-25T18:29:37.385+0000] {processor.py:839} INFO - DAG(s) dict_keys(['example_xcom_args', 'example_xcom_args_with_operators']) retrieved from /home/airflow/.local/lib/python3.8/site-packages/airflow/example_dags/example_xcomargs.py
[2023-11-25T18:29:37.418+0000] {logging_mixin.py:154} INFO - [2023-11-25T18:29:37.418+0000] {dag.py:2941} INFO - Sync 2 DAGs
[2023-11-25T18:29:37.436+0000] {logging_mixin.py:154} INFO - [2023-11-25T18:29:37.436+0000] {dag.py:3722} INFO - Setting next_dagrun for example_xcom_args to None, run_after=None
[2023-11-25T18:29:37.443+0000] {logging_mixin.py:154} INFO - [2023-11-25T18:29:37.443+0000] {dag.py:3722} INFO - Setting next_dagrun for example_xcom_args_with_operators to None, run_after=None
[2023-11-25T18:29:37.673+0000] {processor.py:179} INFO - Processing /home/airflow/.local/lib/python3.8/site-packages/airflow/example_dags/example_xcomargs.py took 0.306 seconds
[2023-11-25T18:30:08.270+0000] {processor.py:157} INFO - Started process (PID=1269) to work on /home/airflow/.local/lib/python3.8/site-packages/airflow/example_dags/example_xcomargs.py
[2023-11-25T18:30:08.271+0000] {processor.py:829} INFO - Processing file /home/airflow/.local/lib/python3.8/site-packages/airflow/example_dags/example_xcomargs.py for tasks to queue
[2023-11-25T18:30:08.273+0000] {logging_mixin.py:154} INFO - [2023-11-25T18:30:08.273+0000] {dagbag.py:536} INFO - Filling up the DagBag from /home/airflow/.local/lib/python3.8/site-packages/airflow/example_dags/example_xcomargs.py
[2023-11-25T18:30:08.283+0000] {processor.py:839} INFO - DAG(s) dict_keys(['example_xcom_args', 'example_xcom_args_with_operators']) retrieved from /home/airflow/.local/lib/python3.8/site-packages/airflow/example_dags/example_xcomargs.py
[2023-11-25T18:30:08.321+0000] {logging_mixin.py:154} INFO - [2023-11-25T18:30:08.321+0000] {dag.py:2941} INFO - Sync 2 DAGs
[2023-11-25T18:30:08.346+0000] {logging_mixin.py:154} INFO - [2023-11-25T18:30:08.345+0000] {dag.py:3722} INFO - Setting next_dagrun for example_xcom_args to None, run_after=None
[2023-11-25T18:30:08.352+0000] {logging_mixin.py:154} INFO - [2023-11-25T18:30:08.352+0000] {dag.py:3722} INFO - Setting next_dagrun for example_xcom_args_with_operators to None, run_after=None
[2023-11-25T18:30:08.386+0000] {processor.py:179} INFO - Processing /home/airflow/.local/lib/python3.8/site-packages/airflow/example_dags/example_xcomargs.py took 0.119 seconds
[2023-11-25T18:30:39.437+0000] {processor.py:157} INFO - Started process (PID=1324) to work on /home/airflow/.local/lib/python3.8/site-packages/airflow/example_dags/example_xcomargs.py
[2023-11-25T18:30:39.438+0000] {processor.py:829} INFO - Processing file /home/airflow/.local/lib/python3.8/site-packages/airflow/example_dags/example_xcomargs.py for tasks to queue
[2023-11-25T18:30:39.440+0000] {logging_mixin.py:154} INFO - [2023-11-25T18:30:39.440+0000] {dagbag.py:536} INFO - Filling up the DagBag from /home/airflow/.local/lib/python3.8/site-packages/airflow/example_dags/example_xcomargs.py
[2023-11-25T18:30:39.448+0000] {processor.py:839} INFO - DAG(s) dict_keys(['example_xcom_args_with_operators', 'example_xcom_args']) retrieved from /home/airflow/.local/lib/python3.8/site-packages/airflow/example_dags/example_xcomargs.py
[2023-11-25T18:30:39.481+0000] {logging_mixin.py:154} INFO - [2023-11-25T18:30:39.481+0000] {dag.py:2941} INFO - Sync 2 DAGs
[2023-11-25T18:30:39.715+0000] {logging_mixin.py:154} INFO - [2023-11-25T18:30:39.714+0000] {dag.py:3722} INFO - Setting next_dagrun for example_xcom_args to None, run_after=None
[2023-11-25T18:30:39.720+0000] {logging_mixin.py:154} INFO - [2023-11-25T18:30:39.719+0000] {dag.py:3722} INFO - Setting next_dagrun for example_xcom_args_with_operators to None, run_after=None
[2023-11-25T18:30:39.740+0000] {processor.py:179} INFO - Processing /home/airflow/.local/lib/python3.8/site-packages/airflow/example_dags/example_xcomargs.py took 0.308 seconds
[2023-11-25T18:31:09.853+0000] {processor.py:157} INFO - Started process (PID=1378) to work on /home/airflow/.local/lib/python3.8/site-packages/airflow/example_dags/example_xcomargs.py
[2023-11-25T18:31:09.855+0000] {processor.py:829} INFO - Processing file /home/airflow/.local/lib/python3.8/site-packages/airflow/example_dags/example_xcomargs.py for tasks to queue
[2023-11-25T18:31:09.859+0000] {logging_mixin.py:154} INFO - [2023-11-25T18:31:09.858+0000] {dagbag.py:536} INFO - Filling up the DagBag from /home/airflow/.local/lib/python3.8/site-packages/airflow/example_dags/example_xcomargs.py
[2023-11-25T18:31:09.871+0000] {processor.py:839} INFO - DAG(s) dict_keys(['example_xcom_args_with_operators', 'example_xcom_args']) retrieved from /home/airflow/.local/lib/python3.8/site-packages/airflow/example_dags/example_xcomargs.py
[2023-11-25T18:31:09.902+0000] {logging_mixin.py:154} INFO - [2023-11-25T18:31:09.901+0000] {dag.py:2941} INFO - Sync 2 DAGs
[2023-11-25T18:31:09.926+0000] {logging_mixin.py:154} INFO - [2023-11-25T18:31:09.926+0000] {dag.py:3722} INFO - Setting next_dagrun for example_xcom_args to None, run_after=None
[2023-11-25T18:31:09.931+0000] {logging_mixin.py:154} INFO - [2023-11-25T18:31:09.931+0000] {dag.py:3722} INFO - Setting next_dagrun for example_xcom_args_with_operators to None, run_after=None
[2023-11-25T18:31:09.958+0000] {processor.py:179} INFO - Processing /home/airflow/.local/lib/python3.8/site-packages/airflow/example_dags/example_xcomargs.py took 0.108 seconds
[2023-11-25T18:31:40.147+0000] {processor.py:157} INFO - Started process (PID=1432) to work on /home/airflow/.local/lib/python3.8/site-packages/airflow/example_dags/example_xcomargs.py
[2023-11-25T18:31:40.148+0000] {processor.py:829} INFO - Processing file /home/airflow/.local/lib/python3.8/site-packages/airflow/example_dags/example_xcomargs.py for tasks to queue
[2023-11-25T18:31:40.151+0000] {logging_mixin.py:154} INFO - [2023-11-25T18:31:40.151+0000] {dagbag.py:536} INFO - Filling up the DagBag from /home/airflow/.local/lib/python3.8/site-packages/airflow/example_dags/example_xcomargs.py
[2023-11-25T18:31:40.161+0000] {processor.py:839} INFO - DAG(s) dict_keys(['example_xcom_args_with_operators', 'example_xcom_args']) retrieved from /home/airflow/.local/lib/python3.8/site-packages/airflow/example_dags/example_xcomargs.py
[2023-11-25T18:31:40.191+0000] {logging_mixin.py:154} INFO - [2023-11-25T18:31:40.191+0000] {dag.py:2941} INFO - Sync 2 DAGs
[2023-11-25T18:31:40.207+0000] {logging_mixin.py:154} INFO - [2023-11-25T18:31:40.207+0000] {dag.py:3722} INFO - Setting next_dagrun for example_xcom_args to None, run_after=None
[2023-11-25T18:31:40.213+0000] {logging_mixin.py:154} INFO - [2023-11-25T18:31:40.213+0000] {dag.py:3722} INFO - Setting next_dagrun for example_xcom_args_with_operators to None, run_after=None
[2023-11-25T18:31:40.237+0000] {processor.py:179} INFO - Processing /home/airflow/.local/lib/python3.8/site-packages/airflow/example_dags/example_xcomargs.py took 0.093 seconds
[2023-11-25T18:32:11.208+0000] {processor.py:157} INFO - Started process (PID=1486) to work on /home/airflow/.local/lib/python3.8/site-packages/airflow/example_dags/example_xcomargs.py
[2023-11-25T18:32:11.210+0000] {processor.py:829} INFO - Processing file /home/airflow/.local/lib/python3.8/site-packages/airflow/example_dags/example_xcomargs.py for tasks to queue
[2023-11-25T18:32:11.213+0000] {logging_mixin.py:154} INFO - [2023-11-25T18:32:11.213+0000] {dagbag.py:536} INFO - Filling up the DagBag from /home/airflow/.local/lib/python3.8/site-packages/airflow/example_dags/example_xcomargs.py
[2023-11-25T18:32:11.221+0000] {processor.py:839} INFO - DAG(s) dict_keys(['example_xcom_args_with_operators', 'example_xcom_args']) retrieved from /home/airflow/.local/lib/python3.8/site-packages/airflow/example_dags/example_xcomargs.py
[2023-11-25T18:32:11.251+0000] {logging_mixin.py:154} INFO - [2023-11-25T18:32:11.251+0000] {dag.py:2941} INFO - Sync 2 DAGs
[2023-11-25T18:32:11.267+0000] {logging_mixin.py:154} INFO - [2023-11-25T18:32:11.267+0000] {dag.py:3722} INFO - Setting next_dagrun for example_xcom_args to None, run_after=None
[2023-11-25T18:32:11.274+0000] {logging_mixin.py:154} INFO - [2023-11-25T18:32:11.274+0000] {dag.py:3722} INFO - Setting next_dagrun for example_xcom_args_with_operators to None, run_after=None
[2023-11-25T18:32:11.306+0000] {processor.py:179} INFO - Processing /home/airflow/.local/lib/python3.8/site-packages/airflow/example_dags/example_xcomargs.py took 0.102 seconds
