[2023-11-25T18:18:50.728+0000] {processor.py:157} INFO - Started process (PID=44) to work on /home/airflow/.local/lib/python3.8/site-packages/airflow/example_dags/example_dag_decorator.py
[2023-11-25T18:18:50.729+0000] {processor.py:829} INFO - Processing file /home/airflow/.local/lib/python3.8/site-packages/airflow/example_dags/example_dag_decorator.py for tasks to queue
[2023-11-25T18:18:50.732+0000] {logging_mixin.py:154} INFO - [2023-11-25T18:18:50.732+0000] {dagbag.py:536} INFO - Filling up the DagBag from /home/airflow/.local/lib/python3.8/site-packages/airflow/example_dags/example_dag_decorator.py
[2023-11-25T18:18:50.926+0000] {processor.py:839} INFO - DAG(s) dict_keys(['example_dag_decorator']) retrieved from /home/airflow/.local/lib/python3.8/site-packages/airflow/example_dags/example_dag_decorator.py
[2023-11-25T18:18:50.952+0000] {logging_mixin.py:154} INFO - [2023-11-25T18:18:50.952+0000] {dag.py:2941} INFO - Sync 1 DAGs
[2023-11-25T18:18:50.972+0000] {logging_mixin.py:154} INFO - [2023-11-25T18:18:50.972+0000] {dag.py:3722} INFO - Setting next_dagrun for example_dag_decorator to None, run_after=None
[2023-11-25T18:18:51.000+0000] {processor.py:179} INFO - Processing /home/airflow/.local/lib/python3.8/site-packages/airflow/example_dags/example_dag_decorator.py took 0.275 seconds
[2023-11-25T18:19:21.309+0000] {processor.py:157} INFO - Started process (PID=98) to work on /home/airflow/.local/lib/python3.8/site-packages/airflow/example_dags/example_dag_decorator.py
[2023-11-25T18:19:21.309+0000] {processor.py:829} INFO - Processing file /home/airflow/.local/lib/python3.8/site-packages/airflow/example_dags/example_dag_decorator.py for tasks to queue
[2023-11-25T18:19:21.311+0000] {logging_mixin.py:154} INFO - [2023-11-25T18:19:21.311+0000] {dagbag.py:536} INFO - Filling up the DagBag from /home/airflow/.local/lib/python3.8/site-packages/airflow/example_dags/example_dag_decorator.py
[2023-11-25T18:19:21.373+0000] {processor.py:839} INFO - DAG(s) dict_keys(['example_dag_decorator']) retrieved from /home/airflow/.local/lib/python3.8/site-packages/airflow/example_dags/example_dag_decorator.py
[2023-11-25T18:19:21.519+0000] {logging_mixin.py:154} INFO - [2023-11-25T18:19:21.519+0000] {dag.py:2941} INFO - Sync 1 DAGs
[2023-11-25T18:19:21.528+0000] {logging_mixin.py:154} INFO - [2023-11-25T18:19:21.528+0000] {dag.py:3722} INFO - Setting next_dagrun for example_dag_decorator to None, run_after=None
[2023-11-25T18:19:21.543+0000] {processor.py:179} INFO - Processing /home/airflow/.local/lib/python3.8/site-packages/airflow/example_dags/example_dag_decorator.py took 0.237 seconds
[2023-11-25T18:19:51.851+0000] {processor.py:157} INFO - Started process (PID=152) to work on /home/airflow/.local/lib/python3.8/site-packages/airflow/example_dags/example_dag_decorator.py
[2023-11-25T18:19:51.851+0000] {processor.py:829} INFO - Processing file /home/airflow/.local/lib/python3.8/site-packages/airflow/example_dags/example_dag_decorator.py for tasks to queue
[2023-11-25T18:19:51.853+0000] {logging_mixin.py:154} INFO - [2023-11-25T18:19:51.853+0000] {dagbag.py:536} INFO - Filling up the DagBag from /home/airflow/.local/lib/python3.8/site-packages/airflow/example_dags/example_dag_decorator.py
[2023-11-25T18:19:51.915+0000] {processor.py:839} INFO - DAG(s) dict_keys(['example_dag_decorator']) retrieved from /home/airflow/.local/lib/python3.8/site-packages/airflow/example_dags/example_dag_decorator.py
[2023-11-25T18:19:52.144+0000] {logging_mixin.py:154} INFO - [2023-11-25T18:19:52.143+0000] {dag.py:2941} INFO - Sync 1 DAGs
[2023-11-25T18:19:52.153+0000] {logging_mixin.py:154} INFO - [2023-11-25T18:19:52.153+0000] {dag.py:3722} INFO - Setting next_dagrun for example_dag_decorator to None, run_after=None
[2023-11-25T18:19:52.169+0000] {processor.py:179} INFO - Processing /home/airflow/.local/lib/python3.8/site-packages/airflow/example_dags/example_dag_decorator.py took 0.321 seconds
[2023-11-25T18:20:22.342+0000] {processor.py:157} INFO - Started process (PID=210) to work on /home/airflow/.local/lib/python3.8/site-packages/airflow/example_dags/example_dag_decorator.py
[2023-11-25T18:20:22.343+0000] {processor.py:829} INFO - Processing file /home/airflow/.local/lib/python3.8/site-packages/airflow/example_dags/example_dag_decorator.py for tasks to queue
[2023-11-25T18:20:22.345+0000] {logging_mixin.py:154} INFO - [2023-11-25T18:20:22.345+0000] {dagbag.py:536} INFO - Filling up the DagBag from /home/airflow/.local/lib/python3.8/site-packages/airflow/example_dags/example_dag_decorator.py
[2023-11-25T18:20:22.406+0000] {processor.py:839} INFO - DAG(s) dict_keys(['example_dag_decorator']) retrieved from /home/airflow/.local/lib/python3.8/site-packages/airflow/example_dags/example_dag_decorator.py
[2023-11-25T18:20:22.488+0000] {logging_mixin.py:154} INFO - [2023-11-25T18:20:22.488+0000] {dag.py:2941} INFO - Sync 1 DAGs
[2023-11-25T18:20:22.498+0000] {logging_mixin.py:154} INFO - [2023-11-25T18:20:22.498+0000] {dag.py:3722} INFO - Setting next_dagrun for example_dag_decorator to None, run_after=None
[2023-11-25T18:20:22.656+0000] {processor.py:179} INFO - Processing /home/airflow/.local/lib/python3.8/site-packages/airflow/example_dags/example_dag_decorator.py took 0.316 seconds
[2023-11-25T18:20:52.747+0000] {processor.py:157} INFO - Started process (PID=267) to work on /home/airflow/.local/lib/python3.8/site-packages/airflow/example_dags/example_dag_decorator.py
[2023-11-25T18:20:52.748+0000] {processor.py:829} INFO - Processing file /home/airflow/.local/lib/python3.8/site-packages/airflow/example_dags/example_dag_decorator.py for tasks to queue
[2023-11-25T18:20:52.750+0000] {logging_mixin.py:154} INFO - [2023-11-25T18:20:52.749+0000] {dagbag.py:536} INFO - Filling up the DagBag from /home/airflow/.local/lib/python3.8/site-packages/airflow/example_dags/example_dag_decorator.py
[2023-11-25T18:20:52.807+0000] {processor.py:839} INFO - DAG(s) dict_keys(['example_dag_decorator']) retrieved from /home/airflow/.local/lib/python3.8/site-packages/airflow/example_dags/example_dag_decorator.py
[2023-11-25T18:20:53.030+0000] {logging_mixin.py:154} INFO - [2023-11-25T18:20:53.030+0000] {dag.py:2941} INFO - Sync 1 DAGs
[2023-11-25T18:20:53.039+0000] {logging_mixin.py:154} INFO - [2023-11-25T18:20:53.038+0000] {dag.py:3722} INFO - Setting next_dagrun for example_dag_decorator to None, run_after=None
[2023-11-25T18:20:53.054+0000] {processor.py:179} INFO - Processing /home/airflow/.local/lib/python3.8/site-packages/airflow/example_dags/example_dag_decorator.py took 0.308 seconds
[2023-11-25T18:21:23.086+0000] {processor.py:157} INFO - Started process (PID=321) to work on /home/airflow/.local/lib/python3.8/site-packages/airflow/example_dags/example_dag_decorator.py
[2023-11-25T18:21:23.086+0000] {processor.py:829} INFO - Processing file /home/airflow/.local/lib/python3.8/site-packages/airflow/example_dags/example_dag_decorator.py for tasks to queue
[2023-11-25T18:21:23.088+0000] {logging_mixin.py:154} INFO - [2023-11-25T18:21:23.088+0000] {dagbag.py:536} INFO - Filling up the DagBag from /home/airflow/.local/lib/python3.8/site-packages/airflow/example_dags/example_dag_decorator.py
[2023-11-25T18:21:23.146+0000] {processor.py:839} INFO - DAG(s) dict_keys(['example_dag_decorator']) retrieved from /home/airflow/.local/lib/python3.8/site-packages/airflow/example_dags/example_dag_decorator.py
[2023-11-25T18:21:23.387+0000] {logging_mixin.py:154} INFO - [2023-11-25T18:21:23.387+0000] {dag.py:2941} INFO - Sync 1 DAGs
[2023-11-25T18:21:23.396+0000] {logging_mixin.py:154} INFO - [2023-11-25T18:21:23.396+0000] {dag.py:3722} INFO - Setting next_dagrun for example_dag_decorator to None, run_after=None
[2023-11-25T18:21:23.411+0000] {processor.py:179} INFO - Processing /home/airflow/.local/lib/python3.8/site-packages/airflow/example_dags/example_dag_decorator.py took 0.327 seconds
[2023-11-25T18:21:53.441+0000] {processor.py:157} INFO - Started process (PID=375) to work on /home/airflow/.local/lib/python3.8/site-packages/airflow/example_dags/example_dag_decorator.py
[2023-11-25T18:21:53.441+0000] {processor.py:829} INFO - Processing file /home/airflow/.local/lib/python3.8/site-packages/airflow/example_dags/example_dag_decorator.py for tasks to queue
[2023-11-25T18:21:53.443+0000] {logging_mixin.py:154} INFO - [2023-11-25T18:21:53.443+0000] {dagbag.py:536} INFO - Filling up the DagBag from /home/airflow/.local/lib/python3.8/site-packages/airflow/example_dags/example_dag_decorator.py
[2023-11-25T18:21:53.508+0000] {processor.py:839} INFO - DAG(s) dict_keys(['example_dag_decorator']) retrieved from /home/airflow/.local/lib/python3.8/site-packages/airflow/example_dags/example_dag_decorator.py
[2023-11-25T18:21:53.611+0000] {logging_mixin.py:154} INFO - [2023-11-25T18:21:53.610+0000] {dag.py:2941} INFO - Sync 1 DAGs
[2023-11-25T18:21:53.624+0000] {logging_mixin.py:154} INFO - [2023-11-25T18:21:53.623+0000] {dag.py:3722} INFO - Setting next_dagrun for example_dag_decorator to None, run_after=None
[2023-11-25T18:21:53.810+0000] {processor.py:179} INFO - Processing /home/airflow/.local/lib/python3.8/site-packages/airflow/example_dags/example_dag_decorator.py took 0.372 seconds
[2023-11-25T18:22:24.230+0000] {processor.py:157} INFO - Started process (PID=432) to work on /home/airflow/.local/lib/python3.8/site-packages/airflow/example_dags/example_dag_decorator.py
[2023-11-25T18:22:24.231+0000] {processor.py:829} INFO - Processing file /home/airflow/.local/lib/python3.8/site-packages/airflow/example_dags/example_dag_decorator.py for tasks to queue
[2023-11-25T18:22:24.233+0000] {logging_mixin.py:154} INFO - [2023-11-25T18:22:24.232+0000] {dagbag.py:536} INFO - Filling up the DagBag from /home/airflow/.local/lib/python3.8/site-packages/airflow/example_dags/example_dag_decorator.py
[2023-11-25T18:22:24.290+0000] {processor.py:839} INFO - DAG(s) dict_keys(['example_dag_decorator']) retrieved from /home/airflow/.local/lib/python3.8/site-packages/airflow/example_dags/example_dag_decorator.py
[2023-11-25T18:22:24.499+0000] {logging_mixin.py:154} INFO - [2023-11-25T18:22:24.499+0000] {dag.py:2941} INFO - Sync 1 DAGs
[2023-11-25T18:22:24.509+0000] {logging_mixin.py:154} INFO - [2023-11-25T18:22:24.509+0000] {dag.py:3722} INFO - Setting next_dagrun for example_dag_decorator to None, run_after=None
[2023-11-25T18:22:24.531+0000] {processor.py:179} INFO - Processing /home/airflow/.local/lib/python3.8/site-packages/airflow/example_dags/example_dag_decorator.py took 0.304 seconds
[2023-11-25T18:22:55.393+0000] {processor.py:157} INFO - Started process (PID=486) to work on /home/airflow/.local/lib/python3.8/site-packages/airflow/example_dags/example_dag_decorator.py
[2023-11-25T18:22:55.394+0000] {processor.py:829} INFO - Processing file /home/airflow/.local/lib/python3.8/site-packages/airflow/example_dags/example_dag_decorator.py for tasks to queue
[2023-11-25T18:22:55.395+0000] {logging_mixin.py:154} INFO - [2023-11-25T18:22:55.395+0000] {dagbag.py:536} INFO - Filling up the DagBag from /home/airflow/.local/lib/python3.8/site-packages/airflow/example_dags/example_dag_decorator.py
[2023-11-25T18:22:55.451+0000] {processor.py:839} INFO - DAG(s) dict_keys(['example_dag_decorator']) retrieved from /home/airflow/.local/lib/python3.8/site-packages/airflow/example_dags/example_dag_decorator.py
[2023-11-25T18:22:55.536+0000] {logging_mixin.py:154} INFO - [2023-11-25T18:22:55.536+0000] {dag.py:2941} INFO - Sync 1 DAGs
[2023-11-25T18:22:55.695+0000] {logging_mixin.py:154} INFO - [2023-11-25T18:22:55.695+0000] {dag.py:3722} INFO - Setting next_dagrun for example_dag_decorator to None, run_after=None
[2023-11-25T18:22:55.712+0000] {processor.py:179} INFO - Processing /home/airflow/.local/lib/python3.8/site-packages/airflow/example_dags/example_dag_decorator.py took 0.321 seconds
[2023-11-25T18:23:25.944+0000] {processor.py:157} INFO - Started process (PID=540) to work on /home/airflow/.local/lib/python3.8/site-packages/airflow/example_dags/example_dag_decorator.py
[2023-11-25T18:23:25.945+0000] {processor.py:829} INFO - Processing file /home/airflow/.local/lib/python3.8/site-packages/airflow/example_dags/example_dag_decorator.py for tasks to queue
[2023-11-25T18:23:25.947+0000] {logging_mixin.py:154} INFO - [2023-11-25T18:23:25.946+0000] {dagbag.py:536} INFO - Filling up the DagBag from /home/airflow/.local/lib/python3.8/site-packages/airflow/example_dags/example_dag_decorator.py
[2023-11-25T18:23:26.000+0000] {processor.py:839} INFO - DAG(s) dict_keys(['example_dag_decorator']) retrieved from /home/airflow/.local/lib/python3.8/site-packages/airflow/example_dags/example_dag_decorator.py
[2023-11-25T18:23:26.225+0000] {logging_mixin.py:154} INFO - [2023-11-25T18:23:26.225+0000] {dag.py:2941} INFO - Sync 1 DAGs
[2023-11-25T18:23:26.234+0000] {logging_mixin.py:154} INFO - [2023-11-25T18:23:26.234+0000] {dag.py:3722} INFO - Setting next_dagrun for example_dag_decorator to None, run_after=None
[2023-11-25T18:23:26.250+0000] {processor.py:179} INFO - Processing /home/airflow/.local/lib/python3.8/site-packages/airflow/example_dags/example_dag_decorator.py took 0.308 seconds
[2023-11-25T18:23:56.461+0000] {processor.py:157} INFO - Started process (PID=594) to work on /home/airflow/.local/lib/python3.8/site-packages/airflow/example_dags/example_dag_decorator.py
[2023-11-25T18:23:56.462+0000] {processor.py:829} INFO - Processing file /home/airflow/.local/lib/python3.8/site-packages/airflow/example_dags/example_dag_decorator.py for tasks to queue
[2023-11-25T18:23:56.464+0000] {logging_mixin.py:154} INFO - [2023-11-25T18:23:56.464+0000] {dagbag.py:536} INFO - Filling up the DagBag from /home/airflow/.local/lib/python3.8/site-packages/airflow/example_dags/example_dag_decorator.py
[2023-11-25T18:23:56.535+0000] {processor.py:839} INFO - DAG(s) dict_keys(['example_dag_decorator']) retrieved from /home/airflow/.local/lib/python3.8/site-packages/airflow/example_dags/example_dag_decorator.py
[2023-11-25T18:23:56.841+0000] {logging_mixin.py:154} INFO - [2023-11-25T18:23:56.841+0000] {dag.py:2941} INFO - Sync 1 DAGs
[2023-11-25T18:23:56.854+0000] {logging_mixin.py:154} INFO - [2023-11-25T18:23:56.854+0000] {dag.py:3722} INFO - Setting next_dagrun for example_dag_decorator to None, run_after=None
[2023-11-25T18:23:56.878+0000] {processor.py:179} INFO - Processing /home/airflow/.local/lib/python3.8/site-packages/airflow/example_dags/example_dag_decorator.py took 0.420 seconds
[2023-11-25T18:24:27.588+0000] {processor.py:157} INFO - Started process (PID=648) to work on /home/airflow/.local/lib/python3.8/site-packages/airflow/example_dags/example_dag_decorator.py
[2023-11-25T18:24:27.589+0000] {processor.py:829} INFO - Processing file /home/airflow/.local/lib/python3.8/site-packages/airflow/example_dags/example_dag_decorator.py for tasks to queue
[2023-11-25T18:24:27.592+0000] {logging_mixin.py:154} INFO - [2023-11-25T18:24:27.592+0000] {dagbag.py:536} INFO - Filling up the DagBag from /home/airflow/.local/lib/python3.8/site-packages/airflow/example_dags/example_dag_decorator.py
[2023-11-25T18:24:27.664+0000] {processor.py:839} INFO - DAG(s) dict_keys(['example_dag_decorator']) retrieved from /home/airflow/.local/lib/python3.8/site-packages/airflow/example_dags/example_dag_decorator.py
[2023-11-25T18:24:27.943+0000] {logging_mixin.py:154} INFO - [2023-11-25T18:24:27.942+0000] {dag.py:2941} INFO - Sync 1 DAGs
[2023-11-25T18:24:27.953+0000] {logging_mixin.py:154} INFO - [2023-11-25T18:24:27.953+0000] {dag.py:3722} INFO - Setting next_dagrun for example_dag_decorator to None, run_after=None
[2023-11-25T18:24:27.971+0000] {processor.py:179} INFO - Processing /home/airflow/.local/lib/python3.8/site-packages/airflow/example_dags/example_dag_decorator.py took 0.386 seconds
[2023-11-25T18:24:58.147+0000] {processor.py:157} INFO - Started process (PID=703) to work on /home/airflow/.local/lib/python3.8/site-packages/airflow/example_dags/example_dag_decorator.py
[2023-11-25T18:24:58.148+0000] {processor.py:829} INFO - Processing file /home/airflow/.local/lib/python3.8/site-packages/airflow/example_dags/example_dag_decorator.py for tasks to queue
[2023-11-25T18:24:58.150+0000] {logging_mixin.py:154} INFO - [2023-11-25T18:24:58.150+0000] {dagbag.py:536} INFO - Filling up the DagBag from /home/airflow/.local/lib/python3.8/site-packages/airflow/example_dags/example_dag_decorator.py
[2023-11-25T18:24:58.226+0000] {processor.py:839} INFO - DAG(s) dict_keys(['example_dag_decorator']) retrieved from /home/airflow/.local/lib/python3.8/site-packages/airflow/example_dags/example_dag_decorator.py
[2023-11-25T18:24:58.494+0000] {logging_mixin.py:154} INFO - [2023-11-25T18:24:58.494+0000] {dag.py:2941} INFO - Sync 1 DAGs
[2023-11-25T18:24:58.505+0000] {logging_mixin.py:154} INFO - [2023-11-25T18:24:58.504+0000] {dag.py:3722} INFO - Setting next_dagrun for example_dag_decorator to None, run_after=None
[2023-11-25T18:24:58.525+0000] {processor.py:179} INFO - Processing /home/airflow/.local/lib/python3.8/site-packages/airflow/example_dags/example_dag_decorator.py took 0.381 seconds
[2023-11-25T18:25:29.136+0000] {processor.py:157} INFO - Started process (PID=757) to work on /home/airflow/.local/lib/python3.8/site-packages/airflow/example_dags/example_dag_decorator.py
[2023-11-25T18:25:29.137+0000] {processor.py:829} INFO - Processing file /home/airflow/.local/lib/python3.8/site-packages/airflow/example_dags/example_dag_decorator.py for tasks to queue
[2023-11-25T18:25:29.140+0000] {logging_mixin.py:154} INFO - [2023-11-25T18:25:29.140+0000] {dagbag.py:536} INFO - Filling up the DagBag from /home/airflow/.local/lib/python3.8/site-packages/airflow/example_dags/example_dag_decorator.py
[2023-11-25T18:25:29.273+0000] {processor.py:839} INFO - DAG(s) dict_keys(['example_dag_decorator']) retrieved from /home/airflow/.local/lib/python3.8/site-packages/airflow/example_dags/example_dag_decorator.py
[2023-11-25T18:25:29.797+0000] {logging_mixin.py:154} INFO - [2023-11-25T18:25:29.796+0000] {dag.py:2941} INFO - Sync 1 DAGs
[2023-11-25T18:25:29.813+0000] {logging_mixin.py:154} INFO - [2023-11-25T18:25:29.813+0000] {dag.py:3722} INFO - Setting next_dagrun for example_dag_decorator to None, run_after=None
[2023-11-25T18:25:29.846+0000] {processor.py:179} INFO - Processing /home/airflow/.local/lib/python3.8/site-packages/airflow/example_dags/example_dag_decorator.py took 0.714 seconds
[2023-11-25T18:26:00.222+0000] {processor.py:157} INFO - Started process (PID=811) to work on /home/airflow/.local/lib/python3.8/site-packages/airflow/example_dags/example_dag_decorator.py
[2023-11-25T18:26:00.222+0000] {processor.py:829} INFO - Processing file /home/airflow/.local/lib/python3.8/site-packages/airflow/example_dags/example_dag_decorator.py for tasks to queue
[2023-11-25T18:26:00.224+0000] {logging_mixin.py:154} INFO - [2023-11-25T18:26:00.224+0000] {dagbag.py:536} INFO - Filling up the DagBag from /home/airflow/.local/lib/python3.8/site-packages/airflow/example_dags/example_dag_decorator.py
[2023-11-25T18:26:00.282+0000] {processor.py:839} INFO - DAG(s) dict_keys(['example_dag_decorator']) retrieved from /home/airflow/.local/lib/python3.8/site-packages/airflow/example_dags/example_dag_decorator.py
[2023-11-25T18:26:00.515+0000] {logging_mixin.py:154} INFO - [2023-11-25T18:26:00.515+0000] {dag.py:2941} INFO - Sync 1 DAGs
[2023-11-25T18:26:00.524+0000] {logging_mixin.py:154} INFO - [2023-11-25T18:26:00.523+0000] {dag.py:3722} INFO - Setting next_dagrun for example_dag_decorator to None, run_after=None
[2023-11-25T18:26:00.539+0000] {processor.py:179} INFO - Processing /home/airflow/.local/lib/python3.8/site-packages/airflow/example_dags/example_dag_decorator.py took 0.320 seconds
[2023-11-25T18:26:30.659+0000] {processor.py:157} INFO - Started process (PID=865) to work on /home/airflow/.local/lib/python3.8/site-packages/airflow/example_dags/example_dag_decorator.py
[2023-11-25T18:26:30.661+0000] {processor.py:829} INFO - Processing file /home/airflow/.local/lib/python3.8/site-packages/airflow/example_dags/example_dag_decorator.py for tasks to queue
[2023-11-25T18:26:30.663+0000] {logging_mixin.py:154} INFO - [2023-11-25T18:26:30.663+0000] {dagbag.py:536} INFO - Filling up the DagBag from /home/airflow/.local/lib/python3.8/site-packages/airflow/example_dags/example_dag_decorator.py
[2023-11-25T18:26:30.731+0000] {processor.py:839} INFO - DAG(s) dict_keys(['example_dag_decorator']) retrieved from /home/airflow/.local/lib/python3.8/site-packages/airflow/example_dags/example_dag_decorator.py
[2023-11-25T18:26:30.976+0000] {logging_mixin.py:154} INFO - [2023-11-25T18:26:30.975+0000] {dag.py:2941} INFO - Sync 1 DAGs
[2023-11-25T18:26:30.987+0000] {logging_mixin.py:154} INFO - [2023-11-25T18:26:30.987+0000] {dag.py:3722} INFO - Setting next_dagrun for example_dag_decorator to None, run_after=None
[2023-11-25T18:26:31.010+0000] {processor.py:179} INFO - Processing /home/airflow/.local/lib/python3.8/site-packages/airflow/example_dags/example_dag_decorator.py took 0.354 seconds
[2023-11-25T18:27:01.178+0000] {processor.py:157} INFO - Started process (PID=921) to work on /home/airflow/.local/lib/python3.8/site-packages/airflow/example_dags/example_dag_decorator.py
[2023-11-25T18:27:01.178+0000] {processor.py:829} INFO - Processing file /home/airflow/.local/lib/python3.8/site-packages/airflow/example_dags/example_dag_decorator.py for tasks to queue
[2023-11-25T18:27:01.180+0000] {logging_mixin.py:154} INFO - [2023-11-25T18:27:01.180+0000] {dagbag.py:536} INFO - Filling up the DagBag from /home/airflow/.local/lib/python3.8/site-packages/airflow/example_dags/example_dag_decorator.py
[2023-11-25T18:27:01.237+0000] {processor.py:839} INFO - DAG(s) dict_keys(['example_dag_decorator']) retrieved from /home/airflow/.local/lib/python3.8/site-packages/airflow/example_dags/example_dag_decorator.py
[2023-11-25T18:27:01.564+0000] {logging_mixin.py:154} INFO - [2023-11-25T18:27:01.564+0000] {dag.py:2941} INFO - Sync 1 DAGs
[2023-11-25T18:27:01.575+0000] {logging_mixin.py:154} INFO - [2023-11-25T18:27:01.575+0000] {dag.py:3722} INFO - Setting next_dagrun for example_dag_decorator to None, run_after=None
[2023-11-25T18:27:01.595+0000] {processor.py:179} INFO - Processing /home/airflow/.local/lib/python3.8/site-packages/airflow/example_dags/example_dag_decorator.py took 0.420 seconds
[2023-11-25T18:27:32.551+0000] {processor.py:157} INFO - Started process (PID=977) to work on /home/airflow/.local/lib/python3.8/site-packages/airflow/example_dags/example_dag_decorator.py
[2023-11-25T18:27:32.552+0000] {processor.py:829} INFO - Processing file /home/airflow/.local/lib/python3.8/site-packages/airflow/example_dags/example_dag_decorator.py for tasks to queue
[2023-11-25T18:27:32.554+0000] {logging_mixin.py:154} INFO - [2023-11-25T18:27:32.554+0000] {dagbag.py:536} INFO - Filling up the DagBag from /home/airflow/.local/lib/python3.8/site-packages/airflow/example_dags/example_dag_decorator.py
[2023-11-25T18:27:32.617+0000] {processor.py:839} INFO - DAG(s) dict_keys(['example_dag_decorator']) retrieved from /home/airflow/.local/lib/python3.8/site-packages/airflow/example_dags/example_dag_decorator.py
[2023-11-25T18:27:32.847+0000] {logging_mixin.py:154} INFO - [2023-11-25T18:27:32.847+0000] {dag.py:2941} INFO - Sync 1 DAGs
[2023-11-25T18:27:32.857+0000] {logging_mixin.py:154} INFO - [2023-11-25T18:27:32.856+0000] {dag.py:3722} INFO - Setting next_dagrun for example_dag_decorator to None, run_after=None
[2023-11-25T18:27:32.873+0000] {processor.py:179} INFO - Processing /home/airflow/.local/lib/python3.8/site-packages/airflow/example_dags/example_dag_decorator.py took 0.324 seconds
[2023-11-25T18:28:03.298+0000] {processor.py:157} INFO - Started process (PID=1031) to work on /home/airflow/.local/lib/python3.8/site-packages/airflow/example_dags/example_dag_decorator.py
[2023-11-25T18:28:03.299+0000] {processor.py:829} INFO - Processing file /home/airflow/.local/lib/python3.8/site-packages/airflow/example_dags/example_dag_decorator.py for tasks to queue
[2023-11-25T18:28:03.301+0000] {logging_mixin.py:154} INFO - [2023-11-25T18:28:03.300+0000] {dagbag.py:536} INFO - Filling up the DagBag from /home/airflow/.local/lib/python3.8/site-packages/airflow/example_dags/example_dag_decorator.py
[2023-11-25T18:28:03.359+0000] {processor.py:839} INFO - DAG(s) dict_keys(['example_dag_decorator']) retrieved from /home/airflow/.local/lib/python3.8/site-packages/airflow/example_dags/example_dag_decorator.py
[2023-11-25T18:28:03.635+0000] {logging_mixin.py:154} INFO - [2023-11-25T18:28:03.634+0000] {dag.py:2941} INFO - Sync 1 DAGs
[2023-11-25T18:28:03.646+0000] {logging_mixin.py:154} INFO - [2023-11-25T18:28:03.646+0000] {dag.py:3722} INFO - Setting next_dagrun for example_dag_decorator to None, run_after=None
[2023-11-25T18:28:03.664+0000] {processor.py:179} INFO - Processing /home/airflow/.local/lib/python3.8/site-packages/airflow/example_dags/example_dag_decorator.py took 0.369 seconds
[2023-11-25T18:28:33.721+0000] {processor.py:157} INFO - Started process (PID=1088) to work on /home/airflow/.local/lib/python3.8/site-packages/airflow/example_dags/example_dag_decorator.py
[2023-11-25T18:28:33.722+0000] {processor.py:829} INFO - Processing file /home/airflow/.local/lib/python3.8/site-packages/airflow/example_dags/example_dag_decorator.py for tasks to queue
[2023-11-25T18:28:33.724+0000] {logging_mixin.py:154} INFO - [2023-11-25T18:28:33.723+0000] {dagbag.py:536} INFO - Filling up the DagBag from /home/airflow/.local/lib/python3.8/site-packages/airflow/example_dags/example_dag_decorator.py
[2023-11-25T18:28:33.783+0000] {processor.py:839} INFO - DAG(s) dict_keys(['example_dag_decorator']) retrieved from /home/airflow/.local/lib/python3.8/site-packages/airflow/example_dags/example_dag_decorator.py
[2023-11-25T18:28:34.038+0000] {logging_mixin.py:154} INFO - [2023-11-25T18:28:34.038+0000] {dag.py:2941} INFO - Sync 1 DAGs
[2023-11-25T18:28:34.050+0000] {logging_mixin.py:154} INFO - [2023-11-25T18:28:34.050+0000] {dag.py:3722} INFO - Setting next_dagrun for example_dag_decorator to None, run_after=None
[2023-11-25T18:28:34.070+0000] {processor.py:179} INFO - Processing /home/airflow/.local/lib/python3.8/site-packages/airflow/example_dags/example_dag_decorator.py took 0.352 seconds
[2023-11-25T18:29:04.153+0000] {processor.py:157} INFO - Started process (PID=1139) to work on /home/airflow/.local/lib/python3.8/site-packages/airflow/example_dags/example_dag_decorator.py
[2023-11-25T18:29:04.155+0000] {processor.py:829} INFO - Processing file /home/airflow/.local/lib/python3.8/site-packages/airflow/example_dags/example_dag_decorator.py for tasks to queue
[2023-11-25T18:29:04.159+0000] {logging_mixin.py:154} INFO - [2023-11-25T18:29:04.159+0000] {dagbag.py:536} INFO - Filling up the DagBag from /home/airflow/.local/lib/python3.8/site-packages/airflow/example_dags/example_dag_decorator.py
[2023-11-25T18:29:04.236+0000] {processor.py:839} INFO - DAG(s) dict_keys(['example_dag_decorator']) retrieved from /home/airflow/.local/lib/python3.8/site-packages/airflow/example_dags/example_dag_decorator.py
[2023-11-25T18:29:04.568+0000] {logging_mixin.py:154} INFO - [2023-11-25T18:29:04.568+0000] {dag.py:2941} INFO - Sync 1 DAGs
[2023-11-25T18:29:04.584+0000] {logging_mixin.py:154} INFO - [2023-11-25T18:29:04.584+0000] {dag.py:3722} INFO - Setting next_dagrun for example_dag_decorator to None, run_after=None
[2023-11-25T18:29:04.611+0000] {processor.py:179} INFO - Processing /home/airflow/.local/lib/python3.8/site-packages/airflow/example_dags/example_dag_decorator.py took 0.461 seconds
[2023-11-25T18:29:34.955+0000] {processor.py:157} INFO - Started process (PID=1193) to work on /home/airflow/.local/lib/python3.8/site-packages/airflow/example_dags/example_dag_decorator.py
[2023-11-25T18:29:34.956+0000] {processor.py:829} INFO - Processing file /home/airflow/.local/lib/python3.8/site-packages/airflow/example_dags/example_dag_decorator.py for tasks to queue
[2023-11-25T18:29:34.958+0000] {logging_mixin.py:154} INFO - [2023-11-25T18:29:34.958+0000] {dagbag.py:536} INFO - Filling up the DagBag from /home/airflow/.local/lib/python3.8/site-packages/airflow/example_dags/example_dag_decorator.py
[2023-11-25T18:29:35.278+0000] {processor.py:839} INFO - DAG(s) dict_keys(['example_dag_decorator']) retrieved from /home/airflow/.local/lib/python3.8/site-packages/airflow/example_dags/example_dag_decorator.py
[2023-11-25T18:29:35.441+0000] {logging_mixin.py:154} INFO - [2023-11-25T18:29:35.441+0000] {dag.py:2941} INFO - Sync 1 DAGs
[2023-11-25T18:29:35.457+0000] {logging_mixin.py:154} INFO - [2023-11-25T18:29:35.457+0000] {dag.py:3722} INFO - Setting next_dagrun for example_dag_decorator to None, run_after=None
[2023-11-25T18:29:35.494+0000] {processor.py:179} INFO - Processing /home/airflow/.local/lib/python3.8/site-packages/airflow/example_dags/example_dag_decorator.py took 0.542 seconds
[2023-11-25T18:30:06.087+0000] {processor.py:157} INFO - Started process (PID=1247) to work on /home/airflow/.local/lib/python3.8/site-packages/airflow/example_dags/example_dag_decorator.py
[2023-11-25T18:30:06.088+0000] {processor.py:829} INFO - Processing file /home/airflow/.local/lib/python3.8/site-packages/airflow/example_dags/example_dag_decorator.py for tasks to queue
[2023-11-25T18:30:06.091+0000] {logging_mixin.py:154} INFO - [2023-11-25T18:30:06.091+0000] {dagbag.py:536} INFO - Filling up the DagBag from /home/airflow/.local/lib/python3.8/site-packages/airflow/example_dags/example_dag_decorator.py
[2023-11-25T18:30:06.193+0000] {processor.py:839} INFO - DAG(s) dict_keys(['example_dag_decorator']) retrieved from /home/airflow/.local/lib/python3.8/site-packages/airflow/example_dags/example_dag_decorator.py
[2023-11-25T18:30:06.539+0000] {logging_mixin.py:154} INFO - [2023-11-25T18:30:06.538+0000] {dag.py:2941} INFO - Sync 1 DAGs
[2023-11-25T18:30:06.552+0000] {logging_mixin.py:154} INFO - [2023-11-25T18:30:06.552+0000] {dag.py:3722} INFO - Setting next_dagrun for example_dag_decorator to None, run_after=None
[2023-11-25T18:30:06.577+0000] {processor.py:179} INFO - Processing /home/airflow/.local/lib/python3.8/site-packages/airflow/example_dags/example_dag_decorator.py took 0.495 seconds
[2023-11-25T18:30:36.675+0000] {processor.py:157} INFO - Started process (PID=1309) to work on /home/airflow/.local/lib/python3.8/site-packages/airflow/example_dags/example_dag_decorator.py
[2023-11-25T18:30:36.677+0000] {processor.py:829} INFO - Processing file /home/airflow/.local/lib/python3.8/site-packages/airflow/example_dags/example_dag_decorator.py for tasks to queue
[2023-11-25T18:30:36.681+0000] {logging_mixin.py:154} INFO - [2023-11-25T18:30:36.681+0000] {dagbag.py:536} INFO - Filling up the DagBag from /home/airflow/.local/lib/python3.8/site-packages/airflow/example_dags/example_dag_decorator.py
[2023-11-25T18:30:36.812+0000] {processor.py:839} INFO - DAG(s) dict_keys(['example_dag_decorator']) retrieved from /home/airflow/.local/lib/python3.8/site-packages/airflow/example_dags/example_dag_decorator.py
[2023-11-25T18:30:37.179+0000] {logging_mixin.py:154} INFO - [2023-11-25T18:30:37.178+0000] {dag.py:2941} INFO - Sync 1 DAGs
[2023-11-25T18:30:37.198+0000] {logging_mixin.py:154} INFO - [2023-11-25T18:30:37.198+0000] {dag.py:3722} INFO - Setting next_dagrun for example_dag_decorator to None, run_after=None
[2023-11-25T18:30:37.229+0000] {processor.py:179} INFO - Processing /home/airflow/.local/lib/python3.8/site-packages/airflow/example_dags/example_dag_decorator.py took 0.559 seconds
[2023-11-25T18:31:07.330+0000] {processor.py:157} INFO - Started process (PID=1363) to work on /home/airflow/.local/lib/python3.8/site-packages/airflow/example_dags/example_dag_decorator.py
[2023-11-25T18:31:07.331+0000] {processor.py:829} INFO - Processing file /home/airflow/.local/lib/python3.8/site-packages/airflow/example_dags/example_dag_decorator.py for tasks to queue
[2023-11-25T18:31:07.337+0000] {logging_mixin.py:154} INFO - [2023-11-25T18:31:07.336+0000] {dagbag.py:536} INFO - Filling up the DagBag from /home/airflow/.local/lib/python3.8/site-packages/airflow/example_dags/example_dag_decorator.py
[2023-11-25T18:31:07.431+0000] {processor.py:839} INFO - DAG(s) dict_keys(['example_dag_decorator']) retrieved from /home/airflow/.local/lib/python3.8/site-packages/airflow/example_dags/example_dag_decorator.py
[2023-11-25T18:31:07.796+0000] {logging_mixin.py:154} INFO - [2023-11-25T18:31:07.795+0000] {dag.py:2941} INFO - Sync 1 DAGs
[2023-11-25T18:31:07.815+0000] {logging_mixin.py:154} INFO - [2023-11-25T18:31:07.815+0000] {dag.py:3722} INFO - Setting next_dagrun for example_dag_decorator to None, run_after=None
[2023-11-25T18:31:07.842+0000] {processor.py:179} INFO - Processing /home/airflow/.local/lib/python3.8/site-packages/airflow/example_dags/example_dag_decorator.py took 0.515 seconds
[2023-11-25T18:31:38.465+0000] {processor.py:157} INFO - Started process (PID=1419) to work on /home/airflow/.local/lib/python3.8/site-packages/airflow/example_dags/example_dag_decorator.py
[2023-11-25T18:31:38.467+0000] {processor.py:829} INFO - Processing file /home/airflow/.local/lib/python3.8/site-packages/airflow/example_dags/example_dag_decorator.py for tasks to queue
[2023-11-25T18:31:38.469+0000] {logging_mixin.py:154} INFO - [2023-11-25T18:31:38.469+0000] {dagbag.py:536} INFO - Filling up the DagBag from /home/airflow/.local/lib/python3.8/site-packages/airflow/example_dags/example_dag_decorator.py
[2023-11-25T18:31:38.576+0000] {processor.py:839} INFO - DAG(s) dict_keys(['example_dag_decorator']) retrieved from /home/airflow/.local/lib/python3.8/site-packages/airflow/example_dags/example_dag_decorator.py
[2023-11-25T18:31:38.929+0000] {logging_mixin.py:154} INFO - [2023-11-25T18:31:38.929+0000] {dag.py:2941} INFO - Sync 1 DAGs
[2023-11-25T18:31:38.943+0000] {logging_mixin.py:154} INFO - [2023-11-25T18:31:38.942+0000] {dag.py:3722} INFO - Setting next_dagrun for example_dag_decorator to None, run_after=None
[2023-11-25T18:31:38.971+0000] {processor.py:179} INFO - Processing /home/airflow/.local/lib/python3.8/site-packages/airflow/example_dags/example_dag_decorator.py took 0.509 seconds
[2023-11-25T18:32:09.048+0000] {processor.py:157} INFO - Started process (PID=1474) to work on /home/airflow/.local/lib/python3.8/site-packages/airflow/example_dags/example_dag_decorator.py
[2023-11-25T18:32:09.050+0000] {processor.py:829} INFO - Processing file /home/airflow/.local/lib/python3.8/site-packages/airflow/example_dags/example_dag_decorator.py for tasks to queue
[2023-11-25T18:32:09.053+0000] {logging_mixin.py:154} INFO - [2023-11-25T18:32:09.053+0000] {dagbag.py:536} INFO - Filling up the DagBag from /home/airflow/.local/lib/python3.8/site-packages/airflow/example_dags/example_dag_decorator.py
[2023-11-25T18:32:09.352+0000] {processor.py:839} INFO - DAG(s) dict_keys(['example_dag_decorator']) retrieved from /home/airflow/.local/lib/python3.8/site-packages/airflow/example_dags/example_dag_decorator.py
[2023-11-25T18:32:09.491+0000] {logging_mixin.py:154} INFO - [2023-11-25T18:32:09.490+0000] {dag.py:2941} INFO - Sync 1 DAGs
[2023-11-25T18:32:09.506+0000] {logging_mixin.py:154} INFO - [2023-11-25T18:32:09.506+0000] {dag.py:3722} INFO - Setting next_dagrun for example_dag_decorator to None, run_after=None
[2023-11-25T18:32:09.539+0000] {processor.py:179} INFO - Processing /home/airflow/.local/lib/python3.8/site-packages/airflow/example_dags/example_dag_decorator.py took 0.495 seconds
