[2023-11-25T18:18:54.087+0000] {processor.py:157} INFO - Started process (PID=83) to work on /home/airflow/.local/lib/python3.8/site-packages/airflow/example_dags/example_external_task_marker_dag.py
[2023-11-25T18:18:54.089+0000] {processor.py:829} INFO - Processing file /home/airflow/.local/lib/python3.8/site-packages/airflow/example_dags/example_external_task_marker_dag.py for tasks to queue
[2023-11-25T18:18:54.091+0000] {logging_mixin.py:154} INFO - [2023-11-25T18:18:54.091+0000] {dagbag.py:536} INFO - Filling up the DagBag from /home/airflow/.local/lib/python3.8/site-packages/airflow/example_dags/example_external_task_marker_dag.py
[2023-11-25T18:18:54.100+0000] {processor.py:839} INFO - DAG(s) dict_keys(['example_external_task_marker_child', 'example_external_task_marker_parent']) retrieved from /home/airflow/.local/lib/python3.8/site-packages/airflow/example_dags/example_external_task_marker_dag.py
[2023-11-25T18:18:54.115+0000] {logging_mixin.py:154} INFO - [2023-11-25T18:18:54.114+0000] {dag.py:2941} INFO - Sync 2 DAGs
[2023-11-25T18:18:54.133+0000] {logging_mixin.py:154} INFO - [2023-11-25T18:18:54.133+0000] {dag.py:3722} INFO - Setting next_dagrun for example_external_task_marker_child to None, run_after=None
[2023-11-25T18:18:54.140+0000] {logging_mixin.py:154} INFO - [2023-11-25T18:18:54.140+0000] {dag.py:3722} INFO - Setting next_dagrun for example_external_task_marker_parent to None, run_after=None
[2023-11-25T18:18:54.160+0000] {processor.py:179} INFO - Processing /home/airflow/.local/lib/python3.8/site-packages/airflow/example_dags/example_external_task_marker_dag.py took 0.080 seconds
[2023-11-25T18:19:24.459+0000] {processor.py:157} INFO - Started process (PID=137) to work on /home/airflow/.local/lib/python3.8/site-packages/airflow/example_dags/example_external_task_marker_dag.py
[2023-11-25T18:19:24.460+0000] {processor.py:829} INFO - Processing file /home/airflow/.local/lib/python3.8/site-packages/airflow/example_dags/example_external_task_marker_dag.py for tasks to queue
[2023-11-25T18:19:24.462+0000] {logging_mixin.py:154} INFO - [2023-11-25T18:19:24.461+0000] {dagbag.py:536} INFO - Filling up the DagBag from /home/airflow/.local/lib/python3.8/site-packages/airflow/example_dags/example_external_task_marker_dag.py
[2023-11-25T18:19:24.466+0000] {processor.py:839} INFO - DAG(s) dict_keys(['example_external_task_marker_child', 'example_external_task_marker_parent']) retrieved from /home/airflow/.local/lib/python3.8/site-packages/airflow/example_dags/example_external_task_marker_dag.py
[2023-11-25T18:19:24.489+0000] {logging_mixin.py:154} INFO - [2023-11-25T18:19:24.489+0000] {dag.py:2941} INFO - Sync 2 DAGs
[2023-11-25T18:19:24.503+0000] {logging_mixin.py:154} INFO - [2023-11-25T18:19:24.503+0000] {dag.py:3722} INFO - Setting next_dagrun for example_external_task_marker_child to None, run_after=None
[2023-11-25T18:19:24.507+0000] {logging_mixin.py:154} INFO - [2023-11-25T18:19:24.507+0000] {dag.py:3722} INFO - Setting next_dagrun for example_external_task_marker_parent to None, run_after=None
[2023-11-25T18:19:24.523+0000] {processor.py:179} INFO - Processing /home/airflow/.local/lib/python3.8/site-packages/airflow/example_dags/example_external_task_marker_dag.py took 0.067 seconds
[2023-11-25T18:19:54.835+0000] {processor.py:157} INFO - Started process (PID=191) to work on /home/airflow/.local/lib/python3.8/site-packages/airflow/example_dags/example_external_task_marker_dag.py
[2023-11-25T18:19:54.836+0000] {processor.py:829} INFO - Processing file /home/airflow/.local/lib/python3.8/site-packages/airflow/example_dags/example_external_task_marker_dag.py for tasks to queue
[2023-11-25T18:19:54.838+0000] {logging_mixin.py:154} INFO - [2023-11-25T18:19:54.838+0000] {dagbag.py:536} INFO - Filling up the DagBag from /home/airflow/.local/lib/python3.8/site-packages/airflow/example_dags/example_external_task_marker_dag.py
[2023-11-25T18:19:54.843+0000] {processor.py:839} INFO - DAG(s) dict_keys(['example_external_task_marker_parent', 'example_external_task_marker_child']) retrieved from /home/airflow/.local/lib/python3.8/site-packages/airflow/example_dags/example_external_task_marker_dag.py
[2023-11-25T18:19:54.864+0000] {logging_mixin.py:154} INFO - [2023-11-25T18:19:54.864+0000] {dag.py:2941} INFO - Sync 2 DAGs
[2023-11-25T18:19:54.877+0000] {logging_mixin.py:154} INFO - [2023-11-25T18:19:54.876+0000] {dag.py:3722} INFO - Setting next_dagrun for example_external_task_marker_child to None, run_after=None
[2023-11-25T18:19:54.880+0000] {logging_mixin.py:154} INFO - [2023-11-25T18:19:54.880+0000] {dag.py:3722} INFO - Setting next_dagrun for example_external_task_marker_parent to None, run_after=None
[2023-11-25T18:19:54.896+0000] {processor.py:179} INFO - Processing /home/airflow/.local/lib/python3.8/site-packages/airflow/example_dags/example_external_task_marker_dag.py took 0.063 seconds
[2023-11-25T18:20:25.164+0000] {processor.py:157} INFO - Started process (PID=245) to work on /home/airflow/.local/lib/python3.8/site-packages/airflow/example_dags/example_external_task_marker_dag.py
[2023-11-25T18:20:25.165+0000] {processor.py:829} INFO - Processing file /home/airflow/.local/lib/python3.8/site-packages/airflow/example_dags/example_external_task_marker_dag.py for tasks to queue
[2023-11-25T18:20:25.167+0000] {logging_mixin.py:154} INFO - [2023-11-25T18:20:25.166+0000] {dagbag.py:536} INFO - Filling up the DagBag from /home/airflow/.local/lib/python3.8/site-packages/airflow/example_dags/example_external_task_marker_dag.py
[2023-11-25T18:20:25.171+0000] {processor.py:839} INFO - DAG(s) dict_keys(['example_external_task_marker_parent', 'example_external_task_marker_child']) retrieved from /home/airflow/.local/lib/python3.8/site-packages/airflow/example_dags/example_external_task_marker_dag.py
[2023-11-25T18:20:25.192+0000] {logging_mixin.py:154} INFO - [2023-11-25T18:20:25.192+0000] {dag.py:2941} INFO - Sync 2 DAGs
[2023-11-25T18:20:25.203+0000] {logging_mixin.py:154} INFO - [2023-11-25T18:20:25.203+0000] {dag.py:3722} INFO - Setting next_dagrun for example_external_task_marker_child to None, run_after=None
[2023-11-25T18:20:25.207+0000] {logging_mixin.py:154} INFO - [2023-11-25T18:20:25.207+0000] {dag.py:3722} INFO - Setting next_dagrun for example_external_task_marker_parent to None, run_after=None
[2023-11-25T18:20:25.222+0000] {processor.py:179} INFO - Processing /home/airflow/.local/lib/python3.8/site-packages/airflow/example_dags/example_external_task_marker_dag.py took 0.060 seconds
[2023-11-25T18:20:55.497+0000] {processor.py:157} INFO - Started process (PID=299) to work on /home/airflow/.local/lib/python3.8/site-packages/airflow/example_dags/example_external_task_marker_dag.py
[2023-11-25T18:20:55.498+0000] {processor.py:829} INFO - Processing file /home/airflow/.local/lib/python3.8/site-packages/airflow/example_dags/example_external_task_marker_dag.py for tasks to queue
[2023-11-25T18:20:55.500+0000] {logging_mixin.py:154} INFO - [2023-11-25T18:20:55.500+0000] {dagbag.py:536} INFO - Filling up the DagBag from /home/airflow/.local/lib/python3.8/site-packages/airflow/example_dags/example_external_task_marker_dag.py
[2023-11-25T18:20:55.505+0000] {processor.py:839} INFO - DAG(s) dict_keys(['example_external_task_marker_child', 'example_external_task_marker_parent']) retrieved from /home/airflow/.local/lib/python3.8/site-packages/airflow/example_dags/example_external_task_marker_dag.py
[2023-11-25T18:20:55.525+0000] {logging_mixin.py:154} INFO - [2023-11-25T18:20:55.525+0000] {dag.py:2941} INFO - Sync 2 DAGs
[2023-11-25T18:20:55.537+0000] {logging_mixin.py:154} INFO - [2023-11-25T18:20:55.537+0000] {dag.py:3722} INFO - Setting next_dagrun for example_external_task_marker_child to None, run_after=None
[2023-11-25T18:20:55.541+0000] {logging_mixin.py:154} INFO - [2023-11-25T18:20:55.541+0000] {dag.py:3722} INFO - Setting next_dagrun for example_external_task_marker_parent to None, run_after=None
[2023-11-25T18:20:55.555+0000] {processor.py:179} INFO - Processing /home/airflow/.local/lib/python3.8/site-packages/airflow/example_dags/example_external_task_marker_dag.py took 0.061 seconds
[2023-11-25T18:21:25.774+0000] {processor.py:157} INFO - Started process (PID=353) to work on /home/airflow/.local/lib/python3.8/site-packages/airflow/example_dags/example_external_task_marker_dag.py
[2023-11-25T18:21:25.775+0000] {processor.py:829} INFO - Processing file /home/airflow/.local/lib/python3.8/site-packages/airflow/example_dags/example_external_task_marker_dag.py for tasks to queue
[2023-11-25T18:21:25.776+0000] {logging_mixin.py:154} INFO - [2023-11-25T18:21:25.776+0000] {dagbag.py:536} INFO - Filling up the DagBag from /home/airflow/.local/lib/python3.8/site-packages/airflow/example_dags/example_external_task_marker_dag.py
[2023-11-25T18:21:25.781+0000] {processor.py:839} INFO - DAG(s) dict_keys(['example_external_task_marker_child', 'example_external_task_marker_parent']) retrieved from /home/airflow/.local/lib/python3.8/site-packages/airflow/example_dags/example_external_task_marker_dag.py
[2023-11-25T18:21:25.801+0000] {logging_mixin.py:154} INFO - [2023-11-25T18:21:25.801+0000] {dag.py:2941} INFO - Sync 2 DAGs
[2023-11-25T18:21:25.812+0000] {logging_mixin.py:154} INFO - [2023-11-25T18:21:25.812+0000] {dag.py:3722} INFO - Setting next_dagrun for example_external_task_marker_child to None, run_after=None
[2023-11-25T18:21:25.815+0000] {logging_mixin.py:154} INFO - [2023-11-25T18:21:25.815+0000] {dag.py:3722} INFO - Setting next_dagrun for example_external_task_marker_parent to None, run_after=None
[2023-11-25T18:21:25.829+0000] {processor.py:179} INFO - Processing /home/airflow/.local/lib/python3.8/site-packages/airflow/example_dags/example_external_task_marker_dag.py took 0.057 seconds
[2023-11-25T18:21:56.417+0000] {processor.py:157} INFO - Started process (PID=407) to work on /home/airflow/.local/lib/python3.8/site-packages/airflow/example_dags/example_external_task_marker_dag.py
[2023-11-25T18:21:56.418+0000] {processor.py:829} INFO - Processing file /home/airflow/.local/lib/python3.8/site-packages/airflow/example_dags/example_external_task_marker_dag.py for tasks to queue
[2023-11-25T18:21:56.419+0000] {logging_mixin.py:154} INFO - [2023-11-25T18:21:56.419+0000] {dagbag.py:536} INFO - Filling up the DagBag from /home/airflow/.local/lib/python3.8/site-packages/airflow/example_dags/example_external_task_marker_dag.py
[2023-11-25T18:21:56.425+0000] {processor.py:839} INFO - DAG(s) dict_keys(['example_external_task_marker_parent', 'example_external_task_marker_child']) retrieved from /home/airflow/.local/lib/python3.8/site-packages/airflow/example_dags/example_external_task_marker_dag.py
[2023-11-25T18:21:56.447+0000] {logging_mixin.py:154} INFO - [2023-11-25T18:21:56.447+0000] {dag.py:2941} INFO - Sync 2 DAGs
[2023-11-25T18:21:56.460+0000] {logging_mixin.py:154} INFO - [2023-11-25T18:21:56.460+0000] {dag.py:3722} INFO - Setting next_dagrun for example_external_task_marker_child to None, run_after=None
[2023-11-25T18:21:56.464+0000] {logging_mixin.py:154} INFO - [2023-11-25T18:21:56.464+0000] {dag.py:3722} INFO - Setting next_dagrun for example_external_task_marker_parent to None, run_after=None
[2023-11-25T18:21:56.479+0000] {processor.py:179} INFO - Processing /home/airflow/.local/lib/python3.8/site-packages/airflow/example_dags/example_external_task_marker_dag.py took 0.065 seconds
[2023-11-25T18:22:27.226+0000] {processor.py:157} INFO - Started process (PID=461) to work on /home/airflow/.local/lib/python3.8/site-packages/airflow/example_dags/example_external_task_marker_dag.py
[2023-11-25T18:22:27.227+0000] {processor.py:829} INFO - Processing file /home/airflow/.local/lib/python3.8/site-packages/airflow/example_dags/example_external_task_marker_dag.py for tasks to queue
[2023-11-25T18:22:27.229+0000] {logging_mixin.py:154} INFO - [2023-11-25T18:22:27.229+0000] {dagbag.py:536} INFO - Filling up the DagBag from /home/airflow/.local/lib/python3.8/site-packages/airflow/example_dags/example_external_task_marker_dag.py
[2023-11-25T18:22:27.234+0000] {processor.py:839} INFO - DAG(s) dict_keys(['example_external_task_marker_child', 'example_external_task_marker_parent']) retrieved from /home/airflow/.local/lib/python3.8/site-packages/airflow/example_dags/example_external_task_marker_dag.py
[2023-11-25T18:22:27.258+0000] {logging_mixin.py:154} INFO - [2023-11-25T18:22:27.257+0000] {dag.py:2941} INFO - Sync 2 DAGs
[2023-11-25T18:22:27.273+0000] {logging_mixin.py:154} INFO - [2023-11-25T18:22:27.272+0000] {dag.py:3722} INFO - Setting next_dagrun for example_external_task_marker_child to None, run_after=None
[2023-11-25T18:22:27.277+0000] {logging_mixin.py:154} INFO - [2023-11-25T18:22:27.276+0000] {dag.py:3722} INFO - Setting next_dagrun for example_external_task_marker_parent to None, run_after=None
[2023-11-25T18:22:27.293+0000] {processor.py:179} INFO - Processing /home/airflow/.local/lib/python3.8/site-packages/airflow/example_dags/example_external_task_marker_dag.py took 0.070 seconds
[2023-11-25T18:22:58.040+0000] {processor.py:157} INFO - Started process (PID=515) to work on /home/airflow/.local/lib/python3.8/site-packages/airflow/example_dags/example_external_task_marker_dag.py
[2023-11-25T18:22:58.041+0000] {processor.py:829} INFO - Processing file /home/airflow/.local/lib/python3.8/site-packages/airflow/example_dags/example_external_task_marker_dag.py for tasks to queue
[2023-11-25T18:22:58.042+0000] {logging_mixin.py:154} INFO - [2023-11-25T18:22:58.042+0000] {dagbag.py:536} INFO - Filling up the DagBag from /home/airflow/.local/lib/python3.8/site-packages/airflow/example_dags/example_external_task_marker_dag.py
[2023-11-25T18:22:58.047+0000] {processor.py:839} INFO - DAG(s) dict_keys(['example_external_task_marker_parent', 'example_external_task_marker_child']) retrieved from /home/airflow/.local/lib/python3.8/site-packages/airflow/example_dags/example_external_task_marker_dag.py
[2023-11-25T18:22:58.067+0000] {logging_mixin.py:154} INFO - [2023-11-25T18:22:58.067+0000] {dag.py:2941} INFO - Sync 2 DAGs
[2023-11-25T18:22:58.079+0000] {logging_mixin.py:154} INFO - [2023-11-25T18:22:58.079+0000] {dag.py:3722} INFO - Setting next_dagrun for example_external_task_marker_child to None, run_after=None
[2023-11-25T18:22:58.082+0000] {logging_mixin.py:154} INFO - [2023-11-25T18:22:58.082+0000] {dag.py:3722} INFO - Setting next_dagrun for example_external_task_marker_parent to None, run_after=None
[2023-11-25T18:22:58.097+0000] {processor.py:179} INFO - Processing /home/airflow/.local/lib/python3.8/site-packages/airflow/example_dags/example_external_task_marker_dag.py took 0.060 seconds
[2023-11-25T18:23:28.542+0000] {processor.py:157} INFO - Started process (PID=569) to work on /home/airflow/.local/lib/python3.8/site-packages/airflow/example_dags/example_external_task_marker_dag.py
[2023-11-25T18:23:28.543+0000] {processor.py:829} INFO - Processing file /home/airflow/.local/lib/python3.8/site-packages/airflow/example_dags/example_external_task_marker_dag.py for tasks to queue
[2023-11-25T18:23:28.545+0000] {logging_mixin.py:154} INFO - [2023-11-25T18:23:28.544+0000] {dagbag.py:536} INFO - Filling up the DagBag from /home/airflow/.local/lib/python3.8/site-packages/airflow/example_dags/example_external_task_marker_dag.py
[2023-11-25T18:23:28.549+0000] {processor.py:839} INFO - DAG(s) dict_keys(['example_external_task_marker_parent', 'example_external_task_marker_child']) retrieved from /home/airflow/.local/lib/python3.8/site-packages/airflow/example_dags/example_external_task_marker_dag.py
[2023-11-25T18:23:28.570+0000] {logging_mixin.py:154} INFO - [2023-11-25T18:23:28.569+0000] {dag.py:2941} INFO - Sync 2 DAGs
[2023-11-25T18:23:28.581+0000] {logging_mixin.py:154} INFO - [2023-11-25T18:23:28.581+0000] {dag.py:3722} INFO - Setting next_dagrun for example_external_task_marker_child to None, run_after=None
[2023-11-25T18:23:28.584+0000] {logging_mixin.py:154} INFO - [2023-11-25T18:23:28.584+0000] {dag.py:3722} INFO - Setting next_dagrun for example_external_task_marker_parent to None, run_after=None
[2023-11-25T18:23:28.599+0000] {processor.py:179} INFO - Processing /home/airflow/.local/lib/python3.8/site-packages/airflow/example_dags/example_external_task_marker_dag.py took 0.060 seconds
[2023-11-25T18:23:59.343+0000] {processor.py:157} INFO - Started process (PID=623) to work on /home/airflow/.local/lib/python3.8/site-packages/airflow/example_dags/example_external_task_marker_dag.py
[2023-11-25T18:23:59.344+0000] {processor.py:829} INFO - Processing file /home/airflow/.local/lib/python3.8/site-packages/airflow/example_dags/example_external_task_marker_dag.py for tasks to queue
[2023-11-25T18:23:59.346+0000] {logging_mixin.py:154} INFO - [2023-11-25T18:23:59.346+0000] {dagbag.py:536} INFO - Filling up the DagBag from /home/airflow/.local/lib/python3.8/site-packages/airflow/example_dags/example_external_task_marker_dag.py
[2023-11-25T18:23:59.351+0000] {processor.py:839} INFO - DAG(s) dict_keys(['example_external_task_marker_parent', 'example_external_task_marker_child']) retrieved from /home/airflow/.local/lib/python3.8/site-packages/airflow/example_dags/example_external_task_marker_dag.py
[2023-11-25T18:23:59.372+0000] {logging_mixin.py:154} INFO - [2023-11-25T18:23:59.371+0000] {dag.py:2941} INFO - Sync 2 DAGs
[2023-11-25T18:23:59.385+0000] {logging_mixin.py:154} INFO - [2023-11-25T18:23:59.384+0000] {dag.py:3722} INFO - Setting next_dagrun for example_external_task_marker_child to None, run_after=None
[2023-11-25T18:23:59.388+0000] {logging_mixin.py:154} INFO - [2023-11-25T18:23:59.388+0000] {dag.py:3722} INFO - Setting next_dagrun for example_external_task_marker_parent to None, run_after=None
[2023-11-25T18:23:59.402+0000] {processor.py:179} INFO - Processing /home/airflow/.local/lib/python3.8/site-packages/airflow/example_dags/example_external_task_marker_dag.py took 0.061 seconds
[2023-11-25T18:24:30.384+0000] {processor.py:157} INFO - Started process (PID=677) to work on /home/airflow/.local/lib/python3.8/site-packages/airflow/example_dags/example_external_task_marker_dag.py
[2023-11-25T18:24:30.385+0000] {processor.py:829} INFO - Processing file /home/airflow/.local/lib/python3.8/site-packages/airflow/example_dags/example_external_task_marker_dag.py for tasks to queue
[2023-11-25T18:24:30.387+0000] {logging_mixin.py:154} INFO - [2023-11-25T18:24:30.386+0000] {dagbag.py:536} INFO - Filling up the DagBag from /home/airflow/.local/lib/python3.8/site-packages/airflow/example_dags/example_external_task_marker_dag.py
[2023-11-25T18:24:30.392+0000] {processor.py:839} INFO - DAG(s) dict_keys(['example_external_task_marker_parent', 'example_external_task_marker_child']) retrieved from /home/airflow/.local/lib/python3.8/site-packages/airflow/example_dags/example_external_task_marker_dag.py
[2023-11-25T18:24:30.413+0000] {logging_mixin.py:154} INFO - [2023-11-25T18:24:30.413+0000] {dag.py:2941} INFO - Sync 2 DAGs
[2023-11-25T18:24:30.426+0000] {logging_mixin.py:154} INFO - [2023-11-25T18:24:30.426+0000] {dag.py:3722} INFO - Setting next_dagrun for example_external_task_marker_child to None, run_after=None
[2023-11-25T18:24:30.430+0000] {logging_mixin.py:154} INFO - [2023-11-25T18:24:30.430+0000] {dag.py:3722} INFO - Setting next_dagrun for example_external_task_marker_parent to None, run_after=None
[2023-11-25T18:24:30.446+0000] {processor.py:179} INFO - Processing /home/airflow/.local/lib/python3.8/site-packages/airflow/example_dags/example_external_task_marker_dag.py took 0.065 seconds
[2023-11-25T18:25:00.929+0000] {processor.py:157} INFO - Started process (PID=732) to work on /home/airflow/.local/lib/python3.8/site-packages/airflow/example_dags/example_external_task_marker_dag.py
[2023-11-25T18:25:00.930+0000] {processor.py:829} INFO - Processing file /home/airflow/.local/lib/python3.8/site-packages/airflow/example_dags/example_external_task_marker_dag.py for tasks to queue
[2023-11-25T18:25:00.931+0000] {logging_mixin.py:154} INFO - [2023-11-25T18:25:00.931+0000] {dagbag.py:536} INFO - Filling up the DagBag from /home/airflow/.local/lib/python3.8/site-packages/airflow/example_dags/example_external_task_marker_dag.py
[2023-11-25T18:25:00.937+0000] {processor.py:839} INFO - DAG(s) dict_keys(['example_external_task_marker_child', 'example_external_task_marker_parent']) retrieved from /home/airflow/.local/lib/python3.8/site-packages/airflow/example_dags/example_external_task_marker_dag.py
[2023-11-25T18:25:00.964+0000] {logging_mixin.py:154} INFO - [2023-11-25T18:25:00.964+0000] {dag.py:2941} INFO - Sync 2 DAGs
[2023-11-25T18:25:00.978+0000] {logging_mixin.py:154} INFO - [2023-11-25T18:25:00.978+0000] {dag.py:3722} INFO - Setting next_dagrun for example_external_task_marker_child to None, run_after=None
[2023-11-25T18:25:00.982+0000] {logging_mixin.py:154} INFO - [2023-11-25T18:25:00.982+0000] {dag.py:3722} INFO - Setting next_dagrun for example_external_task_marker_parent to None, run_after=None
[2023-11-25T18:25:00.999+0000] {processor.py:179} INFO - Processing /home/airflow/.local/lib/python3.8/site-packages/airflow/example_dags/example_external_task_marker_dag.py took 0.073 seconds
[2023-11-25T18:25:32.295+0000] {processor.py:157} INFO - Started process (PID=786) to work on /home/airflow/.local/lib/python3.8/site-packages/airflow/example_dags/example_external_task_marker_dag.py
[2023-11-25T18:25:32.297+0000] {processor.py:829} INFO - Processing file /home/airflow/.local/lib/python3.8/site-packages/airflow/example_dags/example_external_task_marker_dag.py for tasks to queue
[2023-11-25T18:25:32.301+0000] {logging_mixin.py:154} INFO - [2023-11-25T18:25:32.300+0000] {dagbag.py:536} INFO - Filling up the DagBag from /home/airflow/.local/lib/python3.8/site-packages/airflow/example_dags/example_external_task_marker_dag.py
[2023-11-25T18:25:32.308+0000] {processor.py:839} INFO - DAG(s) dict_keys(['example_external_task_marker_child', 'example_external_task_marker_parent']) retrieved from /home/airflow/.local/lib/python3.8/site-packages/airflow/example_dags/example_external_task_marker_dag.py
[2023-11-25T18:25:32.351+0000] {logging_mixin.py:154} INFO - [2023-11-25T18:25:32.350+0000] {dag.py:2941} INFO - Sync 2 DAGs
[2023-11-25T18:25:32.373+0000] {logging_mixin.py:154} INFO - [2023-11-25T18:25:32.373+0000] {dag.py:3722} INFO - Setting next_dagrun for example_external_task_marker_child to None, run_after=None
[2023-11-25T18:25:32.379+0000] {logging_mixin.py:154} INFO - [2023-11-25T18:25:32.379+0000] {dag.py:3722} INFO - Setting next_dagrun for example_external_task_marker_parent to None, run_after=None
[2023-11-25T18:25:32.410+0000] {processor.py:179} INFO - Processing /home/airflow/.local/lib/python3.8/site-packages/airflow/example_dags/example_external_task_marker_dag.py took 0.120 seconds
[2023-11-25T18:26:02.789+0000] {processor.py:157} INFO - Started process (PID=840) to work on /home/airflow/.local/lib/python3.8/site-packages/airflow/example_dags/example_external_task_marker_dag.py
[2023-11-25T18:26:02.790+0000] {processor.py:829} INFO - Processing file /home/airflow/.local/lib/python3.8/site-packages/airflow/example_dags/example_external_task_marker_dag.py for tasks to queue
[2023-11-25T18:26:02.792+0000] {logging_mixin.py:154} INFO - [2023-11-25T18:26:02.792+0000] {dagbag.py:536} INFO - Filling up the DagBag from /home/airflow/.local/lib/python3.8/site-packages/airflow/example_dags/example_external_task_marker_dag.py
[2023-11-25T18:26:02.797+0000] {processor.py:839} INFO - DAG(s) dict_keys(['example_external_task_marker_child', 'example_external_task_marker_parent']) retrieved from /home/airflow/.local/lib/python3.8/site-packages/airflow/example_dags/example_external_task_marker_dag.py
[2023-11-25T18:26:02.825+0000] {logging_mixin.py:154} INFO - [2023-11-25T18:26:02.824+0000] {dag.py:2941} INFO - Sync 2 DAGs
[2023-11-25T18:26:02.838+0000] {logging_mixin.py:154} INFO - [2023-11-25T18:26:02.837+0000] {dag.py:3722} INFO - Setting next_dagrun for example_external_task_marker_child to None, run_after=None
[2023-11-25T18:26:02.841+0000] {logging_mixin.py:154} INFO - [2023-11-25T18:26:02.841+0000] {dag.py:3722} INFO - Setting next_dagrun for example_external_task_marker_parent to None, run_after=None
[2023-11-25T18:26:02.858+0000] {processor.py:179} INFO - Processing /home/airflow/.local/lib/python3.8/site-packages/airflow/example_dags/example_external_task_marker_dag.py took 0.071 seconds
[2023-11-25T18:26:33.472+0000] {processor.py:157} INFO - Started process (PID=894) to work on /home/airflow/.local/lib/python3.8/site-packages/airflow/example_dags/example_external_task_marker_dag.py
[2023-11-25T18:26:33.473+0000] {processor.py:829} INFO - Processing file /home/airflow/.local/lib/python3.8/site-packages/airflow/example_dags/example_external_task_marker_dag.py for tasks to queue
[2023-11-25T18:26:33.475+0000] {logging_mixin.py:154} INFO - [2023-11-25T18:26:33.474+0000] {dagbag.py:536} INFO - Filling up the DagBag from /home/airflow/.local/lib/python3.8/site-packages/airflow/example_dags/example_external_task_marker_dag.py
[2023-11-25T18:26:33.480+0000] {processor.py:839} INFO - DAG(s) dict_keys(['example_external_task_marker_parent', 'example_external_task_marker_child']) retrieved from /home/airflow/.local/lib/python3.8/site-packages/airflow/example_dags/example_external_task_marker_dag.py
[2023-11-25T18:26:33.502+0000] {logging_mixin.py:154} INFO - [2023-11-25T18:26:33.502+0000] {dag.py:2941} INFO - Sync 2 DAGs
[2023-11-25T18:26:33.516+0000] {logging_mixin.py:154} INFO - [2023-11-25T18:26:33.516+0000] {dag.py:3722} INFO - Setting next_dagrun for example_external_task_marker_child to None, run_after=None
[2023-11-25T18:26:33.520+0000] {logging_mixin.py:154} INFO - [2023-11-25T18:26:33.520+0000] {dag.py:3722} INFO - Setting next_dagrun for example_external_task_marker_parent to None, run_after=None
[2023-11-25T18:26:33.537+0000] {processor.py:179} INFO - Processing /home/airflow/.local/lib/python3.8/site-packages/airflow/example_dags/example_external_task_marker_dag.py took 0.067 seconds
[2023-11-25T18:27:04.033+0000] {processor.py:157} INFO - Started process (PID=948) to work on /home/airflow/.local/lib/python3.8/site-packages/airflow/example_dags/example_external_task_marker_dag.py
[2023-11-25T18:27:04.034+0000] {processor.py:829} INFO - Processing file /home/airflow/.local/lib/python3.8/site-packages/airflow/example_dags/example_external_task_marker_dag.py for tasks to queue
[2023-11-25T18:27:04.035+0000] {logging_mixin.py:154} INFO - [2023-11-25T18:27:04.035+0000] {dagbag.py:536} INFO - Filling up the DagBag from /home/airflow/.local/lib/python3.8/site-packages/airflow/example_dags/example_external_task_marker_dag.py
[2023-11-25T18:27:04.040+0000] {processor.py:839} INFO - DAG(s) dict_keys(['example_external_task_marker_parent', 'example_external_task_marker_child']) retrieved from /home/airflow/.local/lib/python3.8/site-packages/airflow/example_dags/example_external_task_marker_dag.py
[2023-11-25T18:27:04.057+0000] {logging_mixin.py:154} INFO - [2023-11-25T18:27:04.057+0000] {dag.py:2941} INFO - Sync 2 DAGs
[2023-11-25T18:27:04.068+0000] {logging_mixin.py:154} INFO - [2023-11-25T18:27:04.068+0000] {dag.py:3722} INFO - Setting next_dagrun for example_external_task_marker_child to None, run_after=None
[2023-11-25T18:27:04.072+0000] {logging_mixin.py:154} INFO - [2023-11-25T18:27:04.071+0000] {dag.py:3722} INFO - Setting next_dagrun for example_external_task_marker_parent to None, run_after=None
[2023-11-25T18:27:04.084+0000] {processor.py:179} INFO - Processing /home/airflow/.local/lib/python3.8/site-packages/airflow/example_dags/example_external_task_marker_dag.py took 0.053 seconds
[2023-11-25T18:27:34.845+0000] {processor.py:157} INFO - Started process (PID=1002) to work on /home/airflow/.local/lib/python3.8/site-packages/airflow/example_dags/example_external_task_marker_dag.py
[2023-11-25T18:27:34.846+0000] {processor.py:829} INFO - Processing file /home/airflow/.local/lib/python3.8/site-packages/airflow/example_dags/example_external_task_marker_dag.py for tasks to queue
[2023-11-25T18:27:34.848+0000] {logging_mixin.py:154} INFO - [2023-11-25T18:27:34.848+0000] {dagbag.py:536} INFO - Filling up the DagBag from /home/airflow/.local/lib/python3.8/site-packages/airflow/example_dags/example_external_task_marker_dag.py
[2023-11-25T18:27:34.853+0000] {processor.py:839} INFO - DAG(s) dict_keys(['example_external_task_marker_parent', 'example_external_task_marker_child']) retrieved from /home/airflow/.local/lib/python3.8/site-packages/airflow/example_dags/example_external_task_marker_dag.py
[2023-11-25T18:27:34.875+0000] {logging_mixin.py:154} INFO - [2023-11-25T18:27:34.874+0000] {dag.py:2941} INFO - Sync 2 DAGs
[2023-11-25T18:27:34.887+0000] {logging_mixin.py:154} INFO - [2023-11-25T18:27:34.886+0000] {dag.py:3722} INFO - Setting next_dagrun for example_external_task_marker_child to None, run_after=None
[2023-11-25T18:27:34.890+0000] {logging_mixin.py:154} INFO - [2023-11-25T18:27:34.890+0000] {dag.py:3722} INFO - Setting next_dagrun for example_external_task_marker_parent to None, run_after=None
[2023-11-25T18:27:34.904+0000] {processor.py:179} INFO - Processing /home/airflow/.local/lib/python3.8/site-packages/airflow/example_dags/example_external_task_marker_dag.py took 0.063 seconds
[2023-11-25T18:28:05.636+0000] {processor.py:157} INFO - Started process (PID=1056) to work on /home/airflow/.local/lib/python3.8/site-packages/airflow/example_dags/example_external_task_marker_dag.py
[2023-11-25T18:28:05.637+0000] {processor.py:829} INFO - Processing file /home/airflow/.local/lib/python3.8/site-packages/airflow/example_dags/example_external_task_marker_dag.py for tasks to queue
[2023-11-25T18:28:05.638+0000] {logging_mixin.py:154} INFO - [2023-11-25T18:28:05.638+0000] {dagbag.py:536} INFO - Filling up the DagBag from /home/airflow/.local/lib/python3.8/site-packages/airflow/example_dags/example_external_task_marker_dag.py
[2023-11-25T18:28:05.643+0000] {processor.py:839} INFO - DAG(s) dict_keys(['example_external_task_marker_parent', 'example_external_task_marker_child']) retrieved from /home/airflow/.local/lib/python3.8/site-packages/airflow/example_dags/example_external_task_marker_dag.py
[2023-11-25T18:28:05.662+0000] {logging_mixin.py:154} INFO - [2023-11-25T18:28:05.662+0000] {dag.py:2941} INFO - Sync 2 DAGs
[2023-11-25T18:28:05.673+0000] {logging_mixin.py:154} INFO - [2023-11-25T18:28:05.672+0000] {dag.py:3722} INFO - Setting next_dagrun for example_external_task_marker_child to None, run_after=None
[2023-11-25T18:28:05.676+0000] {logging_mixin.py:154} INFO - [2023-11-25T18:28:05.676+0000] {dag.py:3722} INFO - Setting next_dagrun for example_external_task_marker_parent to None, run_after=None
[2023-11-25T18:28:05.689+0000] {processor.py:179} INFO - Processing /home/airflow/.local/lib/python3.8/site-packages/airflow/example_dags/example_external_task_marker_dag.py took 0.055 seconds
[2023-11-25T18:28:36.119+0000] {processor.py:157} INFO - Started process (PID=1117) to work on /home/airflow/.local/lib/python3.8/site-packages/airflow/example_dags/example_external_task_marker_dag.py
[2023-11-25T18:28:36.120+0000] {processor.py:829} INFO - Processing file /home/airflow/.local/lib/python3.8/site-packages/airflow/example_dags/example_external_task_marker_dag.py for tasks to queue
[2023-11-25T18:28:36.122+0000] {logging_mixin.py:154} INFO - [2023-11-25T18:28:36.122+0000] {dagbag.py:536} INFO - Filling up the DagBag from /home/airflow/.local/lib/python3.8/site-packages/airflow/example_dags/example_external_task_marker_dag.py
[2023-11-25T18:28:36.127+0000] {processor.py:839} INFO - DAG(s) dict_keys(['example_external_task_marker_parent', 'example_external_task_marker_child']) retrieved from /home/airflow/.local/lib/python3.8/site-packages/airflow/example_dags/example_external_task_marker_dag.py
[2023-11-25T18:28:36.148+0000] {logging_mixin.py:154} INFO - [2023-11-25T18:28:36.148+0000] {dag.py:2941} INFO - Sync 2 DAGs
[2023-11-25T18:28:36.159+0000] {logging_mixin.py:154} INFO - [2023-11-25T18:28:36.159+0000] {dag.py:3722} INFO - Setting next_dagrun for example_external_task_marker_child to None, run_after=None
[2023-11-25T18:28:36.163+0000] {logging_mixin.py:154} INFO - [2023-11-25T18:28:36.163+0000] {dag.py:3722} INFO - Setting next_dagrun for example_external_task_marker_parent to None, run_after=None
[2023-11-25T18:28:36.176+0000] {processor.py:179} INFO - Processing /home/airflow/.local/lib/python3.8/site-packages/airflow/example_dags/example_external_task_marker_dag.py took 0.059 seconds
[2023-11-25T18:29:07.073+0000] {processor.py:157} INFO - Started process (PID=1171) to work on /home/airflow/.local/lib/python3.8/site-packages/airflow/example_dags/example_external_task_marker_dag.py
[2023-11-25T18:29:07.074+0000] {processor.py:829} INFO - Processing file /home/airflow/.local/lib/python3.8/site-packages/airflow/example_dags/example_external_task_marker_dag.py for tasks to queue
[2023-11-25T18:29:07.077+0000] {logging_mixin.py:154} INFO - [2023-11-25T18:29:07.076+0000] {dagbag.py:536} INFO - Filling up the DagBag from /home/airflow/.local/lib/python3.8/site-packages/airflow/example_dags/example_external_task_marker_dag.py
[2023-11-25T18:29:07.083+0000] {processor.py:839} INFO - DAG(s) dict_keys(['example_external_task_marker_parent', 'example_external_task_marker_child']) retrieved from /home/airflow/.local/lib/python3.8/site-packages/airflow/example_dags/example_external_task_marker_dag.py
[2023-11-25T18:29:07.110+0000] {logging_mixin.py:154} INFO - [2023-11-25T18:29:07.109+0000] {dag.py:2941} INFO - Sync 2 DAGs
[2023-11-25T18:29:07.126+0000] {logging_mixin.py:154} INFO - [2023-11-25T18:29:07.125+0000] {dag.py:3722} INFO - Setting next_dagrun for example_external_task_marker_child to None, run_after=None
[2023-11-25T18:29:07.130+0000] {logging_mixin.py:154} INFO - [2023-11-25T18:29:07.130+0000] {dag.py:3722} INFO - Setting next_dagrun for example_external_task_marker_parent to None, run_after=None
[2023-11-25T18:29:07.150+0000] {processor.py:179} INFO - Processing /home/airflow/.local/lib/python3.8/site-packages/airflow/example_dags/example_external_task_marker_dag.py took 0.085 seconds
[2023-11-25T18:29:39.759+0000] {processor.py:157} INFO - Started process (PID=1225) to work on /home/airflow/.local/lib/python3.8/site-packages/airflow/example_dags/example_external_task_marker_dag.py
[2023-11-25T18:29:39.762+0000] {processor.py:829} INFO - Processing file /home/airflow/.local/lib/python3.8/site-packages/airflow/example_dags/example_external_task_marker_dag.py for tasks to queue
[2023-11-25T18:29:39.768+0000] {logging_mixin.py:154} INFO - [2023-11-25T18:29:39.768+0000] {dagbag.py:536} INFO - Filling up the DagBag from /home/airflow/.local/lib/python3.8/site-packages/airflow/example_dags/example_external_task_marker_dag.py
[2023-11-25T18:29:39.777+0000] {processor.py:839} INFO - DAG(s) dict_keys(['example_external_task_marker_parent', 'example_external_task_marker_child']) retrieved from /home/airflow/.local/lib/python3.8/site-packages/airflow/example_dags/example_external_task_marker_dag.py
[2023-11-25T18:29:39.807+0000] {logging_mixin.py:154} INFO - [2023-11-25T18:29:39.806+0000] {dag.py:2941} INFO - Sync 2 DAGs
[2023-11-25T18:29:40.034+0000] {logging_mixin.py:154} INFO - [2023-11-25T18:29:40.033+0000] {dag.py:3722} INFO - Setting next_dagrun for example_external_task_marker_child to None, run_after=None
[2023-11-25T18:29:40.038+0000] {logging_mixin.py:154} INFO - [2023-11-25T18:29:40.038+0000] {dag.py:3722} INFO - Setting next_dagrun for example_external_task_marker_parent to None, run_after=None
[2023-11-25T18:29:40.057+0000] {processor.py:179} INFO - Processing /home/airflow/.local/lib/python3.8/site-packages/airflow/example_dags/example_external_task_marker_dag.py took 0.302 seconds
[2023-11-25T18:30:10.104+0000] {processor.py:157} INFO - Started process (PID=1279) to work on /home/airflow/.local/lib/python3.8/site-packages/airflow/example_dags/example_external_task_marker_dag.py
[2023-11-25T18:30:10.104+0000] {processor.py:829} INFO - Processing file /home/airflow/.local/lib/python3.8/site-packages/airflow/example_dags/example_external_task_marker_dag.py for tasks to queue
[2023-11-25T18:30:10.106+0000] {logging_mixin.py:154} INFO - [2023-11-25T18:30:10.106+0000] {dagbag.py:536} INFO - Filling up the DagBag from /home/airflow/.local/lib/python3.8/site-packages/airflow/example_dags/example_external_task_marker_dag.py
[2023-11-25T18:30:10.114+0000] {processor.py:839} INFO - DAG(s) dict_keys(['example_external_task_marker_parent', 'example_external_task_marker_child']) retrieved from /home/airflow/.local/lib/python3.8/site-packages/airflow/example_dags/example_external_task_marker_dag.py
[2023-11-25T18:30:10.144+0000] {logging_mixin.py:154} INFO - [2023-11-25T18:30:10.144+0000] {dag.py:2941} INFO - Sync 2 DAGs
[2023-11-25T18:30:10.157+0000] {logging_mixin.py:154} INFO - [2023-11-25T18:30:10.157+0000] {dag.py:3722} INFO - Setting next_dagrun for example_external_task_marker_child to None, run_after=None
[2023-11-25T18:30:10.163+0000] {logging_mixin.py:154} INFO - [2023-11-25T18:30:10.162+0000] {dag.py:3722} INFO - Setting next_dagrun for example_external_task_marker_parent to None, run_after=None
[2023-11-25T18:30:10.183+0000] {processor.py:179} INFO - Processing /home/airflow/.local/lib/python3.8/site-packages/airflow/example_dags/example_external_task_marker_dag.py took 0.082 seconds
[2023-11-25T18:30:41.087+0000] {processor.py:157} INFO - Started process (PID=1334) to work on /home/airflow/.local/lib/python3.8/site-packages/airflow/example_dags/example_external_task_marker_dag.py
[2023-11-25T18:30:41.089+0000] {processor.py:829} INFO - Processing file /home/airflow/.local/lib/python3.8/site-packages/airflow/example_dags/example_external_task_marker_dag.py for tasks to queue
[2023-11-25T18:30:41.091+0000] {logging_mixin.py:154} INFO - [2023-11-25T18:30:41.091+0000] {dagbag.py:536} INFO - Filling up the DagBag from /home/airflow/.local/lib/python3.8/site-packages/airflow/example_dags/example_external_task_marker_dag.py
[2023-11-25T18:30:41.097+0000] {processor.py:839} INFO - DAG(s) dict_keys(['example_external_task_marker_child', 'example_external_task_marker_parent']) retrieved from /home/airflow/.local/lib/python3.8/site-packages/airflow/example_dags/example_external_task_marker_dag.py
[2023-11-25T18:30:41.135+0000] {logging_mixin.py:154} INFO - [2023-11-25T18:30:41.134+0000] {dag.py:2941} INFO - Sync 2 DAGs
[2023-11-25T18:30:41.159+0000] {logging_mixin.py:154} INFO - [2023-11-25T18:30:41.159+0000] {dag.py:3722} INFO - Setting next_dagrun for example_external_task_marker_child to None, run_after=None
[2023-11-25T18:30:41.165+0000] {logging_mixin.py:154} INFO - [2023-11-25T18:30:41.165+0000] {dag.py:3722} INFO - Setting next_dagrun for example_external_task_marker_parent to None, run_after=None
[2023-11-25T18:30:41.196+0000] {processor.py:179} INFO - Processing /home/airflow/.local/lib/python3.8/site-packages/airflow/example_dags/example_external_task_marker_dag.py took 0.112 seconds
[2023-11-25T18:31:11.919+0000] {processor.py:157} INFO - Started process (PID=1388) to work on /home/airflow/.local/lib/python3.8/site-packages/airflow/example_dags/example_external_task_marker_dag.py
[2023-11-25T18:31:11.921+0000] {processor.py:829} INFO - Processing file /home/airflow/.local/lib/python3.8/site-packages/airflow/example_dags/example_external_task_marker_dag.py for tasks to queue
[2023-11-25T18:31:11.924+0000] {logging_mixin.py:154} INFO - [2023-11-25T18:31:11.923+0000] {dagbag.py:536} INFO - Filling up the DagBag from /home/airflow/.local/lib/python3.8/site-packages/airflow/example_dags/example_external_task_marker_dag.py
[2023-11-25T18:31:11.933+0000] {processor.py:839} INFO - DAG(s) dict_keys(['example_external_task_marker_parent', 'example_external_task_marker_child']) retrieved from /home/airflow/.local/lib/python3.8/site-packages/airflow/example_dags/example_external_task_marker_dag.py
[2023-11-25T18:31:11.962+0000] {logging_mixin.py:154} INFO - [2023-11-25T18:31:11.962+0000] {dag.py:2941} INFO - Sync 2 DAGs
[2023-11-25T18:31:11.980+0000] {logging_mixin.py:154} INFO - [2023-11-25T18:31:11.979+0000] {dag.py:3722} INFO - Setting next_dagrun for example_external_task_marker_child to None, run_after=None
[2023-11-25T18:31:11.985+0000] {logging_mixin.py:154} INFO - [2023-11-25T18:31:11.985+0000] {dag.py:3722} INFO - Setting next_dagrun for example_external_task_marker_parent to None, run_after=None
[2023-11-25T18:31:12.008+0000] {processor.py:179} INFO - Processing /home/airflow/.local/lib/python3.8/site-packages/airflow/example_dags/example_external_task_marker_dag.py took 0.091 seconds
[2023-11-25T18:31:43.022+0000] {processor.py:157} INFO - Started process (PID=1442) to work on /home/airflow/.local/lib/python3.8/site-packages/airflow/example_dags/example_external_task_marker_dag.py
[2023-11-25T18:31:43.023+0000] {processor.py:829} INFO - Processing file /home/airflow/.local/lib/python3.8/site-packages/airflow/example_dags/example_external_task_marker_dag.py for tasks to queue
[2023-11-25T18:31:43.027+0000] {logging_mixin.py:154} INFO - [2023-11-25T18:31:43.026+0000] {dagbag.py:536} INFO - Filling up the DagBag from /home/airflow/.local/lib/python3.8/site-packages/airflow/example_dags/example_external_task_marker_dag.py
[2023-11-25T18:31:43.033+0000] {processor.py:839} INFO - DAG(s) dict_keys(['example_external_task_marker_parent', 'example_external_task_marker_child']) retrieved from /home/airflow/.local/lib/python3.8/site-packages/airflow/example_dags/example_external_task_marker_dag.py
[2023-11-25T18:31:43.072+0000] {logging_mixin.py:154} INFO - [2023-11-25T18:31:43.072+0000] {dag.py:2941} INFO - Sync 2 DAGs
[2023-11-25T18:31:43.090+0000] {logging_mixin.py:154} INFO - [2023-11-25T18:31:43.090+0000] {dag.py:3722} INFO - Setting next_dagrun for example_external_task_marker_child to None, run_after=None
[2023-11-25T18:31:43.097+0000] {logging_mixin.py:154} INFO - [2023-11-25T18:31:43.097+0000] {dag.py:3722} INFO - Setting next_dagrun for example_external_task_marker_parent to None, run_after=None
[2023-11-25T18:31:43.122+0000] {processor.py:179} INFO - Processing /home/airflow/.local/lib/python3.8/site-packages/airflow/example_dags/example_external_task_marker_dag.py took 0.103 seconds
[2023-11-25T18:32:14.158+0000] {processor.py:157} INFO - Started process (PID=1496) to work on /home/airflow/.local/lib/python3.8/site-packages/airflow/example_dags/example_external_task_marker_dag.py
[2023-11-25T18:32:14.161+0000] {processor.py:829} INFO - Processing file /home/airflow/.local/lib/python3.8/site-packages/airflow/example_dags/example_external_task_marker_dag.py for tasks to queue
[2023-11-25T18:32:14.163+0000] {logging_mixin.py:154} INFO - [2023-11-25T18:32:14.163+0000] {dagbag.py:536} INFO - Filling up the DagBag from /home/airflow/.local/lib/python3.8/site-packages/airflow/example_dags/example_external_task_marker_dag.py
[2023-11-25T18:32:14.171+0000] {processor.py:839} INFO - DAG(s) dict_keys(['example_external_task_marker_parent', 'example_external_task_marker_child']) retrieved from /home/airflow/.local/lib/python3.8/site-packages/airflow/example_dags/example_external_task_marker_dag.py
[2023-11-25T18:32:14.208+0000] {logging_mixin.py:154} INFO - [2023-11-25T18:32:14.208+0000] {dag.py:2941} INFO - Sync 2 DAGs
[2023-11-25T18:32:14.227+0000] {logging_mixin.py:154} INFO - [2023-11-25T18:32:14.227+0000] {dag.py:3722} INFO - Setting next_dagrun for example_external_task_marker_child to None, run_after=None
[2023-11-25T18:32:14.234+0000] {logging_mixin.py:154} INFO - [2023-11-25T18:32:14.233+0000] {dag.py:3722} INFO - Setting next_dagrun for example_external_task_marker_parent to None, run_after=None
[2023-11-25T18:32:14.477+0000] {processor.py:179} INFO - Processing /home/airflow/.local/lib/python3.8/site-packages/airflow/example_dags/example_external_task_marker_dag.py took 0.323 seconds
