[2023-11-25T18:18:53.260+0000] {processor.py:157} INFO - Started process (PID=74) to work on /home/airflow/.local/lib/python3.8/site-packages/airflow/example_dags/example_setup_teardown.py
[2023-11-25T18:18:53.262+0000] {processor.py:829} INFO - Processing file /home/airflow/.local/lib/python3.8/site-packages/airflow/example_dags/example_setup_teardown.py for tasks to queue
[2023-11-25T18:18:53.268+0000] {logging_mixin.py:154} INFO - [2023-11-25T18:18:53.268+0000] {dagbag.py:536} INFO - Filling up the DagBag from /home/airflow/.local/lib/python3.8/site-packages/airflow/example_dags/example_setup_teardown.py
[2023-11-25T18:18:53.286+0000] {processor.py:839} INFO - DAG(s) dict_keys(['example_setup_teardown']) retrieved from /home/airflow/.local/lib/python3.8/site-packages/airflow/example_dags/example_setup_teardown.py
[2023-11-25T18:18:53.310+0000] {logging_mixin.py:154} INFO - [2023-11-25T18:18:53.310+0000] {dag.py:2941} INFO - Sync 1 DAGs
[2023-11-25T18:18:53.361+0000] {logging_mixin.py:154} INFO - [2023-11-25T18:18:53.360+0000] {dag.py:3722} INFO - Setting next_dagrun for example_setup_teardown to 2023-11-24T18:18:53.359989+00:00, run_after=2023-11-25T18:18:53.359989+00:00
[2023-11-25T18:18:53.399+0000] {processor.py:179} INFO - Processing /home/airflow/.local/lib/python3.8/site-packages/airflow/example_dags/example_setup_teardown.py took 0.143 seconds
[2023-11-25T18:19:23.989+0000] {processor.py:157} INFO - Started process (PID=128) to work on /home/airflow/.local/lib/python3.8/site-packages/airflow/example_dags/example_setup_teardown.py
[2023-11-25T18:19:23.990+0000] {processor.py:829} INFO - Processing file /home/airflow/.local/lib/python3.8/site-packages/airflow/example_dags/example_setup_teardown.py for tasks to queue
[2023-11-25T18:19:23.992+0000] {logging_mixin.py:154} INFO - [2023-11-25T18:19:23.991+0000] {dagbag.py:536} INFO - Filling up the DagBag from /home/airflow/.local/lib/python3.8/site-packages/airflow/example_dags/example_setup_teardown.py
[2023-11-25T18:19:23.997+0000] {processor.py:839} INFO - DAG(s) dict_keys(['example_setup_teardown']) retrieved from /home/airflow/.local/lib/python3.8/site-packages/airflow/example_dags/example_setup_teardown.py
[2023-11-25T18:19:24.015+0000] {logging_mixin.py:154} INFO - [2023-11-25T18:19:24.015+0000] {dag.py:2941} INFO - Sync 1 DAGs
[2023-11-25T18:19:24.034+0000] {logging_mixin.py:154} INFO - [2023-11-25T18:19:24.034+0000] {dag.py:3722} INFO - Setting next_dagrun for example_setup_teardown to 2023-11-24T18:19:24.034234+00:00, run_after=2023-11-25T18:19:24.034234+00:00
[2023-11-25T18:19:24.050+0000] {processor.py:179} INFO - Processing /home/airflow/.local/lib/python3.8/site-packages/airflow/example_dags/example_setup_teardown.py took 0.064 seconds
[2023-11-25T18:19:54.384+0000] {processor.py:157} INFO - Started process (PID=182) to work on /home/airflow/.local/lib/python3.8/site-packages/airflow/example_dags/example_setup_teardown.py
[2023-11-25T18:19:54.385+0000] {processor.py:829} INFO - Processing file /home/airflow/.local/lib/python3.8/site-packages/airflow/example_dags/example_setup_teardown.py for tasks to queue
[2023-11-25T18:19:54.387+0000] {logging_mixin.py:154} INFO - [2023-11-25T18:19:54.387+0000] {dagbag.py:536} INFO - Filling up the DagBag from /home/airflow/.local/lib/python3.8/site-packages/airflow/example_dags/example_setup_teardown.py
[2023-11-25T18:19:54.393+0000] {processor.py:839} INFO - DAG(s) dict_keys(['example_setup_teardown']) retrieved from /home/airflow/.local/lib/python3.8/site-packages/airflow/example_dags/example_setup_teardown.py
[2023-11-25T18:19:54.409+0000] {logging_mixin.py:154} INFO - [2023-11-25T18:19:54.409+0000] {dag.py:2941} INFO - Sync 1 DAGs
[2023-11-25T18:19:54.428+0000] {logging_mixin.py:154} INFO - [2023-11-25T18:19:54.428+0000] {dag.py:3722} INFO - Setting next_dagrun for example_setup_teardown to 2023-11-24T18:19:54.427819+00:00, run_after=2023-11-25T18:19:54.427819+00:00
[2023-11-25T18:19:54.442+0000] {processor.py:179} INFO - Processing /home/airflow/.local/lib/python3.8/site-packages/airflow/example_dags/example_setup_teardown.py took 0.061 seconds
[2023-11-25T18:20:24.652+0000] {processor.py:157} INFO - Started process (PID=236) to work on /home/airflow/.local/lib/python3.8/site-packages/airflow/example_dags/example_setup_teardown.py
[2023-11-25T18:20:24.653+0000] {processor.py:829} INFO - Processing file /home/airflow/.local/lib/python3.8/site-packages/airflow/example_dags/example_setup_teardown.py for tasks to queue
[2023-11-25T18:20:24.656+0000] {logging_mixin.py:154} INFO - [2023-11-25T18:20:24.655+0000] {dagbag.py:536} INFO - Filling up the DagBag from /home/airflow/.local/lib/python3.8/site-packages/airflow/example_dags/example_setup_teardown.py
[2023-11-25T18:20:24.661+0000] {processor.py:839} INFO - DAG(s) dict_keys(['example_setup_teardown']) retrieved from /home/airflow/.local/lib/python3.8/site-packages/airflow/example_dags/example_setup_teardown.py
[2023-11-25T18:20:24.676+0000] {logging_mixin.py:154} INFO - [2023-11-25T18:20:24.676+0000] {dag.py:2941} INFO - Sync 1 DAGs
[2023-11-25T18:20:24.693+0000] {logging_mixin.py:154} INFO - [2023-11-25T18:20:24.693+0000] {dag.py:3722} INFO - Setting next_dagrun for example_setup_teardown to 2023-11-24T18:20:24.693437+00:00, run_after=2023-11-25T18:20:24.693437+00:00
[2023-11-25T18:20:24.707+0000] {processor.py:179} INFO - Processing /home/airflow/.local/lib/python3.8/site-packages/airflow/example_dags/example_setup_teardown.py took 0.057 seconds
[2023-11-25T18:20:54.976+0000] {processor.py:157} INFO - Started process (PID=290) to work on /home/airflow/.local/lib/python3.8/site-packages/airflow/example_dags/example_setup_teardown.py
[2023-11-25T18:20:54.977+0000] {processor.py:829} INFO - Processing file /home/airflow/.local/lib/python3.8/site-packages/airflow/example_dags/example_setup_teardown.py for tasks to queue
[2023-11-25T18:20:54.979+0000] {logging_mixin.py:154} INFO - [2023-11-25T18:20:54.979+0000] {dagbag.py:536} INFO - Filling up the DagBag from /home/airflow/.local/lib/python3.8/site-packages/airflow/example_dags/example_setup_teardown.py
[2023-11-25T18:20:54.984+0000] {processor.py:839} INFO - DAG(s) dict_keys(['example_setup_teardown']) retrieved from /home/airflow/.local/lib/python3.8/site-packages/airflow/example_dags/example_setup_teardown.py
[2023-11-25T18:20:55.001+0000] {logging_mixin.py:154} INFO - [2023-11-25T18:20:55.001+0000] {dag.py:2941} INFO - Sync 1 DAGs
[2023-11-25T18:20:55.019+0000] {logging_mixin.py:154} INFO - [2023-11-25T18:20:55.019+0000] {dag.py:3722} INFO - Setting next_dagrun for example_setup_teardown to 2023-11-24T18:20:55.019194+00:00, run_after=2023-11-25T18:20:55.019194+00:00
[2023-11-25T18:20:55.034+0000] {processor.py:179} INFO - Processing /home/airflow/.local/lib/python3.8/site-packages/airflow/example_dags/example_setup_teardown.py took 0.061 seconds
[2023-11-25T18:21:25.259+0000] {processor.py:157} INFO - Started process (PID=344) to work on /home/airflow/.local/lib/python3.8/site-packages/airflow/example_dags/example_setup_teardown.py
[2023-11-25T18:21:25.260+0000] {processor.py:829} INFO - Processing file /home/airflow/.local/lib/python3.8/site-packages/airflow/example_dags/example_setup_teardown.py for tasks to queue
[2023-11-25T18:21:25.262+0000] {logging_mixin.py:154} INFO - [2023-11-25T18:21:25.262+0000] {dagbag.py:536} INFO - Filling up the DagBag from /home/airflow/.local/lib/python3.8/site-packages/airflow/example_dags/example_setup_teardown.py
[2023-11-25T18:21:25.267+0000] {processor.py:839} INFO - DAG(s) dict_keys(['example_setup_teardown']) retrieved from /home/airflow/.local/lib/python3.8/site-packages/airflow/example_dags/example_setup_teardown.py
[2023-11-25T18:21:25.283+0000] {logging_mixin.py:154} INFO - [2023-11-25T18:21:25.283+0000] {dag.py:2941} INFO - Sync 1 DAGs
[2023-11-25T18:21:25.302+0000] {logging_mixin.py:154} INFO - [2023-11-25T18:21:25.302+0000] {dag.py:3722} INFO - Setting next_dagrun for example_setup_teardown to 2023-11-24T18:21:25.302297+00:00, run_after=2023-11-25T18:21:25.302297+00:00
[2023-11-25T18:21:25.316+0000] {processor.py:179} INFO - Processing /home/airflow/.local/lib/python3.8/site-packages/airflow/example_dags/example_setup_teardown.py took 0.060 seconds
[2023-11-25T18:21:55.840+0000] {processor.py:157} INFO - Started process (PID=398) to work on /home/airflow/.local/lib/python3.8/site-packages/airflow/example_dags/example_setup_teardown.py
[2023-11-25T18:21:55.842+0000] {processor.py:829} INFO - Processing file /home/airflow/.local/lib/python3.8/site-packages/airflow/example_dags/example_setup_teardown.py for tasks to queue
[2023-11-25T18:21:55.844+0000] {logging_mixin.py:154} INFO - [2023-11-25T18:21:55.844+0000] {dagbag.py:536} INFO - Filling up the DagBag from /home/airflow/.local/lib/python3.8/site-packages/airflow/example_dags/example_setup_teardown.py
[2023-11-25T18:21:55.850+0000] {processor.py:839} INFO - DAG(s) dict_keys(['example_setup_teardown']) retrieved from /home/airflow/.local/lib/python3.8/site-packages/airflow/example_dags/example_setup_teardown.py
[2023-11-25T18:21:55.869+0000] {logging_mixin.py:154} INFO - [2023-11-25T18:21:55.869+0000] {dag.py:2941} INFO - Sync 1 DAGs
[2023-11-25T18:21:55.891+0000] {logging_mixin.py:154} INFO - [2023-11-25T18:21:55.891+0000] {dag.py:3722} INFO - Setting next_dagrun for example_setup_teardown to 2023-11-24T18:21:55.891227+00:00, run_after=2023-11-25T18:21:55.891227+00:00
[2023-11-25T18:21:55.909+0000] {processor.py:179} INFO - Processing /home/airflow/.local/lib/python3.8/site-packages/airflow/example_dags/example_setup_teardown.py took 0.072 seconds
[2023-11-25T18:22:26.737+0000] {processor.py:157} INFO - Started process (PID=452) to work on /home/airflow/.local/lib/python3.8/site-packages/airflow/example_dags/example_setup_teardown.py
[2023-11-25T18:22:26.738+0000] {processor.py:829} INFO - Processing file /home/airflow/.local/lib/python3.8/site-packages/airflow/example_dags/example_setup_teardown.py for tasks to queue
[2023-11-25T18:22:26.740+0000] {logging_mixin.py:154} INFO - [2023-11-25T18:22:26.740+0000] {dagbag.py:536} INFO - Filling up the DagBag from /home/airflow/.local/lib/python3.8/site-packages/airflow/example_dags/example_setup_teardown.py
[2023-11-25T18:22:26.746+0000] {processor.py:839} INFO - DAG(s) dict_keys(['example_setup_teardown']) retrieved from /home/airflow/.local/lib/python3.8/site-packages/airflow/example_dags/example_setup_teardown.py
[2023-11-25T18:22:26.766+0000] {logging_mixin.py:154} INFO - [2023-11-25T18:22:26.765+0000] {dag.py:2941} INFO - Sync 1 DAGs
[2023-11-25T18:22:26.790+0000] {logging_mixin.py:154} INFO - [2023-11-25T18:22:26.790+0000] {dag.py:3722} INFO - Setting next_dagrun for example_setup_teardown to 2023-11-24T18:22:26.789828+00:00, run_after=2023-11-25T18:22:26.789828+00:00
[2023-11-25T18:22:26.810+0000] {processor.py:179} INFO - Processing /home/airflow/.local/lib/python3.8/site-packages/airflow/example_dags/example_setup_teardown.py took 0.076 seconds
[2023-11-25T18:22:57.538+0000] {processor.py:157} INFO - Started process (PID=506) to work on /home/airflow/.local/lib/python3.8/site-packages/airflow/example_dags/example_setup_teardown.py
[2023-11-25T18:22:57.539+0000] {processor.py:829} INFO - Processing file /home/airflow/.local/lib/python3.8/site-packages/airflow/example_dags/example_setup_teardown.py for tasks to queue
[2023-11-25T18:22:57.544+0000] {logging_mixin.py:154} INFO - [2023-11-25T18:22:57.543+0000] {dagbag.py:536} INFO - Filling up the DagBag from /home/airflow/.local/lib/python3.8/site-packages/airflow/example_dags/example_setup_teardown.py
[2023-11-25T18:22:57.552+0000] {processor.py:839} INFO - DAG(s) dict_keys(['example_setup_teardown']) retrieved from /home/airflow/.local/lib/python3.8/site-packages/airflow/example_dags/example_setup_teardown.py
[2023-11-25T18:22:57.580+0000] {logging_mixin.py:154} INFO - [2023-11-25T18:22:57.580+0000] {dag.py:2941} INFO - Sync 1 DAGs
[2023-11-25T18:22:57.604+0000] {logging_mixin.py:154} INFO - [2023-11-25T18:22:57.604+0000] {dag.py:3722} INFO - Setting next_dagrun for example_setup_teardown to 2023-11-24T18:22:57.603944+00:00, run_after=2023-11-25T18:22:57.603944+00:00
[2023-11-25T18:22:57.622+0000] {processor.py:179} INFO - Processing /home/airflow/.local/lib/python3.8/site-packages/airflow/example_dags/example_setup_teardown.py took 0.087 seconds
[2023-11-25T18:23:28.016+0000] {processor.py:157} INFO - Started process (PID=560) to work on /home/airflow/.local/lib/python3.8/site-packages/airflow/example_dags/example_setup_teardown.py
[2023-11-25T18:23:28.017+0000] {processor.py:829} INFO - Processing file /home/airflow/.local/lib/python3.8/site-packages/airflow/example_dags/example_setup_teardown.py for tasks to queue
[2023-11-25T18:23:28.019+0000] {logging_mixin.py:154} INFO - [2023-11-25T18:23:28.019+0000] {dagbag.py:536} INFO - Filling up the DagBag from /home/airflow/.local/lib/python3.8/site-packages/airflow/example_dags/example_setup_teardown.py
[2023-11-25T18:23:28.025+0000] {processor.py:839} INFO - DAG(s) dict_keys(['example_setup_teardown']) retrieved from /home/airflow/.local/lib/python3.8/site-packages/airflow/example_dags/example_setup_teardown.py
[2023-11-25T18:23:28.044+0000] {logging_mixin.py:154} INFO - [2023-11-25T18:23:28.044+0000] {dag.py:2941} INFO - Sync 1 DAGs
[2023-11-25T18:23:28.063+0000] {logging_mixin.py:154} INFO - [2023-11-25T18:23:28.063+0000] {dag.py:3722} INFO - Setting next_dagrun for example_setup_teardown to 2023-11-24T18:23:28.063242+00:00, run_after=2023-11-25T18:23:28.063242+00:00
[2023-11-25T18:23:28.079+0000] {processor.py:179} INFO - Processing /home/airflow/.local/lib/python3.8/site-packages/airflow/example_dags/example_setup_teardown.py took 0.066 seconds
[2023-11-25T18:23:58.888+0000] {processor.py:157} INFO - Started process (PID=614) to work on /home/airflow/.local/lib/python3.8/site-packages/airflow/example_dags/example_setup_teardown.py
[2023-11-25T18:23:58.889+0000] {processor.py:829} INFO - Processing file /home/airflow/.local/lib/python3.8/site-packages/airflow/example_dags/example_setup_teardown.py for tasks to queue
[2023-11-25T18:23:58.892+0000] {logging_mixin.py:154} INFO - [2023-11-25T18:23:58.891+0000] {dagbag.py:536} INFO - Filling up the DagBag from /home/airflow/.local/lib/python3.8/site-packages/airflow/example_dags/example_setup_teardown.py
[2023-11-25T18:23:58.896+0000] {processor.py:839} INFO - DAG(s) dict_keys(['example_setup_teardown']) retrieved from /home/airflow/.local/lib/python3.8/site-packages/airflow/example_dags/example_setup_teardown.py
[2023-11-25T18:23:58.913+0000] {logging_mixin.py:154} INFO - [2023-11-25T18:23:58.913+0000] {dag.py:2941} INFO - Sync 1 DAGs
[2023-11-25T18:23:58.931+0000] {logging_mixin.py:154} INFO - [2023-11-25T18:23:58.931+0000] {dag.py:3722} INFO - Setting next_dagrun for example_setup_teardown to 2023-11-24T18:23:58.930917+00:00, run_after=2023-11-25T18:23:58.930917+00:00
[2023-11-25T18:23:58.946+0000] {processor.py:179} INFO - Processing /home/airflow/.local/lib/python3.8/site-packages/airflow/example_dags/example_setup_teardown.py took 0.059 seconds
[2023-11-25T18:24:29.797+0000] {processor.py:157} INFO - Started process (PID=668) to work on /home/airflow/.local/lib/python3.8/site-packages/airflow/example_dags/example_setup_teardown.py
[2023-11-25T18:24:29.798+0000] {processor.py:829} INFO - Processing file /home/airflow/.local/lib/python3.8/site-packages/airflow/example_dags/example_setup_teardown.py for tasks to queue
[2023-11-25T18:24:29.801+0000] {logging_mixin.py:154} INFO - [2023-11-25T18:24:29.800+0000] {dagbag.py:536} INFO - Filling up the DagBag from /home/airflow/.local/lib/python3.8/site-packages/airflow/example_dags/example_setup_teardown.py
[2023-11-25T18:24:29.807+0000] {processor.py:839} INFO - DAG(s) dict_keys(['example_setup_teardown']) retrieved from /home/airflow/.local/lib/python3.8/site-packages/airflow/example_dags/example_setup_teardown.py
[2023-11-25T18:24:29.826+0000] {logging_mixin.py:154} INFO - [2023-11-25T18:24:29.826+0000] {dag.py:2941} INFO - Sync 1 DAGs
[2023-11-25T18:24:29.849+0000] {logging_mixin.py:154} INFO - [2023-11-25T18:24:29.849+0000] {dag.py:3722} INFO - Setting next_dagrun for example_setup_teardown to 2023-11-24T18:24:29.849153+00:00, run_after=2023-11-25T18:24:29.849153+00:00
[2023-11-25T18:24:29.868+0000] {processor.py:179} INFO - Processing /home/airflow/.local/lib/python3.8/site-packages/airflow/example_dags/example_setup_teardown.py took 0.073 seconds
[2023-11-25T18:25:00.371+0000] {processor.py:157} INFO - Started process (PID=723) to work on /home/airflow/.local/lib/python3.8/site-packages/airflow/example_dags/example_setup_teardown.py
[2023-11-25T18:25:00.372+0000] {processor.py:829} INFO - Processing file /home/airflow/.local/lib/python3.8/site-packages/airflow/example_dags/example_setup_teardown.py for tasks to queue
[2023-11-25T18:25:00.374+0000] {logging_mixin.py:154} INFO - [2023-11-25T18:25:00.374+0000] {dagbag.py:536} INFO - Filling up the DagBag from /home/airflow/.local/lib/python3.8/site-packages/airflow/example_dags/example_setup_teardown.py
[2023-11-25T18:25:00.380+0000] {processor.py:839} INFO - DAG(s) dict_keys(['example_setup_teardown']) retrieved from /home/airflow/.local/lib/python3.8/site-packages/airflow/example_dags/example_setup_teardown.py
[2023-11-25T18:25:00.399+0000] {logging_mixin.py:154} INFO - [2023-11-25T18:25:00.399+0000] {dag.py:2941} INFO - Sync 1 DAGs
[2023-11-25T18:25:00.419+0000] {logging_mixin.py:154} INFO - [2023-11-25T18:25:00.419+0000] {dag.py:3722} INFO - Setting next_dagrun for example_setup_teardown to 2023-11-24T18:25:00.419232+00:00, run_after=2023-11-25T18:25:00.419232+00:00
[2023-11-25T18:25:00.435+0000] {processor.py:179} INFO - Processing /home/airflow/.local/lib/python3.8/site-packages/airflow/example_dags/example_setup_teardown.py took 0.067 seconds
[2023-11-25T18:25:31.278+0000] {processor.py:157} INFO - Started process (PID=777) to work on /home/airflow/.local/lib/python3.8/site-packages/airflow/example_dags/example_setup_teardown.py
[2023-11-25T18:25:31.279+0000] {processor.py:829} INFO - Processing file /home/airflow/.local/lib/python3.8/site-packages/airflow/example_dags/example_setup_teardown.py for tasks to queue
[2023-11-25T18:25:31.283+0000] {logging_mixin.py:154} INFO - [2023-11-25T18:25:31.283+0000] {dagbag.py:536} INFO - Filling up the DagBag from /home/airflow/.local/lib/python3.8/site-packages/airflow/example_dags/example_setup_teardown.py
[2023-11-25T18:25:31.293+0000] {processor.py:839} INFO - DAG(s) dict_keys(['example_setup_teardown']) retrieved from /home/airflow/.local/lib/python3.8/site-packages/airflow/example_dags/example_setup_teardown.py
[2023-11-25T18:25:31.323+0000] {logging_mixin.py:154} INFO - [2023-11-25T18:25:31.319+0000] {dag.py:2941} INFO - Sync 1 DAGs
[2023-11-25T18:25:31.373+0000] {logging_mixin.py:154} INFO - [2023-11-25T18:25:31.373+0000] {dag.py:3722} INFO - Setting next_dagrun for example_setup_teardown to 2023-11-24T18:25:31.372818+00:00, run_after=2023-11-25T18:25:31.372818+00:00
[2023-11-25T18:25:31.425+0000] {processor.py:179} INFO - Processing /home/airflow/.local/lib/python3.8/site-packages/airflow/example_dags/example_setup_teardown.py took 0.153 seconds
[2023-11-25T18:26:02.385+0000] {processor.py:157} INFO - Started process (PID=831) to work on /home/airflow/.local/lib/python3.8/site-packages/airflow/example_dags/example_setup_teardown.py
[2023-11-25T18:26:02.386+0000] {processor.py:829} INFO - Processing file /home/airflow/.local/lib/python3.8/site-packages/airflow/example_dags/example_setup_teardown.py for tasks to queue
[2023-11-25T18:26:02.388+0000] {logging_mixin.py:154} INFO - [2023-11-25T18:26:02.388+0000] {dagbag.py:536} INFO - Filling up the DagBag from /home/airflow/.local/lib/python3.8/site-packages/airflow/example_dags/example_setup_teardown.py
[2023-11-25T18:26:02.392+0000] {processor.py:839} INFO - DAG(s) dict_keys(['example_setup_teardown']) retrieved from /home/airflow/.local/lib/python3.8/site-packages/airflow/example_dags/example_setup_teardown.py
[2023-11-25T18:26:02.409+0000] {logging_mixin.py:154} INFO - [2023-11-25T18:26:02.408+0000] {dag.py:2941} INFO - Sync 1 DAGs
[2023-11-25T18:26:02.426+0000] {logging_mixin.py:154} INFO - [2023-11-25T18:26:02.426+0000] {dag.py:3722} INFO - Setting next_dagrun for example_setup_teardown to 2023-11-24T18:26:02.426351+00:00, run_after=2023-11-25T18:26:02.426351+00:00
[2023-11-25T18:26:02.440+0000] {processor.py:179} INFO - Processing /home/airflow/.local/lib/python3.8/site-packages/airflow/example_dags/example_setup_teardown.py took 0.057 seconds
[2023-11-25T18:26:32.957+0000] {processor.py:157} INFO - Started process (PID=885) to work on /home/airflow/.local/lib/python3.8/site-packages/airflow/example_dags/example_setup_teardown.py
[2023-11-25T18:26:32.958+0000] {processor.py:829} INFO - Processing file /home/airflow/.local/lib/python3.8/site-packages/airflow/example_dags/example_setup_teardown.py for tasks to queue
[2023-11-25T18:26:32.961+0000] {logging_mixin.py:154} INFO - [2023-11-25T18:26:32.961+0000] {dagbag.py:536} INFO - Filling up the DagBag from /home/airflow/.local/lib/python3.8/site-packages/airflow/example_dags/example_setup_teardown.py
[2023-11-25T18:26:32.968+0000] {processor.py:839} INFO - DAG(s) dict_keys(['example_setup_teardown']) retrieved from /home/airflow/.local/lib/python3.8/site-packages/airflow/example_dags/example_setup_teardown.py
[2023-11-25T18:26:32.992+0000] {logging_mixin.py:154} INFO - [2023-11-25T18:26:32.992+0000] {dag.py:2941} INFO - Sync 1 DAGs
[2023-11-25T18:26:33.020+0000] {logging_mixin.py:154} INFO - [2023-11-25T18:26:33.020+0000] {dag.py:3722} INFO - Setting next_dagrun for example_setup_teardown to 2023-11-24T18:26:33.019732+00:00, run_after=2023-11-25T18:26:33.019732+00:00
[2023-11-25T18:26:33.043+0000] {processor.py:179} INFO - Processing /home/airflow/.local/lib/python3.8/site-packages/airflow/example_dags/example_setup_teardown.py took 0.089 seconds
[2023-11-25T18:27:03.623+0000] {processor.py:157} INFO - Started process (PID=939) to work on /home/airflow/.local/lib/python3.8/site-packages/airflow/example_dags/example_setup_teardown.py
[2023-11-25T18:27:03.624+0000] {processor.py:829} INFO - Processing file /home/airflow/.local/lib/python3.8/site-packages/airflow/example_dags/example_setup_teardown.py for tasks to queue
[2023-11-25T18:27:03.628+0000] {logging_mixin.py:154} INFO - [2023-11-25T18:27:03.628+0000] {dagbag.py:536} INFO - Filling up the DagBag from /home/airflow/.local/lib/python3.8/site-packages/airflow/example_dags/example_setup_teardown.py
[2023-11-25T18:27:03.633+0000] {processor.py:839} INFO - DAG(s) dict_keys(['example_setup_teardown']) retrieved from /home/airflow/.local/lib/python3.8/site-packages/airflow/example_dags/example_setup_teardown.py
[2023-11-25T18:27:03.649+0000] {logging_mixin.py:154} INFO - [2023-11-25T18:27:03.648+0000] {dag.py:2941} INFO - Sync 1 DAGs
[2023-11-25T18:27:03.667+0000] {logging_mixin.py:154} INFO - [2023-11-25T18:27:03.667+0000] {dag.py:3722} INFO - Setting next_dagrun for example_setup_teardown to 2023-11-24T18:27:03.667024+00:00, run_after=2023-11-25T18:27:03.667024+00:00
[2023-11-25T18:27:03.682+0000] {processor.py:179} INFO - Processing /home/airflow/.local/lib/python3.8/site-packages/airflow/example_dags/example_setup_teardown.py took 0.061 seconds
[2023-11-25T18:27:34.447+0000] {processor.py:157} INFO - Started process (PID=993) to work on /home/airflow/.local/lib/python3.8/site-packages/airflow/example_dags/example_setup_teardown.py
[2023-11-25T18:27:34.448+0000] {processor.py:829} INFO - Processing file /home/airflow/.local/lib/python3.8/site-packages/airflow/example_dags/example_setup_teardown.py for tasks to queue
[2023-11-25T18:27:34.450+0000] {logging_mixin.py:154} INFO - [2023-11-25T18:27:34.450+0000] {dagbag.py:536} INFO - Filling up the DagBag from /home/airflow/.local/lib/python3.8/site-packages/airflow/example_dags/example_setup_teardown.py
[2023-11-25T18:27:34.454+0000] {processor.py:839} INFO - DAG(s) dict_keys(['example_setup_teardown']) retrieved from /home/airflow/.local/lib/python3.8/site-packages/airflow/example_dags/example_setup_teardown.py
[2023-11-25T18:27:34.470+0000] {logging_mixin.py:154} INFO - [2023-11-25T18:27:34.470+0000] {dag.py:2941} INFO - Sync 1 DAGs
[2023-11-25T18:27:34.488+0000] {logging_mixin.py:154} INFO - [2023-11-25T18:27:34.488+0000] {dag.py:3722} INFO - Setting next_dagrun for example_setup_teardown to 2023-11-24T18:27:34.487964+00:00, run_after=2023-11-25T18:27:34.487964+00:00
[2023-11-25T18:27:34.504+0000] {processor.py:179} INFO - Processing /home/airflow/.local/lib/python3.8/site-packages/airflow/example_dags/example_setup_teardown.py took 0.059 seconds
[2023-11-25T18:28:05.250+0000] {processor.py:157} INFO - Started process (PID=1047) to work on /home/airflow/.local/lib/python3.8/site-packages/airflow/example_dags/example_setup_teardown.py
[2023-11-25T18:28:05.251+0000] {processor.py:829} INFO - Processing file /home/airflow/.local/lib/python3.8/site-packages/airflow/example_dags/example_setup_teardown.py for tasks to queue
[2023-11-25T18:28:05.252+0000] {logging_mixin.py:154} INFO - [2023-11-25T18:28:05.252+0000] {dagbag.py:536} INFO - Filling up the DagBag from /home/airflow/.local/lib/python3.8/site-packages/airflow/example_dags/example_setup_teardown.py
[2023-11-25T18:28:05.257+0000] {processor.py:839} INFO - DAG(s) dict_keys(['example_setup_teardown']) retrieved from /home/airflow/.local/lib/python3.8/site-packages/airflow/example_dags/example_setup_teardown.py
[2023-11-25T18:28:05.273+0000] {logging_mixin.py:154} INFO - [2023-11-25T18:28:05.273+0000] {dag.py:2941} INFO - Sync 1 DAGs
[2023-11-25T18:28:05.292+0000] {logging_mixin.py:154} INFO - [2023-11-25T18:28:05.291+0000] {dag.py:3722} INFO - Setting next_dagrun for example_setup_teardown to 2023-11-24T18:28:05.291754+00:00, run_after=2023-11-25T18:28:05.291754+00:00
[2023-11-25T18:28:05.307+0000] {processor.py:179} INFO - Processing /home/airflow/.local/lib/python3.8/site-packages/airflow/example_dags/example_setup_teardown.py took 0.059 seconds
[2023-11-25T18:28:35.553+0000] {processor.py:157} INFO - Started process (PID=1101) to work on /home/airflow/.local/lib/python3.8/site-packages/airflow/example_dags/example_setup_teardown.py
[2023-11-25T18:28:35.554+0000] {processor.py:829} INFO - Processing file /home/airflow/.local/lib/python3.8/site-packages/airflow/example_dags/example_setup_teardown.py for tasks to queue
[2023-11-25T18:28:35.556+0000] {logging_mixin.py:154} INFO - [2023-11-25T18:28:35.555+0000] {dagbag.py:536} INFO - Filling up the DagBag from /home/airflow/.local/lib/python3.8/site-packages/airflow/example_dags/example_setup_teardown.py
[2023-11-25T18:28:35.560+0000] {processor.py:839} INFO - DAG(s) dict_keys(['example_setup_teardown']) retrieved from /home/airflow/.local/lib/python3.8/site-packages/airflow/example_dags/example_setup_teardown.py
[2023-11-25T18:28:35.576+0000] {logging_mixin.py:154} INFO - [2023-11-25T18:28:35.575+0000] {dag.py:2941} INFO - Sync 1 DAGs
[2023-11-25T18:28:35.593+0000] {logging_mixin.py:154} INFO - [2023-11-25T18:28:35.593+0000] {dag.py:3722} INFO - Setting next_dagrun for example_setup_teardown to 2023-11-24T18:28:35.593128+00:00, run_after=2023-11-25T18:28:35.593128+00:00
[2023-11-25T18:28:35.607+0000] {processor.py:179} INFO - Processing /home/airflow/.local/lib/python3.8/site-packages/airflow/example_dags/example_setup_teardown.py took 0.057 seconds
[2023-11-25T18:29:06.478+0000] {processor.py:157} INFO - Started process (PID=1162) to work on /home/airflow/.local/lib/python3.8/site-packages/airflow/example_dags/example_setup_teardown.py
[2023-11-25T18:29:06.479+0000] {processor.py:829} INFO - Processing file /home/airflow/.local/lib/python3.8/site-packages/airflow/example_dags/example_setup_teardown.py for tasks to queue
[2023-11-25T18:29:06.482+0000] {logging_mixin.py:154} INFO - [2023-11-25T18:29:06.482+0000] {dagbag.py:536} INFO - Filling up the DagBag from /home/airflow/.local/lib/python3.8/site-packages/airflow/example_dags/example_setup_teardown.py
[2023-11-25T18:29:06.488+0000] {processor.py:839} INFO - DAG(s) dict_keys(['example_setup_teardown']) retrieved from /home/airflow/.local/lib/python3.8/site-packages/airflow/example_dags/example_setup_teardown.py
[2023-11-25T18:29:06.509+0000] {logging_mixin.py:154} INFO - [2023-11-25T18:29:06.509+0000] {dag.py:2941} INFO - Sync 1 DAGs
[2023-11-25T18:29:06.536+0000] {logging_mixin.py:154} INFO - [2023-11-25T18:29:06.535+0000] {dag.py:3722} INFO - Setting next_dagrun for example_setup_teardown to 2023-11-24T18:29:06.535525+00:00, run_after=2023-11-25T18:29:06.535525+00:00
[2023-11-25T18:29:06.555+0000] {processor.py:179} INFO - Processing /home/airflow/.local/lib/python3.8/site-packages/airflow/example_dags/example_setup_teardown.py took 0.082 seconds
[2023-11-25T18:29:37.719+0000] {processor.py:157} INFO - Started process (PID=1216) to work on /home/airflow/.local/lib/python3.8/site-packages/airflow/example_dags/example_setup_teardown.py
[2023-11-25T18:29:37.720+0000] {processor.py:829} INFO - Processing file /home/airflow/.local/lib/python3.8/site-packages/airflow/example_dags/example_setup_teardown.py for tasks to queue
[2023-11-25T18:29:37.723+0000] {logging_mixin.py:154} INFO - [2023-11-25T18:29:37.723+0000] {dagbag.py:536} INFO - Filling up the DagBag from /home/airflow/.local/lib/python3.8/site-packages/airflow/example_dags/example_setup_teardown.py
[2023-11-25T18:29:37.730+0000] {processor.py:839} INFO - DAG(s) dict_keys(['example_setup_teardown']) retrieved from /home/airflow/.local/lib/python3.8/site-packages/airflow/example_dags/example_setup_teardown.py
[2023-11-25T18:29:37.758+0000] {logging_mixin.py:154} INFO - [2023-11-25T18:29:37.758+0000] {dag.py:2941} INFO - Sync 1 DAGs
[2023-11-25T18:29:37.985+0000] {logging_mixin.py:154} INFO - [2023-11-25T18:29:37.984+0000] {dag.py:3722} INFO - Setting next_dagrun for example_setup_teardown to 2023-11-24T18:29:37.984002+00:00, run_after=2023-11-25T18:29:37.984002+00:00
[2023-11-25T18:29:38.016+0000] {processor.py:179} INFO - Processing /home/airflow/.local/lib/python3.8/site-packages/airflow/example_dags/example_setup_teardown.py took 0.301 seconds
[2023-11-25T18:30:08.430+0000] {processor.py:157} INFO - Started process (PID=1270) to work on /home/airflow/.local/lib/python3.8/site-packages/airflow/example_dags/example_setup_teardown.py
[2023-11-25T18:30:08.433+0000] {processor.py:829} INFO - Processing file /home/airflow/.local/lib/python3.8/site-packages/airflow/example_dags/example_setup_teardown.py for tasks to queue
[2023-11-25T18:30:08.437+0000] {logging_mixin.py:154} INFO - [2023-11-25T18:30:08.437+0000] {dagbag.py:536} INFO - Filling up the DagBag from /home/airflow/.local/lib/python3.8/site-packages/airflow/example_dags/example_setup_teardown.py
[2023-11-25T18:30:08.450+0000] {processor.py:839} INFO - DAG(s) dict_keys(['example_setup_teardown']) retrieved from /home/airflow/.local/lib/python3.8/site-packages/airflow/example_dags/example_setup_teardown.py
[2023-11-25T18:30:08.500+0000] {logging_mixin.py:154} INFO - [2023-11-25T18:30:08.500+0000] {dag.py:2941} INFO - Sync 1 DAGs
[2023-11-25T18:30:08.544+0000] {logging_mixin.py:154} INFO - [2023-11-25T18:30:08.544+0000] {dag.py:3722} INFO - Setting next_dagrun for example_setup_teardown to 2023-11-24T18:30:08.544065+00:00, run_after=2023-11-25T18:30:08.544065+00:00
[2023-11-25T18:30:08.573+0000] {processor.py:179} INFO - Processing /home/airflow/.local/lib/python3.8/site-packages/airflow/example_dags/example_setup_teardown.py took 0.147 seconds
[2023-11-25T18:30:39.769+0000] {processor.py:157} INFO - Started process (PID=1325) to work on /home/airflow/.local/lib/python3.8/site-packages/airflow/example_dags/example_setup_teardown.py
[2023-11-25T18:30:39.771+0000] {processor.py:829} INFO - Processing file /home/airflow/.local/lib/python3.8/site-packages/airflow/example_dags/example_setup_teardown.py for tasks to queue
[2023-11-25T18:30:39.778+0000] {logging_mixin.py:154} INFO - [2023-11-25T18:30:39.777+0000] {dagbag.py:536} INFO - Filling up the DagBag from /home/airflow/.local/lib/python3.8/site-packages/airflow/example_dags/example_setup_teardown.py
[2023-11-25T18:30:39.786+0000] {processor.py:839} INFO - DAG(s) dict_keys(['example_setup_teardown']) retrieved from /home/airflow/.local/lib/python3.8/site-packages/airflow/example_dags/example_setup_teardown.py
[2023-11-25T18:30:39.815+0000] {logging_mixin.py:154} INFO - [2023-11-25T18:30:39.814+0000] {dag.py:2941} INFO - Sync 1 DAGs
[2023-11-25T18:30:40.102+0000] {logging_mixin.py:154} INFO - [2023-11-25T18:30:40.102+0000] {dag.py:3722} INFO - Setting next_dagrun for example_setup_teardown to 2023-11-24T18:30:40.102031+00:00, run_after=2023-11-25T18:30:40.102031+00:00
[2023-11-25T18:30:40.137+0000] {processor.py:179} INFO - Processing /home/airflow/.local/lib/python3.8/site-packages/airflow/example_dags/example_setup_teardown.py took 0.374 seconds
[2023-11-25T18:31:10.990+0000] {processor.py:157} INFO - Started process (PID=1379) to work on /home/airflow/.local/lib/python3.8/site-packages/airflow/example_dags/example_setup_teardown.py
[2023-11-25T18:31:10.992+0000] {processor.py:829} INFO - Processing file /home/airflow/.local/lib/python3.8/site-packages/airflow/example_dags/example_setup_teardown.py for tasks to queue
[2023-11-25T18:31:10.996+0000] {logging_mixin.py:154} INFO - [2023-11-25T18:31:10.996+0000] {dagbag.py:536} INFO - Filling up the DagBag from /home/airflow/.local/lib/python3.8/site-packages/airflow/example_dags/example_setup_teardown.py
[2023-11-25T18:31:11.002+0000] {processor.py:839} INFO - DAG(s) dict_keys(['example_setup_teardown']) retrieved from /home/airflow/.local/lib/python3.8/site-packages/airflow/example_dags/example_setup_teardown.py
[2023-11-25T18:31:11.032+0000] {logging_mixin.py:154} INFO - [2023-11-25T18:31:11.032+0000] {dag.py:2941} INFO - Sync 1 DAGs
[2023-11-25T18:31:11.061+0000] {logging_mixin.py:154} INFO - [2023-11-25T18:31:11.061+0000] {dag.py:3722} INFO - Setting next_dagrun for example_setup_teardown to 2023-11-24T18:31:11.060669+00:00, run_after=2023-11-25T18:31:11.060669+00:00
[2023-11-25T18:31:11.095+0000] {processor.py:179} INFO - Processing /home/airflow/.local/lib/python3.8/site-packages/airflow/example_dags/example_setup_teardown.py took 0.108 seconds
[2023-11-25T18:31:41.287+0000] {processor.py:157} INFO - Started process (PID=1433) to work on /home/airflow/.local/lib/python3.8/site-packages/airflow/example_dags/example_setup_teardown.py
[2023-11-25T18:31:41.288+0000] {processor.py:829} INFO - Processing file /home/airflow/.local/lib/python3.8/site-packages/airflow/example_dags/example_setup_teardown.py for tasks to queue
[2023-11-25T18:31:41.291+0000] {logging_mixin.py:154} INFO - [2023-11-25T18:31:41.291+0000] {dagbag.py:536} INFO - Filling up the DagBag from /home/airflow/.local/lib/python3.8/site-packages/airflow/example_dags/example_setup_teardown.py
[2023-11-25T18:31:41.301+0000] {processor.py:839} INFO - DAG(s) dict_keys(['example_setup_teardown']) retrieved from /home/airflow/.local/lib/python3.8/site-packages/airflow/example_dags/example_setup_teardown.py
[2023-11-25T18:31:41.335+0000] {logging_mixin.py:154} INFO - [2023-11-25T18:31:41.335+0000] {dag.py:2941} INFO - Sync 1 DAGs
[2023-11-25T18:31:41.367+0000] {logging_mixin.py:154} INFO - [2023-11-25T18:31:41.366+0000] {dag.py:3722} INFO - Setting next_dagrun for example_setup_teardown to 2023-11-24T18:31:41.365902+00:00, run_after=2023-11-25T18:31:41.365902+00:00
[2023-11-25T18:31:41.396+0000] {processor.py:179} INFO - Processing /home/airflow/.local/lib/python3.8/site-packages/airflow/example_dags/example_setup_teardown.py took 0.112 seconds
[2023-11-25T18:32:11.509+0000] {processor.py:157} INFO - Started process (PID=1487) to work on /home/airflow/.local/lib/python3.8/site-packages/airflow/example_dags/example_setup_teardown.py
[2023-11-25T18:32:11.510+0000] {processor.py:829} INFO - Processing file /home/airflow/.local/lib/python3.8/site-packages/airflow/example_dags/example_setup_teardown.py for tasks to queue
[2023-11-25T18:32:11.513+0000] {logging_mixin.py:154} INFO - [2023-11-25T18:32:11.513+0000] {dagbag.py:536} INFO - Filling up the DagBag from /home/airflow/.local/lib/python3.8/site-packages/airflow/example_dags/example_setup_teardown.py
[2023-11-25T18:32:11.521+0000] {processor.py:839} INFO - DAG(s) dict_keys(['example_setup_teardown']) retrieved from /home/airflow/.local/lib/python3.8/site-packages/airflow/example_dags/example_setup_teardown.py
[2023-11-25T18:32:11.548+0000] {logging_mixin.py:154} INFO - [2023-11-25T18:32:11.547+0000] {dag.py:2941} INFO - Sync 1 DAGs
[2023-11-25T18:32:11.582+0000] {logging_mixin.py:154} INFO - [2023-11-25T18:32:11.582+0000] {dag.py:3722} INFO - Setting next_dagrun for example_setup_teardown to 2023-11-24T18:32:11.581632+00:00, run_after=2023-11-25T18:32:11.581632+00:00
[2023-11-25T18:32:11.858+0000] {processor.py:179} INFO - Processing /home/airflow/.local/lib/python3.8/site-packages/airflow/example_dags/example_setup_teardown.py took 0.354 seconds
