[2023-11-25T18:18:51.603+0000] {processor.py:157} INFO - Started process (PID=58) to work on /home/airflow/.local/lib/python3.8/site-packages/airflow/example_dags/example_sensor_decorator.py
[2023-11-25T18:18:51.604+0000] {processor.py:829} INFO - Processing file /home/airflow/.local/lib/python3.8/site-packages/airflow/example_dags/example_sensor_decorator.py for tasks to queue
[2023-11-25T18:18:51.607+0000] {logging_mixin.py:154} INFO - [2023-11-25T18:18:51.607+0000] {dagbag.py:536} INFO - Filling up the DagBag from /home/airflow/.local/lib/python3.8/site-packages/airflow/example_dags/example_sensor_decorator.py
[2023-11-25T18:18:51.618+0000] {processor.py:839} INFO - DAG(s) dict_keys(['example_sensor_decorator']) retrieved from /home/airflow/.local/lib/python3.8/site-packages/airflow/example_dags/example_sensor_decorator.py
[2023-11-25T18:18:51.647+0000] {logging_mixin.py:154} INFO - [2023-11-25T18:18:51.646+0000] {dag.py:2941} INFO - Sync 1 DAGs
[2023-11-25T18:18:51.666+0000] {logging_mixin.py:154} INFO - [2023-11-25T18:18:51.666+0000] {dag.py:3722} INFO - Setting next_dagrun for example_sensor_decorator to None, run_after=None
[2023-11-25T18:18:51.691+0000] {processor.py:179} INFO - Processing /home/airflow/.local/lib/python3.8/site-packages/airflow/example_dags/example_sensor_decorator.py took 0.092 seconds
[2023-11-25T18:19:22.006+0000] {processor.py:157} INFO - Started process (PID=112) to work on /home/airflow/.local/lib/python3.8/site-packages/airflow/example_dags/example_sensor_decorator.py
[2023-11-25T18:19:22.007+0000] {processor.py:829} INFO - Processing file /home/airflow/.local/lib/python3.8/site-packages/airflow/example_dags/example_sensor_decorator.py for tasks to queue
[2023-11-25T18:19:22.009+0000] {logging_mixin.py:154} INFO - [2023-11-25T18:19:22.008+0000] {dagbag.py:536} INFO - Filling up the DagBag from /home/airflow/.local/lib/python3.8/site-packages/airflow/example_dags/example_sensor_decorator.py
[2023-11-25T18:19:22.013+0000] {processor.py:839} INFO - DAG(s) dict_keys(['example_sensor_decorator']) retrieved from /home/airflow/.local/lib/python3.8/site-packages/airflow/example_dags/example_sensor_decorator.py
[2023-11-25T18:19:22.030+0000] {logging_mixin.py:154} INFO - [2023-11-25T18:19:22.030+0000] {dag.py:2941} INFO - Sync 1 DAGs
[2023-11-25T18:19:22.042+0000] {logging_mixin.py:154} INFO - [2023-11-25T18:19:22.042+0000] {dag.py:3722} INFO - Setting next_dagrun for example_sensor_decorator to None, run_after=None
[2023-11-25T18:19:22.057+0000] {processor.py:179} INFO - Processing /home/airflow/.local/lib/python3.8/site-packages/airflow/example_dags/example_sensor_decorator.py took 0.054 seconds
[2023-11-25T18:19:52.535+0000] {processor.py:157} INFO - Started process (PID=166) to work on /home/airflow/.local/lib/python3.8/site-packages/airflow/example_dags/example_sensor_decorator.py
[2023-11-25T18:19:52.536+0000] {processor.py:829} INFO - Processing file /home/airflow/.local/lib/python3.8/site-packages/airflow/example_dags/example_sensor_decorator.py for tasks to queue
[2023-11-25T18:19:52.538+0000] {logging_mixin.py:154} INFO - [2023-11-25T18:19:52.537+0000] {dagbag.py:536} INFO - Filling up the DagBag from /home/airflow/.local/lib/python3.8/site-packages/airflow/example_dags/example_sensor_decorator.py
[2023-11-25T18:19:52.542+0000] {processor.py:839} INFO - DAG(s) dict_keys(['example_sensor_decorator']) retrieved from /home/airflow/.local/lib/python3.8/site-packages/airflow/example_dags/example_sensor_decorator.py
[2023-11-25T18:19:52.558+0000] {logging_mixin.py:154} INFO - [2023-11-25T18:19:52.558+0000] {dag.py:2941} INFO - Sync 1 DAGs
[2023-11-25T18:19:52.569+0000] {logging_mixin.py:154} INFO - [2023-11-25T18:19:52.568+0000] {dag.py:3722} INFO - Setting next_dagrun for example_sensor_decorator to None, run_after=None
[2023-11-25T18:19:52.583+0000] {processor.py:179} INFO - Processing /home/airflow/.local/lib/python3.8/site-packages/airflow/example_dags/example_sensor_decorator.py took 0.050 seconds
[2023-11-25T18:20:22.915+0000] {processor.py:157} INFO - Started process (PID=220) to work on /home/airflow/.local/lib/python3.8/site-packages/airflow/example_dags/example_sensor_decorator.py
[2023-11-25T18:20:22.916+0000] {processor.py:829} INFO - Processing file /home/airflow/.local/lib/python3.8/site-packages/airflow/example_dags/example_sensor_decorator.py for tasks to queue
[2023-11-25T18:20:22.918+0000] {logging_mixin.py:154} INFO - [2023-11-25T18:20:22.918+0000] {dagbag.py:536} INFO - Filling up the DagBag from /home/airflow/.local/lib/python3.8/site-packages/airflow/example_dags/example_sensor_decorator.py
[2023-11-25T18:20:22.923+0000] {processor.py:839} INFO - DAG(s) dict_keys(['example_sensor_decorator']) retrieved from /home/airflow/.local/lib/python3.8/site-packages/airflow/example_dags/example_sensor_decorator.py
[2023-11-25T18:20:22.939+0000] {logging_mixin.py:154} INFO - [2023-11-25T18:20:22.939+0000] {dag.py:2941} INFO - Sync 1 DAGs
[2023-11-25T18:20:22.950+0000] {logging_mixin.py:154} INFO - [2023-11-25T18:20:22.950+0000] {dag.py:3722} INFO - Setting next_dagrun for example_sensor_decorator to None, run_after=None
[2023-11-25T18:20:22.967+0000] {processor.py:179} INFO - Processing /home/airflow/.local/lib/python3.8/site-packages/airflow/example_dags/example_sensor_decorator.py took 0.054 seconds
[2023-11-25T18:20:53.160+0000] {processor.py:157} INFO - Started process (PID=274) to work on /home/airflow/.local/lib/python3.8/site-packages/airflow/example_dags/example_sensor_decorator.py
[2023-11-25T18:20:53.161+0000] {processor.py:829} INFO - Processing file /home/airflow/.local/lib/python3.8/site-packages/airflow/example_dags/example_sensor_decorator.py for tasks to queue
[2023-11-25T18:20:53.162+0000] {logging_mixin.py:154} INFO - [2023-11-25T18:20:53.162+0000] {dagbag.py:536} INFO - Filling up the DagBag from /home/airflow/.local/lib/python3.8/site-packages/airflow/example_dags/example_sensor_decorator.py
[2023-11-25T18:20:53.166+0000] {processor.py:839} INFO - DAG(s) dict_keys(['example_sensor_decorator']) retrieved from /home/airflow/.local/lib/python3.8/site-packages/airflow/example_dags/example_sensor_decorator.py
[2023-11-25T18:20:53.183+0000] {logging_mixin.py:154} INFO - [2023-11-25T18:20:53.183+0000] {dag.py:2941} INFO - Sync 1 DAGs
[2023-11-25T18:20:53.194+0000] {logging_mixin.py:154} INFO - [2023-11-25T18:20:53.193+0000] {dag.py:3722} INFO - Setting next_dagrun for example_sensor_decorator to None, run_after=None
[2023-11-25T18:20:53.209+0000] {processor.py:179} INFO - Processing /home/airflow/.local/lib/python3.8/site-packages/airflow/example_dags/example_sensor_decorator.py took 0.051 seconds
[2023-11-25T18:21:23.514+0000] {processor.py:157} INFO - Started process (PID=328) to work on /home/airflow/.local/lib/python3.8/site-packages/airflow/example_dags/example_sensor_decorator.py
[2023-11-25T18:21:23.515+0000] {processor.py:829} INFO - Processing file /home/airflow/.local/lib/python3.8/site-packages/airflow/example_dags/example_sensor_decorator.py for tasks to queue
[2023-11-25T18:21:23.517+0000] {logging_mixin.py:154} INFO - [2023-11-25T18:21:23.517+0000] {dagbag.py:536} INFO - Filling up the DagBag from /home/airflow/.local/lib/python3.8/site-packages/airflow/example_dags/example_sensor_decorator.py
[2023-11-25T18:21:23.522+0000] {processor.py:839} INFO - DAG(s) dict_keys(['example_sensor_decorator']) retrieved from /home/airflow/.local/lib/python3.8/site-packages/airflow/example_dags/example_sensor_decorator.py
[2023-11-25T18:21:23.537+0000] {logging_mixin.py:154} INFO - [2023-11-25T18:21:23.537+0000] {dag.py:2941} INFO - Sync 1 DAGs
[2023-11-25T18:21:23.550+0000] {logging_mixin.py:154} INFO - [2023-11-25T18:21:23.550+0000] {dag.py:3722} INFO - Setting next_dagrun for example_sensor_decorator to None, run_after=None
[2023-11-25T18:21:23.570+0000] {processor.py:179} INFO - Processing /home/airflow/.local/lib/python3.8/site-packages/airflow/example_dags/example_sensor_decorator.py took 0.058 seconds
[2023-11-25T18:21:53.931+0000] {processor.py:157} INFO - Started process (PID=382) to work on /home/airflow/.local/lib/python3.8/site-packages/airflow/example_dags/example_sensor_decorator.py
[2023-11-25T18:21:53.932+0000] {processor.py:829} INFO - Processing file /home/airflow/.local/lib/python3.8/site-packages/airflow/example_dags/example_sensor_decorator.py for tasks to queue
[2023-11-25T18:21:53.933+0000] {logging_mixin.py:154} INFO - [2023-11-25T18:21:53.933+0000] {dagbag.py:536} INFO - Filling up the DagBag from /home/airflow/.local/lib/python3.8/site-packages/airflow/example_dags/example_sensor_decorator.py
[2023-11-25T18:21:53.939+0000] {processor.py:839} INFO - DAG(s) dict_keys(['example_sensor_decorator']) retrieved from /home/airflow/.local/lib/python3.8/site-packages/airflow/example_dags/example_sensor_decorator.py
[2023-11-25T18:21:53.956+0000] {logging_mixin.py:154} INFO - [2023-11-25T18:21:53.956+0000] {dag.py:2941} INFO - Sync 1 DAGs
[2023-11-25T18:21:53.968+0000] {logging_mixin.py:154} INFO - [2023-11-25T18:21:53.968+0000] {dag.py:3722} INFO - Setting next_dagrun for example_sensor_decorator to None, run_after=None
[2023-11-25T18:21:53.985+0000] {processor.py:179} INFO - Processing /home/airflow/.local/lib/python3.8/site-packages/airflow/example_dags/example_sensor_decorator.py took 0.056 seconds
[2023-11-25T18:22:24.685+0000] {processor.py:157} INFO - Started process (PID=436) to work on /home/airflow/.local/lib/python3.8/site-packages/airflow/example_dags/example_sensor_decorator.py
[2023-11-25T18:22:24.686+0000] {processor.py:829} INFO - Processing file /home/airflow/.local/lib/python3.8/site-packages/airflow/example_dags/example_sensor_decorator.py for tasks to queue
[2023-11-25T18:22:24.688+0000] {logging_mixin.py:154} INFO - [2023-11-25T18:22:24.687+0000] {dagbag.py:536} INFO - Filling up the DagBag from /home/airflow/.local/lib/python3.8/site-packages/airflow/example_dags/example_sensor_decorator.py
[2023-11-25T18:22:24.692+0000] {processor.py:839} INFO - DAG(s) dict_keys(['example_sensor_decorator']) retrieved from /home/airflow/.local/lib/python3.8/site-packages/airflow/example_dags/example_sensor_decorator.py
[2023-11-25T18:22:24.708+0000] {logging_mixin.py:154} INFO - [2023-11-25T18:22:24.708+0000] {dag.py:2941} INFO - Sync 1 DAGs
[2023-11-25T18:22:24.718+0000] {logging_mixin.py:154} INFO - [2023-11-25T18:22:24.718+0000] {dag.py:3722} INFO - Setting next_dagrun for example_sensor_decorator to None, run_after=None
[2023-11-25T18:22:24.736+0000] {processor.py:179} INFO - Processing /home/airflow/.local/lib/python3.8/site-packages/airflow/example_dags/example_sensor_decorator.py took 0.054 seconds
[2023-11-25T18:22:55.657+0000] {processor.py:157} INFO - Started process (PID=490) to work on /home/airflow/.local/lib/python3.8/site-packages/airflow/example_dags/example_sensor_decorator.py
[2023-11-25T18:22:55.658+0000] {processor.py:829} INFO - Processing file /home/airflow/.local/lib/python3.8/site-packages/airflow/example_dags/example_sensor_decorator.py for tasks to queue
[2023-11-25T18:22:55.659+0000] {logging_mixin.py:154} INFO - [2023-11-25T18:22:55.659+0000] {dagbag.py:536} INFO - Filling up the DagBag from /home/airflow/.local/lib/python3.8/site-packages/airflow/example_dags/example_sensor_decorator.py
[2023-11-25T18:22:55.663+0000] {processor.py:839} INFO - DAG(s) dict_keys(['example_sensor_decorator']) retrieved from /home/airflow/.local/lib/python3.8/site-packages/airflow/example_dags/example_sensor_decorator.py
[2023-11-25T18:22:55.678+0000] {logging_mixin.py:154} INFO - [2023-11-25T18:22:55.678+0000] {dag.py:2941} INFO - Sync 1 DAGs
[2023-11-25T18:22:55.688+0000] {logging_mixin.py:154} INFO - [2023-11-25T18:22:55.688+0000] {dag.py:3722} INFO - Setting next_dagrun for example_sensor_decorator to None, run_after=None
[2023-11-25T18:22:55.702+0000] {processor.py:179} INFO - Processing /home/airflow/.local/lib/python3.8/site-packages/airflow/example_dags/example_sensor_decorator.py took 0.047 seconds
[2023-11-25T18:23:26.207+0000] {processor.py:157} INFO - Started process (PID=544) to work on /home/airflow/.local/lib/python3.8/site-packages/airflow/example_dags/example_sensor_decorator.py
[2023-11-25T18:23:26.208+0000] {processor.py:829} INFO - Processing file /home/airflow/.local/lib/python3.8/site-packages/airflow/example_dags/example_sensor_decorator.py for tasks to queue
[2023-11-25T18:23:26.210+0000] {logging_mixin.py:154} INFO - [2023-11-25T18:23:26.210+0000] {dagbag.py:536} INFO - Filling up the DagBag from /home/airflow/.local/lib/python3.8/site-packages/airflow/example_dags/example_sensor_decorator.py
[2023-11-25T18:23:26.214+0000] {processor.py:839} INFO - DAG(s) dict_keys(['example_sensor_decorator']) retrieved from /home/airflow/.local/lib/python3.8/site-packages/airflow/example_dags/example_sensor_decorator.py
[2023-11-25T18:23:26.229+0000] {logging_mixin.py:154} INFO - [2023-11-25T18:23:26.229+0000] {dag.py:2941} INFO - Sync 1 DAGs
[2023-11-25T18:23:26.240+0000] {logging_mixin.py:154} INFO - [2023-11-25T18:23:26.239+0000] {dag.py:3722} INFO - Setting next_dagrun for example_sensor_decorator to None, run_after=None
[2023-11-25T18:23:26.254+0000] {processor.py:179} INFO - Processing /home/airflow/.local/lib/python3.8/site-packages/airflow/example_dags/example_sensor_decorator.py took 0.049 seconds
[2023-11-25T18:23:56.830+0000] {processor.py:157} INFO - Started process (PID=598) to work on /home/airflow/.local/lib/python3.8/site-packages/airflow/example_dags/example_sensor_decorator.py
[2023-11-25T18:23:56.831+0000] {processor.py:829} INFO - Processing file /home/airflow/.local/lib/python3.8/site-packages/airflow/example_dags/example_sensor_decorator.py for tasks to queue
[2023-11-25T18:23:56.833+0000] {logging_mixin.py:154} INFO - [2023-11-25T18:23:56.833+0000] {dagbag.py:536} INFO - Filling up the DagBag from /home/airflow/.local/lib/python3.8/site-packages/airflow/example_dags/example_sensor_decorator.py
[2023-11-25T18:23:56.839+0000] {processor.py:839} INFO - DAG(s) dict_keys(['example_sensor_decorator']) retrieved from /home/airflow/.local/lib/python3.8/site-packages/airflow/example_dags/example_sensor_decorator.py
[2023-11-25T18:23:56.860+0000] {logging_mixin.py:154} INFO - [2023-11-25T18:23:56.860+0000] {dag.py:2941} INFO - Sync 1 DAGs
[2023-11-25T18:23:56.874+0000] {logging_mixin.py:154} INFO - [2023-11-25T18:23:56.874+0000] {dag.py:3722} INFO - Setting next_dagrun for example_sensor_decorator to None, run_after=None
[2023-11-25T18:23:56.896+0000] {processor.py:179} INFO - Processing /home/airflow/.local/lib/python3.8/site-packages/airflow/example_dags/example_sensor_decorator.py took 0.069 seconds
[2023-11-25T18:24:27.935+0000] {processor.py:157} INFO - Started process (PID=652) to work on /home/airflow/.local/lib/python3.8/site-packages/airflow/example_dags/example_sensor_decorator.py
[2023-11-25T18:24:27.936+0000] {processor.py:829} INFO - Processing file /home/airflow/.local/lib/python3.8/site-packages/airflow/example_dags/example_sensor_decorator.py for tasks to queue
[2023-11-25T18:24:27.938+0000] {logging_mixin.py:154} INFO - [2023-11-25T18:24:27.938+0000] {dagbag.py:536} INFO - Filling up the DagBag from /home/airflow/.local/lib/python3.8/site-packages/airflow/example_dags/example_sensor_decorator.py
[2023-11-25T18:24:27.943+0000] {processor.py:839} INFO - DAG(s) dict_keys(['example_sensor_decorator']) retrieved from /home/airflow/.local/lib/python3.8/site-packages/airflow/example_dags/example_sensor_decorator.py
[2023-11-25T18:24:27.962+0000] {logging_mixin.py:154} INFO - [2023-11-25T18:24:27.961+0000] {dag.py:2941} INFO - Sync 1 DAGs
[2023-11-25T18:24:27.975+0000] {logging_mixin.py:154} INFO - [2023-11-25T18:24:27.974+0000] {dag.py:3722} INFO - Setting next_dagrun for example_sensor_decorator to None, run_after=None
[2023-11-25T18:24:27.994+0000] {processor.py:179} INFO - Processing /home/airflow/.local/lib/python3.8/site-packages/airflow/example_dags/example_sensor_decorator.py took 0.062 seconds
[2023-11-25T18:24:58.481+0000] {processor.py:157} INFO - Started process (PID=707) to work on /home/airflow/.local/lib/python3.8/site-packages/airflow/example_dags/example_sensor_decorator.py
[2023-11-25T18:24:58.482+0000] {processor.py:829} INFO - Processing file /home/airflow/.local/lib/python3.8/site-packages/airflow/example_dags/example_sensor_decorator.py for tasks to queue
[2023-11-25T18:24:58.484+0000] {logging_mixin.py:154} INFO - [2023-11-25T18:24:58.484+0000] {dagbag.py:536} INFO - Filling up the DagBag from /home/airflow/.local/lib/python3.8/site-packages/airflow/example_dags/example_sensor_decorator.py
[2023-11-25T18:24:58.489+0000] {processor.py:839} INFO - DAG(s) dict_keys(['example_sensor_decorator']) retrieved from /home/airflow/.local/lib/python3.8/site-packages/airflow/example_dags/example_sensor_decorator.py
[2023-11-25T18:24:58.507+0000] {logging_mixin.py:154} INFO - [2023-11-25T18:24:58.507+0000] {dag.py:2941} INFO - Sync 1 DAGs
[2023-11-25T18:24:58.520+0000] {logging_mixin.py:154} INFO - [2023-11-25T18:24:58.519+0000] {dag.py:3722} INFO - Setting next_dagrun for example_sensor_decorator to None, run_after=None
[2023-11-25T18:24:58.537+0000] {processor.py:179} INFO - Processing /home/airflow/.local/lib/python3.8/site-packages/airflow/example_dags/example_sensor_decorator.py took 0.059 seconds
[2023-11-25T18:25:29.747+0000] {processor.py:157} INFO - Started process (PID=761) to work on /home/airflow/.local/lib/python3.8/site-packages/airflow/example_dags/example_sensor_decorator.py
[2023-11-25T18:25:29.748+0000] {processor.py:829} INFO - Processing file /home/airflow/.local/lib/python3.8/site-packages/airflow/example_dags/example_sensor_decorator.py for tasks to queue
[2023-11-25T18:25:29.752+0000] {logging_mixin.py:154} INFO - [2023-11-25T18:25:29.752+0000] {dagbag.py:536} INFO - Filling up the DagBag from /home/airflow/.local/lib/python3.8/site-packages/airflow/example_dags/example_sensor_decorator.py
[2023-11-25T18:25:29.759+0000] {processor.py:839} INFO - DAG(s) dict_keys(['example_sensor_decorator']) retrieved from /home/airflow/.local/lib/python3.8/site-packages/airflow/example_dags/example_sensor_decorator.py
[2023-11-25T18:25:29.790+0000] {logging_mixin.py:154} INFO - [2023-11-25T18:25:29.789+0000] {dag.py:2941} INFO - Sync 1 DAGs
[2023-11-25T18:25:29.811+0000] {logging_mixin.py:154} INFO - [2023-11-25T18:25:29.811+0000] {dag.py:3722} INFO - Setting next_dagrun for example_sensor_decorator to None, run_after=None
[2023-11-25T18:25:29.846+0000] {processor.py:179} INFO - Processing /home/airflow/.local/lib/python3.8/site-packages/airflow/example_dags/example_sensor_decorator.py took 0.102 seconds
[2023-11-25T18:26:00.499+0000] {processor.py:157} INFO - Started process (PID=815) to work on /home/airflow/.local/lib/python3.8/site-packages/airflow/example_dags/example_sensor_decorator.py
[2023-11-25T18:26:00.500+0000] {processor.py:829} INFO - Processing file /home/airflow/.local/lib/python3.8/site-packages/airflow/example_dags/example_sensor_decorator.py for tasks to queue
[2023-11-25T18:26:00.502+0000] {logging_mixin.py:154} INFO - [2023-11-25T18:26:00.502+0000] {dagbag.py:536} INFO - Filling up the DagBag from /home/airflow/.local/lib/python3.8/site-packages/airflow/example_dags/example_sensor_decorator.py
[2023-11-25T18:26:00.506+0000] {processor.py:839} INFO - DAG(s) dict_keys(['example_sensor_decorator']) retrieved from /home/airflow/.local/lib/python3.8/site-packages/airflow/example_dags/example_sensor_decorator.py
[2023-11-25T18:26:00.521+0000] {logging_mixin.py:154} INFO - [2023-11-25T18:26:00.521+0000] {dag.py:2941} INFO - Sync 1 DAGs
[2023-11-25T18:26:00.531+0000] {logging_mixin.py:154} INFO - [2023-11-25T18:26:00.531+0000] {dag.py:3722} INFO - Setting next_dagrun for example_sensor_decorator to None, run_after=None
[2023-11-25T18:26:00.546+0000] {processor.py:179} INFO - Processing /home/airflow/.local/lib/python3.8/site-packages/airflow/example_dags/example_sensor_decorator.py took 0.048 seconds
[2023-11-25T18:26:30.964+0000] {processor.py:157} INFO - Started process (PID=869) to work on /home/airflow/.local/lib/python3.8/site-packages/airflow/example_dags/example_sensor_decorator.py
[2023-11-25T18:26:30.965+0000] {processor.py:829} INFO - Processing file /home/airflow/.local/lib/python3.8/site-packages/airflow/example_dags/example_sensor_decorator.py for tasks to queue
[2023-11-25T18:26:30.967+0000] {logging_mixin.py:154} INFO - [2023-11-25T18:26:30.967+0000] {dagbag.py:536} INFO - Filling up the DagBag from /home/airflow/.local/lib/python3.8/site-packages/airflow/example_dags/example_sensor_decorator.py
[2023-11-25T18:26:30.972+0000] {processor.py:839} INFO - DAG(s) dict_keys(['example_sensor_decorator']) retrieved from /home/airflow/.local/lib/python3.8/site-packages/airflow/example_dags/example_sensor_decorator.py
[2023-11-25T18:26:30.990+0000] {logging_mixin.py:154} INFO - [2023-11-25T18:26:30.990+0000] {dag.py:2941} INFO - Sync 1 DAGs
[2023-11-25T18:26:31.003+0000] {logging_mixin.py:154} INFO - [2023-11-25T18:26:31.003+0000] {dag.py:3722} INFO - Setting next_dagrun for example_sensor_decorator to None, run_after=None
[2023-11-25T18:26:31.026+0000] {processor.py:179} INFO - Processing /home/airflow/.local/lib/python3.8/site-packages/airflow/example_dags/example_sensor_decorator.py took 0.064 seconds
[2023-11-25T18:27:01.425+0000] {processor.py:157} INFO - Started process (PID=923) to work on /home/airflow/.local/lib/python3.8/site-packages/airflow/example_dags/example_sensor_decorator.py
[2023-11-25T18:27:01.426+0000] {processor.py:829} INFO - Processing file /home/airflow/.local/lib/python3.8/site-packages/airflow/example_dags/example_sensor_decorator.py for tasks to queue
[2023-11-25T18:27:01.427+0000] {logging_mixin.py:154} INFO - [2023-11-25T18:27:01.427+0000] {dagbag.py:536} INFO - Filling up the DagBag from /home/airflow/.local/lib/python3.8/site-packages/airflow/example_dags/example_sensor_decorator.py
[2023-11-25T18:27:01.432+0000] {processor.py:839} INFO - DAG(s) dict_keys(['example_sensor_decorator']) retrieved from /home/airflow/.local/lib/python3.8/site-packages/airflow/example_dags/example_sensor_decorator.py
[2023-11-25T18:27:01.450+0000] {logging_mixin.py:154} INFO - [2023-11-25T18:27:01.450+0000] {dag.py:2941} INFO - Sync 1 DAGs
[2023-11-25T18:27:01.462+0000] {logging_mixin.py:154} INFO - [2023-11-25T18:27:01.462+0000] {dag.py:3722} INFO - Setting next_dagrun for example_sensor_decorator to None, run_after=None
[2023-11-25T18:27:01.480+0000] {processor.py:179} INFO - Processing /home/airflow/.local/lib/python3.8/site-packages/airflow/example_dags/example_sensor_decorator.py took 0.057 seconds
[2023-11-25T18:27:31.540+0000] {processor.py:157} INFO - Started process (PID=976) to work on /home/airflow/.local/lib/python3.8/site-packages/airflow/example_dags/example_sensor_decorator.py
[2023-11-25T18:27:31.541+0000] {processor.py:829} INFO - Processing file /home/airflow/.local/lib/python3.8/site-packages/airflow/example_dags/example_sensor_decorator.py for tasks to queue
[2023-11-25T18:27:31.543+0000] {logging_mixin.py:154} INFO - [2023-11-25T18:27:31.542+0000] {dagbag.py:536} INFO - Filling up the DagBag from /home/airflow/.local/lib/python3.8/site-packages/airflow/example_dags/example_sensor_decorator.py
[2023-11-25T18:27:31.547+0000] {processor.py:839} INFO - DAG(s) dict_keys(['example_sensor_decorator']) retrieved from /home/airflow/.local/lib/python3.8/site-packages/airflow/example_dags/example_sensor_decorator.py
[2023-11-25T18:27:31.561+0000] {logging_mixin.py:154} INFO - [2023-11-25T18:27:31.561+0000] {dag.py:2941} INFO - Sync 1 DAGs
[2023-11-25T18:27:31.572+0000] {logging_mixin.py:154} INFO - [2023-11-25T18:27:31.571+0000] {dag.py:3722} INFO - Setting next_dagrun for example_sensor_decorator to None, run_after=None
[2023-11-25T18:27:31.586+0000] {processor.py:179} INFO - Processing /home/airflow/.local/lib/python3.8/site-packages/airflow/example_dags/example_sensor_decorator.py took 0.048 seconds
[2023-11-25T18:28:02.229+0000] {processor.py:157} INFO - Started process (PID=1030) to work on /home/airflow/.local/lib/python3.8/site-packages/airflow/example_dags/example_sensor_decorator.py
[2023-11-25T18:28:02.230+0000] {processor.py:829} INFO - Processing file /home/airflow/.local/lib/python3.8/site-packages/airflow/example_dags/example_sensor_decorator.py for tasks to queue
[2023-11-25T18:28:02.232+0000] {logging_mixin.py:154} INFO - [2023-11-25T18:28:02.231+0000] {dagbag.py:536} INFO - Filling up the DagBag from /home/airflow/.local/lib/python3.8/site-packages/airflow/example_dags/example_sensor_decorator.py
[2023-11-25T18:28:02.236+0000] {processor.py:839} INFO - DAG(s) dict_keys(['example_sensor_decorator']) retrieved from /home/airflow/.local/lib/python3.8/site-packages/airflow/example_dags/example_sensor_decorator.py
[2023-11-25T18:28:02.253+0000] {logging_mixin.py:154} INFO - [2023-11-25T18:28:02.252+0000] {dag.py:2941} INFO - Sync 1 DAGs
[2023-11-25T18:28:02.266+0000] {logging_mixin.py:154} INFO - [2023-11-25T18:28:02.266+0000] {dag.py:3722} INFO - Setting next_dagrun for example_sensor_decorator to None, run_after=None
[2023-11-25T18:28:02.281+0000] {processor.py:179} INFO - Processing /home/airflow/.local/lib/python3.8/site-packages/airflow/example_dags/example_sensor_decorator.py took 0.054 seconds
[2023-11-25T18:28:32.478+0000] {processor.py:157} INFO - Started process (PID=1084) to work on /home/airflow/.local/lib/python3.8/site-packages/airflow/example_dags/example_sensor_decorator.py
[2023-11-25T18:28:32.478+0000] {processor.py:829} INFO - Processing file /home/airflow/.local/lib/python3.8/site-packages/airflow/example_dags/example_sensor_decorator.py for tasks to queue
[2023-11-25T18:28:32.480+0000] {logging_mixin.py:154} INFO - [2023-11-25T18:28:32.480+0000] {dagbag.py:536} INFO - Filling up the DagBag from /home/airflow/.local/lib/python3.8/site-packages/airflow/example_dags/example_sensor_decorator.py
[2023-11-25T18:28:32.484+0000] {processor.py:839} INFO - DAG(s) dict_keys(['example_sensor_decorator']) retrieved from /home/airflow/.local/lib/python3.8/site-packages/airflow/example_dags/example_sensor_decorator.py
[2023-11-25T18:28:32.499+0000] {logging_mixin.py:154} INFO - [2023-11-25T18:28:32.499+0000] {dag.py:2941} INFO - Sync 1 DAGs
[2023-11-25T18:28:32.509+0000] {logging_mixin.py:154} INFO - [2023-11-25T18:28:32.508+0000] {dag.py:3722} INFO - Setting next_dagrun for example_sensor_decorator to None, run_after=None
[2023-11-25T18:28:32.524+0000] {processor.py:179} INFO - Processing /home/airflow/.local/lib/python3.8/site-packages/airflow/example_dags/example_sensor_decorator.py took 0.049 seconds
[2023-11-25T18:29:03.031+0000] {processor.py:157} INFO - Started process (PID=1138) to work on /home/airflow/.local/lib/python3.8/site-packages/airflow/example_dags/example_sensor_decorator.py
[2023-11-25T18:29:03.032+0000] {processor.py:829} INFO - Processing file /home/airflow/.local/lib/python3.8/site-packages/airflow/example_dags/example_sensor_decorator.py for tasks to queue
[2023-11-25T18:29:03.035+0000] {logging_mixin.py:154} INFO - [2023-11-25T18:29:03.034+0000] {dagbag.py:536} INFO - Filling up the DagBag from /home/airflow/.local/lib/python3.8/site-packages/airflow/example_dags/example_sensor_decorator.py
[2023-11-25T18:29:03.047+0000] {processor.py:839} INFO - DAG(s) dict_keys(['example_sensor_decorator']) retrieved from /home/airflow/.local/lib/python3.8/site-packages/airflow/example_dags/example_sensor_decorator.py
[2023-11-25T18:29:03.089+0000] {logging_mixin.py:154} INFO - [2023-11-25T18:29:03.088+0000] {dag.py:2941} INFO - Sync 1 DAGs
[2023-11-25T18:29:03.115+0000] {logging_mixin.py:154} INFO - [2023-11-25T18:29:03.114+0000] {dag.py:3722} INFO - Setting next_dagrun for example_sensor_decorator to None, run_after=None
[2023-11-25T18:29:03.145+0000] {processor.py:179} INFO - Processing /home/airflow/.local/lib/python3.8/site-packages/airflow/example_dags/example_sensor_decorator.py took 0.117 seconds
[2023-11-25T18:29:33.820+0000] {processor.py:157} INFO - Started process (PID=1192) to work on /home/airflow/.local/lib/python3.8/site-packages/airflow/example_dags/example_sensor_decorator.py
[2023-11-25T18:29:33.821+0000] {processor.py:829} INFO - Processing file /home/airflow/.local/lib/python3.8/site-packages/airflow/example_dags/example_sensor_decorator.py for tasks to queue
[2023-11-25T18:29:33.823+0000] {logging_mixin.py:154} INFO - [2023-11-25T18:29:33.823+0000] {dagbag.py:536} INFO - Filling up the DagBag from /home/airflow/.local/lib/python3.8/site-packages/airflow/example_dags/example_sensor_decorator.py
[2023-11-25T18:29:33.832+0000] {processor.py:839} INFO - DAG(s) dict_keys(['example_sensor_decorator']) retrieved from /home/airflow/.local/lib/python3.8/site-packages/airflow/example_dags/example_sensor_decorator.py
[2023-11-25T18:29:33.857+0000] {logging_mixin.py:154} INFO - [2023-11-25T18:29:33.856+0000] {dag.py:2941} INFO - Sync 1 DAGs
[2023-11-25T18:29:33.876+0000] {logging_mixin.py:154} INFO - [2023-11-25T18:29:33.876+0000] {dag.py:3722} INFO - Setting next_dagrun for example_sensor_decorator to None, run_after=None
[2023-11-25T18:29:33.903+0000] {processor.py:179} INFO - Processing /home/airflow/.local/lib/python3.8/site-packages/airflow/example_dags/example_sensor_decorator.py took 0.087 seconds
[2023-11-25T18:30:03.959+0000] {processor.py:157} INFO - Started process (PID=1245) to work on /home/airflow/.local/lib/python3.8/site-packages/airflow/example_dags/example_sensor_decorator.py
[2023-11-25T18:30:03.960+0000] {processor.py:829} INFO - Processing file /home/airflow/.local/lib/python3.8/site-packages/airflow/example_dags/example_sensor_decorator.py for tasks to queue
[2023-11-25T18:30:03.962+0000] {logging_mixin.py:154} INFO - [2023-11-25T18:30:03.962+0000] {dagbag.py:536} INFO - Filling up the DagBag from /home/airflow/.local/lib/python3.8/site-packages/airflow/example_dags/example_sensor_decorator.py
[2023-11-25T18:30:03.967+0000] {processor.py:839} INFO - DAG(s) dict_keys(['example_sensor_decorator']) retrieved from /home/airflow/.local/lib/python3.8/site-packages/airflow/example_dags/example_sensor_decorator.py
[2023-11-25T18:30:03.991+0000] {logging_mixin.py:154} INFO - [2023-11-25T18:30:03.991+0000] {dag.py:2941} INFO - Sync 1 DAGs
[2023-11-25T18:30:04.006+0000] {logging_mixin.py:154} INFO - [2023-11-25T18:30:04.006+0000] {dag.py:3722} INFO - Setting next_dagrun for example_sensor_decorator to None, run_after=None
[2023-11-25T18:30:04.034+0000] {processor.py:179} INFO - Processing /home/airflow/.local/lib/python3.8/site-packages/airflow/example_dags/example_sensor_decorator.py took 0.078 seconds
[2023-11-25T18:30:35.310+0000] {processor.py:157} INFO - Started process (PID=1300) to work on /home/airflow/.local/lib/python3.8/site-packages/airflow/example_dags/example_sensor_decorator.py
[2023-11-25T18:30:35.312+0000] {processor.py:829} INFO - Processing file /home/airflow/.local/lib/python3.8/site-packages/airflow/example_dags/example_sensor_decorator.py for tasks to queue
[2023-11-25T18:30:35.314+0000] {logging_mixin.py:154} INFO - [2023-11-25T18:30:35.314+0000] {dagbag.py:536} INFO - Filling up the DagBag from /home/airflow/.local/lib/python3.8/site-packages/airflow/example_dags/example_sensor_decorator.py
[2023-11-25T18:30:35.324+0000] {processor.py:839} INFO - DAG(s) dict_keys(['example_sensor_decorator']) retrieved from /home/airflow/.local/lib/python3.8/site-packages/airflow/example_dags/example_sensor_decorator.py
[2023-11-25T18:30:35.352+0000] {logging_mixin.py:154} INFO - [2023-11-25T18:30:35.352+0000] {dag.py:2941} INFO - Sync 1 DAGs
[2023-11-25T18:30:35.375+0000] {logging_mixin.py:154} INFO - [2023-11-25T18:30:35.374+0000] {dag.py:3722} INFO - Setting next_dagrun for example_sensor_decorator to None, run_after=None
[2023-11-25T18:30:35.625+0000] {processor.py:179} INFO - Processing /home/airflow/.local/lib/python3.8/site-packages/airflow/example_dags/example_sensor_decorator.py took 0.318 seconds
[2023-11-25T18:31:06.218+0000] {processor.py:157} INFO - Started process (PID=1362) to work on /home/airflow/.local/lib/python3.8/site-packages/airflow/example_dags/example_sensor_decorator.py
[2023-11-25T18:31:06.220+0000] {processor.py:829} INFO - Processing file /home/airflow/.local/lib/python3.8/site-packages/airflow/example_dags/example_sensor_decorator.py for tasks to queue
[2023-11-25T18:31:06.223+0000] {logging_mixin.py:154} INFO - [2023-11-25T18:31:06.222+0000] {dagbag.py:536} INFO - Filling up the DagBag from /home/airflow/.local/lib/python3.8/site-packages/airflow/example_dags/example_sensor_decorator.py
[2023-11-25T18:31:06.234+0000] {processor.py:839} INFO - DAG(s) dict_keys(['example_sensor_decorator']) retrieved from /home/airflow/.local/lib/python3.8/site-packages/airflow/example_dags/example_sensor_decorator.py
[2023-11-25T18:31:06.258+0000] {logging_mixin.py:154} INFO - [2023-11-25T18:31:06.258+0000] {dag.py:2941} INFO - Sync 1 DAGs
[2023-11-25T18:31:06.278+0000] {logging_mixin.py:154} INFO - [2023-11-25T18:31:06.278+0000] {dag.py:3722} INFO - Setting next_dagrun for example_sensor_decorator to None, run_after=None
[2023-11-25T18:31:06.315+0000] {processor.py:179} INFO - Processing /home/airflow/.local/lib/python3.8/site-packages/airflow/example_dags/example_sensor_decorator.py took 0.103 seconds
[2023-11-25T18:31:37.392+0000] {processor.py:157} INFO - Started process (PID=1416) to work on /home/airflow/.local/lib/python3.8/site-packages/airflow/example_dags/example_sensor_decorator.py
[2023-11-25T18:31:37.394+0000] {processor.py:829} INFO - Processing file /home/airflow/.local/lib/python3.8/site-packages/airflow/example_dags/example_sensor_decorator.py for tasks to queue
[2023-11-25T18:31:37.399+0000] {logging_mixin.py:154} INFO - [2023-11-25T18:31:37.399+0000] {dagbag.py:536} INFO - Filling up the DagBag from /home/airflow/.local/lib/python3.8/site-packages/airflow/example_dags/example_sensor_decorator.py
[2023-11-25T18:31:37.407+0000] {processor.py:839} INFO - DAG(s) dict_keys(['example_sensor_decorator']) retrieved from /home/airflow/.local/lib/python3.8/site-packages/airflow/example_dags/example_sensor_decorator.py
[2023-11-25T18:31:37.432+0000] {logging_mixin.py:154} INFO - [2023-11-25T18:31:37.431+0000] {dag.py:2941} INFO - Sync 1 DAGs
[2023-11-25T18:31:37.646+0000] {logging_mixin.py:154} INFO - [2023-11-25T18:31:37.646+0000] {dag.py:3722} INFO - Setting next_dagrun for example_sensor_decorator to None, run_after=None
[2023-11-25T18:31:37.667+0000] {processor.py:179} INFO - Processing /home/airflow/.local/lib/python3.8/site-packages/airflow/example_dags/example_sensor_decorator.py took 0.279 seconds
[2023-11-25T18:32:08.400+0000] {processor.py:157} INFO - Started process (PID=1470) to work on /home/airflow/.local/lib/python3.8/site-packages/airflow/example_dags/example_sensor_decorator.py
[2023-11-25T18:32:08.401+0000] {processor.py:829} INFO - Processing file /home/airflow/.local/lib/python3.8/site-packages/airflow/example_dags/example_sensor_decorator.py for tasks to queue
[2023-11-25T18:32:08.404+0000] {logging_mixin.py:154} INFO - [2023-11-25T18:32:08.404+0000] {dagbag.py:536} INFO - Filling up the DagBag from /home/airflow/.local/lib/python3.8/site-packages/airflow/example_dags/example_sensor_decorator.py
[2023-11-25T18:32:08.414+0000] {processor.py:839} INFO - DAG(s) dict_keys(['example_sensor_decorator']) retrieved from /home/airflow/.local/lib/python3.8/site-packages/airflow/example_dags/example_sensor_decorator.py
[2023-11-25T18:32:08.439+0000] {logging_mixin.py:154} INFO - [2023-11-25T18:32:08.439+0000] {dag.py:2941} INFO - Sync 1 DAGs
[2023-11-25T18:32:08.458+0000] {logging_mixin.py:154} INFO - [2023-11-25T18:32:08.458+0000] {dag.py:3722} INFO - Setting next_dagrun for example_sensor_decorator to None, run_after=None
[2023-11-25T18:32:08.491+0000] {processor.py:179} INFO - Processing /home/airflow/.local/lib/python3.8/site-packages/airflow/example_dags/example_sensor_decorator.py took 0.096 seconds
