[2023-11-25T18:18:52.501+0000] {processor.py:157} INFO - Started process (PID=66) to work on /home/airflow/.local/lib/python3.8/site-packages/airflow/example_dags/example_latest_only_with_trigger.py
[2023-11-25T18:18:52.503+0000] {processor.py:829} INFO - Processing file /home/airflow/.local/lib/python3.8/site-packages/airflow/example_dags/example_latest_only_with_trigger.py for tasks to queue
[2023-11-25T18:18:52.506+0000] {logging_mixin.py:154} INFO - [2023-11-25T18:18:52.506+0000] {dagbag.py:536} INFO - Filling up the DagBag from /home/airflow/.local/lib/python3.8/site-packages/airflow/example_dags/example_latest_only_with_trigger.py
[2023-11-25T18:18:52.519+0000] {processor.py:839} INFO - DAG(s) dict_keys(['latest_only_with_trigger']) retrieved from /home/airflow/.local/lib/python3.8/site-packages/airflow/example_dags/example_latest_only_with_trigger.py
[2023-11-25T18:18:52.540+0000] {logging_mixin.py:154} INFO - [2023-11-25T18:18:52.540+0000] {dag.py:2941} INFO - Sync 1 DAGs
[2023-11-25T18:18:52.576+0000] {logging_mixin.py:154} INFO - [2023-11-25T18:18:52.576+0000] {dag.py:3722} INFO - Setting next_dagrun for latest_only_with_trigger to 2023-11-25T14:18:52.576038+00:00, run_after=2023-11-25T18:18:52.576038+00:00
[2023-11-25T18:18:52.603+0000] {processor.py:179} INFO - Processing /home/airflow/.local/lib/python3.8/site-packages/airflow/example_dags/example_latest_only_with_trigger.py took 0.107 seconds
[2023-11-25T18:19:22.663+0000] {processor.py:157} INFO - Started process (PID=120) to work on /home/airflow/.local/lib/python3.8/site-packages/airflow/example_dags/example_latest_only_with_trigger.py
[2023-11-25T18:19:22.663+0000] {processor.py:829} INFO - Processing file /home/airflow/.local/lib/python3.8/site-packages/airflow/example_dags/example_latest_only_with_trigger.py for tasks to queue
[2023-11-25T18:19:22.665+0000] {logging_mixin.py:154} INFO - [2023-11-25T18:19:22.665+0000] {dagbag.py:536} INFO - Filling up the DagBag from /home/airflow/.local/lib/python3.8/site-packages/airflow/example_dags/example_latest_only_with_trigger.py
[2023-11-25T18:19:22.669+0000] {processor.py:839} INFO - DAG(s) dict_keys(['latest_only_with_trigger']) retrieved from /home/airflow/.local/lib/python3.8/site-packages/airflow/example_dags/example_latest_only_with_trigger.py
[2023-11-25T18:19:22.686+0000] {logging_mixin.py:154} INFO - [2023-11-25T18:19:22.686+0000] {dag.py:2941} INFO - Sync 1 DAGs
[2023-11-25T18:19:22.705+0000] {logging_mixin.py:154} INFO - [2023-11-25T18:19:22.705+0000] {dag.py:3722} INFO - Setting next_dagrun for latest_only_with_trigger to 2023-11-25T14:19:22.704867+00:00, run_after=2023-11-25T18:19:22.704867+00:00
[2023-11-25T18:19:22.718+0000] {processor.py:179} INFO - Processing /home/airflow/.local/lib/python3.8/site-packages/airflow/example_dags/example_latest_only_with_trigger.py took 0.058 seconds
[2023-11-25T18:19:53.032+0000] {processor.py:157} INFO - Started process (PID=174) to work on /home/airflow/.local/lib/python3.8/site-packages/airflow/example_dags/example_latest_only_with_trigger.py
[2023-11-25T18:19:53.033+0000] {processor.py:829} INFO - Processing file /home/airflow/.local/lib/python3.8/site-packages/airflow/example_dags/example_latest_only_with_trigger.py for tasks to queue
[2023-11-25T18:19:53.035+0000] {logging_mixin.py:154} INFO - [2023-11-25T18:19:53.035+0000] {dagbag.py:536} INFO - Filling up the DagBag from /home/airflow/.local/lib/python3.8/site-packages/airflow/example_dags/example_latest_only_with_trigger.py
[2023-11-25T18:19:53.040+0000] {processor.py:839} INFO - DAG(s) dict_keys(['latest_only_with_trigger']) retrieved from /home/airflow/.local/lib/python3.8/site-packages/airflow/example_dags/example_latest_only_with_trigger.py
[2023-11-25T18:19:53.056+0000] {logging_mixin.py:154} INFO - [2023-11-25T18:19:53.056+0000] {dag.py:2941} INFO - Sync 1 DAGs
[2023-11-25T18:19:53.074+0000] {logging_mixin.py:154} INFO - [2023-11-25T18:19:53.074+0000] {dag.py:3722} INFO - Setting next_dagrun for latest_only_with_trigger to 2023-11-25T14:19:53.074187+00:00, run_after=2023-11-25T18:19:53.074187+00:00
[2023-11-25T18:19:53.091+0000] {processor.py:179} INFO - Processing /home/airflow/.local/lib/python3.8/site-packages/airflow/example_dags/example_latest_only_with_trigger.py took 0.061 seconds
[2023-11-25T18:20:23.317+0000] {processor.py:157} INFO - Started process (PID=228) to work on /home/airflow/.local/lib/python3.8/site-packages/airflow/example_dags/example_latest_only_with_trigger.py
[2023-11-25T18:20:23.318+0000] {processor.py:829} INFO - Processing file /home/airflow/.local/lib/python3.8/site-packages/airflow/example_dags/example_latest_only_with_trigger.py for tasks to queue
[2023-11-25T18:20:23.320+0000] {logging_mixin.py:154} INFO - [2023-11-25T18:20:23.320+0000] {dagbag.py:536} INFO - Filling up the DagBag from /home/airflow/.local/lib/python3.8/site-packages/airflow/example_dags/example_latest_only_with_trigger.py
[2023-11-25T18:20:23.325+0000] {processor.py:839} INFO - DAG(s) dict_keys(['latest_only_with_trigger']) retrieved from /home/airflow/.local/lib/python3.8/site-packages/airflow/example_dags/example_latest_only_with_trigger.py
[2023-11-25T18:20:23.342+0000] {logging_mixin.py:154} INFO - [2023-11-25T18:20:23.342+0000] {dag.py:2941} INFO - Sync 1 DAGs
[2023-11-25T18:20:23.360+0000] {logging_mixin.py:154} INFO - [2023-11-25T18:20:23.360+0000] {dag.py:3722} INFO - Setting next_dagrun for latest_only_with_trigger to 2023-11-25T14:20:23.359928+00:00, run_after=2023-11-25T18:20:23.359928+00:00
[2023-11-25T18:20:23.375+0000] {processor.py:179} INFO - Processing /home/airflow/.local/lib/python3.8/site-packages/airflow/example_dags/example_latest_only_with_trigger.py took 0.060 seconds
[2023-11-25T18:20:53.607+0000] {processor.py:157} INFO - Started process (PID=282) to work on /home/airflow/.local/lib/python3.8/site-packages/airflow/example_dags/example_latest_only_with_trigger.py
[2023-11-25T18:20:53.607+0000] {processor.py:829} INFO - Processing file /home/airflow/.local/lib/python3.8/site-packages/airflow/example_dags/example_latest_only_with_trigger.py for tasks to queue
[2023-11-25T18:20:53.609+0000] {logging_mixin.py:154} INFO - [2023-11-25T18:20:53.609+0000] {dagbag.py:536} INFO - Filling up the DagBag from /home/airflow/.local/lib/python3.8/site-packages/airflow/example_dags/example_latest_only_with_trigger.py
[2023-11-25T18:20:53.614+0000] {processor.py:839} INFO - DAG(s) dict_keys(['latest_only_with_trigger']) retrieved from /home/airflow/.local/lib/python3.8/site-packages/airflow/example_dags/example_latest_only_with_trigger.py
[2023-11-25T18:20:53.633+0000] {logging_mixin.py:154} INFO - [2023-11-25T18:20:53.632+0000] {dag.py:2941} INFO - Sync 1 DAGs
[2023-11-25T18:20:53.653+0000] {logging_mixin.py:154} INFO - [2023-11-25T18:20:53.653+0000] {dag.py:3722} INFO - Setting next_dagrun for latest_only_with_trigger to 2023-11-25T14:20:53.652841+00:00, run_after=2023-11-25T18:20:53.652841+00:00
[2023-11-25T18:20:53.667+0000] {processor.py:179} INFO - Processing /home/airflow/.local/lib/python3.8/site-packages/airflow/example_dags/example_latest_only_with_trigger.py took 0.064 seconds
[2023-11-25T18:21:23.930+0000] {processor.py:157} INFO - Started process (PID=336) to work on /home/airflow/.local/lib/python3.8/site-packages/airflow/example_dags/example_latest_only_with_trigger.py
[2023-11-25T18:21:23.931+0000] {processor.py:829} INFO - Processing file /home/airflow/.local/lib/python3.8/site-packages/airflow/example_dags/example_latest_only_with_trigger.py for tasks to queue
[2023-11-25T18:21:23.933+0000] {logging_mixin.py:154} INFO - [2023-11-25T18:21:23.932+0000] {dagbag.py:536} INFO - Filling up the DagBag from /home/airflow/.local/lib/python3.8/site-packages/airflow/example_dags/example_latest_only_with_trigger.py
[2023-11-25T18:21:23.937+0000] {processor.py:839} INFO - DAG(s) dict_keys(['latest_only_with_trigger']) retrieved from /home/airflow/.local/lib/python3.8/site-packages/airflow/example_dags/example_latest_only_with_trigger.py
[2023-11-25T18:21:23.953+0000] {logging_mixin.py:154} INFO - [2023-11-25T18:21:23.953+0000] {dag.py:2941} INFO - Sync 1 DAGs
[2023-11-25T18:21:23.970+0000] {logging_mixin.py:154} INFO - [2023-11-25T18:21:23.970+0000] {dag.py:3722} INFO - Setting next_dagrun for latest_only_with_trigger to 2023-11-25T14:21:23.970181+00:00, run_after=2023-11-25T18:21:23.970181+00:00
[2023-11-25T18:21:23.985+0000] {processor.py:179} INFO - Processing /home/airflow/.local/lib/python3.8/site-packages/airflow/example_dags/example_latest_only_with_trigger.py took 0.057 seconds
[2023-11-25T18:21:54.416+0000] {processor.py:157} INFO - Started process (PID=390) to work on /home/airflow/.local/lib/python3.8/site-packages/airflow/example_dags/example_latest_only_with_trigger.py
[2023-11-25T18:21:54.418+0000] {processor.py:829} INFO - Processing file /home/airflow/.local/lib/python3.8/site-packages/airflow/example_dags/example_latest_only_with_trigger.py for tasks to queue
[2023-11-25T18:21:54.419+0000] {logging_mixin.py:154} INFO - [2023-11-25T18:21:54.419+0000] {dagbag.py:536} INFO - Filling up the DagBag from /home/airflow/.local/lib/python3.8/site-packages/airflow/example_dags/example_latest_only_with_trigger.py
[2023-11-25T18:21:54.425+0000] {processor.py:839} INFO - DAG(s) dict_keys(['latest_only_with_trigger']) retrieved from /home/airflow/.local/lib/python3.8/site-packages/airflow/example_dags/example_latest_only_with_trigger.py
[2023-11-25T18:21:54.445+0000] {logging_mixin.py:154} INFO - [2023-11-25T18:21:54.445+0000] {dag.py:2941} INFO - Sync 1 DAGs
[2023-11-25T18:21:54.466+0000] {logging_mixin.py:154} INFO - [2023-11-25T18:21:54.466+0000] {dag.py:3722} INFO - Setting next_dagrun for latest_only_with_trigger to 2023-11-25T14:21:54.465777+00:00, run_after=2023-11-25T18:21:54.465777+00:00
[2023-11-25T18:21:54.481+0000] {processor.py:179} INFO - Processing /home/airflow/.local/lib/python3.8/site-packages/airflow/example_dags/example_latest_only_with_trigger.py took 0.068 seconds
[2023-11-25T18:22:25.383+0000] {processor.py:157} INFO - Started process (PID=444) to work on /home/airflow/.local/lib/python3.8/site-packages/airflow/example_dags/example_latest_only_with_trigger.py
[2023-11-25T18:22:25.384+0000] {processor.py:829} INFO - Processing file /home/airflow/.local/lib/python3.8/site-packages/airflow/example_dags/example_latest_only_with_trigger.py for tasks to queue
[2023-11-25T18:22:25.386+0000] {logging_mixin.py:154} INFO - [2023-11-25T18:22:25.386+0000] {dagbag.py:536} INFO - Filling up the DagBag from /home/airflow/.local/lib/python3.8/site-packages/airflow/example_dags/example_latest_only_with_trigger.py
[2023-11-25T18:22:25.391+0000] {processor.py:839} INFO - DAG(s) dict_keys(['latest_only_with_trigger']) retrieved from /home/airflow/.local/lib/python3.8/site-packages/airflow/example_dags/example_latest_only_with_trigger.py
[2023-11-25T18:22:25.412+0000] {logging_mixin.py:154} INFO - [2023-11-25T18:22:25.411+0000] {dag.py:2941} INFO - Sync 1 DAGs
[2023-11-25T18:22:25.432+0000] {logging_mixin.py:154} INFO - [2023-11-25T18:22:25.432+0000] {dag.py:3722} INFO - Setting next_dagrun for latest_only_with_trigger to 2023-11-25T14:22:25.431864+00:00, run_after=2023-11-25T18:22:25.431864+00:00
[2023-11-25T18:22:25.447+0000] {processor.py:179} INFO - Processing /home/airflow/.local/lib/python3.8/site-packages/airflow/example_dags/example_latest_only_with_trigger.py took 0.067 seconds
[2023-11-25T18:22:56.058+0000] {processor.py:157} INFO - Started process (PID=498) to work on /home/airflow/.local/lib/python3.8/site-packages/airflow/example_dags/example_latest_only_with_trigger.py
[2023-11-25T18:22:56.059+0000] {processor.py:829} INFO - Processing file /home/airflow/.local/lib/python3.8/site-packages/airflow/example_dags/example_latest_only_with_trigger.py for tasks to queue
[2023-11-25T18:22:56.060+0000] {logging_mixin.py:154} INFO - [2023-11-25T18:22:56.060+0000] {dagbag.py:536} INFO - Filling up the DagBag from /home/airflow/.local/lib/python3.8/site-packages/airflow/example_dags/example_latest_only_with_trigger.py
[2023-11-25T18:22:56.065+0000] {processor.py:839} INFO - DAG(s) dict_keys(['latest_only_with_trigger']) retrieved from /home/airflow/.local/lib/python3.8/site-packages/airflow/example_dags/example_latest_only_with_trigger.py
[2023-11-25T18:22:56.082+0000] {logging_mixin.py:154} INFO - [2023-11-25T18:22:56.082+0000] {dag.py:2941} INFO - Sync 1 DAGs
[2023-11-25T18:22:56.101+0000] {logging_mixin.py:154} INFO - [2023-11-25T18:22:56.101+0000] {dag.py:3722} INFO - Setting next_dagrun for latest_only_with_trigger to 2023-11-25T14:22:56.101319+00:00, run_after=2023-11-25T18:22:56.101319+00:00
[2023-11-25T18:22:56.118+0000] {processor.py:179} INFO - Processing /home/airflow/.local/lib/python3.8/site-packages/airflow/example_dags/example_latest_only_with_trigger.py took 0.062 seconds
[2023-11-25T18:23:26.639+0000] {processor.py:157} INFO - Started process (PID=552) to work on /home/airflow/.local/lib/python3.8/site-packages/airflow/example_dags/example_latest_only_with_trigger.py
[2023-11-25T18:23:26.640+0000] {processor.py:829} INFO - Processing file /home/airflow/.local/lib/python3.8/site-packages/airflow/example_dags/example_latest_only_with_trigger.py for tasks to queue
[2023-11-25T18:23:26.641+0000] {logging_mixin.py:154} INFO - [2023-11-25T18:23:26.641+0000] {dagbag.py:536} INFO - Filling up the DagBag from /home/airflow/.local/lib/python3.8/site-packages/airflow/example_dags/example_latest_only_with_trigger.py
[2023-11-25T18:23:26.646+0000] {processor.py:839} INFO - DAG(s) dict_keys(['latest_only_with_trigger']) retrieved from /home/airflow/.local/lib/python3.8/site-packages/airflow/example_dags/example_latest_only_with_trigger.py
[2023-11-25T18:23:26.664+0000] {logging_mixin.py:154} INFO - [2023-11-25T18:23:26.664+0000] {dag.py:2941} INFO - Sync 1 DAGs
[2023-11-25T18:23:26.683+0000] {logging_mixin.py:154} INFO - [2023-11-25T18:23:26.683+0000] {dag.py:3722} INFO - Setting next_dagrun for latest_only_with_trigger to 2023-11-25T14:23:26.683289+00:00, run_after=2023-11-25T18:23:26.683289+00:00
[2023-11-25T18:23:26.698+0000] {processor.py:179} INFO - Processing /home/airflow/.local/lib/python3.8/site-packages/airflow/example_dags/example_latest_only_with_trigger.py took 0.062 seconds
[2023-11-25T18:23:57.465+0000] {processor.py:157} INFO - Started process (PID=606) to work on /home/airflow/.local/lib/python3.8/site-packages/airflow/example_dags/example_latest_only_with_trigger.py
[2023-11-25T18:23:57.466+0000] {processor.py:829} INFO - Processing file /home/airflow/.local/lib/python3.8/site-packages/airflow/example_dags/example_latest_only_with_trigger.py for tasks to queue
[2023-11-25T18:23:57.468+0000] {logging_mixin.py:154} INFO - [2023-11-25T18:23:57.468+0000] {dagbag.py:536} INFO - Filling up the DagBag from /home/airflow/.local/lib/python3.8/site-packages/airflow/example_dags/example_latest_only_with_trigger.py
[2023-11-25T18:23:57.474+0000] {processor.py:839} INFO - DAG(s) dict_keys(['latest_only_with_trigger']) retrieved from /home/airflow/.local/lib/python3.8/site-packages/airflow/example_dags/example_latest_only_with_trigger.py
[2023-11-25T18:23:57.494+0000] {logging_mixin.py:154} INFO - [2023-11-25T18:23:57.493+0000] {dag.py:2941} INFO - Sync 1 DAGs
[2023-11-25T18:23:57.515+0000] {logging_mixin.py:154} INFO - [2023-11-25T18:23:57.514+0000] {dag.py:3722} INFO - Setting next_dagrun for latest_only_with_trigger to 2023-11-25T14:23:57.514645+00:00, run_after=2023-11-25T18:23:57.514645+00:00
[2023-11-25T18:23:57.531+0000] {processor.py:179} INFO - Processing /home/airflow/.local/lib/python3.8/site-packages/airflow/example_dags/example_latest_only_with_trigger.py took 0.069 seconds
[2023-11-25T18:24:28.394+0000] {processor.py:157} INFO - Started process (PID=660) to work on /home/airflow/.local/lib/python3.8/site-packages/airflow/example_dags/example_latest_only_with_trigger.py
[2023-11-25T18:24:28.395+0000] {processor.py:829} INFO - Processing file /home/airflow/.local/lib/python3.8/site-packages/airflow/example_dags/example_latest_only_with_trigger.py for tasks to queue
[2023-11-25T18:24:28.397+0000] {logging_mixin.py:154} INFO - [2023-11-25T18:24:28.397+0000] {dagbag.py:536} INFO - Filling up the DagBag from /home/airflow/.local/lib/python3.8/site-packages/airflow/example_dags/example_latest_only_with_trigger.py
[2023-11-25T18:24:28.401+0000] {processor.py:839} INFO - DAG(s) dict_keys(['latest_only_with_trigger']) retrieved from /home/airflow/.local/lib/python3.8/site-packages/airflow/example_dags/example_latest_only_with_trigger.py
[2023-11-25T18:24:28.420+0000] {logging_mixin.py:154} INFO - [2023-11-25T18:24:28.419+0000] {dag.py:2941} INFO - Sync 1 DAGs
[2023-11-25T18:24:28.439+0000] {logging_mixin.py:154} INFO - [2023-11-25T18:24:28.439+0000] {dag.py:3722} INFO - Setting next_dagrun for latest_only_with_trigger to 2023-11-25T14:24:28.438922+00:00, run_after=2023-11-25T18:24:28.438922+00:00
[2023-11-25T18:24:28.454+0000] {processor.py:179} INFO - Processing /home/airflow/.local/lib/python3.8/site-packages/airflow/example_dags/example_latest_only_with_trigger.py took 0.063 seconds
[2023-11-25T18:24:58.933+0000] {processor.py:157} INFO - Started process (PID=715) to work on /home/airflow/.local/lib/python3.8/site-packages/airflow/example_dags/example_latest_only_with_trigger.py
[2023-11-25T18:24:58.934+0000] {processor.py:829} INFO - Processing file /home/airflow/.local/lib/python3.8/site-packages/airflow/example_dags/example_latest_only_with_trigger.py for tasks to queue
[2023-11-25T18:24:58.936+0000] {logging_mixin.py:154} INFO - [2023-11-25T18:24:58.936+0000] {dagbag.py:536} INFO - Filling up the DagBag from /home/airflow/.local/lib/python3.8/site-packages/airflow/example_dags/example_latest_only_with_trigger.py
[2023-11-25T18:24:58.942+0000] {processor.py:839} INFO - DAG(s) dict_keys(['latest_only_with_trigger']) retrieved from /home/airflow/.local/lib/python3.8/site-packages/airflow/example_dags/example_latest_only_with_trigger.py
[2023-11-25T18:24:58.964+0000] {logging_mixin.py:154} INFO - [2023-11-25T18:24:58.963+0000] {dag.py:2941} INFO - Sync 1 DAGs
[2023-11-25T18:24:58.983+0000] {logging_mixin.py:154} INFO - [2023-11-25T18:24:58.982+0000] {dag.py:3722} INFO - Setting next_dagrun for latest_only_with_trigger to 2023-11-25T14:24:58.982724+00:00, run_after=2023-11-25T18:24:58.982724+00:00
[2023-11-25T18:24:58.997+0000] {processor.py:179} INFO - Processing /home/airflow/.local/lib/python3.8/site-packages/airflow/example_dags/example_latest_only_with_trigger.py took 0.067 seconds
[2023-11-25T18:25:30.632+0000] {processor.py:157} INFO - Started process (PID=769) to work on /home/airflow/.local/lib/python3.8/site-packages/airflow/example_dags/example_latest_only_with_trigger.py
[2023-11-25T18:25:30.634+0000] {processor.py:829} INFO - Processing file /home/airflow/.local/lib/python3.8/site-packages/airflow/example_dags/example_latest_only_with_trigger.py for tasks to queue
[2023-11-25T18:25:30.637+0000] {logging_mixin.py:154} INFO - [2023-11-25T18:25:30.636+0000] {dagbag.py:536} INFO - Filling up the DagBag from /home/airflow/.local/lib/python3.8/site-packages/airflow/example_dags/example_latest_only_with_trigger.py
[2023-11-25T18:25:30.644+0000] {processor.py:839} INFO - DAG(s) dict_keys(['latest_only_with_trigger']) retrieved from /home/airflow/.local/lib/python3.8/site-packages/airflow/example_dags/example_latest_only_with_trigger.py
[2023-11-25T18:25:30.673+0000] {logging_mixin.py:154} INFO - [2023-11-25T18:25:30.673+0000] {dag.py:2941} INFO - Sync 1 DAGs
[2023-11-25T18:25:30.708+0000] {logging_mixin.py:154} INFO - [2023-11-25T18:25:30.708+0000] {dag.py:3722} INFO - Setting next_dagrun for latest_only_with_trigger to 2023-11-25T14:25:30.708099+00:00, run_after=2023-11-25T18:25:30.708099+00:00
[2023-11-25T18:25:30.739+0000] {processor.py:179} INFO - Processing /home/airflow/.local/lib/python3.8/site-packages/airflow/example_dags/example_latest_only_with_trigger.py took 0.112 seconds
[2023-11-25T18:26:00.924+0000] {processor.py:157} INFO - Started process (PID=823) to work on /home/airflow/.local/lib/python3.8/site-packages/airflow/example_dags/example_latest_only_with_trigger.py
[2023-11-25T18:26:00.925+0000] {processor.py:829} INFO - Processing file /home/airflow/.local/lib/python3.8/site-packages/airflow/example_dags/example_latest_only_with_trigger.py for tasks to queue
[2023-11-25T18:26:00.927+0000] {logging_mixin.py:154} INFO - [2023-11-25T18:26:00.927+0000] {dagbag.py:536} INFO - Filling up the DagBag from /home/airflow/.local/lib/python3.8/site-packages/airflow/example_dags/example_latest_only_with_trigger.py
[2023-11-25T18:26:00.931+0000] {processor.py:839} INFO - DAG(s) dict_keys(['latest_only_with_trigger']) retrieved from /home/airflow/.local/lib/python3.8/site-packages/airflow/example_dags/example_latest_only_with_trigger.py
[2023-11-25T18:26:00.949+0000] {logging_mixin.py:154} INFO - [2023-11-25T18:26:00.949+0000] {dag.py:2941} INFO - Sync 1 DAGs
[2023-11-25T18:26:00.970+0000] {logging_mixin.py:154} INFO - [2023-11-25T18:26:00.970+0000] {dag.py:3722} INFO - Setting next_dagrun for latest_only_with_trigger to 2023-11-25T14:26:00.969988+00:00, run_after=2023-11-25T18:26:00.969988+00:00
[2023-11-25T18:26:00.987+0000] {processor.py:179} INFO - Processing /home/airflow/.local/lib/python3.8/site-packages/airflow/example_dags/example_latest_only_with_trigger.py took 0.065 seconds
[2023-11-25T18:26:31.465+0000] {processor.py:157} INFO - Started process (PID=877) to work on /home/airflow/.local/lib/python3.8/site-packages/airflow/example_dags/example_latest_only_with_trigger.py
[2023-11-25T18:26:31.466+0000] {processor.py:829} INFO - Processing file /home/airflow/.local/lib/python3.8/site-packages/airflow/example_dags/example_latest_only_with_trigger.py for tasks to queue
[2023-11-25T18:26:31.468+0000] {logging_mixin.py:154} INFO - [2023-11-25T18:26:31.467+0000] {dagbag.py:536} INFO - Filling up the DagBag from /home/airflow/.local/lib/python3.8/site-packages/airflow/example_dags/example_latest_only_with_trigger.py
[2023-11-25T18:26:31.472+0000] {processor.py:839} INFO - DAG(s) dict_keys(['latest_only_with_trigger']) retrieved from /home/airflow/.local/lib/python3.8/site-packages/airflow/example_dags/example_latest_only_with_trigger.py
[2023-11-25T18:26:31.491+0000] {logging_mixin.py:154} INFO - [2023-11-25T18:26:31.491+0000] {dag.py:2941} INFO - Sync 1 DAGs
[2023-11-25T18:26:31.511+0000] {logging_mixin.py:154} INFO - [2023-11-25T18:26:31.511+0000] {dag.py:3722} INFO - Setting next_dagrun for latest_only_with_trigger to 2023-11-25T14:26:31.511150+00:00, run_after=2023-11-25T18:26:31.511150+00:00
[2023-11-25T18:26:31.528+0000] {processor.py:179} INFO - Processing /home/airflow/.local/lib/python3.8/site-packages/airflow/example_dags/example_latest_only_with_trigger.py took 0.066 seconds
[2023-11-25T18:27:02.167+0000] {processor.py:157} INFO - Started process (PID=931) to work on /home/airflow/.local/lib/python3.8/site-packages/airflow/example_dags/example_latest_only_with_trigger.py
[2023-11-25T18:27:02.168+0000] {processor.py:829} INFO - Processing file /home/airflow/.local/lib/python3.8/site-packages/airflow/example_dags/example_latest_only_with_trigger.py for tasks to queue
[2023-11-25T18:27:02.169+0000] {logging_mixin.py:154} INFO - [2023-11-25T18:27:02.169+0000] {dagbag.py:536} INFO - Filling up the DagBag from /home/airflow/.local/lib/python3.8/site-packages/airflow/example_dags/example_latest_only_with_trigger.py
[2023-11-25T18:27:02.174+0000] {processor.py:839} INFO - DAG(s) dict_keys(['latest_only_with_trigger']) retrieved from /home/airflow/.local/lib/python3.8/site-packages/airflow/example_dags/example_latest_only_with_trigger.py
[2023-11-25T18:27:02.190+0000] {logging_mixin.py:154} INFO - [2023-11-25T18:27:02.190+0000] {dag.py:2941} INFO - Sync 1 DAGs
[2023-11-25T18:27:02.210+0000] {logging_mixin.py:154} INFO - [2023-11-25T18:27:02.209+0000] {dag.py:3722} INFO - Setting next_dagrun for latest_only_with_trigger to 2023-11-25T14:27:02.209664+00:00, run_after=2023-11-25T18:27:02.209664+00:00
[2023-11-25T18:27:02.225+0000] {processor.py:179} INFO - Processing /home/airflow/.local/lib/python3.8/site-packages/airflow/example_dags/example_latest_only_with_trigger.py took 0.060 seconds
[2023-11-25T18:27:33.066+0000] {processor.py:157} INFO - Started process (PID=985) to work on /home/airflow/.local/lib/python3.8/site-packages/airflow/example_dags/example_latest_only_with_trigger.py
[2023-11-25T18:27:33.067+0000] {processor.py:829} INFO - Processing file /home/airflow/.local/lib/python3.8/site-packages/airflow/example_dags/example_latest_only_with_trigger.py for tasks to queue
[2023-11-25T18:27:33.069+0000] {logging_mixin.py:154} INFO - [2023-11-25T18:27:33.069+0000] {dagbag.py:536} INFO - Filling up the DagBag from /home/airflow/.local/lib/python3.8/site-packages/airflow/example_dags/example_latest_only_with_trigger.py
[2023-11-25T18:27:33.074+0000] {processor.py:839} INFO - DAG(s) dict_keys(['latest_only_with_trigger']) retrieved from /home/airflow/.local/lib/python3.8/site-packages/airflow/example_dags/example_latest_only_with_trigger.py
[2023-11-25T18:27:33.094+0000] {logging_mixin.py:154} INFO - [2023-11-25T18:27:33.094+0000] {dag.py:2941} INFO - Sync 1 DAGs
[2023-11-25T18:27:33.115+0000] {logging_mixin.py:154} INFO - [2023-11-25T18:27:33.114+0000] {dag.py:3722} INFO - Setting next_dagrun for latest_only_with_trigger to 2023-11-25T14:27:33.114566+00:00, run_after=2023-11-25T18:27:33.114566+00:00
[2023-11-25T18:27:33.131+0000] {processor.py:179} INFO - Processing /home/airflow/.local/lib/python3.8/site-packages/airflow/example_dags/example_latest_only_with_trigger.py took 0.067 seconds
[2023-11-25T18:28:03.848+0000] {processor.py:157} INFO - Started process (PID=1039) to work on /home/airflow/.local/lib/python3.8/site-packages/airflow/example_dags/example_latest_only_with_trigger.py
[2023-11-25T18:28:03.849+0000] {processor.py:829} INFO - Processing file /home/airflow/.local/lib/python3.8/site-packages/airflow/example_dags/example_latest_only_with_trigger.py for tasks to queue
[2023-11-25T18:28:03.851+0000] {logging_mixin.py:154} INFO - [2023-11-25T18:28:03.851+0000] {dagbag.py:536} INFO - Filling up the DagBag from /home/airflow/.local/lib/python3.8/site-packages/airflow/example_dags/example_latest_only_with_trigger.py
[2023-11-25T18:28:03.856+0000] {processor.py:839} INFO - DAG(s) dict_keys(['latest_only_with_trigger']) retrieved from /home/airflow/.local/lib/python3.8/site-packages/airflow/example_dags/example_latest_only_with_trigger.py
[2023-11-25T18:28:03.875+0000] {logging_mixin.py:154} INFO - [2023-11-25T18:28:03.875+0000] {dag.py:2941} INFO - Sync 1 DAGs
[2023-11-25T18:28:03.897+0000] {logging_mixin.py:154} INFO - [2023-11-25T18:28:03.896+0000] {dag.py:3722} INFO - Setting next_dagrun for latest_only_with_trigger to 2023-11-25T14:28:03.896642+00:00, run_after=2023-11-25T18:28:03.896642+00:00
[2023-11-25T18:28:03.914+0000] {processor.py:179} INFO - Processing /home/airflow/.local/lib/python3.8/site-packages/airflow/example_dags/example_latest_only_with_trigger.py took 0.068 seconds
[2023-11-25T18:28:34.179+0000] {processor.py:157} INFO - Started process (PID=1093) to work on /home/airflow/.local/lib/python3.8/site-packages/airflow/example_dags/example_latest_only_with_trigger.py
[2023-11-25T18:28:34.180+0000] {processor.py:829} INFO - Processing file /home/airflow/.local/lib/python3.8/site-packages/airflow/example_dags/example_latest_only_with_trigger.py for tasks to queue
[2023-11-25T18:28:34.182+0000] {logging_mixin.py:154} INFO - [2023-11-25T18:28:34.182+0000] {dagbag.py:536} INFO - Filling up the DagBag from /home/airflow/.local/lib/python3.8/site-packages/airflow/example_dags/example_latest_only_with_trigger.py
[2023-11-25T18:28:34.187+0000] {processor.py:839} INFO - DAG(s) dict_keys(['latest_only_with_trigger']) retrieved from /home/airflow/.local/lib/python3.8/site-packages/airflow/example_dags/example_latest_only_with_trigger.py
[2023-11-25T18:28:34.205+0000] {logging_mixin.py:154} INFO - [2023-11-25T18:28:34.204+0000] {dag.py:2941} INFO - Sync 1 DAGs
[2023-11-25T18:28:34.226+0000] {logging_mixin.py:154} INFO - [2023-11-25T18:28:34.226+0000] {dag.py:3722} INFO - Setting next_dagrun for latest_only_with_trigger to 2023-11-25T14:28:34.226228+00:00, run_after=2023-11-25T18:28:34.226228+00:00
[2023-11-25T18:28:34.242+0000] {processor.py:179} INFO - Processing /home/airflow/.local/lib/python3.8/site-packages/airflow/example_dags/example_latest_only_with_trigger.py took 0.065 seconds
[2023-11-25T18:29:04.904+0000] {processor.py:157} INFO - Started process (PID=1147) to work on /home/airflow/.local/lib/python3.8/site-packages/airflow/example_dags/example_latest_only_with_trigger.py
[2023-11-25T18:29:04.906+0000] {processor.py:829} INFO - Processing file /home/airflow/.local/lib/python3.8/site-packages/airflow/example_dags/example_latest_only_with_trigger.py for tasks to queue
[2023-11-25T18:29:04.915+0000] {logging_mixin.py:154} INFO - [2023-11-25T18:29:04.909+0000] {dagbag.py:536} INFO - Filling up the DagBag from /home/airflow/.local/lib/python3.8/site-packages/airflow/example_dags/example_latest_only_with_trigger.py
[2023-11-25T18:29:04.932+0000] {processor.py:839} INFO - DAG(s) dict_keys(['latest_only_with_trigger']) retrieved from /home/airflow/.local/lib/python3.8/site-packages/airflow/example_dags/example_latest_only_with_trigger.py
[2023-11-25T18:29:04.970+0000] {logging_mixin.py:154} INFO - [2023-11-25T18:29:04.969+0000] {dag.py:2941} INFO - Sync 1 DAGs
[2023-11-25T18:29:05.007+0000] {logging_mixin.py:154} INFO - [2023-11-25T18:29:05.007+0000] {dag.py:3722} INFO - Setting next_dagrun for latest_only_with_trigger to 2023-11-25T14:29:05.006260+00:00, run_after=2023-11-25T18:29:05.006260+00:00
[2023-11-25T18:29:05.033+0000] {processor.py:179} INFO - Processing /home/airflow/.local/lib/python3.8/site-packages/airflow/example_dags/example_latest_only_with_trigger.py took 0.135 seconds
[2023-11-25T18:29:36.225+0000] {processor.py:157} INFO - Started process (PID=1208) to work on /home/airflow/.local/lib/python3.8/site-packages/airflow/example_dags/example_latest_only_with_trigger.py
[2023-11-25T18:29:36.227+0000] {processor.py:829} INFO - Processing file /home/airflow/.local/lib/python3.8/site-packages/airflow/example_dags/example_latest_only_with_trigger.py for tasks to queue
[2023-11-25T18:29:36.229+0000] {logging_mixin.py:154} INFO - [2023-11-25T18:29:36.229+0000] {dagbag.py:536} INFO - Filling up the DagBag from /home/airflow/.local/lib/python3.8/site-packages/airflow/example_dags/example_latest_only_with_trigger.py
[2023-11-25T18:29:36.237+0000] {processor.py:839} INFO - DAG(s) dict_keys(['latest_only_with_trigger']) retrieved from /home/airflow/.local/lib/python3.8/site-packages/airflow/example_dags/example_latest_only_with_trigger.py
[2023-11-25T18:29:36.268+0000] {logging_mixin.py:154} INFO - [2023-11-25T18:29:36.268+0000] {dag.py:2941} INFO - Sync 1 DAGs
[2023-11-25T18:29:36.301+0000] {logging_mixin.py:154} INFO - [2023-11-25T18:29:36.301+0000] {dag.py:3722} INFO - Setting next_dagrun for latest_only_with_trigger to 2023-11-25T14:29:36.301265+00:00, run_after=2023-11-25T18:29:36.301265+00:00
[2023-11-25T18:29:36.534+0000] {processor.py:179} INFO - Processing /home/airflow/.local/lib/python3.8/site-packages/airflow/example_dags/example_latest_only_with_trigger.py took 0.312 seconds
[2023-11-25T18:30:06.826+0000] {processor.py:157} INFO - Started process (PID=1262) to work on /home/airflow/.local/lib/python3.8/site-packages/airflow/example_dags/example_latest_only_with_trigger.py
[2023-11-25T18:30:06.827+0000] {processor.py:829} INFO - Processing file /home/airflow/.local/lib/python3.8/site-packages/airflow/example_dags/example_latest_only_with_trigger.py for tasks to queue
[2023-11-25T18:30:06.830+0000] {logging_mixin.py:154} INFO - [2023-11-25T18:30:06.829+0000] {dagbag.py:536} INFO - Filling up the DagBag from /home/airflow/.local/lib/python3.8/site-packages/airflow/example_dags/example_latest_only_with_trigger.py
[2023-11-25T18:30:06.838+0000] {processor.py:839} INFO - DAG(s) dict_keys(['latest_only_with_trigger']) retrieved from /home/airflow/.local/lib/python3.8/site-packages/airflow/example_dags/example_latest_only_with_trigger.py
[2023-11-25T18:30:06.863+0000] {logging_mixin.py:154} INFO - [2023-11-25T18:30:06.863+0000] {dag.py:2941} INFO - Sync 1 DAGs
[2023-11-25T18:30:06.887+0000] {logging_mixin.py:154} INFO - [2023-11-25T18:30:06.887+0000] {dag.py:3722} INFO - Setting next_dagrun for latest_only_with_trigger to 2023-11-25T14:30:06.886874+00:00, run_after=2023-11-25T18:30:06.886874+00:00
[2023-11-25T18:30:06.913+0000] {processor.py:179} INFO - Processing /home/airflow/.local/lib/python3.8/site-packages/airflow/example_dags/example_latest_only_with_trigger.py took 0.090 seconds
[2023-11-25T18:30:38.316+0000] {processor.py:157} INFO - Started process (PID=1317) to work on /home/airflow/.local/lib/python3.8/site-packages/airflow/example_dags/example_latest_only_with_trigger.py
[2023-11-25T18:30:38.317+0000] {processor.py:829} INFO - Processing file /home/airflow/.local/lib/python3.8/site-packages/airflow/example_dags/example_latest_only_with_trigger.py for tasks to queue
[2023-11-25T18:30:38.319+0000] {logging_mixin.py:154} INFO - [2023-11-25T18:30:38.319+0000] {dagbag.py:536} INFO - Filling up the DagBag from /home/airflow/.local/lib/python3.8/site-packages/airflow/example_dags/example_latest_only_with_trigger.py
[2023-11-25T18:30:38.328+0000] {processor.py:839} INFO - DAG(s) dict_keys(['latest_only_with_trigger']) retrieved from /home/airflow/.local/lib/python3.8/site-packages/airflow/example_dags/example_latest_only_with_trigger.py
[2023-11-25T18:30:38.358+0000] {logging_mixin.py:154} INFO - [2023-11-25T18:30:38.357+0000] {dag.py:2941} INFO - Sync 1 DAGs
[2023-11-25T18:30:38.611+0000] {logging_mixin.py:154} INFO - [2023-11-25T18:30:38.610+0000] {dag.py:3722} INFO - Setting next_dagrun for latest_only_with_trigger to 2023-11-25T14:30:38.610470+00:00, run_after=2023-11-25T18:30:38.610470+00:00
[2023-11-25T18:30:38.642+0000] {processor.py:179} INFO - Processing /home/airflow/.local/lib/python3.8/site-packages/airflow/example_dags/example_latest_only_with_trigger.py took 0.330 seconds
[2023-11-25T18:31:09.107+0000] {processor.py:157} INFO - Started process (PID=1371) to work on /home/airflow/.local/lib/python3.8/site-packages/airflow/example_dags/example_latest_only_with_trigger.py
[2023-11-25T18:31:09.109+0000] {processor.py:829} INFO - Processing file /home/airflow/.local/lib/python3.8/site-packages/airflow/example_dags/example_latest_only_with_trigger.py for tasks to queue
[2023-11-25T18:31:09.112+0000] {logging_mixin.py:154} INFO - [2023-11-25T18:31:09.111+0000] {dagbag.py:536} INFO - Filling up the DagBag from /home/airflow/.local/lib/python3.8/site-packages/airflow/example_dags/example_latest_only_with_trigger.py
[2023-11-25T18:31:09.121+0000] {processor.py:839} INFO - DAG(s) dict_keys(['latest_only_with_trigger']) retrieved from /home/airflow/.local/lib/python3.8/site-packages/airflow/example_dags/example_latest_only_with_trigger.py
[2023-11-25T18:31:09.149+0000] {logging_mixin.py:154} INFO - [2023-11-25T18:31:09.149+0000] {dag.py:2941} INFO - Sync 1 DAGs
[2023-11-25T18:31:09.186+0000] {logging_mixin.py:154} INFO - [2023-11-25T18:31:09.186+0000] {dag.py:3722} INFO - Setting next_dagrun for latest_only_with_trigger to 2023-11-25T14:31:09.185878+00:00, run_after=2023-11-25T18:31:09.185878+00:00
[2023-11-25T18:31:09.216+0000] {processor.py:179} INFO - Processing /home/airflow/.local/lib/python3.8/site-packages/airflow/example_dags/example_latest_only_with_trigger.py took 0.115 seconds
[2023-11-25T18:31:39.273+0000] {processor.py:157} INFO - Started process (PID=1424) to work on /home/airflow/.local/lib/python3.8/site-packages/airflow/example_dags/example_latest_only_with_trigger.py
[2023-11-25T18:31:39.274+0000] {processor.py:829} INFO - Processing file /home/airflow/.local/lib/python3.8/site-packages/airflow/example_dags/example_latest_only_with_trigger.py for tasks to queue
[2023-11-25T18:31:39.277+0000] {logging_mixin.py:154} INFO - [2023-11-25T18:31:39.277+0000] {dagbag.py:536} INFO - Filling up the DagBag from /home/airflow/.local/lib/python3.8/site-packages/airflow/example_dags/example_latest_only_with_trigger.py
[2023-11-25T18:31:39.283+0000] {processor.py:839} INFO - DAG(s) dict_keys(['latest_only_with_trigger']) retrieved from /home/airflow/.local/lib/python3.8/site-packages/airflow/example_dags/example_latest_only_with_trigger.py
[2023-11-25T18:31:39.310+0000] {logging_mixin.py:154} INFO - [2023-11-25T18:31:39.310+0000] {dag.py:2941} INFO - Sync 1 DAGs
[2023-11-25T18:31:39.337+0000] {logging_mixin.py:154} INFO - [2023-11-25T18:31:39.337+0000] {dag.py:3722} INFO - Setting next_dagrun for latest_only_with_trigger to 2023-11-25T14:31:39.337125+00:00, run_after=2023-11-25T18:31:39.337125+00:00
[2023-11-25T18:31:39.359+0000] {processor.py:179} INFO - Processing /home/airflow/.local/lib/python3.8/site-packages/airflow/example_dags/example_latest_only_with_trigger.py took 0.090 seconds
[2023-11-25T18:32:09.873+0000] {processor.py:157} INFO - Started process (PID=1478) to work on /home/airflow/.local/lib/python3.8/site-packages/airflow/example_dags/example_latest_only_with_trigger.py
[2023-11-25T18:32:09.875+0000] {processor.py:829} INFO - Processing file /home/airflow/.local/lib/python3.8/site-packages/airflow/example_dags/example_latest_only_with_trigger.py for tasks to queue
[2023-11-25T18:32:09.877+0000] {logging_mixin.py:154} INFO - [2023-11-25T18:32:09.877+0000] {dagbag.py:536} INFO - Filling up the DagBag from /home/airflow/.local/lib/python3.8/site-packages/airflow/example_dags/example_latest_only_with_trigger.py
[2023-11-25T18:32:09.883+0000] {processor.py:839} INFO - DAG(s) dict_keys(['latest_only_with_trigger']) retrieved from /home/airflow/.local/lib/python3.8/site-packages/airflow/example_dags/example_latest_only_with_trigger.py
[2023-11-25T18:32:09.908+0000] {logging_mixin.py:154} INFO - [2023-11-25T18:32:09.907+0000] {dag.py:2941} INFO - Sync 1 DAGs
[2023-11-25T18:32:09.941+0000] {logging_mixin.py:154} INFO - [2023-11-25T18:32:09.940+0000] {dag.py:3722} INFO - Setting next_dagrun for latest_only_with_trigger to 2023-11-25T14:32:09.940605+00:00, run_after=2023-11-25T18:32:09.940605+00:00
[2023-11-25T18:32:10.206+0000] {processor.py:179} INFO - Processing /home/airflow/.local/lib/python3.8/site-packages/airflow/example_dags/example_latest_only_with_trigger.py took 0.336 seconds
