[2023-11-25T18:18:52.816+0000] {processor.py:157} INFO - Started process (PID=70) to work on /home/airflow/.local/lib/python3.8/site-packages/airflow/example_dags/example_short_circuit_operator.py
[2023-11-25T18:18:52.817+0000] {processor.py:829} INFO - Processing file /home/airflow/.local/lib/python3.8/site-packages/airflow/example_dags/example_short_circuit_operator.py for tasks to queue
[2023-11-25T18:18:52.820+0000] {logging_mixin.py:154} INFO - [2023-11-25T18:18:52.820+0000] {dagbag.py:536} INFO - Filling up the DagBag from /home/airflow/.local/lib/python3.8/site-packages/airflow/example_dags/example_short_circuit_operator.py
[2023-11-25T18:18:52.849+0000] {processor.py:839} INFO - DAG(s) dict_keys(['example_short_circuit_operator']) retrieved from /home/airflow/.local/lib/python3.8/site-packages/airflow/example_dags/example_short_circuit_operator.py
[2023-11-25T18:18:52.893+0000] {logging_mixin.py:154} INFO - [2023-11-25T18:18:52.893+0000] {dag.py:2941} INFO - Sync 1 DAGs
[2023-11-25T18:18:52.961+0000] {logging_mixin.py:154} INFO - [2023-11-25T18:18:52.961+0000] {dag.py:3722} INFO - Setting next_dagrun for example_short_circuit_operator to 2023-11-24T18:18:52.959798+00:00, run_after=2023-11-25T18:18:52.959798+00:00
[2023-11-25T18:18:52.995+0000] {processor.py:179} INFO - Processing /home/airflow/.local/lib/python3.8/site-packages/airflow/example_dags/example_short_circuit_operator.py took 0.182 seconds
[2023-11-25T18:19:23.840+0000] {processor.py:157} INFO - Started process (PID=124) to work on /home/airflow/.local/lib/python3.8/site-packages/airflow/example_dags/example_short_circuit_operator.py
[2023-11-25T18:19:23.841+0000] {processor.py:829} INFO - Processing file /home/airflow/.local/lib/python3.8/site-packages/airflow/example_dags/example_short_circuit_operator.py for tasks to queue
[2023-11-25T18:19:23.843+0000] {logging_mixin.py:154} INFO - [2023-11-25T18:19:23.842+0000] {dagbag.py:536} INFO - Filling up the DagBag from /home/airflow/.local/lib/python3.8/site-packages/airflow/example_dags/example_short_circuit_operator.py
[2023-11-25T18:19:23.848+0000] {processor.py:839} INFO - DAG(s) dict_keys(['example_short_circuit_operator']) retrieved from /home/airflow/.local/lib/python3.8/site-packages/airflow/example_dags/example_short_circuit_operator.py
[2023-11-25T18:19:23.864+0000] {logging_mixin.py:154} INFO - [2023-11-25T18:19:23.864+0000] {dag.py:2941} INFO - Sync 1 DAGs
[2023-11-25T18:19:23.882+0000] {logging_mixin.py:154} INFO - [2023-11-25T18:19:23.882+0000] {dag.py:3722} INFO - Setting next_dagrun for example_short_circuit_operator to 2023-11-24T18:19:23.881935+00:00, run_after=2023-11-25T18:19:23.881935+00:00
[2023-11-25T18:19:23.897+0000] {processor.py:179} INFO - Processing /home/airflow/.local/lib/python3.8/site-packages/airflow/example_dags/example_short_circuit_operator.py took 0.060 seconds
[2023-11-25T18:19:54.229+0000] {processor.py:157} INFO - Started process (PID=178) to work on /home/airflow/.local/lib/python3.8/site-packages/airflow/example_dags/example_short_circuit_operator.py
[2023-11-25T18:19:54.230+0000] {processor.py:829} INFO - Processing file /home/airflow/.local/lib/python3.8/site-packages/airflow/example_dags/example_short_circuit_operator.py for tasks to queue
[2023-11-25T18:19:54.231+0000] {logging_mixin.py:154} INFO - [2023-11-25T18:19:54.231+0000] {dagbag.py:536} INFO - Filling up the DagBag from /home/airflow/.local/lib/python3.8/site-packages/airflow/example_dags/example_short_circuit_operator.py
[2023-11-25T18:19:54.237+0000] {processor.py:839} INFO - DAG(s) dict_keys(['example_short_circuit_operator']) retrieved from /home/airflow/.local/lib/python3.8/site-packages/airflow/example_dags/example_short_circuit_operator.py
[2023-11-25T18:19:54.255+0000] {logging_mixin.py:154} INFO - [2023-11-25T18:19:54.255+0000] {dag.py:2941} INFO - Sync 1 DAGs
[2023-11-25T18:19:54.271+0000] {logging_mixin.py:154} INFO - [2023-11-25T18:19:54.271+0000] {dag.py:3722} INFO - Setting next_dagrun for example_short_circuit_operator to 2023-11-24T18:19:54.271366+00:00, run_after=2023-11-25T18:19:54.271366+00:00
[2023-11-25T18:19:54.287+0000] {processor.py:179} INFO - Processing /home/airflow/.local/lib/python3.8/site-packages/airflow/example_dags/example_short_circuit_operator.py took 0.061 seconds
[2023-11-25T18:20:24.497+0000] {processor.py:157} INFO - Started process (PID=232) to work on /home/airflow/.local/lib/python3.8/site-packages/airflow/example_dags/example_short_circuit_operator.py
[2023-11-25T18:20:24.498+0000] {processor.py:829} INFO - Processing file /home/airflow/.local/lib/python3.8/site-packages/airflow/example_dags/example_short_circuit_operator.py for tasks to queue
[2023-11-25T18:20:24.500+0000] {logging_mixin.py:154} INFO - [2023-11-25T18:20:24.500+0000] {dagbag.py:536} INFO - Filling up the DagBag from /home/airflow/.local/lib/python3.8/site-packages/airflow/example_dags/example_short_circuit_operator.py
[2023-11-25T18:20:24.506+0000] {processor.py:839} INFO - DAG(s) dict_keys(['example_short_circuit_operator']) retrieved from /home/airflow/.local/lib/python3.8/site-packages/airflow/example_dags/example_short_circuit_operator.py
[2023-11-25T18:20:24.524+0000] {logging_mixin.py:154} INFO - [2023-11-25T18:20:24.523+0000] {dag.py:2941} INFO - Sync 1 DAGs
[2023-11-25T18:20:24.542+0000] {logging_mixin.py:154} INFO - [2023-11-25T18:20:24.541+0000] {dag.py:3722} INFO - Setting next_dagrun for example_short_circuit_operator to 2023-11-24T18:20:24.541569+00:00, run_after=2023-11-25T18:20:24.541569+00:00
[2023-11-25T18:20:24.557+0000] {processor.py:179} INFO - Processing /home/airflow/.local/lib/python3.8/site-packages/airflow/example_dags/example_short_circuit_operator.py took 0.063 seconds
[2023-11-25T18:20:54.828+0000] {processor.py:157} INFO - Started process (PID=286) to work on /home/airflow/.local/lib/python3.8/site-packages/airflow/example_dags/example_short_circuit_operator.py
[2023-11-25T18:20:54.829+0000] {processor.py:829} INFO - Processing file /home/airflow/.local/lib/python3.8/site-packages/airflow/example_dags/example_short_circuit_operator.py for tasks to queue
[2023-11-25T18:20:54.830+0000] {logging_mixin.py:154} INFO - [2023-11-25T18:20:54.830+0000] {dagbag.py:536} INFO - Filling up the DagBag from /home/airflow/.local/lib/python3.8/site-packages/airflow/example_dags/example_short_circuit_operator.py
[2023-11-25T18:20:54.836+0000] {processor.py:839} INFO - DAG(s) dict_keys(['example_short_circuit_operator']) retrieved from /home/airflow/.local/lib/python3.8/site-packages/airflow/example_dags/example_short_circuit_operator.py
[2023-11-25T18:20:54.853+0000] {logging_mixin.py:154} INFO - [2023-11-25T18:20:54.853+0000] {dag.py:2941} INFO - Sync 1 DAGs
[2023-11-25T18:20:54.870+0000] {logging_mixin.py:154} INFO - [2023-11-25T18:20:54.870+0000] {dag.py:3722} INFO - Setting next_dagrun for example_short_circuit_operator to 2023-11-24T18:20:54.870167+00:00, run_after=2023-11-25T18:20:54.870167+00:00
[2023-11-25T18:20:54.886+0000] {processor.py:179} INFO - Processing /home/airflow/.local/lib/python3.8/site-packages/airflow/example_dags/example_short_circuit_operator.py took 0.061 seconds
[2023-11-25T18:21:25.113+0000] {processor.py:157} INFO - Started process (PID=340) to work on /home/airflow/.local/lib/python3.8/site-packages/airflow/example_dags/example_short_circuit_operator.py
[2023-11-25T18:21:25.114+0000] {processor.py:829} INFO - Processing file /home/airflow/.local/lib/python3.8/site-packages/airflow/example_dags/example_short_circuit_operator.py for tasks to queue
[2023-11-25T18:21:25.116+0000] {logging_mixin.py:154} INFO - [2023-11-25T18:21:25.115+0000] {dagbag.py:536} INFO - Filling up the DagBag from /home/airflow/.local/lib/python3.8/site-packages/airflow/example_dags/example_short_circuit_operator.py
[2023-11-25T18:21:25.121+0000] {processor.py:839} INFO - DAG(s) dict_keys(['example_short_circuit_operator']) retrieved from /home/airflow/.local/lib/python3.8/site-packages/airflow/example_dags/example_short_circuit_operator.py
[2023-11-25T18:21:25.138+0000] {logging_mixin.py:154} INFO - [2023-11-25T18:21:25.138+0000] {dag.py:2941} INFO - Sync 1 DAGs
[2023-11-25T18:21:25.155+0000] {logging_mixin.py:154} INFO - [2023-11-25T18:21:25.155+0000] {dag.py:3722} INFO - Setting next_dagrun for example_short_circuit_operator to 2023-11-24T18:21:25.155081+00:00, run_after=2023-11-25T18:21:25.155081+00:00
[2023-11-25T18:21:25.170+0000] {processor.py:179} INFO - Processing /home/airflow/.local/lib/python3.8/site-packages/airflow/example_dags/example_short_circuit_operator.py took 0.059 seconds
[2023-11-25T18:21:55.661+0000] {processor.py:157} INFO - Started process (PID=394) to work on /home/airflow/.local/lib/python3.8/site-packages/airflow/example_dags/example_short_circuit_operator.py
[2023-11-25T18:21:55.662+0000] {processor.py:829} INFO - Processing file /home/airflow/.local/lib/python3.8/site-packages/airflow/example_dags/example_short_circuit_operator.py for tasks to queue
[2023-11-25T18:21:55.663+0000] {logging_mixin.py:154} INFO - [2023-11-25T18:21:55.663+0000] {dagbag.py:536} INFO - Filling up the DagBag from /home/airflow/.local/lib/python3.8/site-packages/airflow/example_dags/example_short_circuit_operator.py
[2023-11-25T18:21:55.670+0000] {processor.py:839} INFO - DAG(s) dict_keys(['example_short_circuit_operator']) retrieved from /home/airflow/.local/lib/python3.8/site-packages/airflow/example_dags/example_short_circuit_operator.py
[2023-11-25T18:21:55.691+0000] {logging_mixin.py:154} INFO - [2023-11-25T18:21:55.691+0000] {dag.py:2941} INFO - Sync 1 DAGs
[2023-11-25T18:21:55.712+0000] {logging_mixin.py:154} INFO - [2023-11-25T18:21:55.712+0000] {dag.py:3722} INFO - Setting next_dagrun for example_short_circuit_operator to 2023-11-24T18:21:55.711864+00:00, run_after=2023-11-25T18:21:55.711864+00:00
[2023-11-25T18:21:55.729+0000] {processor.py:179} INFO - Processing /home/airflow/.local/lib/python3.8/site-packages/airflow/example_dags/example_short_circuit_operator.py took 0.072 seconds
[2023-11-25T18:22:26.534+0000] {processor.py:157} INFO - Started process (PID=448) to work on /home/airflow/.local/lib/python3.8/site-packages/airflow/example_dags/example_short_circuit_operator.py
[2023-11-25T18:22:26.535+0000] {processor.py:829} INFO - Processing file /home/airflow/.local/lib/python3.8/site-packages/airflow/example_dags/example_short_circuit_operator.py for tasks to queue
[2023-11-25T18:22:26.537+0000] {logging_mixin.py:154} INFO - [2023-11-25T18:22:26.537+0000] {dagbag.py:536} INFO - Filling up the DagBag from /home/airflow/.local/lib/python3.8/site-packages/airflow/example_dags/example_short_circuit_operator.py
[2023-11-25T18:22:26.545+0000] {processor.py:839} INFO - DAG(s) dict_keys(['example_short_circuit_operator']) retrieved from /home/airflow/.local/lib/python3.8/site-packages/airflow/example_dags/example_short_circuit_operator.py
[2023-11-25T18:22:26.567+0000] {logging_mixin.py:154} INFO - [2023-11-25T18:22:26.566+0000] {dag.py:2941} INFO - Sync 1 DAGs
[2023-11-25T18:22:26.588+0000] {logging_mixin.py:154} INFO - [2023-11-25T18:22:26.588+0000] {dag.py:3722} INFO - Setting next_dagrun for example_short_circuit_operator to 2023-11-24T18:22:26.588029+00:00, run_after=2023-11-25T18:22:26.588029+00:00
[2023-11-25T18:22:26.608+0000] {processor.py:179} INFO - Processing /home/airflow/.local/lib/python3.8/site-packages/airflow/example_dags/example_short_circuit_operator.py took 0.077 seconds
[2023-11-25T18:22:57.350+0000] {processor.py:157} INFO - Started process (PID=502) to work on /home/airflow/.local/lib/python3.8/site-packages/airflow/example_dags/example_short_circuit_operator.py
[2023-11-25T18:22:57.351+0000] {processor.py:829} INFO - Processing file /home/airflow/.local/lib/python3.8/site-packages/airflow/example_dags/example_short_circuit_operator.py for tasks to queue
[2023-11-25T18:22:57.353+0000] {logging_mixin.py:154} INFO - [2023-11-25T18:22:57.353+0000] {dagbag.py:536} INFO - Filling up the DagBag from /home/airflow/.local/lib/python3.8/site-packages/airflow/example_dags/example_short_circuit_operator.py
[2023-11-25T18:22:57.360+0000] {processor.py:839} INFO - DAG(s) dict_keys(['example_short_circuit_operator']) retrieved from /home/airflow/.local/lib/python3.8/site-packages/airflow/example_dags/example_short_circuit_operator.py
[2023-11-25T18:22:57.382+0000] {logging_mixin.py:154} INFO - [2023-11-25T18:22:57.381+0000] {dag.py:2941} INFO - Sync 1 DAGs
[2023-11-25T18:22:57.404+0000] {logging_mixin.py:154} INFO - [2023-11-25T18:22:57.404+0000] {dag.py:3722} INFO - Setting next_dagrun for example_short_circuit_operator to 2023-11-24T18:22:57.403718+00:00, run_after=2023-11-25T18:22:57.403718+00:00
[2023-11-25T18:22:57.427+0000] {processor.py:179} INFO - Processing /home/airflow/.local/lib/python3.8/site-packages/airflow/example_dags/example_short_circuit_operator.py took 0.079 seconds
[2023-11-25T18:23:27.855+0000] {processor.py:157} INFO - Started process (PID=556) to work on /home/airflow/.local/lib/python3.8/site-packages/airflow/example_dags/example_short_circuit_operator.py
[2023-11-25T18:23:27.857+0000] {processor.py:829} INFO - Processing file /home/airflow/.local/lib/python3.8/site-packages/airflow/example_dags/example_short_circuit_operator.py for tasks to queue
[2023-11-25T18:23:27.858+0000] {logging_mixin.py:154} INFO - [2023-11-25T18:23:27.858+0000] {dagbag.py:536} INFO - Filling up the DagBag from /home/airflow/.local/lib/python3.8/site-packages/airflow/example_dags/example_short_circuit_operator.py
[2023-11-25T18:23:27.864+0000] {processor.py:839} INFO - DAG(s) dict_keys(['example_short_circuit_operator']) retrieved from /home/airflow/.local/lib/python3.8/site-packages/airflow/example_dags/example_short_circuit_operator.py
[2023-11-25T18:23:27.883+0000] {logging_mixin.py:154} INFO - [2023-11-25T18:23:27.882+0000] {dag.py:2941} INFO - Sync 1 DAGs
[2023-11-25T18:23:27.901+0000] {logging_mixin.py:154} INFO - [2023-11-25T18:23:27.901+0000] {dag.py:3722} INFO - Setting next_dagrun for example_short_circuit_operator to 2023-11-24T18:23:27.901341+00:00, run_after=2023-11-25T18:23:27.901341+00:00
[2023-11-25T18:23:27.918+0000] {processor.py:179} INFO - Processing /home/airflow/.local/lib/python3.8/site-packages/airflow/example_dags/example_short_circuit_operator.py took 0.065 seconds
[2023-11-25T18:23:58.624+0000] {processor.py:157} INFO - Started process (PID=610) to work on /home/airflow/.local/lib/python3.8/site-packages/airflow/example_dags/example_short_circuit_operator.py
[2023-11-25T18:23:58.625+0000] {processor.py:829} INFO - Processing file /home/airflow/.local/lib/python3.8/site-packages/airflow/example_dags/example_short_circuit_operator.py for tasks to queue
[2023-11-25T18:23:58.627+0000] {logging_mixin.py:154} INFO - [2023-11-25T18:23:58.627+0000] {dagbag.py:536} INFO - Filling up the DagBag from /home/airflow/.local/lib/python3.8/site-packages/airflow/example_dags/example_short_circuit_operator.py
[2023-11-25T18:23:58.634+0000] {processor.py:839} INFO - DAG(s) dict_keys(['example_short_circuit_operator']) retrieved from /home/airflow/.local/lib/python3.8/site-packages/airflow/example_dags/example_short_circuit_operator.py
[2023-11-25T18:23:58.656+0000] {logging_mixin.py:154} INFO - [2023-11-25T18:23:58.656+0000] {dag.py:2941} INFO - Sync 1 DAGs
[2023-11-25T18:23:58.679+0000] {logging_mixin.py:154} INFO - [2023-11-25T18:23:58.679+0000] {dag.py:3722} INFO - Setting next_dagrun for example_short_circuit_operator to 2023-11-24T18:23:58.678943+00:00, run_after=2023-11-25T18:23:58.678943+00:00
[2023-11-25T18:23:58.697+0000] {processor.py:179} INFO - Processing /home/airflow/.local/lib/python3.8/site-packages/airflow/example_dags/example_short_circuit_operator.py took 0.075 seconds
[2023-11-25T18:24:29.611+0000] {processor.py:157} INFO - Started process (PID=664) to work on /home/airflow/.local/lib/python3.8/site-packages/airflow/example_dags/example_short_circuit_operator.py
[2023-11-25T18:24:29.612+0000] {processor.py:829} INFO - Processing file /home/airflow/.local/lib/python3.8/site-packages/airflow/example_dags/example_short_circuit_operator.py for tasks to queue
[2023-11-25T18:24:29.614+0000] {logging_mixin.py:154} INFO - [2023-11-25T18:24:29.614+0000] {dagbag.py:536} INFO - Filling up the DagBag from /home/airflow/.local/lib/python3.8/site-packages/airflow/example_dags/example_short_circuit_operator.py
[2023-11-25T18:24:29.621+0000] {processor.py:839} INFO - DAG(s) dict_keys(['example_short_circuit_operator']) retrieved from /home/airflow/.local/lib/python3.8/site-packages/airflow/example_dags/example_short_circuit_operator.py
[2023-11-25T18:24:29.647+0000] {logging_mixin.py:154} INFO - [2023-11-25T18:24:29.646+0000] {dag.py:2941} INFO - Sync 1 DAGs
[2023-11-25T18:24:29.668+0000] {logging_mixin.py:154} INFO - [2023-11-25T18:24:29.668+0000] {dag.py:3722} INFO - Setting next_dagrun for example_short_circuit_operator to 2023-11-24T18:24:29.668128+00:00, run_after=2023-11-25T18:24:29.668128+00:00
[2023-11-25T18:24:29.688+0000] {processor.py:179} INFO - Processing /home/airflow/.local/lib/python3.8/site-packages/airflow/example_dags/example_short_circuit_operator.py took 0.079 seconds
[2023-11-25T18:25:00.084+0000] {processor.py:157} INFO - Started process (PID=719) to work on /home/airflow/.local/lib/python3.8/site-packages/airflow/example_dags/example_short_circuit_operator.py
[2023-11-25T18:25:00.085+0000] {processor.py:829} INFO - Processing file /home/airflow/.local/lib/python3.8/site-packages/airflow/example_dags/example_short_circuit_operator.py for tasks to queue
[2023-11-25T18:25:00.087+0000] {logging_mixin.py:154} INFO - [2023-11-25T18:25:00.087+0000] {dagbag.py:536} INFO - Filling up the DagBag from /home/airflow/.local/lib/python3.8/site-packages/airflow/example_dags/example_short_circuit_operator.py
[2023-11-25T18:25:00.095+0000] {processor.py:839} INFO - DAG(s) dict_keys(['example_short_circuit_operator']) retrieved from /home/airflow/.local/lib/python3.8/site-packages/airflow/example_dags/example_short_circuit_operator.py
[2023-11-25T18:25:00.118+0000] {logging_mixin.py:154} INFO - [2023-11-25T18:25:00.118+0000] {dag.py:2941} INFO - Sync 1 DAGs
[2023-11-25T18:25:00.140+0000] {logging_mixin.py:154} INFO - [2023-11-25T18:25:00.140+0000] {dag.py:3722} INFO - Setting next_dagrun for example_short_circuit_operator to 2023-11-24T18:25:00.139791+00:00, run_after=2023-11-25T18:25:00.139791+00:00
[2023-11-25T18:25:00.158+0000] {processor.py:179} INFO - Processing /home/airflow/.local/lib/python3.8/site-packages/airflow/example_dags/example_short_circuit_operator.py took 0.076 seconds
[2023-11-25T18:25:30.961+0000] {processor.py:157} INFO - Started process (PID=773) to work on /home/airflow/.local/lib/python3.8/site-packages/airflow/example_dags/example_short_circuit_operator.py
[2023-11-25T18:25:30.963+0000] {processor.py:829} INFO - Processing file /home/airflow/.local/lib/python3.8/site-packages/airflow/example_dags/example_short_circuit_operator.py for tasks to queue
[2023-11-25T18:25:30.966+0000] {logging_mixin.py:154} INFO - [2023-11-25T18:25:30.966+0000] {dagbag.py:536} INFO - Filling up the DagBag from /home/airflow/.local/lib/python3.8/site-packages/airflow/example_dags/example_short_circuit_operator.py
[2023-11-25T18:25:30.978+0000] {processor.py:839} INFO - DAG(s) dict_keys(['example_short_circuit_operator']) retrieved from /home/airflow/.local/lib/python3.8/site-packages/airflow/example_dags/example_short_circuit_operator.py
[2023-11-25T18:25:31.014+0000] {logging_mixin.py:154} INFO - [2023-11-25T18:25:31.014+0000] {dag.py:2941} INFO - Sync 1 DAGs
[2023-11-25T18:25:31.054+0000] {logging_mixin.py:154} INFO - [2023-11-25T18:25:31.054+0000] {dag.py:3722} INFO - Setting next_dagrun for example_short_circuit_operator to 2023-11-24T18:25:31.053980+00:00, run_after=2023-11-25T18:25:31.053980+00:00
[2023-11-25T18:25:31.088+0000] {processor.py:179} INFO - Processing /home/airflow/.local/lib/python3.8/site-packages/airflow/example_dags/example_short_circuit_operator.py took 0.131 seconds
[2023-11-25T18:26:01.201+0000] {processor.py:157} INFO - Started process (PID=827) to work on /home/airflow/.local/lib/python3.8/site-packages/airflow/example_dags/example_short_circuit_operator.py
[2023-11-25T18:26:01.202+0000] {processor.py:829} INFO - Processing file /home/airflow/.local/lib/python3.8/site-packages/airflow/example_dags/example_short_circuit_operator.py for tasks to queue
[2023-11-25T18:26:01.203+0000] {logging_mixin.py:154} INFO - [2023-11-25T18:26:01.203+0000] {dagbag.py:536} INFO - Filling up the DagBag from /home/airflow/.local/lib/python3.8/site-packages/airflow/example_dags/example_short_circuit_operator.py
[2023-11-25T18:26:01.209+0000] {processor.py:839} INFO - DAG(s) dict_keys(['example_short_circuit_operator']) retrieved from /home/airflow/.local/lib/python3.8/site-packages/airflow/example_dags/example_short_circuit_operator.py
[2023-11-25T18:26:01.226+0000] {logging_mixin.py:154} INFO - [2023-11-25T18:26:01.226+0000] {dag.py:2941} INFO - Sync 1 DAGs
[2023-11-25T18:26:01.244+0000] {logging_mixin.py:154} INFO - [2023-11-25T18:26:01.243+0000] {dag.py:3722} INFO - Setting next_dagrun for example_short_circuit_operator to 2023-11-24T18:26:01.243782+00:00, run_after=2023-11-25T18:26:01.243782+00:00
[2023-11-25T18:26:01.257+0000] {processor.py:179} INFO - Processing /home/airflow/.local/lib/python3.8/site-packages/airflow/example_dags/example_short_circuit_operator.py took 0.059 seconds
[2023-11-25T18:26:31.763+0000] {processor.py:157} INFO - Started process (PID=881) to work on /home/airflow/.local/lib/python3.8/site-packages/airflow/example_dags/example_short_circuit_operator.py
[2023-11-25T18:26:31.764+0000] {processor.py:829} INFO - Processing file /home/airflow/.local/lib/python3.8/site-packages/airflow/example_dags/example_short_circuit_operator.py for tasks to queue
[2023-11-25T18:26:31.766+0000] {logging_mixin.py:154} INFO - [2023-11-25T18:26:31.766+0000] {dagbag.py:536} INFO - Filling up the DagBag from /home/airflow/.local/lib/python3.8/site-packages/airflow/example_dags/example_short_circuit_operator.py
[2023-11-25T18:26:31.772+0000] {processor.py:839} INFO - DAG(s) dict_keys(['example_short_circuit_operator']) retrieved from /home/airflow/.local/lib/python3.8/site-packages/airflow/example_dags/example_short_circuit_operator.py
[2023-11-25T18:26:31.794+0000] {logging_mixin.py:154} INFO - [2023-11-25T18:26:31.794+0000] {dag.py:2941} INFO - Sync 1 DAGs
[2023-11-25T18:26:31.815+0000] {logging_mixin.py:154} INFO - [2023-11-25T18:26:31.815+0000] {dag.py:3722} INFO - Setting next_dagrun for example_short_circuit_operator to 2023-11-24T18:26:31.815184+00:00, run_after=2023-11-25T18:26:31.815184+00:00
[2023-11-25T18:26:31.839+0000] {processor.py:179} INFO - Processing /home/airflow/.local/lib/python3.8/site-packages/airflow/example_dags/example_short_circuit_operator.py took 0.078 seconds
[2023-11-25T18:27:02.434+0000] {processor.py:157} INFO - Started process (PID=935) to work on /home/airflow/.local/lib/python3.8/site-packages/airflow/example_dags/example_short_circuit_operator.py
[2023-11-25T18:27:02.435+0000] {processor.py:829} INFO - Processing file /home/airflow/.local/lib/python3.8/site-packages/airflow/example_dags/example_short_circuit_operator.py for tasks to queue
[2023-11-25T18:27:02.437+0000] {logging_mixin.py:154} INFO - [2023-11-25T18:27:02.436+0000] {dagbag.py:536} INFO - Filling up the DagBag from /home/airflow/.local/lib/python3.8/site-packages/airflow/example_dags/example_short_circuit_operator.py
[2023-11-25T18:27:02.443+0000] {processor.py:839} INFO - DAG(s) dict_keys(['example_short_circuit_operator']) retrieved from /home/airflow/.local/lib/python3.8/site-packages/airflow/example_dags/example_short_circuit_operator.py
[2023-11-25T18:27:02.468+0000] {logging_mixin.py:154} INFO - [2023-11-25T18:27:02.468+0000] {dag.py:2941} INFO - Sync 1 DAGs
[2023-11-25T18:27:02.495+0000] {logging_mixin.py:154} INFO - [2023-11-25T18:27:02.495+0000] {dag.py:3722} INFO - Setting next_dagrun for example_short_circuit_operator to 2023-11-24T18:27:02.494729+00:00, run_after=2023-11-25T18:27:02.494729+00:00
[2023-11-25T18:27:02.515+0000] {processor.py:179} INFO - Processing /home/airflow/.local/lib/python3.8/site-packages/airflow/example_dags/example_short_circuit_operator.py took 0.084 seconds
[2023-11-25T18:27:33.256+0000] {processor.py:157} INFO - Started process (PID=989) to work on /home/airflow/.local/lib/python3.8/site-packages/airflow/example_dags/example_short_circuit_operator.py
[2023-11-25T18:27:33.257+0000] {processor.py:829} INFO - Processing file /home/airflow/.local/lib/python3.8/site-packages/airflow/example_dags/example_short_circuit_operator.py for tasks to queue
[2023-11-25T18:27:33.259+0000] {logging_mixin.py:154} INFO - [2023-11-25T18:27:33.259+0000] {dagbag.py:536} INFO - Filling up the DagBag from /home/airflow/.local/lib/python3.8/site-packages/airflow/example_dags/example_short_circuit_operator.py
[2023-11-25T18:27:33.269+0000] {processor.py:839} INFO - DAG(s) dict_keys(['example_short_circuit_operator']) retrieved from /home/airflow/.local/lib/python3.8/site-packages/airflow/example_dags/example_short_circuit_operator.py
[2023-11-25T18:27:33.291+0000] {logging_mixin.py:154} INFO - [2023-11-25T18:27:33.291+0000] {dag.py:2941} INFO - Sync 1 DAGs
[2023-11-25T18:27:33.311+0000] {logging_mixin.py:154} INFO - [2023-11-25T18:27:33.311+0000] {dag.py:3722} INFO - Setting next_dagrun for example_short_circuit_operator to 2023-11-24T18:27:33.310967+00:00, run_after=2023-11-25T18:27:33.310967+00:00
[2023-11-25T18:27:33.325+0000] {processor.py:179} INFO - Processing /home/airflow/.local/lib/python3.8/site-packages/airflow/example_dags/example_short_circuit_operator.py took 0.072 seconds
[2023-11-25T18:28:04.055+0000] {processor.py:157} INFO - Started process (PID=1043) to work on /home/airflow/.local/lib/python3.8/site-packages/airflow/example_dags/example_short_circuit_operator.py
[2023-11-25T18:28:04.056+0000] {processor.py:829} INFO - Processing file /home/airflow/.local/lib/python3.8/site-packages/airflow/example_dags/example_short_circuit_operator.py for tasks to queue
[2023-11-25T18:28:04.058+0000] {logging_mixin.py:154} INFO - [2023-11-25T18:28:04.058+0000] {dagbag.py:536} INFO - Filling up the DagBag from /home/airflow/.local/lib/python3.8/site-packages/airflow/example_dags/example_short_circuit_operator.py
[2023-11-25T18:28:04.067+0000] {processor.py:839} INFO - DAG(s) dict_keys(['example_short_circuit_operator']) retrieved from /home/airflow/.local/lib/python3.8/site-packages/airflow/example_dags/example_short_circuit_operator.py
[2023-11-25T18:28:04.090+0000] {logging_mixin.py:154} INFO - [2023-11-25T18:28:04.090+0000] {dag.py:2941} INFO - Sync 1 DAGs
[2023-11-25T18:28:04.111+0000] {logging_mixin.py:154} INFO - [2023-11-25T18:28:04.111+0000] {dag.py:3722} INFO - Setting next_dagrun for example_short_circuit_operator to 2023-11-24T18:28:04.110936+00:00, run_after=2023-11-25T18:28:04.110936+00:00
[2023-11-25T18:28:04.127+0000] {processor.py:179} INFO - Processing /home/airflow/.local/lib/python3.8/site-packages/airflow/example_dags/example_short_circuit_operator.py took 0.075 seconds
[2023-11-25T18:28:34.360+0000] {processor.py:157} INFO - Started process (PID=1097) to work on /home/airflow/.local/lib/python3.8/site-packages/airflow/example_dags/example_short_circuit_operator.py
[2023-11-25T18:28:34.361+0000] {processor.py:829} INFO - Processing file /home/airflow/.local/lib/python3.8/site-packages/airflow/example_dags/example_short_circuit_operator.py for tasks to queue
[2023-11-25T18:28:34.363+0000] {logging_mixin.py:154} INFO - [2023-11-25T18:28:34.362+0000] {dagbag.py:536} INFO - Filling up the DagBag from /home/airflow/.local/lib/python3.8/site-packages/airflow/example_dags/example_short_circuit_operator.py
[2023-11-25T18:28:34.369+0000] {processor.py:839} INFO - DAG(s) dict_keys(['example_short_circuit_operator']) retrieved from /home/airflow/.local/lib/python3.8/site-packages/airflow/example_dags/example_short_circuit_operator.py
[2023-11-25T18:28:34.390+0000] {logging_mixin.py:154} INFO - [2023-11-25T18:28:34.389+0000] {dag.py:2941} INFO - Sync 1 DAGs
[2023-11-25T18:28:34.412+0000] {logging_mixin.py:154} INFO - [2023-11-25T18:28:34.412+0000] {dag.py:3722} INFO - Setting next_dagrun for example_short_circuit_operator to 2023-11-24T18:28:34.412121+00:00, run_after=2023-11-25T18:28:34.412121+00:00
[2023-11-25T18:28:34.428+0000] {processor.py:179} INFO - Processing /home/airflow/.local/lib/python3.8/site-packages/airflow/example_dags/example_short_circuit_operator.py took 0.070 seconds
[2023-11-25T18:29:05.216+0000] {processor.py:157} INFO - Started process (PID=1151) to work on /home/airflow/.local/lib/python3.8/site-packages/airflow/example_dags/example_short_circuit_operator.py
[2023-11-25T18:29:05.217+0000] {processor.py:829} INFO - Processing file /home/airflow/.local/lib/python3.8/site-packages/airflow/example_dags/example_short_circuit_operator.py for tasks to queue
[2023-11-25T18:29:05.220+0000] {logging_mixin.py:154} INFO - [2023-11-25T18:29:05.220+0000] {dagbag.py:536} INFO - Filling up the DagBag from /home/airflow/.local/lib/python3.8/site-packages/airflow/example_dags/example_short_circuit_operator.py
[2023-11-25T18:29:05.228+0000] {processor.py:839} INFO - DAG(s) dict_keys(['example_short_circuit_operator']) retrieved from /home/airflow/.local/lib/python3.8/site-packages/airflow/example_dags/example_short_circuit_operator.py
[2023-11-25T18:29:05.256+0000] {logging_mixin.py:154} INFO - [2023-11-25T18:29:05.256+0000] {dag.py:2941} INFO - Sync 1 DAGs
[2023-11-25T18:29:05.289+0000] {logging_mixin.py:154} INFO - [2023-11-25T18:29:05.289+0000] {dag.py:3722} INFO - Setting next_dagrun for example_short_circuit_operator to 2023-11-24T18:29:05.289268+00:00, run_after=2023-11-25T18:29:05.289268+00:00
[2023-11-25T18:29:05.311+0000] {processor.py:179} INFO - Processing /home/airflow/.local/lib/python3.8/site-packages/airflow/example_dags/example_short_circuit_operator.py took 0.099 seconds
[2023-11-25T18:29:36.946+0000] {processor.py:157} INFO - Started process (PID=1212) to work on /home/airflow/.local/lib/python3.8/site-packages/airflow/example_dags/example_short_circuit_operator.py
[2023-11-25T18:29:36.948+0000] {processor.py:829} INFO - Processing file /home/airflow/.local/lib/python3.8/site-packages/airflow/example_dags/example_short_circuit_operator.py for tasks to queue
[2023-11-25T18:29:36.952+0000] {logging_mixin.py:154} INFO - [2023-11-25T18:29:36.951+0000] {dagbag.py:536} INFO - Filling up the DagBag from /home/airflow/.local/lib/python3.8/site-packages/airflow/example_dags/example_short_circuit_operator.py
[2023-11-25T18:29:36.963+0000] {processor.py:839} INFO - DAG(s) dict_keys(['example_short_circuit_operator']) retrieved from /home/airflow/.local/lib/python3.8/site-packages/airflow/example_dags/example_short_circuit_operator.py
[2023-11-25T18:29:36.997+0000] {logging_mixin.py:154} INFO - [2023-11-25T18:29:36.996+0000] {dag.py:2941} INFO - Sync 1 DAGs
[2023-11-25T18:29:37.038+0000] {logging_mixin.py:154} INFO - [2023-11-25T18:29:37.038+0000] {dag.py:3722} INFO - Setting next_dagrun for example_short_circuit_operator to 2023-11-24T18:29:37.037802+00:00, run_after=2023-11-25T18:29:37.037802+00:00
[2023-11-25T18:29:37.306+0000] {processor.py:179} INFO - Processing /home/airflow/.local/lib/python3.8/site-packages/airflow/example_dags/example_short_circuit_operator.py took 0.364 seconds
[2023-11-25T18:30:07.994+0000] {processor.py:157} INFO - Started process (PID=1266) to work on /home/airflow/.local/lib/python3.8/site-packages/airflow/example_dags/example_short_circuit_operator.py
[2023-11-25T18:30:07.995+0000] {processor.py:829} INFO - Processing file /home/airflow/.local/lib/python3.8/site-packages/airflow/example_dags/example_short_circuit_operator.py for tasks to queue
[2023-11-25T18:30:07.998+0000] {logging_mixin.py:154} INFO - [2023-11-25T18:30:07.998+0000] {dagbag.py:536} INFO - Filling up the DagBag from /home/airflow/.local/lib/python3.8/site-packages/airflow/example_dags/example_short_circuit_operator.py
[2023-11-25T18:30:08.011+0000] {processor.py:839} INFO - DAG(s) dict_keys(['example_short_circuit_operator']) retrieved from /home/airflow/.local/lib/python3.8/site-packages/airflow/example_dags/example_short_circuit_operator.py
[2023-11-25T18:30:08.043+0000] {logging_mixin.py:154} INFO - [2023-11-25T18:30:08.042+0000] {dag.py:2941} INFO - Sync 1 DAGs
[2023-11-25T18:30:08.078+0000] {logging_mixin.py:154} INFO - [2023-11-25T18:30:08.077+0000] {dag.py:3722} INFO - Setting next_dagrun for example_short_circuit_operator to 2023-11-24T18:30:08.077393+00:00, run_after=2023-11-25T18:30:08.077393+00:00
[2023-11-25T18:30:08.106+0000] {processor.py:179} INFO - Processing /home/airflow/.local/lib/python3.8/site-packages/airflow/example_dags/example_short_circuit_operator.py took 0.115 seconds
[2023-11-25T18:30:39.059+0000] {processor.py:157} INFO - Started process (PID=1321) to work on /home/airflow/.local/lib/python3.8/site-packages/airflow/example_dags/example_short_circuit_operator.py
[2023-11-25T18:30:39.060+0000] {processor.py:829} INFO - Processing file /home/airflow/.local/lib/python3.8/site-packages/airflow/example_dags/example_short_circuit_operator.py for tasks to queue
[2023-11-25T18:30:39.064+0000] {logging_mixin.py:154} INFO - [2023-11-25T18:30:39.063+0000] {dagbag.py:536} INFO - Filling up the DagBag from /home/airflow/.local/lib/python3.8/site-packages/airflow/example_dags/example_short_circuit_operator.py
[2023-11-25T18:30:39.074+0000] {processor.py:839} INFO - DAG(s) dict_keys(['example_short_circuit_operator']) retrieved from /home/airflow/.local/lib/python3.8/site-packages/airflow/example_dags/example_short_circuit_operator.py
[2023-11-25T18:30:39.105+0000] {logging_mixin.py:154} INFO - [2023-11-25T18:30:39.105+0000] {dag.py:2941} INFO - Sync 1 DAGs
[2023-11-25T18:30:39.356+0000] {logging_mixin.py:154} INFO - [2023-11-25T18:30:39.356+0000] {dag.py:3722} INFO - Setting next_dagrun for example_short_circuit_operator to 2023-11-24T18:30:39.356355+00:00, run_after=2023-11-25T18:30:39.356355+00:00
[2023-11-25T18:30:39.379+0000] {processor.py:179} INFO - Processing /home/airflow/.local/lib/python3.8/site-packages/airflow/example_dags/example_short_circuit_operator.py took 0.323 seconds
[2023-11-25T18:31:09.708+0000] {processor.py:157} INFO - Started process (PID=1375) to work on /home/airflow/.local/lib/python3.8/site-packages/airflow/example_dags/example_short_circuit_operator.py
[2023-11-25T18:31:09.710+0000] {processor.py:829} INFO - Processing file /home/airflow/.local/lib/python3.8/site-packages/airflow/example_dags/example_short_circuit_operator.py for tasks to queue
[2023-11-25T18:31:09.713+0000] {logging_mixin.py:154} INFO - [2023-11-25T18:31:09.712+0000] {dagbag.py:536} INFO - Filling up the DagBag from /home/airflow/.local/lib/python3.8/site-packages/airflow/example_dags/example_short_circuit_operator.py
[2023-11-25T18:31:09.722+0000] {processor.py:839} INFO - DAG(s) dict_keys(['example_short_circuit_operator']) retrieved from /home/airflow/.local/lib/python3.8/site-packages/airflow/example_dags/example_short_circuit_operator.py
[2023-11-25T18:31:09.756+0000] {logging_mixin.py:154} INFO - [2023-11-25T18:31:09.755+0000] {dag.py:2941} INFO - Sync 1 DAGs
[2023-11-25T18:31:09.787+0000] {logging_mixin.py:154} INFO - [2023-11-25T18:31:09.787+0000] {dag.py:3722} INFO - Setting next_dagrun for example_short_circuit_operator to 2023-11-24T18:31:09.786847+00:00, run_after=2023-11-25T18:31:09.786847+00:00
[2023-11-25T18:31:09.810+0000] {processor.py:179} INFO - Processing /home/airflow/.local/lib/python3.8/site-packages/airflow/example_dags/example_short_circuit_operator.py took 0.109 seconds
[2023-11-25T18:31:39.871+0000] {processor.py:157} INFO - Started process (PID=1429) to work on /home/airflow/.local/lib/python3.8/site-packages/airflow/example_dags/example_short_circuit_operator.py
[2023-11-25T18:31:39.873+0000] {processor.py:829} INFO - Processing file /home/airflow/.local/lib/python3.8/site-packages/airflow/example_dags/example_short_circuit_operator.py for tasks to queue
[2023-11-25T18:31:39.877+0000] {logging_mixin.py:154} INFO - [2023-11-25T18:31:39.877+0000] {dagbag.py:536} INFO - Filling up the DagBag from /home/airflow/.local/lib/python3.8/site-packages/airflow/example_dags/example_short_circuit_operator.py
[2023-11-25T18:31:39.886+0000] {processor.py:839} INFO - DAG(s) dict_keys(['example_short_circuit_operator']) retrieved from /home/airflow/.local/lib/python3.8/site-packages/airflow/example_dags/example_short_circuit_operator.py
[2023-11-25T18:31:39.919+0000] {logging_mixin.py:154} INFO - [2023-11-25T18:31:39.919+0000] {dag.py:2941} INFO - Sync 1 DAGs
[2023-11-25T18:31:39.944+0000] {logging_mixin.py:154} INFO - [2023-11-25T18:31:39.944+0000] {dag.py:3722} INFO - Setting next_dagrun for example_short_circuit_operator to 2023-11-24T18:31:39.944049+00:00, run_after=2023-11-25T18:31:39.944049+00:00
[2023-11-25T18:31:39.975+0000] {processor.py:179} INFO - Processing /home/airflow/.local/lib/python3.8/site-packages/airflow/example_dags/example_short_circuit_operator.py took 0.107 seconds
[2023-11-25T18:32:10.775+0000] {processor.py:157} INFO - Started process (PID=1483) to work on /home/airflow/.local/lib/python3.8/site-packages/airflow/example_dags/example_short_circuit_operator.py
[2023-11-25T18:32:10.777+0000] {processor.py:829} INFO - Processing file /home/airflow/.local/lib/python3.8/site-packages/airflow/example_dags/example_short_circuit_operator.py for tasks to queue
[2023-11-25T18:32:10.779+0000] {logging_mixin.py:154} INFO - [2023-11-25T18:32:10.779+0000] {dagbag.py:536} INFO - Filling up the DagBag from /home/airflow/.local/lib/python3.8/site-packages/airflow/example_dags/example_short_circuit_operator.py
[2023-11-25T18:32:10.789+0000] {processor.py:839} INFO - DAG(s) dict_keys(['example_short_circuit_operator']) retrieved from /home/airflow/.local/lib/python3.8/site-packages/airflow/example_dags/example_short_circuit_operator.py
[2023-11-25T18:32:10.817+0000] {logging_mixin.py:154} INFO - [2023-11-25T18:32:10.817+0000] {dag.py:2941} INFO - Sync 1 DAGs
[2023-11-25T18:32:10.852+0000] {logging_mixin.py:154} INFO - [2023-11-25T18:32:10.851+0000] {dag.py:3722} INFO - Setting next_dagrun for example_short_circuit_operator to 2023-11-24T18:32:10.851272+00:00, run_after=2023-11-25T18:32:10.851272+00:00
[2023-11-25T18:32:11.119+0000] {processor.py:179} INFO - Processing /home/airflow/.local/lib/python3.8/site-packages/airflow/example_dags/example_short_circuit_operator.py took 0.348 seconds
