[2023-11-25T18:18:53.783+0000] {processor.py:157} INFO - Started process (PID=80) to work on /home/airflow/.local/lib/python3.8/site-packages/airflow/example_dags/example_python_operator.py
[2023-11-25T18:18:53.785+0000] {processor.py:829} INFO - Processing file /home/airflow/.local/lib/python3.8/site-packages/airflow/example_dags/example_python_operator.py for tasks to queue
[2023-11-25T18:18:53.788+0000] {logging_mixin.py:154} INFO - [2023-11-25T18:18:53.788+0000] {dagbag.py:536} INFO - Filling up the DagBag from /home/airflow/.local/lib/python3.8/site-packages/airflow/example_dags/example_python_operator.py
[2023-11-25T18:18:53.807+0000] {processor.py:839} INFO - DAG(s) dict_keys(['example_python_operator']) retrieved from /home/airflow/.local/lib/python3.8/site-packages/airflow/example_dags/example_python_operator.py
[2023-11-25T18:18:53.850+0000] {logging_mixin.py:154} INFO - [2023-11-25T18:18:53.850+0000] {dag.py:2941} INFO - Sync 1 DAGs
[2023-11-25T18:18:53.870+0000] {logging_mixin.py:154} INFO - [2023-11-25T18:18:53.869+0000] {dag.py:3722} INFO - Setting next_dagrun for example_python_operator to None, run_after=None
[2023-11-25T18:18:53.896+0000] {processor.py:179} INFO - Processing /home/airflow/.local/lib/python3.8/site-packages/airflow/example_dags/example_python_operator.py took 0.129 seconds
[2023-11-25T18:19:24.263+0000] {processor.py:157} INFO - Started process (PID=134) to work on /home/airflow/.local/lib/python3.8/site-packages/airflow/example_dags/example_python_operator.py
[2023-11-25T18:19:24.264+0000] {processor.py:829} INFO - Processing file /home/airflow/.local/lib/python3.8/site-packages/airflow/example_dags/example_python_operator.py for tasks to queue
[2023-11-25T18:19:24.266+0000] {logging_mixin.py:154} INFO - [2023-11-25T18:19:24.266+0000] {dagbag.py:536} INFO - Filling up the DagBag from /home/airflow/.local/lib/python3.8/site-packages/airflow/example_dags/example_python_operator.py
[2023-11-25T18:19:24.275+0000] {processor.py:839} INFO - DAG(s) dict_keys(['example_python_operator']) retrieved from /home/airflow/.local/lib/python3.8/site-packages/airflow/example_dags/example_python_operator.py
[2023-11-25T18:19:24.380+0000] {logging_mixin.py:154} INFO - [2023-11-25T18:19:24.380+0000] {dag.py:2941} INFO - Sync 1 DAGs
[2023-11-25T18:19:24.391+0000] {logging_mixin.py:154} INFO - [2023-11-25T18:19:24.391+0000] {dag.py:3722} INFO - Setting next_dagrun for example_python_operator to None, run_after=None
[2023-11-25T18:19:24.411+0000] {processor.py:179} INFO - Processing /home/airflow/.local/lib/python3.8/site-packages/airflow/example_dags/example_python_operator.py took 0.149 seconds
[2023-11-25T18:19:54.701+0000] {processor.py:157} INFO - Started process (PID=188) to work on /home/airflow/.local/lib/python3.8/site-packages/airflow/example_dags/example_python_operator.py
[2023-11-25T18:19:54.702+0000] {processor.py:829} INFO - Processing file /home/airflow/.local/lib/python3.8/site-packages/airflow/example_dags/example_python_operator.py for tasks to queue
[2023-11-25T18:19:54.703+0000] {logging_mixin.py:154} INFO - [2023-11-25T18:19:54.703+0000] {dagbag.py:536} INFO - Filling up the DagBag from /home/airflow/.local/lib/python3.8/site-packages/airflow/example_dags/example_python_operator.py
[2023-11-25T18:19:54.712+0000] {processor.py:839} INFO - DAG(s) dict_keys(['example_python_operator']) retrieved from /home/airflow/.local/lib/python3.8/site-packages/airflow/example_dags/example_python_operator.py
[2023-11-25T18:19:54.733+0000] {logging_mixin.py:154} INFO - [2023-11-25T18:19:54.733+0000] {dag.py:2941} INFO - Sync 1 DAGs
[2023-11-25T18:19:54.746+0000] {logging_mixin.py:154} INFO - [2023-11-25T18:19:54.746+0000] {dag.py:3722} INFO - Setting next_dagrun for example_python_operator to None, run_after=None
[2023-11-25T18:19:54.762+0000] {processor.py:179} INFO - Processing /home/airflow/.local/lib/python3.8/site-packages/airflow/example_dags/example_python_operator.py took 0.064 seconds
[2023-11-25T18:20:24.991+0000] {processor.py:157} INFO - Started process (PID=242) to work on /home/airflow/.local/lib/python3.8/site-packages/airflow/example_dags/example_python_operator.py
[2023-11-25T18:20:24.992+0000] {processor.py:829} INFO - Processing file /home/airflow/.local/lib/python3.8/site-packages/airflow/example_dags/example_python_operator.py for tasks to queue
[2023-11-25T18:20:24.994+0000] {logging_mixin.py:154} INFO - [2023-11-25T18:20:24.994+0000] {dagbag.py:536} INFO - Filling up the DagBag from /home/airflow/.local/lib/python3.8/site-packages/airflow/example_dags/example_python_operator.py
[2023-11-25T18:20:25.002+0000] {processor.py:839} INFO - DAG(s) dict_keys(['example_python_operator']) retrieved from /home/airflow/.local/lib/python3.8/site-packages/airflow/example_dags/example_python_operator.py
[2023-11-25T18:20:25.020+0000] {logging_mixin.py:154} INFO - [2023-11-25T18:20:25.020+0000] {dag.py:2941} INFO - Sync 1 DAGs
[2023-11-25T18:20:25.031+0000] {logging_mixin.py:154} INFO - [2023-11-25T18:20:25.031+0000] {dag.py:3722} INFO - Setting next_dagrun for example_python_operator to None, run_after=None
[2023-11-25T18:20:25.047+0000] {processor.py:179} INFO - Processing /home/airflow/.local/lib/python3.8/site-packages/airflow/example_dags/example_python_operator.py took 0.058 seconds
[2023-11-25T18:20:55.320+0000] {processor.py:157} INFO - Started process (PID=296) to work on /home/airflow/.local/lib/python3.8/site-packages/airflow/example_dags/example_python_operator.py
[2023-11-25T18:20:55.321+0000] {processor.py:829} INFO - Processing file /home/airflow/.local/lib/python3.8/site-packages/airflow/example_dags/example_python_operator.py for tasks to queue
[2023-11-25T18:20:55.323+0000] {logging_mixin.py:154} INFO - [2023-11-25T18:20:55.323+0000] {dagbag.py:536} INFO - Filling up the DagBag from /home/airflow/.local/lib/python3.8/site-packages/airflow/example_dags/example_python_operator.py
[2023-11-25T18:20:55.331+0000] {processor.py:839} INFO - DAG(s) dict_keys(['example_python_operator']) retrieved from /home/airflow/.local/lib/python3.8/site-packages/airflow/example_dags/example_python_operator.py
[2023-11-25T18:20:55.350+0000] {logging_mixin.py:154} INFO - [2023-11-25T18:20:55.350+0000] {dag.py:2941} INFO - Sync 1 DAGs
[2023-11-25T18:20:55.361+0000] {logging_mixin.py:154} INFO - [2023-11-25T18:20:55.361+0000] {dag.py:3722} INFO - Setting next_dagrun for example_python_operator to None, run_after=None
[2023-11-25T18:20:55.378+0000] {processor.py:179} INFO - Processing /home/airflow/.local/lib/python3.8/site-packages/airflow/example_dags/example_python_operator.py took 0.060 seconds
[2023-11-25T18:21:25.601+0000] {processor.py:157} INFO - Started process (PID=350) to work on /home/airflow/.local/lib/python3.8/site-packages/airflow/example_dags/example_python_operator.py
[2023-11-25T18:21:25.602+0000] {processor.py:829} INFO - Processing file /home/airflow/.local/lib/python3.8/site-packages/airflow/example_dags/example_python_operator.py for tasks to queue
[2023-11-25T18:21:25.604+0000] {logging_mixin.py:154} INFO - [2023-11-25T18:21:25.603+0000] {dagbag.py:536} INFO - Filling up the DagBag from /home/airflow/.local/lib/python3.8/site-packages/airflow/example_dags/example_python_operator.py
[2023-11-25T18:21:25.612+0000] {processor.py:839} INFO - DAG(s) dict_keys(['example_python_operator']) retrieved from /home/airflow/.local/lib/python3.8/site-packages/airflow/example_dags/example_python_operator.py
[2023-11-25T18:21:25.633+0000] {logging_mixin.py:154} INFO - [2023-11-25T18:21:25.632+0000] {dag.py:2941} INFO - Sync 1 DAGs
[2023-11-25T18:21:25.644+0000] {logging_mixin.py:154} INFO - [2023-11-25T18:21:25.643+0000] {dag.py:3722} INFO - Setting next_dagrun for example_python_operator to None, run_after=None
[2023-11-25T18:21:25.659+0000] {processor.py:179} INFO - Processing /home/airflow/.local/lib/python3.8/site-packages/airflow/example_dags/example_python_operator.py took 0.061 seconds
[2023-11-25T18:21:56.224+0000] {processor.py:157} INFO - Started process (PID=404) to work on /home/airflow/.local/lib/python3.8/site-packages/airflow/example_dags/example_python_operator.py
[2023-11-25T18:21:56.225+0000] {processor.py:829} INFO - Processing file /home/airflow/.local/lib/python3.8/site-packages/airflow/example_dags/example_python_operator.py for tasks to queue
[2023-11-25T18:21:56.227+0000] {logging_mixin.py:154} INFO - [2023-11-25T18:21:56.227+0000] {dagbag.py:536} INFO - Filling up the DagBag from /home/airflow/.local/lib/python3.8/site-packages/airflow/example_dags/example_python_operator.py
[2023-11-25T18:21:56.236+0000] {processor.py:839} INFO - DAG(s) dict_keys(['example_python_operator']) retrieved from /home/airflow/.local/lib/python3.8/site-packages/airflow/example_dags/example_python_operator.py
[2023-11-25T18:21:56.257+0000] {logging_mixin.py:154} INFO - [2023-11-25T18:21:56.256+0000] {dag.py:2941} INFO - Sync 1 DAGs
[2023-11-25T18:21:56.268+0000] {logging_mixin.py:154} INFO - [2023-11-25T18:21:56.268+0000] {dag.py:3722} INFO - Setting next_dagrun for example_python_operator to None, run_after=None
[2023-11-25T18:21:56.286+0000] {processor.py:179} INFO - Processing /home/airflow/.local/lib/python3.8/site-packages/airflow/example_dags/example_python_operator.py took 0.064 seconds
[2023-11-25T18:22:27.068+0000] {processor.py:157} INFO - Started process (PID=458) to work on /home/airflow/.local/lib/python3.8/site-packages/airflow/example_dags/example_python_operator.py
[2023-11-25T18:22:27.069+0000] {processor.py:829} INFO - Processing file /home/airflow/.local/lib/python3.8/site-packages/airflow/example_dags/example_python_operator.py for tasks to queue
[2023-11-25T18:22:27.071+0000] {logging_mixin.py:154} INFO - [2023-11-25T18:22:27.071+0000] {dagbag.py:536} INFO - Filling up the DagBag from /home/airflow/.local/lib/python3.8/site-packages/airflow/example_dags/example_python_operator.py
[2023-11-25T18:22:27.081+0000] {processor.py:839} INFO - DAG(s) dict_keys(['example_python_operator']) retrieved from /home/airflow/.local/lib/python3.8/site-packages/airflow/example_dags/example_python_operator.py
[2023-11-25T18:22:27.104+0000] {logging_mixin.py:154} INFO - [2023-11-25T18:22:27.104+0000] {dag.py:2941} INFO - Sync 1 DAGs
[2023-11-25T18:22:27.123+0000] {logging_mixin.py:154} INFO - [2023-11-25T18:22:27.122+0000] {dag.py:3722} INFO - Setting next_dagrun for example_python_operator to None, run_after=None
[2023-11-25T18:22:27.143+0000] {processor.py:179} INFO - Processing /home/airflow/.local/lib/python3.8/site-packages/airflow/example_dags/example_python_operator.py took 0.077 seconds
[2023-11-25T18:22:57.874+0000] {processor.py:157} INFO - Started process (PID=512) to work on /home/airflow/.local/lib/python3.8/site-packages/airflow/example_dags/example_python_operator.py
[2023-11-25T18:22:57.875+0000] {processor.py:829} INFO - Processing file /home/airflow/.local/lib/python3.8/site-packages/airflow/example_dags/example_python_operator.py for tasks to queue
[2023-11-25T18:22:57.876+0000] {logging_mixin.py:154} INFO - [2023-11-25T18:22:57.876+0000] {dagbag.py:536} INFO - Filling up the DagBag from /home/airflow/.local/lib/python3.8/site-packages/airflow/example_dags/example_python_operator.py
[2023-11-25T18:22:57.884+0000] {processor.py:839} INFO - DAG(s) dict_keys(['example_python_operator']) retrieved from /home/airflow/.local/lib/python3.8/site-packages/airflow/example_dags/example_python_operator.py
[2023-11-25T18:22:57.904+0000] {logging_mixin.py:154} INFO - [2023-11-25T18:22:57.904+0000] {dag.py:2941} INFO - Sync 1 DAGs
[2023-11-25T18:22:57.915+0000] {logging_mixin.py:154} INFO - [2023-11-25T18:22:57.915+0000] {dag.py:3722} INFO - Setting next_dagrun for example_python_operator to None, run_after=None
[2023-11-25T18:22:57.932+0000] {processor.py:179} INFO - Processing /home/airflow/.local/lib/python3.8/site-packages/airflow/example_dags/example_python_operator.py took 0.061 seconds
[2023-11-25T18:23:28.367+0000] {processor.py:157} INFO - Started process (PID=566) to work on /home/airflow/.local/lib/python3.8/site-packages/airflow/example_dags/example_python_operator.py
[2023-11-25T18:23:28.368+0000] {processor.py:829} INFO - Processing file /home/airflow/.local/lib/python3.8/site-packages/airflow/example_dags/example_python_operator.py for tasks to queue
[2023-11-25T18:23:28.370+0000] {logging_mixin.py:154} INFO - [2023-11-25T18:23:28.369+0000] {dagbag.py:536} INFO - Filling up the DagBag from /home/airflow/.local/lib/python3.8/site-packages/airflow/example_dags/example_python_operator.py
[2023-11-25T18:23:28.378+0000] {processor.py:839} INFO - DAG(s) dict_keys(['example_python_operator']) retrieved from /home/airflow/.local/lib/python3.8/site-packages/airflow/example_dags/example_python_operator.py
[2023-11-25T18:23:28.396+0000] {logging_mixin.py:154} INFO - [2023-11-25T18:23:28.396+0000] {dag.py:2941} INFO - Sync 1 DAGs
[2023-11-25T18:23:28.407+0000] {logging_mixin.py:154} INFO - [2023-11-25T18:23:28.406+0000] {dag.py:3722} INFO - Setting next_dagrun for example_python_operator to None, run_after=None
[2023-11-25T18:23:28.422+0000] {processor.py:179} INFO - Processing /home/airflow/.local/lib/python3.8/site-packages/airflow/example_dags/example_python_operator.py took 0.058 seconds
[2023-11-25T18:23:59.208+0000] {processor.py:157} INFO - Started process (PID=620) to work on /home/airflow/.local/lib/python3.8/site-packages/airflow/example_dags/example_python_operator.py
[2023-11-25T18:23:59.209+0000] {processor.py:829} INFO - Processing file /home/airflow/.local/lib/python3.8/site-packages/airflow/example_dags/example_python_operator.py for tasks to queue
[2023-11-25T18:23:59.211+0000] {logging_mixin.py:154} INFO - [2023-11-25T18:23:59.210+0000] {dagbag.py:536} INFO - Filling up the DagBag from /home/airflow/.local/lib/python3.8/site-packages/airflow/example_dags/example_python_operator.py
[2023-11-25T18:23:59.219+0000] {processor.py:839} INFO - DAG(s) dict_keys(['example_python_operator']) retrieved from /home/airflow/.local/lib/python3.8/site-packages/airflow/example_dags/example_python_operator.py
[2023-11-25T18:23:59.239+0000] {logging_mixin.py:154} INFO - [2023-11-25T18:23:59.239+0000] {dag.py:2941} INFO - Sync 1 DAGs
[2023-11-25T18:23:59.252+0000] {logging_mixin.py:154} INFO - [2023-11-25T18:23:59.252+0000] {dag.py:3722} INFO - Setting next_dagrun for example_python_operator to None, run_after=None
[2023-11-25T18:23:59.268+0000] {processor.py:179} INFO - Processing /home/airflow/.local/lib/python3.8/site-packages/airflow/example_dags/example_python_operator.py took 0.063 seconds
[2023-11-25T18:24:30.093+0000] {processor.py:157} INFO - Started process (PID=674) to work on /home/airflow/.local/lib/python3.8/site-packages/airflow/example_dags/example_python_operator.py
[2023-11-25T18:24:30.094+0000] {processor.py:829} INFO - Processing file /home/airflow/.local/lib/python3.8/site-packages/airflow/example_dags/example_python_operator.py for tasks to queue
[2023-11-25T18:24:30.096+0000] {logging_mixin.py:154} INFO - [2023-11-25T18:24:30.096+0000] {dagbag.py:536} INFO - Filling up the DagBag from /home/airflow/.local/lib/python3.8/site-packages/airflow/example_dags/example_python_operator.py
[2023-11-25T18:24:30.105+0000] {processor.py:839} INFO - DAG(s) dict_keys(['example_python_operator']) retrieved from /home/airflow/.local/lib/python3.8/site-packages/airflow/example_dags/example_python_operator.py
[2023-11-25T18:24:30.127+0000] {logging_mixin.py:154} INFO - [2023-11-25T18:24:30.126+0000] {dag.py:2941} INFO - Sync 1 DAGs
[2023-11-25T18:24:30.138+0000] {logging_mixin.py:154} INFO - [2023-11-25T18:24:30.138+0000] {dag.py:3722} INFO - Setting next_dagrun for example_python_operator to None, run_after=None
[2023-11-25T18:24:30.156+0000] {processor.py:179} INFO - Processing /home/airflow/.local/lib/python3.8/site-packages/airflow/example_dags/example_python_operator.py took 0.066 seconds
[2023-11-25T18:25:00.762+0000] {processor.py:157} INFO - Started process (PID=729) to work on /home/airflow/.local/lib/python3.8/site-packages/airflow/example_dags/example_python_operator.py
[2023-11-25T18:25:00.763+0000] {processor.py:829} INFO - Processing file /home/airflow/.local/lib/python3.8/site-packages/airflow/example_dags/example_python_operator.py for tasks to queue
[2023-11-25T18:25:00.765+0000] {logging_mixin.py:154} INFO - [2023-11-25T18:25:00.765+0000] {dagbag.py:536} INFO - Filling up the DagBag from /home/airflow/.local/lib/python3.8/site-packages/airflow/example_dags/example_python_operator.py
[2023-11-25T18:25:00.775+0000] {processor.py:839} INFO - DAG(s) dict_keys(['example_python_operator']) retrieved from /home/airflow/.local/lib/python3.8/site-packages/airflow/example_dags/example_python_operator.py
[2023-11-25T18:25:00.802+0000] {logging_mixin.py:154} INFO - [2023-11-25T18:25:00.802+0000] {dag.py:2941} INFO - Sync 1 DAGs
[2023-11-25T18:25:00.816+0000] {logging_mixin.py:154} INFO - [2023-11-25T18:25:00.816+0000] {dag.py:3722} INFO - Setting next_dagrun for example_python_operator to None, run_after=None
[2023-11-25T18:25:00.836+0000] {processor.py:179} INFO - Processing /home/airflow/.local/lib/python3.8/site-packages/airflow/example_dags/example_python_operator.py took 0.077 seconds
[2023-11-25T18:25:31.939+0000] {processor.py:157} INFO - Started process (PID=783) to work on /home/airflow/.local/lib/python3.8/site-packages/airflow/example_dags/example_python_operator.py
[2023-11-25T18:25:31.941+0000] {processor.py:829} INFO - Processing file /home/airflow/.local/lib/python3.8/site-packages/airflow/example_dags/example_python_operator.py for tasks to queue
[2023-11-25T18:25:31.944+0000] {logging_mixin.py:154} INFO - [2023-11-25T18:25:31.944+0000] {dagbag.py:536} INFO - Filling up the DagBag from /home/airflow/.local/lib/python3.8/site-packages/airflow/example_dags/example_python_operator.py
[2023-11-25T18:25:31.958+0000] {processor.py:839} INFO - DAG(s) dict_keys(['example_python_operator']) retrieved from /home/airflow/.local/lib/python3.8/site-packages/airflow/example_dags/example_python_operator.py
[2023-11-25T18:25:32.003+0000] {logging_mixin.py:154} INFO - [2023-11-25T18:25:32.002+0000] {dag.py:2941} INFO - Sync 1 DAGs
[2023-11-25T18:25:32.022+0000] {logging_mixin.py:154} INFO - [2023-11-25T18:25:32.022+0000] {dag.py:3722} INFO - Setting next_dagrun for example_python_operator to None, run_after=None
[2023-11-25T18:25:32.100+0000] {processor.py:179} INFO - Processing /home/airflow/.local/lib/python3.8/site-packages/airflow/example_dags/example_python_operator.py took 0.165 seconds
[2023-11-25T18:26:02.624+0000] {processor.py:157} INFO - Started process (PID=837) to work on /home/airflow/.local/lib/python3.8/site-packages/airflow/example_dags/example_python_operator.py
[2023-11-25T18:26:02.625+0000] {processor.py:829} INFO - Processing file /home/airflow/.local/lib/python3.8/site-packages/airflow/example_dags/example_python_operator.py for tasks to queue
[2023-11-25T18:26:02.627+0000] {logging_mixin.py:154} INFO - [2023-11-25T18:26:02.626+0000] {dagbag.py:536} INFO - Filling up the DagBag from /home/airflow/.local/lib/python3.8/site-packages/airflow/example_dags/example_python_operator.py
[2023-11-25T18:26:02.634+0000] {processor.py:839} INFO - DAG(s) dict_keys(['example_python_operator']) retrieved from /home/airflow/.local/lib/python3.8/site-packages/airflow/example_dags/example_python_operator.py
[2023-11-25T18:26:02.652+0000] {logging_mixin.py:154} INFO - [2023-11-25T18:26:02.652+0000] {dag.py:2941} INFO - Sync 1 DAGs
[2023-11-25T18:26:02.663+0000] {logging_mixin.py:154} INFO - [2023-11-25T18:26:02.663+0000] {dag.py:3722} INFO - Setting next_dagrun for example_python_operator to None, run_after=None
[2023-11-25T18:26:02.679+0000] {processor.py:179} INFO - Processing /home/airflow/.local/lib/python3.8/site-packages/airflow/example_dags/example_python_operator.py took 0.057 seconds
[2023-11-25T18:26:33.288+0000] {processor.py:157} INFO - Started process (PID=891) to work on /home/airflow/.local/lib/python3.8/site-packages/airflow/example_dags/example_python_operator.py
[2023-11-25T18:26:33.289+0000] {processor.py:829} INFO - Processing file /home/airflow/.local/lib/python3.8/site-packages/airflow/example_dags/example_python_operator.py for tasks to queue
[2023-11-25T18:26:33.291+0000] {logging_mixin.py:154} INFO - [2023-11-25T18:26:33.291+0000] {dagbag.py:536} INFO - Filling up the DagBag from /home/airflow/.local/lib/python3.8/site-packages/airflow/example_dags/example_python_operator.py
[2023-11-25T18:26:33.300+0000] {processor.py:839} INFO - DAG(s) dict_keys(['example_python_operator']) retrieved from /home/airflow/.local/lib/python3.8/site-packages/airflow/example_dags/example_python_operator.py
[2023-11-25T18:26:33.322+0000] {logging_mixin.py:154} INFO - [2023-11-25T18:26:33.322+0000] {dag.py:2941} INFO - Sync 1 DAGs
[2023-11-25T18:26:33.335+0000] {logging_mixin.py:154} INFO - [2023-11-25T18:26:33.335+0000] {dag.py:3722} INFO - Setting next_dagrun for example_python_operator to None, run_after=None
[2023-11-25T18:26:33.353+0000] {processor.py:179} INFO - Processing /home/airflow/.local/lib/python3.8/site-packages/airflow/example_dags/example_python_operator.py took 0.069 seconds
[2023-11-25T18:27:03.867+0000] {processor.py:157} INFO - Started process (PID=945) to work on /home/airflow/.local/lib/python3.8/site-packages/airflow/example_dags/example_python_operator.py
[2023-11-25T18:27:03.867+0000] {processor.py:829} INFO - Processing file /home/airflow/.local/lib/python3.8/site-packages/airflow/example_dags/example_python_operator.py for tasks to queue
[2023-11-25T18:27:03.869+0000] {logging_mixin.py:154} INFO - [2023-11-25T18:27:03.869+0000] {dagbag.py:536} INFO - Filling up the DagBag from /home/airflow/.local/lib/python3.8/site-packages/airflow/example_dags/example_python_operator.py
[2023-11-25T18:27:03.876+0000] {processor.py:839} INFO - DAG(s) dict_keys(['example_python_operator']) retrieved from /home/airflow/.local/lib/python3.8/site-packages/airflow/example_dags/example_python_operator.py
[2023-11-25T18:27:03.896+0000] {logging_mixin.py:154} INFO - [2023-11-25T18:27:03.895+0000] {dag.py:2941} INFO - Sync 1 DAGs
[2023-11-25T18:27:03.906+0000] {logging_mixin.py:154} INFO - [2023-11-25T18:27:03.906+0000] {dag.py:3722} INFO - Setting next_dagrun for example_python_operator to None, run_after=None
[2023-11-25T18:27:03.922+0000] {processor.py:179} INFO - Processing /home/airflow/.local/lib/python3.8/site-packages/airflow/example_dags/example_python_operator.py took 0.057 seconds
[2023-11-25T18:27:34.683+0000] {processor.py:157} INFO - Started process (PID=999) to work on /home/airflow/.local/lib/python3.8/site-packages/airflow/example_dags/example_python_operator.py
[2023-11-25T18:27:34.683+0000] {processor.py:829} INFO - Processing file /home/airflow/.local/lib/python3.8/site-packages/airflow/example_dags/example_python_operator.py for tasks to queue
[2023-11-25T18:27:34.685+0000] {logging_mixin.py:154} INFO - [2023-11-25T18:27:34.685+0000] {dagbag.py:536} INFO - Filling up the DagBag from /home/airflow/.local/lib/python3.8/site-packages/airflow/example_dags/example_python_operator.py
[2023-11-25T18:27:34.692+0000] {processor.py:839} INFO - DAG(s) dict_keys(['example_python_operator']) retrieved from /home/airflow/.local/lib/python3.8/site-packages/airflow/example_dags/example_python_operator.py
[2023-11-25T18:27:34.710+0000] {logging_mixin.py:154} INFO - [2023-11-25T18:27:34.710+0000] {dag.py:2941} INFO - Sync 1 DAGs
[2023-11-25T18:27:34.720+0000] {logging_mixin.py:154} INFO - [2023-11-25T18:27:34.720+0000] {dag.py:3722} INFO - Setting next_dagrun for example_python_operator to None, run_after=None
[2023-11-25T18:27:34.735+0000] {processor.py:179} INFO - Processing /home/airflow/.local/lib/python3.8/site-packages/airflow/example_dags/example_python_operator.py took 0.055 seconds
[2023-11-25T18:28:05.491+0000] {processor.py:157} INFO - Started process (PID=1053) to work on /home/airflow/.local/lib/python3.8/site-packages/airflow/example_dags/example_python_operator.py
[2023-11-25T18:28:05.492+0000] {processor.py:829} INFO - Processing file /home/airflow/.local/lib/python3.8/site-packages/airflow/example_dags/example_python_operator.py for tasks to queue
[2023-11-25T18:28:05.494+0000] {logging_mixin.py:154} INFO - [2023-11-25T18:28:05.494+0000] {dagbag.py:536} INFO - Filling up the DagBag from /home/airflow/.local/lib/python3.8/site-packages/airflow/example_dags/example_python_operator.py
[2023-11-25T18:28:05.501+0000] {processor.py:839} INFO - DAG(s) dict_keys(['example_python_operator']) retrieved from /home/airflow/.local/lib/python3.8/site-packages/airflow/example_dags/example_python_operator.py
[2023-11-25T18:28:05.520+0000] {logging_mixin.py:154} INFO - [2023-11-25T18:28:05.520+0000] {dag.py:2941} INFO - Sync 1 DAGs
[2023-11-25T18:28:05.531+0000] {logging_mixin.py:154} INFO - [2023-11-25T18:28:05.531+0000] {dag.py:3722} INFO - Setting next_dagrun for example_python_operator to None, run_after=None
[2023-11-25T18:28:05.546+0000] {processor.py:179} INFO - Processing /home/airflow/.local/lib/python3.8/site-packages/airflow/example_dags/example_python_operator.py took 0.058 seconds
[2023-11-25T18:28:35.792+0000] {processor.py:157} INFO - Started process (PID=1107) to work on /home/airflow/.local/lib/python3.8/site-packages/airflow/example_dags/example_python_operator.py
[2023-11-25T18:28:35.793+0000] {processor.py:829} INFO - Processing file /home/airflow/.local/lib/python3.8/site-packages/airflow/example_dags/example_python_operator.py for tasks to queue
[2023-11-25T18:28:35.795+0000] {logging_mixin.py:154} INFO - [2023-11-25T18:28:35.795+0000] {dagbag.py:536} INFO - Filling up the DagBag from /home/airflow/.local/lib/python3.8/site-packages/airflow/example_dags/example_python_operator.py
[2023-11-25T18:28:35.802+0000] {processor.py:839} INFO - DAG(s) dict_keys(['example_python_operator']) retrieved from /home/airflow/.local/lib/python3.8/site-packages/airflow/example_dags/example_python_operator.py
[2023-11-25T18:28:35.820+0000] {logging_mixin.py:154} INFO - [2023-11-25T18:28:35.820+0000] {dag.py:2941} INFO - Sync 1 DAGs
[2023-11-25T18:28:35.830+0000] {logging_mixin.py:154} INFO - [2023-11-25T18:28:35.830+0000] {dag.py:3722} INFO - Setting next_dagrun for example_python_operator to None, run_after=None
[2023-11-25T18:28:35.846+0000] {processor.py:179} INFO - Processing /home/airflow/.local/lib/python3.8/site-packages/airflow/example_dags/example_python_operator.py took 0.056 seconds
[2023-11-25T18:29:06.820+0000] {processor.py:157} INFO - Started process (PID=1168) to work on /home/airflow/.local/lib/python3.8/site-packages/airflow/example_dags/example_python_operator.py
[2023-11-25T18:29:06.820+0000] {processor.py:829} INFO - Processing file /home/airflow/.local/lib/python3.8/site-packages/airflow/example_dags/example_python_operator.py for tasks to queue
[2023-11-25T18:29:06.822+0000] {logging_mixin.py:154} INFO - [2023-11-25T18:29:06.822+0000] {dagbag.py:536} INFO - Filling up the DagBag from /home/airflow/.local/lib/python3.8/site-packages/airflow/example_dags/example_python_operator.py
[2023-11-25T18:29:06.840+0000] {processor.py:839} INFO - DAG(s) dict_keys(['example_python_operator']) retrieved from /home/airflow/.local/lib/python3.8/site-packages/airflow/example_dags/example_python_operator.py
[2023-11-25T18:29:06.863+0000] {logging_mixin.py:154} INFO - [2023-11-25T18:29:06.862+0000] {dag.py:2941} INFO - Sync 1 DAGs
[2023-11-25T18:29:06.885+0000] {logging_mixin.py:154} INFO - [2023-11-25T18:29:06.885+0000] {dag.py:3722} INFO - Setting next_dagrun for example_python_operator to None, run_after=None
[2023-11-25T18:29:06.916+0000] {processor.py:179} INFO - Processing /home/airflow/.local/lib/python3.8/site-packages/airflow/example_dags/example_python_operator.py took 0.099 seconds
[2023-11-25T18:29:39.243+0000] {processor.py:157} INFO - Started process (PID=1222) to work on /home/airflow/.local/lib/python3.8/site-packages/airflow/example_dags/example_python_operator.py
[2023-11-25T18:29:39.244+0000] {processor.py:829} INFO - Processing file /home/airflow/.local/lib/python3.8/site-packages/airflow/example_dags/example_python_operator.py for tasks to queue
[2023-11-25T18:29:39.247+0000] {logging_mixin.py:154} INFO - [2023-11-25T18:29:39.247+0000] {dagbag.py:536} INFO - Filling up the DagBag from /home/airflow/.local/lib/python3.8/site-packages/airflow/example_dags/example_python_operator.py
[2023-11-25T18:29:39.261+0000] {processor.py:839} INFO - DAG(s) dict_keys(['example_python_operator']) retrieved from /home/airflow/.local/lib/python3.8/site-packages/airflow/example_dags/example_python_operator.py
[2023-11-25T18:29:39.297+0000] {logging_mixin.py:154} INFO - [2023-11-25T18:29:39.296+0000] {dag.py:2941} INFO - Sync 1 DAGs
[2023-11-25T18:29:39.548+0000] {logging_mixin.py:154} INFO - [2023-11-25T18:29:39.547+0000] {dag.py:3722} INFO - Setting next_dagrun for example_python_operator to None, run_after=None
[2023-11-25T18:29:39.573+0000] {processor.py:179} INFO - Processing /home/airflow/.local/lib/python3.8/site-packages/airflow/example_dags/example_python_operator.py took 0.335 seconds
[2023-11-25T18:30:09.859+0000] {processor.py:157} INFO - Started process (PID=1276) to work on /home/airflow/.local/lib/python3.8/site-packages/airflow/example_dags/example_python_operator.py
[2023-11-25T18:30:09.861+0000] {processor.py:829} INFO - Processing file /home/airflow/.local/lib/python3.8/site-packages/airflow/example_dags/example_python_operator.py for tasks to queue
[2023-11-25T18:30:09.865+0000] {logging_mixin.py:154} INFO - [2023-11-25T18:30:09.864+0000] {dagbag.py:536} INFO - Filling up the DagBag from /home/airflow/.local/lib/python3.8/site-packages/airflow/example_dags/example_python_operator.py
[2023-11-25T18:30:09.875+0000] {processor.py:839} INFO - DAG(s) dict_keys(['example_python_operator']) retrieved from /home/airflow/.local/lib/python3.8/site-packages/airflow/example_dags/example_python_operator.py
[2023-11-25T18:30:09.904+0000] {logging_mixin.py:154} INFO - [2023-11-25T18:30:09.904+0000] {dag.py:2941} INFO - Sync 1 DAGs
[2023-11-25T18:30:09.919+0000] {logging_mixin.py:154} INFO - [2023-11-25T18:30:09.919+0000] {dag.py:3722} INFO - Setting next_dagrun for example_python_operator to None, run_after=None
[2023-11-25T18:30:09.943+0000] {processor.py:179} INFO - Processing /home/airflow/.local/lib/python3.8/site-packages/airflow/example_dags/example_python_operator.py took 0.089 seconds
[2023-11-25T18:30:40.829+0000] {processor.py:157} INFO - Started process (PID=1331) to work on /home/airflow/.local/lib/python3.8/site-packages/airflow/example_dags/example_python_operator.py
[2023-11-25T18:30:40.830+0000] {processor.py:829} INFO - Processing file /home/airflow/.local/lib/python3.8/site-packages/airflow/example_dags/example_python_operator.py for tasks to queue
[2023-11-25T18:30:40.833+0000] {logging_mixin.py:154} INFO - [2023-11-25T18:30:40.833+0000] {dagbag.py:536} INFO - Filling up the DagBag from /home/airflow/.local/lib/python3.8/site-packages/airflow/example_dags/example_python_operator.py
[2023-11-25T18:30:40.845+0000] {processor.py:839} INFO - DAG(s) dict_keys(['example_python_operator']) retrieved from /home/airflow/.local/lib/python3.8/site-packages/airflow/example_dags/example_python_operator.py
[2023-11-25T18:30:40.877+0000] {logging_mixin.py:154} INFO - [2023-11-25T18:30:40.877+0000] {dag.py:2941} INFO - Sync 1 DAGs
[2023-11-25T18:30:40.895+0000] {logging_mixin.py:154} INFO - [2023-11-25T18:30:40.895+0000] {dag.py:3722} INFO - Setting next_dagrun for example_python_operator to None, run_after=None
[2023-11-25T18:30:40.923+0000] {processor.py:179} INFO - Processing /home/airflow/.local/lib/python3.8/site-packages/airflow/example_dags/example_python_operator.py took 0.100 seconds
[2023-11-25T18:31:11.425+0000] {processor.py:157} INFO - Started process (PID=1385) to work on /home/airflow/.local/lib/python3.8/site-packages/airflow/example_dags/example_python_operator.py
[2023-11-25T18:31:11.426+0000] {processor.py:829} INFO - Processing file /home/airflow/.local/lib/python3.8/site-packages/airflow/example_dags/example_python_operator.py for tasks to queue
[2023-11-25T18:31:11.429+0000] {logging_mixin.py:154} INFO - [2023-11-25T18:31:11.429+0000] {dagbag.py:536} INFO - Filling up the DagBag from /home/airflow/.local/lib/python3.8/site-packages/airflow/example_dags/example_python_operator.py
[2023-11-25T18:31:11.441+0000] {processor.py:839} INFO - DAG(s) dict_keys(['example_python_operator']) retrieved from /home/airflow/.local/lib/python3.8/site-packages/airflow/example_dags/example_python_operator.py
[2023-11-25T18:31:11.472+0000] {logging_mixin.py:154} INFO - [2023-11-25T18:31:11.472+0000] {dag.py:2941} INFO - Sync 1 DAGs
[2023-11-25T18:31:11.491+0000] {logging_mixin.py:154} INFO - [2023-11-25T18:31:11.491+0000] {dag.py:3722} INFO - Setting next_dagrun for example_python_operator to None, run_after=None
[2023-11-25T18:31:11.518+0000] {processor.py:179} INFO - Processing /home/airflow/.local/lib/python3.8/site-packages/airflow/example_dags/example_python_operator.py took 0.097 seconds
[2023-11-25T18:31:41.748+0000] {processor.py:157} INFO - Started process (PID=1439) to work on /home/airflow/.local/lib/python3.8/site-packages/airflow/example_dags/example_python_operator.py
[2023-11-25T18:31:41.749+0000] {processor.py:829} INFO - Processing file /home/airflow/.local/lib/python3.8/site-packages/airflow/example_dags/example_python_operator.py for tasks to queue
[2023-11-25T18:31:41.752+0000] {logging_mixin.py:154} INFO - [2023-11-25T18:31:41.751+0000] {dagbag.py:536} INFO - Filling up the DagBag from /home/airflow/.local/lib/python3.8/site-packages/airflow/example_dags/example_python_operator.py
[2023-11-25T18:31:41.765+0000] {processor.py:839} INFO - DAG(s) dict_keys(['example_python_operator']) retrieved from /home/airflow/.local/lib/python3.8/site-packages/airflow/example_dags/example_python_operator.py
[2023-11-25T18:31:41.793+0000] {logging_mixin.py:154} INFO - [2023-11-25T18:31:41.793+0000] {dag.py:2941} INFO - Sync 1 DAGs
[2023-11-25T18:31:41.809+0000] {logging_mixin.py:154} INFO - [2023-11-25T18:31:41.809+0000] {dag.py:3722} INFO - Setting next_dagrun for example_python_operator to None, run_after=None
[2023-11-25T18:31:41.835+0000] {processor.py:179} INFO - Processing /home/airflow/.local/lib/python3.8/site-packages/airflow/example_dags/example_python_operator.py took 0.091 seconds
[2023-11-25T18:32:12.636+0000] {processor.py:157} INFO - Started process (PID=1493) to work on /home/airflow/.local/lib/python3.8/site-packages/airflow/example_dags/example_python_operator.py
[2023-11-25T18:32:12.638+0000] {processor.py:829} INFO - Processing file /home/airflow/.local/lib/python3.8/site-packages/airflow/example_dags/example_python_operator.py for tasks to queue
[2023-11-25T18:32:12.640+0000] {logging_mixin.py:154} INFO - [2023-11-25T18:32:12.640+0000] {dagbag.py:536} INFO - Filling up the DagBag from /home/airflow/.local/lib/python3.8/site-packages/airflow/example_dags/example_python_operator.py
[2023-11-25T18:32:12.656+0000] {processor.py:839} INFO - DAG(s) dict_keys(['example_python_operator']) retrieved from /home/airflow/.local/lib/python3.8/site-packages/airflow/example_dags/example_python_operator.py
[2023-11-25T18:32:12.696+0000] {logging_mixin.py:154} INFO - [2023-11-25T18:32:12.695+0000] {dag.py:2941} INFO - Sync 1 DAGs
[2023-11-25T18:32:12.721+0000] {logging_mixin.py:154} INFO - [2023-11-25T18:32:12.721+0000] {dag.py:3722} INFO - Setting next_dagrun for example_python_operator to None, run_after=None
[2023-11-25T18:32:12.960+0000] {processor.py:179} INFO - Processing /home/airflow/.local/lib/python3.8/site-packages/airflow/example_dags/example_python_operator.py took 0.327 seconds
