[2023-11-25T18:18:51.155+0000] {processor.py:157} INFO - Started process (PID=49) to work on /home/airflow/.local/lib/python3.8/site-packages/airflow/example_dags/example_sla_dag.py
[2023-11-25T18:18:51.156+0000] {processor.py:829} INFO - Processing file /home/airflow/.local/lib/python3.8/site-packages/airflow/example_dags/example_sla_dag.py for tasks to queue
[2023-11-25T18:18:51.158+0000] {logging_mixin.py:154} INFO - [2023-11-25T18:18:51.158+0000] {dagbag.py:536} INFO - Filling up the DagBag from /home/airflow/.local/lib/python3.8/site-packages/airflow/example_dags/example_sla_dag.py
[2023-11-25T18:18:51.171+0000] {processor.py:839} INFO - DAG(s) dict_keys(['example_sla_dag']) retrieved from /home/airflow/.local/lib/python3.8/site-packages/airflow/example_dags/example_sla_dag.py
[2023-11-25T18:18:51.184+0000] {logging_mixin.py:154} INFO - [2023-11-25T18:18:51.183+0000] {dag.py:2941} INFO - Sync 1 DAGs
[2023-11-25T18:18:51.214+0000] {logging_mixin.py:154} INFO - [2023-11-25T18:18:51.214+0000] {dag.py:3722} INFO - Setting next_dagrun for example_sla_dag to 2023-11-25T18:16:00+00:00, run_after=2023-11-25T18:18:00+00:00
[2023-11-25T18:18:51.235+0000] {processor.py:179} INFO - Processing /home/airflow/.local/lib/python3.8/site-packages/airflow/example_dags/example_sla_dag.py took 0.083 seconds
[2023-11-25T18:19:21.652+0000] {processor.py:157} INFO - Started process (PID=103) to work on /home/airflow/.local/lib/python3.8/site-packages/airflow/example_dags/example_sla_dag.py
[2023-11-25T18:19:21.653+0000] {processor.py:829} INFO - Processing file /home/airflow/.local/lib/python3.8/site-packages/airflow/example_dags/example_sla_dag.py for tasks to queue
[2023-11-25T18:19:21.655+0000] {logging_mixin.py:154} INFO - [2023-11-25T18:19:21.655+0000] {dagbag.py:536} INFO - Filling up the DagBag from /home/airflow/.local/lib/python3.8/site-packages/airflow/example_dags/example_sla_dag.py
[2023-11-25T18:19:21.660+0000] {processor.py:839} INFO - DAG(s) dict_keys(['example_sla_dag']) retrieved from /home/airflow/.local/lib/python3.8/site-packages/airflow/example_dags/example_sla_dag.py
[2023-11-25T18:19:21.675+0000] {logging_mixin.py:154} INFO - [2023-11-25T18:19:21.675+0000] {dag.py:2941} INFO - Sync 1 DAGs
[2023-11-25T18:19:21.696+0000] {logging_mixin.py:154} INFO - [2023-11-25T18:19:21.696+0000] {dag.py:3722} INFO - Setting next_dagrun for example_sla_dag to 2023-11-25T18:16:00+00:00, run_after=2023-11-25T18:18:00+00:00
[2023-11-25T18:19:21.711+0000] {processor.py:179} INFO - Processing /home/airflow/.local/lib/python3.8/site-packages/airflow/example_dags/example_sla_dag.py took 0.062 seconds
[2023-11-25T18:19:52.176+0000] {processor.py:157} INFO - Started process (PID=157) to work on /home/airflow/.local/lib/python3.8/site-packages/airflow/example_dags/example_sla_dag.py
[2023-11-25T18:19:52.177+0000] {processor.py:829} INFO - Processing file /home/airflow/.local/lib/python3.8/site-packages/airflow/example_dags/example_sla_dag.py for tasks to queue
[2023-11-25T18:19:52.179+0000] {logging_mixin.py:154} INFO - [2023-11-25T18:19:52.178+0000] {dagbag.py:536} INFO - Filling up the DagBag from /home/airflow/.local/lib/python3.8/site-packages/airflow/example_dags/example_sla_dag.py
[2023-11-25T18:19:52.185+0000] {processor.py:839} INFO - DAG(s) dict_keys(['example_sla_dag']) retrieved from /home/airflow/.local/lib/python3.8/site-packages/airflow/example_dags/example_sla_dag.py
[2023-11-25T18:19:52.202+0000] {logging_mixin.py:154} INFO - [2023-11-25T18:19:52.201+0000] {dag.py:2941} INFO - Sync 1 DAGs
[2023-11-25T18:19:52.222+0000] {logging_mixin.py:154} INFO - [2023-11-25T18:19:52.222+0000] {dag.py:3722} INFO - Setting next_dagrun for example_sla_dag to 2023-11-25T18:16:00+00:00, run_after=2023-11-25T18:18:00+00:00
[2023-11-25T18:19:52.236+0000] {processor.py:179} INFO - Processing /home/airflow/.local/lib/python3.8/site-packages/airflow/example_dags/example_sla_dag.py took 0.062 seconds
[2023-11-25T18:20:22.361+0000] {processor.py:157} INFO - Started process (PID=211) to work on /home/airflow/.local/lib/python3.8/site-packages/airflow/example_dags/example_sla_dag.py
[2023-11-25T18:20:22.362+0000] {processor.py:829} INFO - Processing file /home/airflow/.local/lib/python3.8/site-packages/airflow/example_dags/example_sla_dag.py for tasks to queue
[2023-11-25T18:20:22.363+0000] {logging_mixin.py:154} INFO - [2023-11-25T18:20:22.363+0000] {dagbag.py:536} INFO - Filling up the DagBag from /home/airflow/.local/lib/python3.8/site-packages/airflow/example_dags/example_sla_dag.py
[2023-11-25T18:20:22.370+0000] {processor.py:839} INFO - DAG(s) dict_keys(['example_sla_dag']) retrieved from /home/airflow/.local/lib/python3.8/site-packages/airflow/example_dags/example_sla_dag.py
[2023-11-25T18:20:22.386+0000] {logging_mixin.py:154} INFO - [2023-11-25T18:20:22.386+0000] {dag.py:2941} INFO - Sync 1 DAGs
[2023-11-25T18:20:22.407+0000] {logging_mixin.py:154} INFO - [2023-11-25T18:20:22.407+0000] {dag.py:3722} INFO - Setting next_dagrun for example_sla_dag to 2023-11-25T18:18:00+00:00, run_after=2023-11-25T18:20:00+00:00
[2023-11-25T18:20:22.421+0000] {processor.py:179} INFO - Processing /home/airflow/.local/lib/python3.8/site-packages/airflow/example_dags/example_sla_dag.py took 0.063 seconds
[2023-11-25T18:20:52.645+0000] {processor.py:157} INFO - Started process (PID=264) to work on /home/airflow/.local/lib/python3.8/site-packages/airflow/example_dags/example_sla_dag.py
[2023-11-25T18:20:52.645+0000] {processor.py:829} INFO - Processing file /home/airflow/.local/lib/python3.8/site-packages/airflow/example_dags/example_sla_dag.py for tasks to queue
[2023-11-25T18:20:52.648+0000] {logging_mixin.py:154} INFO - [2023-11-25T18:20:52.647+0000] {dagbag.py:536} INFO - Filling up the DagBag from /home/airflow/.local/lib/python3.8/site-packages/airflow/example_dags/example_sla_dag.py
[2023-11-25T18:20:52.654+0000] {processor.py:839} INFO - DAG(s) dict_keys(['example_sla_dag']) retrieved from /home/airflow/.local/lib/python3.8/site-packages/airflow/example_dags/example_sla_dag.py
[2023-11-25T18:20:52.670+0000] {logging_mixin.py:154} INFO - [2023-11-25T18:20:52.669+0000] {dag.py:2941} INFO - Sync 1 DAGs
[2023-11-25T18:20:52.690+0000] {logging_mixin.py:154} INFO - [2023-11-25T18:20:52.690+0000] {dag.py:3722} INFO - Setting next_dagrun for example_sla_dag to 2023-11-25T18:18:00+00:00, run_after=2023-11-25T18:20:00+00:00
[2023-11-25T18:20:52.703+0000] {processor.py:179} INFO - Processing /home/airflow/.local/lib/python3.8/site-packages/airflow/example_dags/example_sla_dag.py took 0.061 seconds
[2023-11-25T18:21:22.980+0000] {processor.py:157} INFO - Started process (PID=318) to work on /home/airflow/.local/lib/python3.8/site-packages/airflow/example_dags/example_sla_dag.py
[2023-11-25T18:21:22.981+0000] {processor.py:829} INFO - Processing file /home/airflow/.local/lib/python3.8/site-packages/airflow/example_dags/example_sla_dag.py for tasks to queue
[2023-11-25T18:21:22.983+0000] {logging_mixin.py:154} INFO - [2023-11-25T18:21:22.983+0000] {dagbag.py:536} INFO - Filling up the DagBag from /home/airflow/.local/lib/python3.8/site-packages/airflow/example_dags/example_sla_dag.py
[2023-11-25T18:21:22.990+0000] {processor.py:839} INFO - DAG(s) dict_keys(['example_sla_dag']) retrieved from /home/airflow/.local/lib/python3.8/site-packages/airflow/example_dags/example_sla_dag.py
[2023-11-25T18:21:23.006+0000] {logging_mixin.py:154} INFO - [2023-11-25T18:21:23.006+0000] {dag.py:2941} INFO - Sync 1 DAGs
[2023-11-25T18:21:23.026+0000] {logging_mixin.py:154} INFO - [2023-11-25T18:21:23.026+0000] {dag.py:3722} INFO - Setting next_dagrun for example_sla_dag to 2023-11-25T18:18:00+00:00, run_after=2023-11-25T18:20:00+00:00
[2023-11-25T18:21:23.041+0000] {processor.py:179} INFO - Processing /home/airflow/.local/lib/python3.8/site-packages/airflow/example_dags/example_sla_dag.py took 0.063 seconds
[2023-11-25T18:21:53.322+0000] {processor.py:157} INFO - Started process (PID=372) to work on /home/airflow/.local/lib/python3.8/site-packages/airflow/example_dags/example_sla_dag.py
[2023-11-25T18:21:53.323+0000] {processor.py:829} INFO - Processing file /home/airflow/.local/lib/python3.8/site-packages/airflow/example_dags/example_sla_dag.py for tasks to queue
[2023-11-25T18:21:53.324+0000] {logging_mixin.py:154} INFO - [2023-11-25T18:21:53.324+0000] {dagbag.py:536} INFO - Filling up the DagBag from /home/airflow/.local/lib/python3.8/site-packages/airflow/example_dags/example_sla_dag.py
[2023-11-25T18:21:53.332+0000] {processor.py:839} INFO - DAG(s) dict_keys(['example_sla_dag']) retrieved from /home/airflow/.local/lib/python3.8/site-packages/airflow/example_dags/example_sla_dag.py
[2023-11-25T18:21:53.350+0000] {logging_mixin.py:154} INFO - [2023-11-25T18:21:53.350+0000] {dag.py:2941} INFO - Sync 1 DAGs
[2023-11-25T18:21:53.374+0000] {logging_mixin.py:154} INFO - [2023-11-25T18:21:53.373+0000] {dag.py:3722} INFO - Setting next_dagrun for example_sla_dag to 2023-11-25T18:18:00+00:00, run_after=2023-11-25T18:20:00+00:00
[2023-11-25T18:21:53.389+0000] {processor.py:179} INFO - Processing /home/airflow/.local/lib/python3.8/site-packages/airflow/example_dags/example_sla_dag.py took 0.071 seconds
[2023-11-25T18:22:23.986+0000] {processor.py:157} INFO - Started process (PID=426) to work on /home/airflow/.local/lib/python3.8/site-packages/airflow/example_dags/example_sla_dag.py
[2023-11-25T18:22:23.987+0000] {processor.py:829} INFO - Processing file /home/airflow/.local/lib/python3.8/site-packages/airflow/example_dags/example_sla_dag.py for tasks to queue
[2023-11-25T18:22:23.989+0000] {logging_mixin.py:154} INFO - [2023-11-25T18:22:23.989+0000] {dagbag.py:536} INFO - Filling up the DagBag from /home/airflow/.local/lib/python3.8/site-packages/airflow/example_dags/example_sla_dag.py
[2023-11-25T18:22:23.996+0000] {processor.py:839} INFO - DAG(s) dict_keys(['example_sla_dag']) retrieved from /home/airflow/.local/lib/python3.8/site-packages/airflow/example_dags/example_sla_dag.py
[2023-11-25T18:22:24.012+0000] {logging_mixin.py:154} INFO - [2023-11-25T18:22:24.011+0000] {dag.py:2941} INFO - Sync 1 DAGs
[2023-11-25T18:22:24.032+0000] {logging_mixin.py:154} INFO - [2023-11-25T18:22:24.032+0000] {dag.py:3722} INFO - Setting next_dagrun for example_sla_dag to 2023-11-25T18:20:00+00:00, run_after=2023-11-25T18:22:00+00:00
[2023-11-25T18:22:24.046+0000] {processor.py:179} INFO - Processing /home/airflow/.local/lib/python3.8/site-packages/airflow/example_dags/example_sla_dag.py took 0.062 seconds
[2023-11-25T18:22:54.144+0000] {processor.py:157} INFO - Started process (PID=480) to work on /home/airflow/.local/lib/python3.8/site-packages/airflow/example_dags/example_sla_dag.py
[2023-11-25T18:22:54.144+0000] {processor.py:829} INFO - Processing file /home/airflow/.local/lib/python3.8/site-packages/airflow/example_dags/example_sla_dag.py for tasks to queue
[2023-11-25T18:22:54.146+0000] {logging_mixin.py:154} INFO - [2023-11-25T18:22:54.146+0000] {dagbag.py:536} INFO - Filling up the DagBag from /home/airflow/.local/lib/python3.8/site-packages/airflow/example_dags/example_sla_dag.py
[2023-11-25T18:22:54.152+0000] {processor.py:839} INFO - DAG(s) dict_keys(['example_sla_dag']) retrieved from /home/airflow/.local/lib/python3.8/site-packages/airflow/example_dags/example_sla_dag.py
[2023-11-25T18:22:54.168+0000] {logging_mixin.py:154} INFO - [2023-11-25T18:22:54.168+0000] {dag.py:2941} INFO - Sync 1 DAGs
[2023-11-25T18:22:54.188+0000] {logging_mixin.py:154} INFO - [2023-11-25T18:22:54.188+0000] {dag.py:3722} INFO - Setting next_dagrun for example_sla_dag to 2023-11-25T18:20:00+00:00, run_after=2023-11-25T18:22:00+00:00
[2023-11-25T18:22:54.202+0000] {processor.py:179} INFO - Processing /home/airflow/.local/lib/python3.8/site-packages/airflow/example_dags/example_sla_dag.py took 0.060 seconds
[2023-11-25T18:23:24.636+0000] {processor.py:157} INFO - Started process (PID=534) to work on /home/airflow/.local/lib/python3.8/site-packages/airflow/example_dags/example_sla_dag.py
[2023-11-25T18:23:24.637+0000] {processor.py:829} INFO - Processing file /home/airflow/.local/lib/python3.8/site-packages/airflow/example_dags/example_sla_dag.py for tasks to queue
[2023-11-25T18:23:24.639+0000] {logging_mixin.py:154} INFO - [2023-11-25T18:23:24.639+0000] {dagbag.py:536} INFO - Filling up the DagBag from /home/airflow/.local/lib/python3.8/site-packages/airflow/example_dags/example_sla_dag.py
[2023-11-25T18:23:24.647+0000] {processor.py:839} INFO - DAG(s) dict_keys(['example_sla_dag']) retrieved from /home/airflow/.local/lib/python3.8/site-packages/airflow/example_dags/example_sla_dag.py
[2023-11-25T18:23:24.666+0000] {logging_mixin.py:154} INFO - [2023-11-25T18:23:24.666+0000] {dag.py:2941} INFO - Sync 1 DAGs
[2023-11-25T18:23:24.692+0000] {logging_mixin.py:154} INFO - [2023-11-25T18:23:24.691+0000] {dag.py:3722} INFO - Setting next_dagrun for example_sla_dag to 2023-11-25T18:20:00+00:00, run_after=2023-11-25T18:22:00+00:00
[2023-11-25T18:23:24.710+0000] {processor.py:179} INFO - Processing /home/airflow/.local/lib/python3.8/site-packages/airflow/example_dags/example_sla_dag.py took 0.077 seconds
[2023-11-25T18:23:55.140+0000] {processor.py:157} INFO - Started process (PID=588) to work on /home/airflow/.local/lib/python3.8/site-packages/airflow/example_dags/example_sla_dag.py
[2023-11-25T18:23:55.141+0000] {processor.py:829} INFO - Processing file /home/airflow/.local/lib/python3.8/site-packages/airflow/example_dags/example_sla_dag.py for tasks to queue
[2023-11-25T18:23:55.144+0000] {logging_mixin.py:154} INFO - [2023-11-25T18:23:55.143+0000] {dagbag.py:536} INFO - Filling up the DagBag from /home/airflow/.local/lib/python3.8/site-packages/airflow/example_dags/example_sla_dag.py
[2023-11-25T18:23:55.152+0000] {processor.py:839} INFO - DAG(s) dict_keys(['example_sla_dag']) retrieved from /home/airflow/.local/lib/python3.8/site-packages/airflow/example_dags/example_sla_dag.py
[2023-11-25T18:23:55.174+0000] {logging_mixin.py:154} INFO - [2023-11-25T18:23:55.173+0000] {dag.py:2941} INFO - Sync 1 DAGs
[2023-11-25T18:23:55.201+0000] {logging_mixin.py:154} INFO - [2023-11-25T18:23:55.201+0000] {dag.py:3722} INFO - Setting next_dagrun for example_sla_dag to 2023-11-25T18:20:00+00:00, run_after=2023-11-25T18:22:00+00:00
[2023-11-25T18:23:55.220+0000] {processor.py:179} INFO - Processing /home/airflow/.local/lib/python3.8/site-packages/airflow/example_dags/example_sla_dag.py took 0.083 seconds
[2023-11-25T18:24:25.309+0000] {processor.py:157} INFO - Started process (PID=642) to work on /home/airflow/.local/lib/python3.8/site-packages/airflow/example_dags/example_sla_dag.py
[2023-11-25T18:24:25.310+0000] {processor.py:829} INFO - Processing file /home/airflow/.local/lib/python3.8/site-packages/airflow/example_dags/example_sla_dag.py for tasks to queue
[2023-11-25T18:24:25.311+0000] {logging_mixin.py:154} INFO - [2023-11-25T18:24:25.311+0000] {dagbag.py:536} INFO - Filling up the DagBag from /home/airflow/.local/lib/python3.8/site-packages/airflow/example_dags/example_sla_dag.py
[2023-11-25T18:24:25.318+0000] {processor.py:839} INFO - DAG(s) dict_keys(['example_sla_dag']) retrieved from /home/airflow/.local/lib/python3.8/site-packages/airflow/example_dags/example_sla_dag.py
[2023-11-25T18:24:25.335+0000] {logging_mixin.py:154} INFO - [2023-11-25T18:24:25.335+0000] {dag.py:2941} INFO - Sync 1 DAGs
[2023-11-25T18:24:25.358+0000] {logging_mixin.py:154} INFO - [2023-11-25T18:24:25.357+0000] {dag.py:3722} INFO - Setting next_dagrun for example_sla_dag to 2023-11-25T18:22:00+00:00, run_after=2023-11-25T18:24:00+00:00
[2023-11-25T18:24:25.372+0000] {processor.py:179} INFO - Processing /home/airflow/.local/lib/python3.8/site-packages/airflow/example_dags/example_sla_dag.py took 0.066 seconds
[2023-11-25T18:24:55.892+0000] {processor.py:157} INFO - Started process (PID=697) to work on /home/airflow/.local/lib/python3.8/site-packages/airflow/example_dags/example_sla_dag.py
[2023-11-25T18:24:55.893+0000] {processor.py:829} INFO - Processing file /home/airflow/.local/lib/python3.8/site-packages/airflow/example_dags/example_sla_dag.py for tasks to queue
[2023-11-25T18:24:55.895+0000] {logging_mixin.py:154} INFO - [2023-11-25T18:24:55.895+0000] {dagbag.py:536} INFO - Filling up the DagBag from /home/airflow/.local/lib/python3.8/site-packages/airflow/example_dags/example_sla_dag.py
[2023-11-25T18:24:55.901+0000] {processor.py:839} INFO - DAG(s) dict_keys(['example_sla_dag']) retrieved from /home/airflow/.local/lib/python3.8/site-packages/airflow/example_dags/example_sla_dag.py
[2023-11-25T18:24:55.916+0000] {logging_mixin.py:154} INFO - [2023-11-25T18:24:55.916+0000] {dag.py:2941} INFO - Sync 1 DAGs
[2023-11-25T18:24:55.937+0000] {logging_mixin.py:154} INFO - [2023-11-25T18:24:55.937+0000] {dag.py:3722} INFO - Setting next_dagrun for example_sla_dag to 2023-11-25T18:22:00+00:00, run_after=2023-11-25T18:24:00+00:00
[2023-11-25T18:24:55.951+0000] {processor.py:179} INFO - Processing /home/airflow/.local/lib/python3.8/site-packages/airflow/example_dags/example_sla_dag.py took 0.061 seconds
[2023-11-25T18:25:26.647+0000] {processor.py:157} INFO - Started process (PID=751) to work on /home/airflow/.local/lib/python3.8/site-packages/airflow/example_dags/example_sla_dag.py
[2023-11-25T18:25:26.648+0000] {processor.py:829} INFO - Processing file /home/airflow/.local/lib/python3.8/site-packages/airflow/example_dags/example_sla_dag.py for tasks to queue
[2023-11-25T18:25:26.654+0000] {logging_mixin.py:154} INFO - [2023-11-25T18:25:26.653+0000] {dagbag.py:536} INFO - Filling up the DagBag from /home/airflow/.local/lib/python3.8/site-packages/airflow/example_dags/example_sla_dag.py
[2023-11-25T18:25:26.663+0000] {processor.py:839} INFO - DAG(s) dict_keys(['example_sla_dag']) retrieved from /home/airflow/.local/lib/python3.8/site-packages/airflow/example_dags/example_sla_dag.py
[2023-11-25T18:25:26.691+0000] {logging_mixin.py:154} INFO - [2023-11-25T18:25:26.691+0000] {dag.py:2941} INFO - Sync 1 DAGs
[2023-11-25T18:25:26.734+0000] {logging_mixin.py:154} INFO - [2023-11-25T18:25:26.734+0000] {dag.py:3722} INFO - Setting next_dagrun for example_sla_dag to 2023-11-25T18:22:00+00:00, run_after=2023-11-25T18:24:00+00:00
[2023-11-25T18:25:26.771+0000] {processor.py:179} INFO - Processing /home/airflow/.local/lib/python3.8/site-packages/airflow/example_dags/example_sla_dag.py took 0.127 seconds
[2023-11-25T18:25:56.805+0000] {processor.py:157} INFO - Started process (PID=805) to work on /home/airflow/.local/lib/python3.8/site-packages/airflow/example_dags/example_sla_dag.py
[2023-11-25T18:25:56.806+0000] {processor.py:829} INFO - Processing file /home/airflow/.local/lib/python3.8/site-packages/airflow/example_dags/example_sla_dag.py for tasks to queue
[2023-11-25T18:25:56.808+0000] {logging_mixin.py:154} INFO - [2023-11-25T18:25:56.808+0000] {dagbag.py:536} INFO - Filling up the DagBag from /home/airflow/.local/lib/python3.8/site-packages/airflow/example_dags/example_sla_dag.py
[2023-11-25T18:25:56.814+0000] {processor.py:839} INFO - DAG(s) dict_keys(['example_sla_dag']) retrieved from /home/airflow/.local/lib/python3.8/site-packages/airflow/example_dags/example_sla_dag.py
[2023-11-25T18:25:56.829+0000] {logging_mixin.py:154} INFO - [2023-11-25T18:25:56.829+0000] {dag.py:2941} INFO - Sync 1 DAGs
[2023-11-25T18:25:56.851+0000] {logging_mixin.py:154} INFO - [2023-11-25T18:25:56.851+0000] {dag.py:3722} INFO - Setting next_dagrun for example_sla_dag to 2023-11-25T18:22:00+00:00, run_after=2023-11-25T18:24:00+00:00
[2023-11-25T18:25:56.864+0000] {processor.py:179} INFO - Processing /home/airflow/.local/lib/python3.8/site-packages/airflow/example_dags/example_sla_dag.py took 0.061 seconds
[2023-11-25T18:26:27.356+0000] {processor.py:157} INFO - Started process (PID=859) to work on /home/airflow/.local/lib/python3.8/site-packages/airflow/example_dags/example_sla_dag.py
[2023-11-25T18:26:27.357+0000] {processor.py:829} INFO - Processing file /home/airflow/.local/lib/python3.8/site-packages/airflow/example_dags/example_sla_dag.py for tasks to queue
[2023-11-25T18:26:27.360+0000] {logging_mixin.py:154} INFO - [2023-11-25T18:26:27.360+0000] {dagbag.py:536} INFO - Filling up the DagBag from /home/airflow/.local/lib/python3.8/site-packages/airflow/example_dags/example_sla_dag.py
[2023-11-25T18:26:27.367+0000] {processor.py:839} INFO - DAG(s) dict_keys(['example_sla_dag']) retrieved from /home/airflow/.local/lib/python3.8/site-packages/airflow/example_dags/example_sla_dag.py
[2023-11-25T18:26:27.384+0000] {logging_mixin.py:154} INFO - [2023-11-25T18:26:27.383+0000] {dag.py:2941} INFO - Sync 1 DAGs
[2023-11-25T18:26:27.407+0000] {logging_mixin.py:154} INFO - [2023-11-25T18:26:27.406+0000] {dag.py:3722} INFO - Setting next_dagrun for example_sla_dag to 2023-11-25T18:24:00+00:00, run_after=2023-11-25T18:26:00+00:00
[2023-11-25T18:26:27.423+0000] {processor.py:179} INFO - Processing /home/airflow/.local/lib/python3.8/site-packages/airflow/example_dags/example_sla_dag.py took 0.069 seconds
[2023-11-25T18:26:57.583+0000] {processor.py:157} INFO - Started process (PID=913) to work on /home/airflow/.local/lib/python3.8/site-packages/airflow/example_dags/example_sla_dag.py
[2023-11-25T18:26:57.584+0000] {processor.py:829} INFO - Processing file /home/airflow/.local/lib/python3.8/site-packages/airflow/example_dags/example_sla_dag.py for tasks to queue
[2023-11-25T18:26:57.586+0000] {logging_mixin.py:154} INFO - [2023-11-25T18:26:57.586+0000] {dagbag.py:536} INFO - Filling up the DagBag from /home/airflow/.local/lib/python3.8/site-packages/airflow/example_dags/example_sla_dag.py
[2023-11-25T18:26:57.593+0000] {processor.py:839} INFO - DAG(s) dict_keys(['example_sla_dag']) retrieved from /home/airflow/.local/lib/python3.8/site-packages/airflow/example_dags/example_sla_dag.py
[2023-11-25T18:26:57.608+0000] {logging_mixin.py:154} INFO - [2023-11-25T18:26:57.608+0000] {dag.py:2941} INFO - Sync 1 DAGs
[2023-11-25T18:26:57.628+0000] {logging_mixin.py:154} INFO - [2023-11-25T18:26:57.628+0000] {dag.py:3722} INFO - Setting next_dagrun for example_sla_dag to 2023-11-25T18:24:00+00:00, run_after=2023-11-25T18:26:00+00:00
[2023-11-25T18:26:57.641+0000] {processor.py:179} INFO - Processing /home/airflow/.local/lib/python3.8/site-packages/airflow/example_dags/example_sla_dag.py took 0.060 seconds
[2023-11-25T18:27:28.118+0000] {processor.py:157} INFO - Started process (PID=967) to work on /home/airflow/.local/lib/python3.8/site-packages/airflow/example_dags/example_sla_dag.py
[2023-11-25T18:27:28.119+0000] {processor.py:829} INFO - Processing file /home/airflow/.local/lib/python3.8/site-packages/airflow/example_dags/example_sla_dag.py for tasks to queue
[2023-11-25T18:27:28.121+0000] {logging_mixin.py:154} INFO - [2023-11-25T18:27:28.120+0000] {dagbag.py:536} INFO - Filling up the DagBag from /home/airflow/.local/lib/python3.8/site-packages/airflow/example_dags/example_sla_dag.py
[2023-11-25T18:27:28.127+0000] {processor.py:839} INFO - DAG(s) dict_keys(['example_sla_dag']) retrieved from /home/airflow/.local/lib/python3.8/site-packages/airflow/example_dags/example_sla_dag.py
[2023-11-25T18:27:28.143+0000] {logging_mixin.py:154} INFO - [2023-11-25T18:27:28.143+0000] {dag.py:2941} INFO - Sync 1 DAGs
[2023-11-25T18:27:28.163+0000] {logging_mixin.py:154} INFO - [2023-11-25T18:27:28.163+0000] {dag.py:3722} INFO - Setting next_dagrun for example_sla_dag to 2023-11-25T18:24:00+00:00, run_after=2023-11-25T18:26:00+00:00
[2023-11-25T18:27:28.176+0000] {processor.py:179} INFO - Processing /home/airflow/.local/lib/python3.8/site-packages/airflow/example_dags/example_sla_dag.py took 0.061 seconds
[2023-11-25T18:27:58.473+0000] {processor.py:157} INFO - Started process (PID=1021) to work on /home/airflow/.local/lib/python3.8/site-packages/airflow/example_dags/example_sla_dag.py
[2023-11-25T18:27:58.474+0000] {processor.py:829} INFO - Processing file /home/airflow/.local/lib/python3.8/site-packages/airflow/example_dags/example_sla_dag.py for tasks to queue
[2023-11-25T18:27:58.476+0000] {logging_mixin.py:154} INFO - [2023-11-25T18:27:58.476+0000] {dagbag.py:536} INFO - Filling up the DagBag from /home/airflow/.local/lib/python3.8/site-packages/airflow/example_dags/example_sla_dag.py
[2023-11-25T18:27:58.482+0000] {processor.py:839} INFO - DAG(s) dict_keys(['example_sla_dag']) retrieved from /home/airflow/.local/lib/python3.8/site-packages/airflow/example_dags/example_sla_dag.py
[2023-11-25T18:27:58.499+0000] {logging_mixin.py:154} INFO - [2023-11-25T18:27:58.499+0000] {dag.py:2941} INFO - Sync 1 DAGs
[2023-11-25T18:27:58.521+0000] {logging_mixin.py:154} INFO - [2023-11-25T18:27:58.521+0000] {dag.py:3722} INFO - Setting next_dagrun for example_sla_dag to 2023-11-25T18:24:00+00:00, run_after=2023-11-25T18:26:00+00:00
[2023-11-25T18:27:58.673+0000] {processor.py:179} INFO - Processing /home/airflow/.local/lib/python3.8/site-packages/airflow/example_dags/example_sla_dag.py took 0.202 seconds
[2023-11-25T18:28:29.106+0000] {processor.py:157} INFO - Started process (PID=1075) to work on /home/airflow/.local/lib/python3.8/site-packages/airflow/example_dags/example_sla_dag.py
[2023-11-25T18:28:29.107+0000] {processor.py:829} INFO - Processing file /home/airflow/.local/lib/python3.8/site-packages/airflow/example_dags/example_sla_dag.py for tasks to queue
[2023-11-25T18:28:29.109+0000] {logging_mixin.py:154} INFO - [2023-11-25T18:28:29.108+0000] {dagbag.py:536} INFO - Filling up the DagBag from /home/airflow/.local/lib/python3.8/site-packages/airflow/example_dags/example_sla_dag.py
[2023-11-25T18:28:29.115+0000] {processor.py:839} INFO - DAG(s) dict_keys(['example_sla_dag']) retrieved from /home/airflow/.local/lib/python3.8/site-packages/airflow/example_dags/example_sla_dag.py
[2023-11-25T18:28:29.131+0000] {logging_mixin.py:154} INFO - [2023-11-25T18:28:29.131+0000] {dag.py:2941} INFO - Sync 1 DAGs
[2023-11-25T18:28:29.151+0000] {logging_mixin.py:154} INFO - [2023-11-25T18:28:29.151+0000] {dag.py:3722} INFO - Setting next_dagrun for example_sla_dag to 2023-11-25T18:26:00+00:00, run_after=2023-11-25T18:28:00+00:00
[2023-11-25T18:28:29.166+0000] {processor.py:179} INFO - Processing /home/airflow/.local/lib/python3.8/site-packages/airflow/example_dags/example_sla_dag.py took 0.062 seconds
[2023-11-25T18:28:59.375+0000] {processor.py:157} INFO - Started process (PID=1129) to work on /home/airflow/.local/lib/python3.8/site-packages/airflow/example_dags/example_sla_dag.py
[2023-11-25T18:28:59.379+0000] {processor.py:829} INFO - Processing file /home/airflow/.local/lib/python3.8/site-packages/airflow/example_dags/example_sla_dag.py for tasks to queue
[2023-11-25T18:28:59.382+0000] {logging_mixin.py:154} INFO - [2023-11-25T18:28:59.381+0000] {dagbag.py:536} INFO - Filling up the DagBag from /home/airflow/.local/lib/python3.8/site-packages/airflow/example_dags/example_sla_dag.py
[2023-11-25T18:28:59.392+0000] {processor.py:839} INFO - DAG(s) dict_keys(['example_sla_dag']) retrieved from /home/airflow/.local/lib/python3.8/site-packages/airflow/example_dags/example_sla_dag.py
[2023-11-25T18:28:59.422+0000] {logging_mixin.py:154} INFO - [2023-11-25T18:28:59.422+0000] {dag.py:2941} INFO - Sync 1 DAGs
[2023-11-25T18:28:59.462+0000] {logging_mixin.py:154} INFO - [2023-11-25T18:28:59.462+0000] {dag.py:3722} INFO - Setting next_dagrun for example_sla_dag to 2023-11-25T18:26:00+00:00, run_after=2023-11-25T18:28:00+00:00
[2023-11-25T18:28:59.487+0000] {processor.py:179} INFO - Processing /home/airflow/.local/lib/python3.8/site-packages/airflow/example_dags/example_sla_dag.py took 0.115 seconds
[2023-11-25T18:29:29.736+0000] {processor.py:157} INFO - Started process (PID=1183) to work on /home/airflow/.local/lib/python3.8/site-packages/airflow/example_dags/example_sla_dag.py
[2023-11-25T18:29:29.737+0000] {processor.py:829} INFO - Processing file /home/airflow/.local/lib/python3.8/site-packages/airflow/example_dags/example_sla_dag.py for tasks to queue
[2023-11-25T18:29:29.740+0000] {logging_mixin.py:154} INFO - [2023-11-25T18:29:29.739+0000] {dagbag.py:536} INFO - Filling up the DagBag from /home/airflow/.local/lib/python3.8/site-packages/airflow/example_dags/example_sla_dag.py
[2023-11-25T18:29:29.750+0000] {processor.py:839} INFO - DAG(s) dict_keys(['example_sla_dag']) retrieved from /home/airflow/.local/lib/python3.8/site-packages/airflow/example_dags/example_sla_dag.py
[2023-11-25T18:29:29.777+0000] {logging_mixin.py:154} INFO - [2023-11-25T18:29:29.776+0000] {dag.py:2941} INFO - Sync 1 DAGs
[2023-11-25T18:29:29.810+0000] {logging_mixin.py:154} INFO - [2023-11-25T18:29:29.810+0000] {dag.py:3722} INFO - Setting next_dagrun for example_sla_dag to 2023-11-25T18:26:00+00:00, run_after=2023-11-25T18:28:00+00:00
[2023-11-25T18:29:29.839+0000] {processor.py:179} INFO - Processing /home/airflow/.local/lib/python3.8/site-packages/airflow/example_dags/example_sla_dag.py took 0.107 seconds
[2023-11-25T18:30:00.357+0000] {processor.py:157} INFO - Started process (PID=1237) to work on /home/airflow/.local/lib/python3.8/site-packages/airflow/example_dags/example_sla_dag.py
[2023-11-25T18:30:00.358+0000] {processor.py:829} INFO - Processing file /home/airflow/.local/lib/python3.8/site-packages/airflow/example_dags/example_sla_dag.py for tasks to queue
[2023-11-25T18:30:00.360+0000] {logging_mixin.py:154} INFO - [2023-11-25T18:30:00.360+0000] {dagbag.py:536} INFO - Filling up the DagBag from /home/airflow/.local/lib/python3.8/site-packages/airflow/example_dags/example_sla_dag.py
[2023-11-25T18:30:00.370+0000] {processor.py:839} INFO - DAG(s) dict_keys(['example_sla_dag']) retrieved from /home/airflow/.local/lib/python3.8/site-packages/airflow/example_dags/example_sla_dag.py
[2023-11-25T18:30:00.401+0000] {logging_mixin.py:154} INFO - [2023-11-25T18:30:00.400+0000] {dag.py:2941} INFO - Sync 1 DAGs
[2023-11-25T18:30:00.435+0000] {logging_mixin.py:154} INFO - [2023-11-25T18:30:00.434+0000] {dag.py:3722} INFO - Setting next_dagrun for example_sla_dag to 2023-11-25T18:28:00+00:00, run_after=2023-11-25T18:30:00+00:00
[2023-11-25T18:30:00.466+0000] {processor.py:179} INFO - Processing /home/airflow/.local/lib/python3.8/site-packages/airflow/example_dags/example_sla_dag.py took 0.113 seconds
[2023-11-25T18:30:31.012+0000] {processor.py:157} INFO - Started process (PID=1291) to work on /home/airflow/.local/lib/python3.8/site-packages/airflow/example_dags/example_sla_dag.py
[2023-11-25T18:30:31.013+0000] {processor.py:829} INFO - Processing file /home/airflow/.local/lib/python3.8/site-packages/airflow/example_dags/example_sla_dag.py for tasks to queue
[2023-11-25T18:30:31.016+0000] {logging_mixin.py:154} INFO - [2023-11-25T18:30:31.016+0000] {dagbag.py:536} INFO - Filling up the DagBag from /home/airflow/.local/lib/python3.8/site-packages/airflow/example_dags/example_sla_dag.py
[2023-11-25T18:30:31.025+0000] {processor.py:839} INFO - DAG(s) dict_keys(['example_sla_dag']) retrieved from /home/airflow/.local/lib/python3.8/site-packages/airflow/example_dags/example_sla_dag.py
[2023-11-25T18:30:31.050+0000] {logging_mixin.py:154} INFO - [2023-11-25T18:30:31.050+0000] {dag.py:2941} INFO - Sync 1 DAGs
[2023-11-25T18:30:31.081+0000] {logging_mixin.py:154} INFO - [2023-11-25T18:30:31.081+0000] {dag.py:3722} INFO - Setting next_dagrun for example_sla_dag to 2023-11-25T18:28:00+00:00, run_after=2023-11-25T18:30:00+00:00
[2023-11-25T18:30:31.268+0000] {processor.py:179} INFO - Processing /home/airflow/.local/lib/python3.8/site-packages/airflow/example_dags/example_sla_dag.py took 0.260 seconds
[2023-11-25T18:31:01.363+0000] {processor.py:157} INFO - Started process (PID=1346) to work on /home/airflow/.local/lib/python3.8/site-packages/airflow/example_dags/example_sla_dag.py
[2023-11-25T18:31:01.365+0000] {processor.py:829} INFO - Processing file /home/airflow/.local/lib/python3.8/site-packages/airflow/example_dags/example_sla_dag.py for tasks to queue
[2023-11-25T18:31:01.368+0000] {logging_mixin.py:154} INFO - [2023-11-25T18:31:01.368+0000] {dagbag.py:536} INFO - Filling up the DagBag from /home/airflow/.local/lib/python3.8/site-packages/airflow/example_dags/example_sla_dag.py
[2023-11-25T18:31:01.379+0000] {processor.py:839} INFO - DAG(s) dict_keys(['example_sla_dag']) retrieved from /home/airflow/.local/lib/python3.8/site-packages/airflow/example_dags/example_sla_dag.py
[2023-11-25T18:31:01.404+0000] {logging_mixin.py:154} INFO - [2023-11-25T18:31:01.404+0000] {dag.py:2941} INFO - Sync 1 DAGs
[2023-11-25T18:31:01.435+0000] {logging_mixin.py:154} INFO - [2023-11-25T18:31:01.434+0000] {dag.py:3722} INFO - Setting next_dagrun for example_sla_dag to 2023-11-25T18:28:00+00:00, run_after=2023-11-25T18:30:00+00:00
[2023-11-25T18:31:01.456+0000] {processor.py:179} INFO - Processing /home/airflow/.local/lib/python3.8/site-packages/airflow/example_dags/example_sla_dag.py took 0.097 seconds
[2023-11-25T18:31:32.599+0000] {processor.py:157} INFO - Started process (PID=1400) to work on /home/airflow/.local/lib/python3.8/site-packages/airflow/example_dags/example_sla_dag.py
[2023-11-25T18:31:32.601+0000] {processor.py:829} INFO - Processing file /home/airflow/.local/lib/python3.8/site-packages/airflow/example_dags/example_sla_dag.py for tasks to queue
[2023-11-25T18:31:32.604+0000] {logging_mixin.py:154} INFO - [2023-11-25T18:31:32.603+0000] {dagbag.py:536} INFO - Filling up the DagBag from /home/airflow/.local/lib/python3.8/site-packages/airflow/example_dags/example_sla_dag.py
[2023-11-25T18:31:32.615+0000] {processor.py:839} INFO - DAG(s) dict_keys(['example_sla_dag']) retrieved from /home/airflow/.local/lib/python3.8/site-packages/airflow/example_dags/example_sla_dag.py
[2023-11-25T18:31:32.638+0000] {logging_mixin.py:154} INFO - [2023-11-25T18:31:32.638+0000] {dag.py:2941} INFO - Sync 1 DAGs
[2023-11-25T18:31:32.891+0000] {logging_mixin.py:154} INFO - [2023-11-25T18:31:32.891+0000] {dag.py:3722} INFO - Setting next_dagrun for example_sla_dag to 2023-11-25T18:28:00+00:00, run_after=2023-11-25T18:30:00+00:00
[2023-11-25T18:31:32.923+0000] {processor.py:179} INFO - Processing /home/airflow/.local/lib/python3.8/site-packages/airflow/example_dags/example_sla_dag.py took 0.333 seconds
[2023-11-25T18:32:03.659+0000] {processor.py:157} INFO - Started process (PID=1454) to work on /home/airflow/.local/lib/python3.8/site-packages/airflow/example_dags/example_sla_dag.py
[2023-11-25T18:32:03.660+0000] {processor.py:829} INFO - Processing file /home/airflow/.local/lib/python3.8/site-packages/airflow/example_dags/example_sla_dag.py for tasks to queue
[2023-11-25T18:32:03.662+0000] {logging_mixin.py:154} INFO - [2023-11-25T18:32:03.662+0000] {dagbag.py:536} INFO - Filling up the DagBag from /home/airflow/.local/lib/python3.8/site-packages/airflow/example_dags/example_sla_dag.py
[2023-11-25T18:32:03.671+0000] {processor.py:839} INFO - DAG(s) dict_keys(['example_sla_dag']) retrieved from /home/airflow/.local/lib/python3.8/site-packages/airflow/example_dags/example_sla_dag.py
[2023-11-25T18:32:03.690+0000] {logging_mixin.py:154} INFO - [2023-11-25T18:32:03.690+0000] {dag.py:2941} INFO - Sync 1 DAGs
[2023-11-25T18:32:03.714+0000] {logging_mixin.py:154} INFO - [2023-11-25T18:32:03.714+0000] {dag.py:3722} INFO - Setting next_dagrun for example_sla_dag to 2023-11-25T18:30:00+00:00, run_after=2023-11-25T18:32:00+00:00
[2023-11-25T18:32:03.731+0000] {processor.py:179} INFO - Processing /home/airflow/.local/lib/python3.8/site-packages/airflow/example_dags/example_sla_dag.py took 0.076 seconds
