[2023-11-25T18:18:51.574+0000] {processor.py:157} INFO - Started process (PID=57) to work on /home/airflow/.local/lib/python3.8/site-packages/airflow/example_dags/example_setup_teardown_taskflow.py
[2023-11-25T18:18:51.575+0000] {processor.py:829} INFO - Processing file /home/airflow/.local/lib/python3.8/site-packages/airflow/example_dags/example_setup_teardown_taskflow.py for tasks to queue
[2023-11-25T18:18:51.577+0000] {logging_mixin.py:154} INFO - [2023-11-25T18:18:51.577+0000] {dagbag.py:536} INFO - Filling up the DagBag from /home/airflow/.local/lib/python3.8/site-packages/airflow/example_dags/example_setup_teardown_taskflow.py
[2023-11-25T18:18:51.593+0000] {processor.py:839} INFO - DAG(s) dict_keys(['example_setup_teardown_taskflow']) retrieved from /home/airflow/.local/lib/python3.8/site-packages/airflow/example_dags/example_setup_teardown_taskflow.py
[2023-11-25T18:18:51.608+0000] {logging_mixin.py:154} INFO - [2023-11-25T18:18:51.608+0000] {dag.py:2941} INFO - Sync 1 DAGs
[2023-11-25T18:18:51.641+0000] {logging_mixin.py:154} INFO - [2023-11-25T18:18:51.641+0000] {dag.py:3722} INFO - Setting next_dagrun for example_setup_teardown_taskflow to 2023-11-24T18:18:51.640721+00:00, run_after=2023-11-25T18:18:51.640721+00:00
[2023-11-25T18:18:51.668+0000] {processor.py:179} INFO - Processing /home/airflow/.local/lib/python3.8/site-packages/airflow/example_dags/example_setup_teardown_taskflow.py took 0.097 seconds
[2023-11-25T18:19:21.985+0000] {processor.py:157} INFO - Started process (PID=111) to work on /home/airflow/.local/lib/python3.8/site-packages/airflow/example_dags/example_setup_teardown_taskflow.py
[2023-11-25T18:19:21.986+0000] {processor.py:829} INFO - Processing file /home/airflow/.local/lib/python3.8/site-packages/airflow/example_dags/example_setup_teardown_taskflow.py for tasks to queue
[2023-11-25T18:19:21.987+0000] {logging_mixin.py:154} INFO - [2023-11-25T18:19:21.987+0000] {dagbag.py:536} INFO - Filling up the DagBag from /home/airflow/.local/lib/python3.8/site-packages/airflow/example_dags/example_setup_teardown_taskflow.py
[2023-11-25T18:19:21.996+0000] {processor.py:839} INFO - DAG(s) dict_keys(['example_setup_teardown_taskflow']) retrieved from /home/airflow/.local/lib/python3.8/site-packages/airflow/example_dags/example_setup_teardown_taskflow.py
[2023-11-25T18:19:22.016+0000] {logging_mixin.py:154} INFO - [2023-11-25T18:19:22.016+0000] {dag.py:2941} INFO - Sync 1 DAGs
[2023-11-25T18:19:22.036+0000] {logging_mixin.py:154} INFO - [2023-11-25T18:19:22.035+0000] {dag.py:3722} INFO - Setting next_dagrun for example_setup_teardown_taskflow to 2023-11-24T18:19:22.035602+00:00, run_after=2023-11-25T18:19:22.035602+00:00
[2023-11-25T18:19:22.052+0000] {processor.py:179} INFO - Processing /home/airflow/.local/lib/python3.8/site-packages/airflow/example_dags/example_setup_teardown_taskflow.py took 0.070 seconds
[2023-11-25T18:19:52.517+0000] {processor.py:157} INFO - Started process (PID=165) to work on /home/airflow/.local/lib/python3.8/site-packages/airflow/example_dags/example_setup_teardown_taskflow.py
[2023-11-25T18:19:52.518+0000] {processor.py:829} INFO - Processing file /home/airflow/.local/lib/python3.8/site-packages/airflow/example_dags/example_setup_teardown_taskflow.py for tasks to queue
[2023-11-25T18:19:52.520+0000] {logging_mixin.py:154} INFO - [2023-11-25T18:19:52.520+0000] {dagbag.py:536} INFO - Filling up the DagBag from /home/airflow/.local/lib/python3.8/site-packages/airflow/example_dags/example_setup_teardown_taskflow.py
[2023-11-25T18:19:52.528+0000] {processor.py:839} INFO - DAG(s) dict_keys(['example_setup_teardown_taskflow']) retrieved from /home/airflow/.local/lib/python3.8/site-packages/airflow/example_dags/example_setup_teardown_taskflow.py
[2023-11-25T18:19:52.547+0000] {logging_mixin.py:154} INFO - [2023-11-25T18:19:52.547+0000] {dag.py:2941} INFO - Sync 1 DAGs
[2023-11-25T18:19:52.566+0000] {logging_mixin.py:154} INFO - [2023-11-25T18:19:52.566+0000] {dag.py:3722} INFO - Setting next_dagrun for example_setup_teardown_taskflow to 2023-11-24T18:19:52.566046+00:00, run_after=2023-11-25T18:19:52.566046+00:00
[2023-11-25T18:19:52.582+0000] {processor.py:179} INFO - Processing /home/airflow/.local/lib/python3.8/site-packages/airflow/example_dags/example_setup_teardown_taskflow.py took 0.067 seconds
[2023-11-25T18:20:22.878+0000] {processor.py:157} INFO - Started process (PID=219) to work on /home/airflow/.local/lib/python3.8/site-packages/airflow/example_dags/example_setup_teardown_taskflow.py
[2023-11-25T18:20:22.879+0000] {processor.py:829} INFO - Processing file /home/airflow/.local/lib/python3.8/site-packages/airflow/example_dags/example_setup_teardown_taskflow.py for tasks to queue
[2023-11-25T18:20:22.881+0000] {logging_mixin.py:154} INFO - [2023-11-25T18:20:22.880+0000] {dagbag.py:536} INFO - Filling up the DagBag from /home/airflow/.local/lib/python3.8/site-packages/airflow/example_dags/example_setup_teardown_taskflow.py
[2023-11-25T18:20:22.888+0000] {processor.py:839} INFO - DAG(s) dict_keys(['example_setup_teardown_taskflow']) retrieved from /home/airflow/.local/lib/python3.8/site-packages/airflow/example_dags/example_setup_teardown_taskflow.py
[2023-11-25T18:20:22.907+0000] {logging_mixin.py:154} INFO - [2023-11-25T18:20:22.907+0000] {dag.py:2941} INFO - Sync 1 DAGs
[2023-11-25T18:20:22.929+0000] {logging_mixin.py:154} INFO - [2023-11-25T18:20:22.929+0000] {dag.py:3722} INFO - Setting next_dagrun for example_setup_teardown_taskflow to 2023-11-24T18:20:22.928819+00:00, run_after=2023-11-25T18:20:22.928819+00:00
[2023-11-25T18:20:22.944+0000] {processor.py:179} INFO - Processing /home/airflow/.local/lib/python3.8/site-packages/airflow/example_dags/example_setup_teardown_taskflow.py took 0.068 seconds
[2023-11-25T18:20:53.136+0000] {processor.py:157} INFO - Started process (PID=273) to work on /home/airflow/.local/lib/python3.8/site-packages/airflow/example_dags/example_setup_teardown_taskflow.py
[2023-11-25T18:20:53.137+0000] {processor.py:829} INFO - Processing file /home/airflow/.local/lib/python3.8/site-packages/airflow/example_dags/example_setup_teardown_taskflow.py for tasks to queue
[2023-11-25T18:20:53.138+0000] {logging_mixin.py:154} INFO - [2023-11-25T18:20:53.138+0000] {dagbag.py:536} INFO - Filling up the DagBag from /home/airflow/.local/lib/python3.8/site-packages/airflow/example_dags/example_setup_teardown_taskflow.py
[2023-11-25T18:20:53.146+0000] {processor.py:839} INFO - DAG(s) dict_keys(['example_setup_teardown_taskflow']) retrieved from /home/airflow/.local/lib/python3.8/site-packages/airflow/example_dags/example_setup_teardown_taskflow.py
[2023-11-25T18:20:53.167+0000] {logging_mixin.py:154} INFO - [2023-11-25T18:20:53.167+0000] {dag.py:2941} INFO - Sync 1 DAGs
[2023-11-25T18:20:53.186+0000] {logging_mixin.py:154} INFO - [2023-11-25T18:20:53.186+0000] {dag.py:3722} INFO - Setting next_dagrun for example_setup_teardown_taskflow to 2023-11-24T18:20:53.186236+00:00, run_after=2023-11-25T18:20:53.186236+00:00
[2023-11-25T18:20:53.203+0000] {processor.py:179} INFO - Processing /home/airflow/.local/lib/python3.8/site-packages/airflow/example_dags/example_setup_teardown_taskflow.py took 0.069 seconds
[2023-11-25T18:21:23.473+0000] {processor.py:157} INFO - Started process (PID=327) to work on /home/airflow/.local/lib/python3.8/site-packages/airflow/example_dags/example_setup_teardown_taskflow.py
[2023-11-25T18:21:23.474+0000] {processor.py:829} INFO - Processing file /home/airflow/.local/lib/python3.8/site-packages/airflow/example_dags/example_setup_teardown_taskflow.py for tasks to queue
[2023-11-25T18:21:23.475+0000] {logging_mixin.py:154} INFO - [2023-11-25T18:21:23.475+0000] {dagbag.py:536} INFO - Filling up the DagBag from /home/airflow/.local/lib/python3.8/site-packages/airflow/example_dags/example_setup_teardown_taskflow.py
[2023-11-25T18:21:23.483+0000] {processor.py:839} INFO - DAG(s) dict_keys(['example_setup_teardown_taskflow']) retrieved from /home/airflow/.local/lib/python3.8/site-packages/airflow/example_dags/example_setup_teardown_taskflow.py
[2023-11-25T18:21:23.501+0000] {logging_mixin.py:154} INFO - [2023-11-25T18:21:23.501+0000] {dag.py:2941} INFO - Sync 1 DAGs
[2023-11-25T18:21:23.522+0000] {logging_mixin.py:154} INFO - [2023-11-25T18:21:23.522+0000] {dag.py:3722} INFO - Setting next_dagrun for example_setup_teardown_taskflow to 2023-11-24T18:21:23.522257+00:00, run_after=2023-11-25T18:21:23.522257+00:00
[2023-11-25T18:21:23.537+0000] {processor.py:179} INFO - Processing /home/airflow/.local/lib/python3.8/site-packages/airflow/example_dags/example_setup_teardown_taskflow.py took 0.067 seconds
[2023-11-25T18:21:53.903+0000] {processor.py:157} INFO - Started process (PID=381) to work on /home/airflow/.local/lib/python3.8/site-packages/airflow/example_dags/example_setup_teardown_taskflow.py
[2023-11-25T18:21:53.904+0000] {processor.py:829} INFO - Processing file /home/airflow/.local/lib/python3.8/site-packages/airflow/example_dags/example_setup_teardown_taskflow.py for tasks to queue
[2023-11-25T18:21:53.906+0000] {logging_mixin.py:154} INFO - [2023-11-25T18:21:53.906+0000] {dagbag.py:536} INFO - Filling up the DagBag from /home/airflow/.local/lib/python3.8/site-packages/airflow/example_dags/example_setup_teardown_taskflow.py
[2023-11-25T18:21:53.915+0000] {processor.py:839} INFO - DAG(s) dict_keys(['example_setup_teardown_taskflow']) retrieved from /home/airflow/.local/lib/python3.8/site-packages/airflow/example_dags/example_setup_teardown_taskflow.py
[2023-11-25T18:21:53.938+0000] {logging_mixin.py:154} INFO - [2023-11-25T18:21:53.938+0000] {dag.py:2941} INFO - Sync 1 DAGs
[2023-11-25T18:21:53.960+0000] {logging_mixin.py:154} INFO - [2023-11-25T18:21:53.960+0000] {dag.py:3722} INFO - Setting next_dagrun for example_setup_teardown_taskflow to 2023-11-24T18:21:53.959782+00:00, run_after=2023-11-25T18:21:53.959782+00:00
[2023-11-25T18:21:53.977+0000] {processor.py:179} INFO - Processing /home/airflow/.local/lib/python3.8/site-packages/airflow/example_dags/example_setup_teardown_taskflow.py took 0.077 seconds
[2023-11-25T18:22:24.651+0000] {processor.py:157} INFO - Started process (PID=435) to work on /home/airflow/.local/lib/python3.8/site-packages/airflow/example_dags/example_setup_teardown_taskflow.py
[2023-11-25T18:22:24.652+0000] {processor.py:829} INFO - Processing file /home/airflow/.local/lib/python3.8/site-packages/airflow/example_dags/example_setup_teardown_taskflow.py for tasks to queue
[2023-11-25T18:22:24.654+0000] {logging_mixin.py:154} INFO - [2023-11-25T18:22:24.653+0000] {dagbag.py:536} INFO - Filling up the DagBag from /home/airflow/.local/lib/python3.8/site-packages/airflow/example_dags/example_setup_teardown_taskflow.py
[2023-11-25T18:22:24.663+0000] {processor.py:839} INFO - DAG(s) dict_keys(['example_setup_teardown_taskflow']) retrieved from /home/airflow/.local/lib/python3.8/site-packages/airflow/example_dags/example_setup_teardown_taskflow.py
[2023-11-25T18:22:24.683+0000] {logging_mixin.py:154} INFO - [2023-11-25T18:22:24.682+0000] {dag.py:2941} INFO - Sync 1 DAGs
[2023-11-25T18:22:24.702+0000] {logging_mixin.py:154} INFO - [2023-11-25T18:22:24.702+0000] {dag.py:3722} INFO - Setting next_dagrun for example_setup_teardown_taskflow to 2023-11-24T18:22:24.701995+00:00, run_after=2023-11-25T18:22:24.701995+00:00
[2023-11-25T18:22:24.718+0000] {processor.py:179} INFO - Processing /home/airflow/.local/lib/python3.8/site-packages/airflow/example_dags/example_setup_teardown_taskflow.py took 0.070 seconds
[2023-11-25T18:22:55.573+0000] {processor.py:157} INFO - Started process (PID=489) to work on /home/airflow/.local/lib/python3.8/site-packages/airflow/example_dags/example_setup_teardown_taskflow.py
[2023-11-25T18:22:55.574+0000] {processor.py:829} INFO - Processing file /home/airflow/.local/lib/python3.8/site-packages/airflow/example_dags/example_setup_teardown_taskflow.py for tasks to queue
[2023-11-25T18:22:55.576+0000] {logging_mixin.py:154} INFO - [2023-11-25T18:22:55.576+0000] {dagbag.py:536} INFO - Filling up the DagBag from /home/airflow/.local/lib/python3.8/site-packages/airflow/example_dags/example_setup_teardown_taskflow.py
[2023-11-25T18:22:55.583+0000] {processor.py:839} INFO - DAG(s) dict_keys(['example_setup_teardown_taskflow']) retrieved from /home/airflow/.local/lib/python3.8/site-packages/airflow/example_dags/example_setup_teardown_taskflow.py
[2023-11-25T18:22:55.602+0000] {logging_mixin.py:154} INFO - [2023-11-25T18:22:55.602+0000] {dag.py:2941} INFO - Sync 1 DAGs
[2023-11-25T18:22:55.621+0000] {logging_mixin.py:154} INFO - [2023-11-25T18:22:55.621+0000] {dag.py:3722} INFO - Setting next_dagrun for example_setup_teardown_taskflow to 2023-11-24T18:22:55.621055+00:00, run_after=2023-11-25T18:22:55.621055+00:00
[2023-11-25T18:22:55.636+0000] {processor.py:179} INFO - Processing /home/airflow/.local/lib/python3.8/site-packages/airflow/example_dags/example_setup_teardown_taskflow.py took 0.065 seconds
[2023-11-25T18:23:26.129+0000] {processor.py:157} INFO - Started process (PID=543) to work on /home/airflow/.local/lib/python3.8/site-packages/airflow/example_dags/example_setup_teardown_taskflow.py
[2023-11-25T18:23:26.130+0000] {processor.py:829} INFO - Processing file /home/airflow/.local/lib/python3.8/site-packages/airflow/example_dags/example_setup_teardown_taskflow.py for tasks to queue
[2023-11-25T18:23:26.131+0000] {logging_mixin.py:154} INFO - [2023-11-25T18:23:26.131+0000] {dagbag.py:536} INFO - Filling up the DagBag from /home/airflow/.local/lib/python3.8/site-packages/airflow/example_dags/example_setup_teardown_taskflow.py
[2023-11-25T18:23:26.138+0000] {processor.py:839} INFO - DAG(s) dict_keys(['example_setup_teardown_taskflow']) retrieved from /home/airflow/.local/lib/python3.8/site-packages/airflow/example_dags/example_setup_teardown_taskflow.py
[2023-11-25T18:23:26.155+0000] {logging_mixin.py:154} INFO - [2023-11-25T18:23:26.155+0000] {dag.py:2941} INFO - Sync 1 DAGs
[2023-11-25T18:23:26.173+0000] {logging_mixin.py:154} INFO - [2023-11-25T18:23:26.172+0000] {dag.py:3722} INFO - Setting next_dagrun for example_setup_teardown_taskflow to 2023-11-24T18:23:26.172611+00:00, run_after=2023-11-25T18:23:26.172611+00:00
[2023-11-25T18:23:26.186+0000] {processor.py:179} INFO - Processing /home/airflow/.local/lib/python3.8/site-packages/airflow/example_dags/example_setup_teardown_taskflow.py took 0.059 seconds
[2023-11-25T18:23:56.715+0000] {processor.py:157} INFO - Started process (PID=597) to work on /home/airflow/.local/lib/python3.8/site-packages/airflow/example_dags/example_setup_teardown_taskflow.py
[2023-11-25T18:23:56.716+0000] {processor.py:829} INFO - Processing file /home/airflow/.local/lib/python3.8/site-packages/airflow/example_dags/example_setup_teardown_taskflow.py for tasks to queue
[2023-11-25T18:23:56.718+0000] {logging_mixin.py:154} INFO - [2023-11-25T18:23:56.718+0000] {dagbag.py:536} INFO - Filling up the DagBag from /home/airflow/.local/lib/python3.8/site-packages/airflow/example_dags/example_setup_teardown_taskflow.py
[2023-11-25T18:23:56.727+0000] {processor.py:839} INFO - DAG(s) dict_keys(['example_setup_teardown_taskflow']) retrieved from /home/airflow/.local/lib/python3.8/site-packages/airflow/example_dags/example_setup_teardown_taskflow.py
[2023-11-25T18:23:56.750+0000] {logging_mixin.py:154} INFO - [2023-11-25T18:23:56.750+0000] {dag.py:2941} INFO - Sync 1 DAGs
[2023-11-25T18:23:56.774+0000] {logging_mixin.py:154} INFO - [2023-11-25T18:23:56.774+0000] {dag.py:3722} INFO - Setting next_dagrun for example_setup_teardown_taskflow to 2023-11-24T18:23:56.773941+00:00, run_after=2023-11-25T18:23:56.773941+00:00
[2023-11-25T18:23:56.800+0000] {processor.py:179} INFO - Processing /home/airflow/.local/lib/python3.8/site-packages/airflow/example_dags/example_setup_teardown_taskflow.py took 0.088 seconds
[2023-11-25T18:24:27.827+0000] {processor.py:157} INFO - Started process (PID=651) to work on /home/airflow/.local/lib/python3.8/site-packages/airflow/example_dags/example_setup_teardown_taskflow.py
[2023-11-25T18:24:27.828+0000] {processor.py:829} INFO - Processing file /home/airflow/.local/lib/python3.8/site-packages/airflow/example_dags/example_setup_teardown_taskflow.py for tasks to queue
[2023-11-25T18:24:27.831+0000] {logging_mixin.py:154} INFO - [2023-11-25T18:24:27.831+0000] {dagbag.py:536} INFO - Filling up the DagBag from /home/airflow/.local/lib/python3.8/site-packages/airflow/example_dags/example_setup_teardown_taskflow.py
[2023-11-25T18:24:27.843+0000] {processor.py:839} INFO - DAG(s) dict_keys(['example_setup_teardown_taskflow']) retrieved from /home/airflow/.local/lib/python3.8/site-packages/airflow/example_dags/example_setup_teardown_taskflow.py
[2023-11-25T18:24:27.867+0000] {logging_mixin.py:154} INFO - [2023-11-25T18:24:27.867+0000] {dag.py:2941} INFO - Sync 1 DAGs
[2023-11-25T18:24:27.893+0000] {logging_mixin.py:154} INFO - [2023-11-25T18:24:27.893+0000] {dag.py:3722} INFO - Setting next_dagrun for example_setup_teardown_taskflow to 2023-11-24T18:24:27.892991+00:00, run_after=2023-11-25T18:24:27.892991+00:00
[2023-11-25T18:24:27.912+0000] {processor.py:179} INFO - Processing /home/airflow/.local/lib/python3.8/site-packages/airflow/example_dags/example_setup_teardown_taskflow.py took 0.088 seconds
[2023-11-25T18:24:58.391+0000] {processor.py:157} INFO - Started process (PID=706) to work on /home/airflow/.local/lib/python3.8/site-packages/airflow/example_dags/example_setup_teardown_taskflow.py
[2023-11-25T18:24:58.392+0000] {processor.py:829} INFO - Processing file /home/airflow/.local/lib/python3.8/site-packages/airflow/example_dags/example_setup_teardown_taskflow.py for tasks to queue
[2023-11-25T18:24:58.394+0000] {logging_mixin.py:154} INFO - [2023-11-25T18:24:58.394+0000] {dagbag.py:536} INFO - Filling up the DagBag from /home/airflow/.local/lib/python3.8/site-packages/airflow/example_dags/example_setup_teardown_taskflow.py
[2023-11-25T18:24:58.401+0000] {processor.py:839} INFO - DAG(s) dict_keys(['example_setup_teardown_taskflow']) retrieved from /home/airflow/.local/lib/python3.8/site-packages/airflow/example_dags/example_setup_teardown_taskflow.py
[2023-11-25T18:24:58.421+0000] {logging_mixin.py:154} INFO - [2023-11-25T18:24:58.421+0000] {dag.py:2941} INFO - Sync 1 DAGs
[2023-11-25T18:24:58.442+0000] {logging_mixin.py:154} INFO - [2023-11-25T18:24:58.441+0000] {dag.py:3722} INFO - Setting next_dagrun for example_setup_teardown_taskflow to 2023-11-24T18:24:58.441548+00:00, run_after=2023-11-25T18:24:58.441548+00:00
[2023-11-25T18:24:58.458+0000] {processor.py:179} INFO - Processing /home/airflow/.local/lib/python3.8/site-packages/airflow/example_dags/example_setup_teardown_taskflow.py took 0.069 seconds
[2023-11-25T18:25:29.557+0000] {processor.py:157} INFO - Started process (PID=760) to work on /home/airflow/.local/lib/python3.8/site-packages/airflow/example_dags/example_setup_teardown_taskflow.py
[2023-11-25T18:25:29.559+0000] {processor.py:829} INFO - Processing file /home/airflow/.local/lib/python3.8/site-packages/airflow/example_dags/example_setup_teardown_taskflow.py for tasks to queue
[2023-11-25T18:25:29.566+0000] {logging_mixin.py:154} INFO - [2023-11-25T18:25:29.565+0000] {dagbag.py:536} INFO - Filling up the DagBag from /home/airflow/.local/lib/python3.8/site-packages/airflow/example_dags/example_setup_teardown_taskflow.py
[2023-11-25T18:25:29.582+0000] {processor.py:839} INFO - DAG(s) dict_keys(['example_setup_teardown_taskflow']) retrieved from /home/airflow/.local/lib/python3.8/site-packages/airflow/example_dags/example_setup_teardown_taskflow.py
[2023-11-25T18:25:29.619+0000] {logging_mixin.py:154} INFO - [2023-11-25T18:25:29.618+0000] {dag.py:2941} INFO - Sync 1 DAGs
[2023-11-25T18:25:29.666+0000] {logging_mixin.py:154} INFO - [2023-11-25T18:25:29.665+0000] {dag.py:3722} INFO - Setting next_dagrun for example_setup_teardown_taskflow to 2023-11-24T18:25:29.665193+00:00, run_after=2023-11-25T18:25:29.665193+00:00
[2023-11-25T18:25:29.706+0000] {processor.py:179} INFO - Processing /home/airflow/.local/lib/python3.8/site-packages/airflow/example_dags/example_setup_teardown_taskflow.py took 0.155 seconds
[2023-11-25T18:26:00.419+0000] {processor.py:157} INFO - Started process (PID=814) to work on /home/airflow/.local/lib/python3.8/site-packages/airflow/example_dags/example_setup_teardown_taskflow.py
[2023-11-25T18:26:00.420+0000] {processor.py:829} INFO - Processing file /home/airflow/.local/lib/python3.8/site-packages/airflow/example_dags/example_setup_teardown_taskflow.py for tasks to queue
[2023-11-25T18:26:00.421+0000] {logging_mixin.py:154} INFO - [2023-11-25T18:26:00.421+0000] {dagbag.py:536} INFO - Filling up the DagBag from /home/airflow/.local/lib/python3.8/site-packages/airflow/example_dags/example_setup_teardown_taskflow.py
[2023-11-25T18:26:00.428+0000] {processor.py:839} INFO - DAG(s) dict_keys(['example_setup_teardown_taskflow']) retrieved from /home/airflow/.local/lib/python3.8/site-packages/airflow/example_dags/example_setup_teardown_taskflow.py
[2023-11-25T18:26:00.445+0000] {logging_mixin.py:154} INFO - [2023-11-25T18:26:00.445+0000] {dag.py:2941} INFO - Sync 1 DAGs
[2023-11-25T18:26:00.463+0000] {logging_mixin.py:154} INFO - [2023-11-25T18:26:00.462+0000] {dag.py:3722} INFO - Setting next_dagrun for example_setup_teardown_taskflow to 2023-11-24T18:26:00.462637+00:00, run_after=2023-11-25T18:26:00.462637+00:00
[2023-11-25T18:26:00.477+0000] {processor.py:179} INFO - Processing /home/airflow/.local/lib/python3.8/site-packages/airflow/example_dags/example_setup_teardown_taskflow.py took 0.061 seconds
[2023-11-25T18:26:30.873+0000] {processor.py:157} INFO - Started process (PID=868) to work on /home/airflow/.local/lib/python3.8/site-packages/airflow/example_dags/example_setup_teardown_taskflow.py
[2023-11-25T18:26:30.873+0000] {processor.py:829} INFO - Processing file /home/airflow/.local/lib/python3.8/site-packages/airflow/example_dags/example_setup_teardown_taskflow.py for tasks to queue
[2023-11-25T18:26:30.875+0000] {logging_mixin.py:154} INFO - [2023-11-25T18:26:30.875+0000] {dagbag.py:536} INFO - Filling up the DagBag from /home/airflow/.local/lib/python3.8/site-packages/airflow/example_dags/example_setup_teardown_taskflow.py
[2023-11-25T18:26:30.883+0000] {processor.py:839} INFO - DAG(s) dict_keys(['example_setup_teardown_taskflow']) retrieved from /home/airflow/.local/lib/python3.8/site-packages/airflow/example_dags/example_setup_teardown_taskflow.py
[2023-11-25T18:26:30.902+0000] {logging_mixin.py:154} INFO - [2023-11-25T18:26:30.902+0000] {dag.py:2941} INFO - Sync 1 DAGs
[2023-11-25T18:26:30.922+0000] {logging_mixin.py:154} INFO - [2023-11-25T18:26:30.922+0000] {dag.py:3722} INFO - Setting next_dagrun for example_setup_teardown_taskflow to 2023-11-24T18:26:30.922363+00:00, run_after=2023-11-25T18:26:30.922363+00:00
[2023-11-25T18:26:30.939+0000] {processor.py:179} INFO - Processing /home/airflow/.local/lib/python3.8/site-packages/airflow/example_dags/example_setup_teardown_taskflow.py took 0.069 seconds
[2023-11-25T18:27:01.178+0000] {processor.py:157} INFO - Started process (PID=922) to work on /home/airflow/.local/lib/python3.8/site-packages/airflow/example_dags/example_setup_teardown_taskflow.py
[2023-11-25T18:27:01.179+0000] {processor.py:829} INFO - Processing file /home/airflow/.local/lib/python3.8/site-packages/airflow/example_dags/example_setup_teardown_taskflow.py for tasks to queue
[2023-11-25T18:27:01.180+0000] {logging_mixin.py:154} INFO - [2023-11-25T18:27:01.180+0000] {dagbag.py:536} INFO - Filling up the DagBag from /home/airflow/.local/lib/python3.8/site-packages/airflow/example_dags/example_setup_teardown_taskflow.py
[2023-11-25T18:27:01.187+0000] {processor.py:839} INFO - DAG(s) dict_keys(['example_setup_teardown_taskflow']) retrieved from /home/airflow/.local/lib/python3.8/site-packages/airflow/example_dags/example_setup_teardown_taskflow.py
[2023-11-25T18:27:01.205+0000] {logging_mixin.py:154} INFO - [2023-11-25T18:27:01.205+0000] {dag.py:2941} INFO - Sync 1 DAGs
[2023-11-25T18:27:01.223+0000] {logging_mixin.py:154} INFO - [2023-11-25T18:27:01.222+0000] {dag.py:3722} INFO - Setting next_dagrun for example_setup_teardown_taskflow to 2023-11-24T18:27:01.222726+00:00, run_after=2023-11-25T18:27:01.222726+00:00
[2023-11-25T18:27:01.397+0000] {processor.py:179} INFO - Processing /home/airflow/.local/lib/python3.8/site-packages/airflow/example_dags/example_setup_teardown_taskflow.py took 0.221 seconds
[2023-11-25T18:27:31.452+0000] {processor.py:157} INFO - Started process (PID=975) to work on /home/airflow/.local/lib/python3.8/site-packages/airflow/example_dags/example_setup_teardown_taskflow.py
[2023-11-25T18:27:31.453+0000] {processor.py:829} INFO - Processing file /home/airflow/.local/lib/python3.8/site-packages/airflow/example_dags/example_setup_teardown_taskflow.py for tasks to queue
[2023-11-25T18:27:31.455+0000] {logging_mixin.py:154} INFO - [2023-11-25T18:27:31.454+0000] {dagbag.py:536} INFO - Filling up the DagBag from /home/airflow/.local/lib/python3.8/site-packages/airflow/example_dags/example_setup_teardown_taskflow.py
[2023-11-25T18:27:31.463+0000] {processor.py:839} INFO - DAG(s) dict_keys(['example_setup_teardown_taskflow']) retrieved from /home/airflow/.local/lib/python3.8/site-packages/airflow/example_dags/example_setup_teardown_taskflow.py
[2023-11-25T18:27:31.480+0000] {logging_mixin.py:154} INFO - [2023-11-25T18:27:31.480+0000] {dag.py:2941} INFO - Sync 1 DAGs
[2023-11-25T18:27:31.498+0000] {logging_mixin.py:154} INFO - [2023-11-25T18:27:31.498+0000] {dag.py:3722} INFO - Setting next_dagrun for example_setup_teardown_taskflow to 2023-11-24T18:27:31.497936+00:00, run_after=2023-11-25T18:27:31.497936+00:00
[2023-11-25T18:27:31.514+0000] {processor.py:179} INFO - Processing /home/airflow/.local/lib/python3.8/site-packages/airflow/example_dags/example_setup_teardown_taskflow.py took 0.064 seconds
[2023-11-25T18:28:02.200+0000] {processor.py:157} INFO - Started process (PID=1029) to work on /home/airflow/.local/lib/python3.8/site-packages/airflow/example_dags/example_setup_teardown_taskflow.py
[2023-11-25T18:28:02.201+0000] {processor.py:829} INFO - Processing file /home/airflow/.local/lib/python3.8/site-packages/airflow/example_dags/example_setup_teardown_taskflow.py for tasks to queue
[2023-11-25T18:28:02.203+0000] {logging_mixin.py:154} INFO - [2023-11-25T18:28:02.203+0000] {dagbag.py:536} INFO - Filling up the DagBag from /home/airflow/.local/lib/python3.8/site-packages/airflow/example_dags/example_setup_teardown_taskflow.py
[2023-11-25T18:28:02.210+0000] {processor.py:839} INFO - DAG(s) dict_keys(['example_setup_teardown_taskflow']) retrieved from /home/airflow/.local/lib/python3.8/site-packages/airflow/example_dags/example_setup_teardown_taskflow.py
[2023-11-25T18:28:02.229+0000] {logging_mixin.py:154} INFO - [2023-11-25T18:28:02.229+0000] {dag.py:2941} INFO - Sync 1 DAGs
[2023-11-25T18:28:02.247+0000] {logging_mixin.py:154} INFO - [2023-11-25T18:28:02.247+0000] {dag.py:3722} INFO - Setting next_dagrun for example_setup_teardown_taskflow to 2023-11-24T18:28:02.247018+00:00, run_after=2023-11-25T18:28:02.247018+00:00
[2023-11-25T18:28:02.263+0000] {processor.py:179} INFO - Processing /home/airflow/.local/lib/python3.8/site-packages/airflow/example_dags/example_setup_teardown_taskflow.py took 0.065 seconds
[2023-11-25T18:28:32.450+0000] {processor.py:157} INFO - Started process (PID=1083) to work on /home/airflow/.local/lib/python3.8/site-packages/airflow/example_dags/example_setup_teardown_taskflow.py
[2023-11-25T18:28:32.451+0000] {processor.py:829} INFO - Processing file /home/airflow/.local/lib/python3.8/site-packages/airflow/example_dags/example_setup_teardown_taskflow.py for tasks to queue
[2023-11-25T18:28:32.453+0000] {logging_mixin.py:154} INFO - [2023-11-25T18:28:32.453+0000] {dagbag.py:536} INFO - Filling up the DagBag from /home/airflow/.local/lib/python3.8/site-packages/airflow/example_dags/example_setup_teardown_taskflow.py
[2023-11-25T18:28:32.460+0000] {processor.py:839} INFO - DAG(s) dict_keys(['example_setup_teardown_taskflow']) retrieved from /home/airflow/.local/lib/python3.8/site-packages/airflow/example_dags/example_setup_teardown_taskflow.py
[2023-11-25T18:28:32.478+0000] {logging_mixin.py:154} INFO - [2023-11-25T18:28:32.477+0000] {dag.py:2941} INFO - Sync 1 DAGs
[2023-11-25T18:28:32.496+0000] {logging_mixin.py:154} INFO - [2023-11-25T18:28:32.495+0000] {dag.py:3722} INFO - Setting next_dagrun for example_setup_teardown_taskflow to 2023-11-24T18:28:32.495624+00:00, run_after=2023-11-25T18:28:32.495624+00:00
[2023-11-25T18:28:32.510+0000] {processor.py:179} INFO - Processing /home/airflow/.local/lib/python3.8/site-packages/airflow/example_dags/example_setup_teardown_taskflow.py took 0.062 seconds
[2023-11-25T18:29:02.974+0000] {processor.py:157} INFO - Started process (PID=1137) to work on /home/airflow/.local/lib/python3.8/site-packages/airflow/example_dags/example_setup_teardown_taskflow.py
[2023-11-25T18:29:02.975+0000] {processor.py:829} INFO - Processing file /home/airflow/.local/lib/python3.8/site-packages/airflow/example_dags/example_setup_teardown_taskflow.py for tasks to queue
[2023-11-25T18:29:02.978+0000] {logging_mixin.py:154} INFO - [2023-11-25T18:29:02.977+0000] {dagbag.py:536} INFO - Filling up the DagBag from /home/airflow/.local/lib/python3.8/site-packages/airflow/example_dags/example_setup_teardown_taskflow.py
[2023-11-25T18:29:02.992+0000] {processor.py:839} INFO - DAG(s) dict_keys(['example_setup_teardown_taskflow']) retrieved from /home/airflow/.local/lib/python3.8/site-packages/airflow/example_dags/example_setup_teardown_taskflow.py
[2023-11-25T18:29:03.021+0000] {logging_mixin.py:154} INFO - [2023-11-25T18:29:03.021+0000] {dag.py:2941} INFO - Sync 1 DAGs
[2023-11-25T18:29:03.064+0000] {logging_mixin.py:154} INFO - [2023-11-25T18:29:03.063+0000] {dag.py:3722} INFO - Setting next_dagrun for example_setup_teardown_taskflow to 2023-11-24T18:29:03.063517+00:00, run_after=2023-11-25T18:29:03.063517+00:00
[2023-11-25T18:29:03.109+0000] {processor.py:179} INFO - Processing /home/airflow/.local/lib/python3.8/site-packages/airflow/example_dags/example_setup_teardown_taskflow.py took 0.138 seconds
[2023-11-25T18:29:33.641+0000] {processor.py:157} INFO - Started process (PID=1191) to work on /home/airflow/.local/lib/python3.8/site-packages/airflow/example_dags/example_setup_teardown_taskflow.py
[2023-11-25T18:29:33.642+0000] {processor.py:829} INFO - Processing file /home/airflow/.local/lib/python3.8/site-packages/airflow/example_dags/example_setup_teardown_taskflow.py for tasks to queue
[2023-11-25T18:29:33.645+0000] {logging_mixin.py:154} INFO - [2023-11-25T18:29:33.645+0000] {dagbag.py:536} INFO - Filling up the DagBag from /home/airflow/.local/lib/python3.8/site-packages/airflow/example_dags/example_setup_teardown_taskflow.py
[2023-11-25T18:29:33.655+0000] {processor.py:839} INFO - DAG(s) dict_keys(['example_setup_teardown_taskflow']) retrieved from /home/airflow/.local/lib/python3.8/site-packages/airflow/example_dags/example_setup_teardown_taskflow.py
[2023-11-25T18:29:33.685+0000] {logging_mixin.py:154} INFO - [2023-11-25T18:29:33.685+0000] {dag.py:2941} INFO - Sync 1 DAGs
[2023-11-25T18:29:33.710+0000] {logging_mixin.py:154} INFO - [2023-11-25T18:29:33.710+0000] {dag.py:3722} INFO - Setting next_dagrun for example_setup_teardown_taskflow to 2023-11-24T18:29:33.710049+00:00, run_after=2023-11-25T18:29:33.710049+00:00
[2023-11-25T18:29:33.954+0000] {processor.py:179} INFO - Processing /home/airflow/.local/lib/python3.8/site-packages/airflow/example_dags/example_setup_teardown_taskflow.py took 0.316 seconds
[2023-11-25T18:30:04.007+0000] {processor.py:157} INFO - Started process (PID=1246) to work on /home/airflow/.local/lib/python3.8/site-packages/airflow/example_dags/example_setup_teardown_taskflow.py
[2023-11-25T18:30:04.008+0000] {processor.py:829} INFO - Processing file /home/airflow/.local/lib/python3.8/site-packages/airflow/example_dags/example_setup_teardown_taskflow.py for tasks to queue
[2023-11-25T18:30:04.010+0000] {logging_mixin.py:154} INFO - [2023-11-25T18:30:04.010+0000] {dagbag.py:536} INFO - Filling up the DagBag from /home/airflow/.local/lib/python3.8/site-packages/airflow/example_dags/example_setup_teardown_taskflow.py
[2023-11-25T18:30:04.025+0000] {processor.py:839} INFO - DAG(s) dict_keys(['example_setup_teardown_taskflow']) retrieved from /home/airflow/.local/lib/python3.8/site-packages/airflow/example_dags/example_setup_teardown_taskflow.py
[2023-11-25T18:30:04.050+0000] {logging_mixin.py:154} INFO - [2023-11-25T18:30:04.049+0000] {dag.py:2941} INFO - Sync 1 DAGs
[2023-11-25T18:30:04.075+0000] {logging_mixin.py:154} INFO - [2023-11-25T18:30:04.075+0000] {dag.py:3722} INFO - Setting next_dagrun for example_setup_teardown_taskflow to 2023-11-24T18:30:04.075394+00:00, run_after=2023-11-25T18:30:04.075394+00:00
[2023-11-25T18:30:04.095+0000] {processor.py:179} INFO - Processing /home/airflow/.local/lib/python3.8/site-packages/airflow/example_dags/example_setup_teardown_taskflow.py took 0.090 seconds
[2023-11-25T18:30:35.264+0000] {processor.py:157} INFO - Started process (PID=1299) to work on /home/airflow/.local/lib/python3.8/site-packages/airflow/example_dags/example_setup_teardown_taskflow.py
[2023-11-25T18:30:35.265+0000] {processor.py:829} INFO - Processing file /home/airflow/.local/lib/python3.8/site-packages/airflow/example_dags/example_setup_teardown_taskflow.py for tasks to queue
[2023-11-25T18:30:35.268+0000] {logging_mixin.py:154} INFO - [2023-11-25T18:30:35.267+0000] {dagbag.py:536} INFO - Filling up the DagBag from /home/airflow/.local/lib/python3.8/site-packages/airflow/example_dags/example_setup_teardown_taskflow.py
[2023-11-25T18:30:35.282+0000] {processor.py:839} INFO - DAG(s) dict_keys(['example_setup_teardown_taskflow']) retrieved from /home/airflow/.local/lib/python3.8/site-packages/airflow/example_dags/example_setup_teardown_taskflow.py
[2023-11-25T18:30:35.315+0000] {logging_mixin.py:154} INFO - [2023-11-25T18:30:35.314+0000] {dag.py:2941} INFO - Sync 1 DAGs
[2023-11-25T18:30:35.589+0000] {logging_mixin.py:154} INFO - [2023-11-25T18:30:35.589+0000] {dag.py:3722} INFO - Setting next_dagrun for example_setup_teardown_taskflow to 2023-11-24T18:30:35.588803+00:00, run_after=2023-11-25T18:30:35.588803+00:00
[2023-11-25T18:30:35.615+0000] {processor.py:179} INFO - Processing /home/airflow/.local/lib/python3.8/site-packages/airflow/example_dags/example_setup_teardown_taskflow.py took 0.354 seconds
[2023-11-25T18:31:06.155+0000] {processor.py:157} INFO - Started process (PID=1354) to work on /home/airflow/.local/lib/python3.8/site-packages/airflow/example_dags/example_setup_teardown_taskflow.py
[2023-11-25T18:31:06.156+0000] {processor.py:829} INFO - Processing file /home/airflow/.local/lib/python3.8/site-packages/airflow/example_dags/example_setup_teardown_taskflow.py for tasks to queue
[2023-11-25T18:31:06.158+0000] {logging_mixin.py:154} INFO - [2023-11-25T18:31:06.158+0000] {dagbag.py:536} INFO - Filling up the DagBag from /home/airflow/.local/lib/python3.8/site-packages/airflow/example_dags/example_setup_teardown_taskflow.py
[2023-11-25T18:31:06.178+0000] {processor.py:839} INFO - DAG(s) dict_keys(['example_setup_teardown_taskflow']) retrieved from /home/airflow/.local/lib/python3.8/site-packages/airflow/example_dags/example_setup_teardown_taskflow.py
[2023-11-25T18:31:06.214+0000] {logging_mixin.py:154} INFO - [2023-11-25T18:31:06.213+0000] {dag.py:2941} INFO - Sync 1 DAGs
[2023-11-25T18:31:06.254+0000] {logging_mixin.py:154} INFO - [2023-11-25T18:31:06.253+0000] {dag.py:3722} INFO - Setting next_dagrun for example_setup_teardown_taskflow to 2023-11-24T18:31:06.253411+00:00, run_after=2023-11-25T18:31:06.253411+00:00
[2023-11-25T18:31:06.280+0000] {processor.py:179} INFO - Processing /home/airflow/.local/lib/python3.8/site-packages/airflow/example_dags/example_setup_teardown_taskflow.py took 0.129 seconds
[2023-11-25T18:31:37.349+0000] {processor.py:157} INFO - Started process (PID=1415) to work on /home/airflow/.local/lib/python3.8/site-packages/airflow/example_dags/example_setup_teardown_taskflow.py
[2023-11-25T18:31:37.351+0000] {processor.py:829} INFO - Processing file /home/airflow/.local/lib/python3.8/site-packages/airflow/example_dags/example_setup_teardown_taskflow.py for tasks to queue
[2023-11-25T18:31:37.353+0000] {logging_mixin.py:154} INFO - [2023-11-25T18:31:37.353+0000] {dagbag.py:536} INFO - Filling up the DagBag from /home/airflow/.local/lib/python3.8/site-packages/airflow/example_dags/example_setup_teardown_taskflow.py
[2023-11-25T18:31:37.364+0000] {processor.py:839} INFO - DAG(s) dict_keys(['example_setup_teardown_taskflow']) retrieved from /home/airflow/.local/lib/python3.8/site-packages/airflow/example_dags/example_setup_teardown_taskflow.py
[2023-11-25T18:31:37.399+0000] {logging_mixin.py:154} INFO - [2023-11-25T18:31:37.399+0000] {dag.py:2941} INFO - Sync 1 DAGs
[2023-11-25T18:31:37.649+0000] {logging_mixin.py:154} INFO - [2023-11-25T18:31:37.649+0000] {dag.py:3722} INFO - Setting next_dagrun for example_setup_teardown_taskflow to 2023-11-24T18:31:37.648835+00:00, run_after=2023-11-25T18:31:37.648835+00:00
[2023-11-25T18:31:37.668+0000] {processor.py:179} INFO - Processing /home/airflow/.local/lib/python3.8/site-packages/airflow/example_dags/example_setup_teardown_taskflow.py took 0.325 seconds
[2023-11-25T18:32:08.348+0000] {processor.py:157} INFO - Started process (PID=1469) to work on /home/airflow/.local/lib/python3.8/site-packages/airflow/example_dags/example_setup_teardown_taskflow.py
[2023-11-25T18:32:08.350+0000] {processor.py:829} INFO - Processing file /home/airflow/.local/lib/python3.8/site-packages/airflow/example_dags/example_setup_teardown_taskflow.py for tasks to queue
[2023-11-25T18:32:08.353+0000] {logging_mixin.py:154} INFO - [2023-11-25T18:32:08.353+0000] {dagbag.py:536} INFO - Filling up the DagBag from /home/airflow/.local/lib/python3.8/site-packages/airflow/example_dags/example_setup_teardown_taskflow.py
[2023-11-25T18:32:08.368+0000] {processor.py:839} INFO - DAG(s) dict_keys(['example_setup_teardown_taskflow']) retrieved from /home/airflow/.local/lib/python3.8/site-packages/airflow/example_dags/example_setup_teardown_taskflow.py
[2023-11-25T18:32:08.400+0000] {logging_mixin.py:154} INFO - [2023-11-25T18:32:08.399+0000] {dag.py:2941} INFO - Sync 1 DAGs
[2023-11-25T18:32:08.434+0000] {logging_mixin.py:154} INFO - [2023-11-25T18:32:08.434+0000] {dag.py:3722} INFO - Setting next_dagrun for example_setup_teardown_taskflow to 2023-11-24T18:32:08.434224+00:00, run_after=2023-11-25T18:32:08.434224+00:00
[2023-11-25T18:32:08.466+0000] {processor.py:179} INFO - Processing /home/airflow/.local/lib/python3.8/site-packages/airflow/example_dags/example_setup_teardown_taskflow.py took 0.121 seconds
