[2023-11-25T18:18:52.316+0000] {processor.py:157} INFO - Started process (PID=64) to work on /home/airflow/.local/lib/python3.8/site-packages/airflow/example_dags/example_datasets.py
[2023-11-25T18:18:52.318+0000] {processor.py:829} INFO - Processing file /home/airflow/.local/lib/python3.8/site-packages/airflow/example_dags/example_datasets.py for tasks to queue
[2023-11-25T18:18:52.322+0000] {logging_mixin.py:154} INFO - [2023-11-25T18:18:52.321+0000] {dagbag.py:536} INFO - Filling up the DagBag from /home/airflow/.local/lib/python3.8/site-packages/airflow/example_dags/example_datasets.py
[2023-11-25T18:18:52.336+0000] {processor.py:839} INFO - DAG(s) dict_keys(['dataset_produces_2', 'dataset_consumes_1_never_scheduled', 'dataset_produces_1', 'dataset_consumes_unknown_never_scheduled', 'dataset_consumes_1_and_2', 'dataset_consumes_1']) retrieved from /home/airflow/.local/lib/python3.8/site-packages/airflow/example_dags/example_datasets.py
[2023-11-25T18:18:52.357+0000] {logging_mixin.py:154} INFO - [2023-11-25T18:18:52.357+0000] {dag.py:2941} INFO - Sync 6 DAGs
[2023-11-25T18:18:52.391+0000] {logging_mixin.py:154} INFO - [2023-11-25T18:18:52.391+0000] {dag.py:3722} INFO - Setting next_dagrun for dataset_consumes_1 to None, run_after=None
[2023-11-25T18:18:52.396+0000] {logging_mixin.py:154} INFO - [2023-11-25T18:18:52.396+0000] {dag.py:3722} INFO - Setting next_dagrun for dataset_consumes_1_and_2 to None, run_after=None
[2023-11-25T18:18:52.399+0000] {logging_mixin.py:154} INFO - [2023-11-25T18:18:52.398+0000] {dag.py:3722} INFO - Setting next_dagrun for dataset_consumes_1_never_scheduled to None, run_after=None
[2023-11-25T18:18:52.401+0000] {logging_mixin.py:154} INFO - [2023-11-25T18:18:52.401+0000] {dag.py:3722} INFO - Setting next_dagrun for dataset_consumes_unknown_never_scheduled to None, run_after=None
[2023-11-25T18:18:52.406+0000] {logging_mixin.py:154} INFO - [2023-11-25T18:18:52.405+0000] {dag.py:3722} INFO - Setting next_dagrun for dataset_produces_1 to 2023-11-24T00:00:00+00:00, run_after=2023-11-25T00:00:00+00:00
[2023-11-25T18:18:52.408+0000] {logging_mixin.py:154} INFO - [2023-11-25T18:18:52.408+0000] {dag.py:3722} INFO - Setting next_dagrun for dataset_produces_2 to None, run_after=None
[2023-11-25T18:18:52.450+0000] {processor.py:179} INFO - Processing /home/airflow/.local/lib/python3.8/site-packages/airflow/example_dags/example_datasets.py took 0.140 seconds
[2023-11-25T18:19:22.537+0000] {processor.py:157} INFO - Started process (PID=118) to work on /home/airflow/.local/lib/python3.8/site-packages/airflow/example_dags/example_datasets.py
[2023-11-25T18:19:22.538+0000] {processor.py:829} INFO - Processing file /home/airflow/.local/lib/python3.8/site-packages/airflow/example_dags/example_datasets.py for tasks to queue
[2023-11-25T18:19:22.540+0000] {logging_mixin.py:154} INFO - [2023-11-25T18:19:22.540+0000] {dagbag.py:536} INFO - Filling up the DagBag from /home/airflow/.local/lib/python3.8/site-packages/airflow/example_dags/example_datasets.py
[2023-11-25T18:19:22.548+0000] {processor.py:839} INFO - DAG(s) dict_keys(['dataset_consumes_unknown_never_scheduled', 'dataset_produces_1', 'dataset_consumes_1', 'dataset_produces_2', 'dataset_consumes_1_never_scheduled', 'dataset_consumes_1_and_2']) retrieved from /home/airflow/.local/lib/python3.8/site-packages/airflow/example_dags/example_datasets.py
[2023-11-25T18:19:22.577+0000] {logging_mixin.py:154} INFO - [2023-11-25T18:19:22.577+0000] {dag.py:2941} INFO - Sync 6 DAGs
[2023-11-25T18:19:22.600+0000] {logging_mixin.py:154} INFO - [2023-11-25T18:19:22.600+0000] {dag.py:3722} INFO - Setting next_dagrun for dataset_consumes_1 to None, run_after=None
[2023-11-25T18:19:22.604+0000] {logging_mixin.py:154} INFO - [2023-11-25T18:19:22.604+0000] {dag.py:3722} INFO - Setting next_dagrun for dataset_consumes_1_and_2 to None, run_after=None
[2023-11-25T18:19:22.605+0000] {logging_mixin.py:154} INFO - [2023-11-25T18:19:22.605+0000] {dag.py:3722} INFO - Setting next_dagrun for dataset_consumes_1_never_scheduled to None, run_after=None
[2023-11-25T18:19:22.607+0000] {logging_mixin.py:154} INFO - [2023-11-25T18:19:22.606+0000] {dag.py:3722} INFO - Setting next_dagrun for dataset_consumes_unknown_never_scheduled to None, run_after=None
[2023-11-25T18:19:22.609+0000] {logging_mixin.py:154} INFO - [2023-11-25T18:19:22.609+0000] {dag.py:3722} INFO - Setting next_dagrun for dataset_produces_1 to 2023-11-24T00:00:00+00:00, run_after=2023-11-25T00:00:00+00:00
[2023-11-25T18:19:22.610+0000] {logging_mixin.py:154} INFO - [2023-11-25T18:19:22.610+0000] {dag.py:3722} INFO - Setting next_dagrun for dataset_produces_2 to None, run_after=None
[2023-11-25T18:19:22.635+0000] {processor.py:179} INFO - Processing /home/airflow/.local/lib/python3.8/site-packages/airflow/example_dags/example_datasets.py took 0.101 seconds
[2023-11-25T18:19:52.909+0000] {processor.py:157} INFO - Started process (PID=172) to work on /home/airflow/.local/lib/python3.8/site-packages/airflow/example_dags/example_datasets.py
[2023-11-25T18:19:52.910+0000] {processor.py:829} INFO - Processing file /home/airflow/.local/lib/python3.8/site-packages/airflow/example_dags/example_datasets.py for tasks to queue
[2023-11-25T18:19:52.911+0000] {logging_mixin.py:154} INFO - [2023-11-25T18:19:52.911+0000] {dagbag.py:536} INFO - Filling up the DagBag from /home/airflow/.local/lib/python3.8/site-packages/airflow/example_dags/example_datasets.py
[2023-11-25T18:19:52.919+0000] {processor.py:839} INFO - DAG(s) dict_keys(['dataset_consumes_1_never_scheduled', 'dataset_produces_2', 'dataset_consumes_1_and_2', 'dataset_consumes_unknown_never_scheduled', 'dataset_produces_1', 'dataset_consumes_1']) retrieved from /home/airflow/.local/lib/python3.8/site-packages/airflow/example_dags/example_datasets.py
[2023-11-25T18:19:52.949+0000] {logging_mixin.py:154} INFO - [2023-11-25T18:19:52.949+0000] {dag.py:2941} INFO - Sync 6 DAGs
[2023-11-25T18:19:52.972+0000] {logging_mixin.py:154} INFO - [2023-11-25T18:19:52.972+0000] {dag.py:3722} INFO - Setting next_dagrun for dataset_consumes_1 to None, run_after=None
[2023-11-25T18:19:52.975+0000] {logging_mixin.py:154} INFO - [2023-11-25T18:19:52.975+0000] {dag.py:3722} INFO - Setting next_dagrun for dataset_consumes_1_and_2 to None, run_after=None
[2023-11-25T18:19:52.977+0000] {logging_mixin.py:154} INFO - [2023-11-25T18:19:52.976+0000] {dag.py:3722} INFO - Setting next_dagrun for dataset_consumes_1_never_scheduled to None, run_after=None
[2023-11-25T18:19:52.978+0000] {logging_mixin.py:154} INFO - [2023-11-25T18:19:52.978+0000] {dag.py:3722} INFO - Setting next_dagrun for dataset_consumes_unknown_never_scheduled to None, run_after=None
[2023-11-25T18:19:52.981+0000] {logging_mixin.py:154} INFO - [2023-11-25T18:19:52.981+0000] {dag.py:3722} INFO - Setting next_dagrun for dataset_produces_1 to 2023-11-24T00:00:00+00:00, run_after=2023-11-25T00:00:00+00:00
[2023-11-25T18:19:52.982+0000] {logging_mixin.py:154} INFO - [2023-11-25T18:19:52.982+0000] {dag.py:3722} INFO - Setting next_dagrun for dataset_produces_2 to None, run_after=None
[2023-11-25T18:19:53.009+0000] {processor.py:179} INFO - Processing /home/airflow/.local/lib/python3.8/site-packages/airflow/example_dags/example_datasets.py took 0.102 seconds
[2023-11-25T18:20:23.189+0000] {processor.py:157} INFO - Started process (PID=226) to work on /home/airflow/.local/lib/python3.8/site-packages/airflow/example_dags/example_datasets.py
[2023-11-25T18:20:23.190+0000] {processor.py:829} INFO - Processing file /home/airflow/.local/lib/python3.8/site-packages/airflow/example_dags/example_datasets.py for tasks to queue
[2023-11-25T18:20:23.192+0000] {logging_mixin.py:154} INFO - [2023-11-25T18:20:23.192+0000] {dagbag.py:536} INFO - Filling up the DagBag from /home/airflow/.local/lib/python3.8/site-packages/airflow/example_dags/example_datasets.py
[2023-11-25T18:20:23.200+0000] {processor.py:839} INFO - DAG(s) dict_keys(['dataset_consumes_1_and_2', 'dataset_produces_1', 'dataset_consumes_unknown_never_scheduled', 'dataset_produces_2', 'dataset_consumes_1_never_scheduled', 'dataset_consumes_1']) retrieved from /home/airflow/.local/lib/python3.8/site-packages/airflow/example_dags/example_datasets.py
[2023-11-25T18:20:23.235+0000] {logging_mixin.py:154} INFO - [2023-11-25T18:20:23.234+0000] {dag.py:2941} INFO - Sync 6 DAGs
[2023-11-25T18:20:23.256+0000] {logging_mixin.py:154} INFO - [2023-11-25T18:20:23.255+0000] {dag.py:3722} INFO - Setting next_dagrun for dataset_consumes_1 to None, run_after=None
[2023-11-25T18:20:23.259+0000] {logging_mixin.py:154} INFO - [2023-11-25T18:20:23.259+0000] {dag.py:3722} INFO - Setting next_dagrun for dataset_consumes_1_and_2 to None, run_after=None
[2023-11-25T18:20:23.260+0000] {logging_mixin.py:154} INFO - [2023-11-25T18:20:23.260+0000] {dag.py:3722} INFO - Setting next_dagrun for dataset_consumes_1_never_scheduled to None, run_after=None
[2023-11-25T18:20:23.261+0000] {logging_mixin.py:154} INFO - [2023-11-25T18:20:23.261+0000] {dag.py:3722} INFO - Setting next_dagrun for dataset_consumes_unknown_never_scheduled to None, run_after=None
[2023-11-25T18:20:23.264+0000] {logging_mixin.py:154} INFO - [2023-11-25T18:20:23.264+0000] {dag.py:3722} INFO - Setting next_dagrun for dataset_produces_1 to 2023-11-24T00:00:00+00:00, run_after=2023-11-25T00:00:00+00:00
[2023-11-25T18:20:23.265+0000] {logging_mixin.py:154} INFO - [2023-11-25T18:20:23.265+0000] {dag.py:3722} INFO - Setting next_dagrun for dataset_produces_2 to None, run_after=None
[2023-11-25T18:20:23.293+0000] {processor.py:179} INFO - Processing /home/airflow/.local/lib/python3.8/site-packages/airflow/example_dags/example_datasets.py took 0.107 seconds
[2023-11-25T18:20:53.506+0000] {processor.py:157} INFO - Started process (PID=280) to work on /home/airflow/.local/lib/python3.8/site-packages/airflow/example_dags/example_datasets.py
[2023-11-25T18:20:53.507+0000] {processor.py:829} INFO - Processing file /home/airflow/.local/lib/python3.8/site-packages/airflow/example_dags/example_datasets.py for tasks to queue
[2023-11-25T18:20:53.510+0000] {logging_mixin.py:154} INFO - [2023-11-25T18:20:53.509+0000] {dagbag.py:536} INFO - Filling up the DagBag from /home/airflow/.local/lib/python3.8/site-packages/airflow/example_dags/example_datasets.py
[2023-11-25T18:20:53.519+0000] {processor.py:839} INFO - DAG(s) dict_keys(['dataset_produces_2', 'dataset_consumes_unknown_never_scheduled', 'dataset_consumes_1', 'dataset_consumes_1_and_2', 'dataset_consumes_1_never_scheduled', 'dataset_produces_1']) retrieved from /home/airflow/.local/lib/python3.8/site-packages/airflow/example_dags/example_datasets.py
[2023-11-25T18:20:53.556+0000] {logging_mixin.py:154} INFO - [2023-11-25T18:20:53.556+0000] {dag.py:2941} INFO - Sync 6 DAGs
[2023-11-25T18:20:53.580+0000] {logging_mixin.py:154} INFO - [2023-11-25T18:20:53.579+0000] {dag.py:3722} INFO - Setting next_dagrun for dataset_consumes_1 to None, run_after=None
[2023-11-25T18:20:53.583+0000] {logging_mixin.py:154} INFO - [2023-11-25T18:20:53.583+0000] {dag.py:3722} INFO - Setting next_dagrun for dataset_consumes_1_and_2 to None, run_after=None
[2023-11-25T18:20:53.585+0000] {logging_mixin.py:154} INFO - [2023-11-25T18:20:53.585+0000] {dag.py:3722} INFO - Setting next_dagrun for dataset_consumes_1_never_scheduled to None, run_after=None
[2023-11-25T18:20:53.586+0000] {logging_mixin.py:154} INFO - [2023-11-25T18:20:53.586+0000] {dag.py:3722} INFO - Setting next_dagrun for dataset_consumes_unknown_never_scheduled to None, run_after=None
[2023-11-25T18:20:53.590+0000] {logging_mixin.py:154} INFO - [2023-11-25T18:20:53.589+0000] {dag.py:3722} INFO - Setting next_dagrun for dataset_produces_1 to 2023-11-24T00:00:00+00:00, run_after=2023-11-25T00:00:00+00:00
[2023-11-25T18:20:53.592+0000] {logging_mixin.py:154} INFO - [2023-11-25T18:20:53.591+0000] {dag.py:3722} INFO - Setting next_dagrun for dataset_produces_2 to None, run_after=None
[2023-11-25T18:20:53.623+0000] {processor.py:179} INFO - Processing /home/airflow/.local/lib/python3.8/site-packages/airflow/example_dags/example_datasets.py took 0.120 seconds
[2023-11-25T18:21:23.807+0000] {processor.py:157} INFO - Started process (PID=334) to work on /home/airflow/.local/lib/python3.8/site-packages/airflow/example_dags/example_datasets.py
[2023-11-25T18:21:23.808+0000] {processor.py:829} INFO - Processing file /home/airflow/.local/lib/python3.8/site-packages/airflow/example_dags/example_datasets.py for tasks to queue
[2023-11-25T18:21:23.809+0000] {logging_mixin.py:154} INFO - [2023-11-25T18:21:23.809+0000] {dagbag.py:536} INFO - Filling up the DagBag from /home/airflow/.local/lib/python3.8/site-packages/airflow/example_dags/example_datasets.py
[2023-11-25T18:21:23.817+0000] {processor.py:839} INFO - DAG(s) dict_keys(['dataset_consumes_1', 'dataset_produces_1', 'dataset_consumes_1_never_scheduled', 'dataset_produces_2', 'dataset_consumes_1_and_2', 'dataset_consumes_unknown_never_scheduled']) retrieved from /home/airflow/.local/lib/python3.8/site-packages/airflow/example_dags/example_datasets.py
[2023-11-25T18:21:23.852+0000] {logging_mixin.py:154} INFO - [2023-11-25T18:21:23.851+0000] {dag.py:2941} INFO - Sync 6 DAGs
[2023-11-25T18:21:23.873+0000] {logging_mixin.py:154} INFO - [2023-11-25T18:21:23.872+0000] {dag.py:3722} INFO - Setting next_dagrun for dataset_consumes_1 to None, run_after=None
[2023-11-25T18:21:23.876+0000] {logging_mixin.py:154} INFO - [2023-11-25T18:21:23.876+0000] {dag.py:3722} INFO - Setting next_dagrun for dataset_consumes_1_and_2 to None, run_after=None
[2023-11-25T18:21:23.878+0000] {logging_mixin.py:154} INFO - [2023-11-25T18:21:23.878+0000] {dag.py:3722} INFO - Setting next_dagrun for dataset_consumes_1_never_scheduled to None, run_after=None
[2023-11-25T18:21:23.879+0000] {logging_mixin.py:154} INFO - [2023-11-25T18:21:23.879+0000] {dag.py:3722} INFO - Setting next_dagrun for dataset_consumes_unknown_never_scheduled to None, run_after=None
[2023-11-25T18:21:23.882+0000] {logging_mixin.py:154} INFO - [2023-11-25T18:21:23.882+0000] {dag.py:3722} INFO - Setting next_dagrun for dataset_produces_1 to 2023-11-24T00:00:00+00:00, run_after=2023-11-25T00:00:00+00:00
[2023-11-25T18:21:23.884+0000] {logging_mixin.py:154} INFO - [2023-11-25T18:21:23.884+0000] {dag.py:3722} INFO - Setting next_dagrun for dataset_produces_2 to None, run_after=None
[2023-11-25T18:21:23.911+0000] {processor.py:179} INFO - Processing /home/airflow/.local/lib/python3.8/site-packages/airflow/example_dags/example_datasets.py took 0.107 seconds
[2023-11-25T18:21:54.285+0000] {processor.py:157} INFO - Started process (PID=388) to work on /home/airflow/.local/lib/python3.8/site-packages/airflow/example_dags/example_datasets.py
[2023-11-25T18:21:54.286+0000] {processor.py:829} INFO - Processing file /home/airflow/.local/lib/python3.8/site-packages/airflow/example_dags/example_datasets.py for tasks to queue
[2023-11-25T18:21:54.288+0000] {logging_mixin.py:154} INFO - [2023-11-25T18:21:54.288+0000] {dagbag.py:536} INFO - Filling up the DagBag from /home/airflow/.local/lib/python3.8/site-packages/airflow/example_dags/example_datasets.py
[2023-11-25T18:21:54.298+0000] {processor.py:839} INFO - DAG(s) dict_keys(['dataset_consumes_1', 'dataset_produces_1', 'dataset_consumes_1_and_2', 'dataset_consumes_unknown_never_scheduled', 'dataset_consumes_1_never_scheduled', 'dataset_produces_2']) retrieved from /home/airflow/.local/lib/python3.8/site-packages/airflow/example_dags/example_datasets.py
[2023-11-25T18:21:54.349+0000] {logging_mixin.py:154} INFO - [2023-11-25T18:21:54.349+0000] {dag.py:2941} INFO - Sync 6 DAGs
[2023-11-25T18:21:54.378+0000] {logging_mixin.py:154} INFO - [2023-11-25T18:21:54.377+0000] {dag.py:3722} INFO - Setting next_dagrun for dataset_consumes_1 to None, run_after=None
[2023-11-25T18:21:54.383+0000] {logging_mixin.py:154} INFO - [2023-11-25T18:21:54.382+0000] {dag.py:3722} INFO - Setting next_dagrun for dataset_consumes_1_and_2 to None, run_after=None
[2023-11-25T18:21:54.385+0000] {logging_mixin.py:154} INFO - [2023-11-25T18:21:54.385+0000] {dag.py:3722} INFO - Setting next_dagrun for dataset_consumes_1_never_scheduled to None, run_after=None
[2023-11-25T18:21:54.388+0000] {logging_mixin.py:154} INFO - [2023-11-25T18:21:54.388+0000] {dag.py:3722} INFO - Setting next_dagrun for dataset_consumes_unknown_never_scheduled to None, run_after=None
[2023-11-25T18:21:54.393+0000] {logging_mixin.py:154} INFO - [2023-11-25T18:21:54.393+0000] {dag.py:3722} INFO - Setting next_dagrun for dataset_produces_1 to 2023-11-24T00:00:00+00:00, run_after=2023-11-25T00:00:00+00:00
[2023-11-25T18:21:54.396+0000] {logging_mixin.py:154} INFO - [2023-11-25T18:21:54.396+0000] {dag.py:3722} INFO - Setting next_dagrun for dataset_produces_2 to None, run_after=None
[2023-11-25T18:21:54.432+0000] {processor.py:179} INFO - Processing /home/airflow/.local/lib/python3.8/site-packages/airflow/example_dags/example_datasets.py took 0.149 seconds
[2023-11-25T18:22:25.157+0000] {processor.py:157} INFO - Started process (PID=442) to work on /home/airflow/.local/lib/python3.8/site-packages/airflow/example_dags/example_datasets.py
[2023-11-25T18:22:25.160+0000] {processor.py:829} INFO - Processing file /home/airflow/.local/lib/python3.8/site-packages/airflow/example_dags/example_datasets.py for tasks to queue
[2023-11-25T18:22:25.167+0000] {logging_mixin.py:154} INFO - [2023-11-25T18:22:25.166+0000] {dagbag.py:536} INFO - Filling up the DagBag from /home/airflow/.local/lib/python3.8/site-packages/airflow/example_dags/example_datasets.py
[2023-11-25T18:22:25.198+0000] {processor.py:839} INFO - DAG(s) dict_keys(['dataset_consumes_unknown_never_scheduled', 'dataset_consumes_1_and_2', 'dataset_consumes_1', 'dataset_consumes_1_never_scheduled', 'dataset_produces_2', 'dataset_produces_1']) retrieved from /home/airflow/.local/lib/python3.8/site-packages/airflow/example_dags/example_datasets.py
[2023-11-25T18:22:25.324+0000] {logging_mixin.py:154} INFO - [2023-11-25T18:22:25.323+0000] {dag.py:2941} INFO - Sync 6 DAGs
[2023-11-25T18:22:25.349+0000] {logging_mixin.py:154} INFO - [2023-11-25T18:22:25.349+0000] {dag.py:3722} INFO - Setting next_dagrun for dataset_consumes_1 to None, run_after=None
[2023-11-25T18:22:25.353+0000] {logging_mixin.py:154} INFO - [2023-11-25T18:22:25.353+0000] {dag.py:3722} INFO - Setting next_dagrun for dataset_consumes_1_and_2 to None, run_after=None
[2023-11-25T18:22:25.355+0000] {logging_mixin.py:154} INFO - [2023-11-25T18:22:25.355+0000] {dag.py:3722} INFO - Setting next_dagrun for dataset_consumes_1_never_scheduled to None, run_after=None
[2023-11-25T18:22:25.356+0000] {logging_mixin.py:154} INFO - [2023-11-25T18:22:25.356+0000] {dag.py:3722} INFO - Setting next_dagrun for dataset_consumes_unknown_never_scheduled to None, run_after=None
[2023-11-25T18:22:25.360+0000] {logging_mixin.py:154} INFO - [2023-11-25T18:22:25.359+0000] {dag.py:3722} INFO - Setting next_dagrun for dataset_produces_1 to 2023-11-24T00:00:00+00:00, run_after=2023-11-25T00:00:00+00:00
[2023-11-25T18:22:25.361+0000] {logging_mixin.py:154} INFO - [2023-11-25T18:22:25.361+0000] {dag.py:3722} INFO - Setting next_dagrun for dataset_produces_2 to None, run_after=None
[2023-11-25T18:22:25.393+0000] {processor.py:179} INFO - Processing /home/airflow/.local/lib/python3.8/site-packages/airflow/example_dags/example_datasets.py took 0.244 seconds
[2023-11-25T18:22:56.007+0000] {processor.py:157} INFO - Started process (PID=497) to work on /home/airflow/.local/lib/python3.8/site-packages/airflow/example_dags/example_datasets.py
[2023-11-25T18:22:56.008+0000] {processor.py:829} INFO - Processing file /home/airflow/.local/lib/python3.8/site-packages/airflow/example_dags/example_datasets.py for tasks to queue
[2023-11-25T18:22:56.009+0000] {logging_mixin.py:154} INFO - [2023-11-25T18:22:56.009+0000] {dagbag.py:536} INFO - Filling up the DagBag from /home/airflow/.local/lib/python3.8/site-packages/airflow/example_dags/example_datasets.py
[2023-11-25T18:22:56.017+0000] {processor.py:839} INFO - DAG(s) dict_keys(['dataset_consumes_1_and_2', 'dataset_consumes_1_never_scheduled', 'dataset_produces_2', 'dataset_produces_1', 'dataset_consumes_unknown_never_scheduled', 'dataset_consumes_1']) retrieved from /home/airflow/.local/lib/python3.8/site-packages/airflow/example_dags/example_datasets.py
[2023-11-25T18:22:56.048+0000] {logging_mixin.py:154} INFO - [2023-11-25T18:22:56.048+0000] {dag.py:2941} INFO - Sync 6 DAGs
[2023-11-25T18:22:56.070+0000] {logging_mixin.py:154} INFO - [2023-11-25T18:22:56.070+0000] {dag.py:3722} INFO - Setting next_dagrun for dataset_consumes_1 to None, run_after=None
[2023-11-25T18:22:56.074+0000] {logging_mixin.py:154} INFO - [2023-11-25T18:22:56.074+0000] {dag.py:3722} INFO - Setting next_dagrun for dataset_consumes_1_and_2 to None, run_after=None
[2023-11-25T18:22:56.075+0000] {logging_mixin.py:154} INFO - [2023-11-25T18:22:56.075+0000] {dag.py:3722} INFO - Setting next_dagrun for dataset_consumes_1_never_scheduled to None, run_after=None
[2023-11-25T18:22:56.077+0000] {logging_mixin.py:154} INFO - [2023-11-25T18:22:56.076+0000] {dag.py:3722} INFO - Setting next_dagrun for dataset_consumes_unknown_never_scheduled to None, run_after=None
[2023-11-25T18:22:56.079+0000] {logging_mixin.py:154} INFO - [2023-11-25T18:22:56.079+0000] {dag.py:3722} INFO - Setting next_dagrun for dataset_produces_1 to 2023-11-24T00:00:00+00:00, run_after=2023-11-25T00:00:00+00:00
[2023-11-25T18:22:56.080+0000] {logging_mixin.py:154} INFO - [2023-11-25T18:22:56.080+0000] {dag.py:3722} INFO - Setting next_dagrun for dataset_produces_2 to None, run_after=None
[2023-11-25T18:22:56.106+0000] {processor.py:179} INFO - Processing /home/airflow/.local/lib/python3.8/site-packages/airflow/example_dags/example_datasets.py took 0.102 seconds
[2023-11-25T18:23:26.548+0000] {processor.py:157} INFO - Started process (PID=550) to work on /home/airflow/.local/lib/python3.8/site-packages/airflow/example_dags/example_datasets.py
[2023-11-25T18:23:26.549+0000] {processor.py:829} INFO - Processing file /home/airflow/.local/lib/python3.8/site-packages/airflow/example_dags/example_datasets.py for tasks to queue
[2023-11-25T18:23:26.551+0000] {logging_mixin.py:154} INFO - [2023-11-25T18:23:26.550+0000] {dagbag.py:536} INFO - Filling up the DagBag from /home/airflow/.local/lib/python3.8/site-packages/airflow/example_dags/example_datasets.py
[2023-11-25T18:23:26.558+0000] {processor.py:839} INFO - DAG(s) dict_keys(['dataset_consumes_1_never_scheduled', 'dataset_produces_1', 'dataset_consumes_unknown_never_scheduled', 'dataset_consumes_1', 'dataset_consumes_1_and_2', 'dataset_produces_2']) retrieved from /home/airflow/.local/lib/python3.8/site-packages/airflow/example_dags/example_datasets.py
[2023-11-25T18:23:26.589+0000] {logging_mixin.py:154} INFO - [2023-11-25T18:23:26.589+0000] {dag.py:2941} INFO - Sync 6 DAGs
[2023-11-25T18:23:26.610+0000] {logging_mixin.py:154} INFO - [2023-11-25T18:23:26.610+0000] {dag.py:3722} INFO - Setting next_dagrun for dataset_consumes_1 to None, run_after=None
[2023-11-25T18:23:26.614+0000] {logging_mixin.py:154} INFO - [2023-11-25T18:23:26.614+0000] {dag.py:3722} INFO - Setting next_dagrun for dataset_consumes_1_and_2 to None, run_after=None
[2023-11-25T18:23:26.615+0000] {logging_mixin.py:154} INFO - [2023-11-25T18:23:26.615+0000] {dag.py:3722} INFO - Setting next_dagrun for dataset_consumes_1_never_scheduled to None, run_after=None
[2023-11-25T18:23:26.617+0000] {logging_mixin.py:154} INFO - [2023-11-25T18:23:26.616+0000] {dag.py:3722} INFO - Setting next_dagrun for dataset_consumes_unknown_never_scheduled to None, run_after=None
[2023-11-25T18:23:26.619+0000] {logging_mixin.py:154} INFO - [2023-11-25T18:23:26.619+0000] {dag.py:3722} INFO - Setting next_dagrun for dataset_produces_1 to 2023-11-24T00:00:00+00:00, run_after=2023-11-25T00:00:00+00:00
[2023-11-25T18:23:26.621+0000] {logging_mixin.py:154} INFO - [2023-11-25T18:23:26.621+0000] {dag.py:3722} INFO - Setting next_dagrun for dataset_produces_2 to None, run_after=None
[2023-11-25T18:23:26.649+0000] {processor.py:179} INFO - Processing /home/airflow/.local/lib/python3.8/site-packages/airflow/example_dags/example_datasets.py took 0.104 seconds
[2023-11-25T18:23:57.315+0000] {processor.py:157} INFO - Started process (PID=604) to work on /home/airflow/.local/lib/python3.8/site-packages/airflow/example_dags/example_datasets.py
[2023-11-25T18:23:57.317+0000] {processor.py:829} INFO - Processing file /home/airflow/.local/lib/python3.8/site-packages/airflow/example_dags/example_datasets.py for tasks to queue
[2023-11-25T18:23:57.320+0000] {logging_mixin.py:154} INFO - [2023-11-25T18:23:57.320+0000] {dagbag.py:536} INFO - Filling up the DagBag from /home/airflow/.local/lib/python3.8/site-packages/airflow/example_dags/example_datasets.py
[2023-11-25T18:23:57.335+0000] {processor.py:839} INFO - DAG(s) dict_keys(['dataset_produces_2', 'dataset_consumes_unknown_never_scheduled', 'dataset_produces_1', 'dataset_consumes_1_and_2', 'dataset_consumes_1', 'dataset_consumes_1_never_scheduled']) retrieved from /home/airflow/.local/lib/python3.8/site-packages/airflow/example_dags/example_datasets.py
[2023-11-25T18:23:57.396+0000] {logging_mixin.py:154} INFO - [2023-11-25T18:23:57.396+0000] {dag.py:2941} INFO - Sync 6 DAGs
[2023-11-25T18:23:57.421+0000] {logging_mixin.py:154} INFO - [2023-11-25T18:23:57.421+0000] {dag.py:3722} INFO - Setting next_dagrun for dataset_consumes_1 to None, run_after=None
[2023-11-25T18:23:57.425+0000] {logging_mixin.py:154} INFO - [2023-11-25T18:23:57.425+0000] {dag.py:3722} INFO - Setting next_dagrun for dataset_consumes_1_and_2 to None, run_after=None
[2023-11-25T18:23:57.427+0000] {logging_mixin.py:154} INFO - [2023-11-25T18:23:57.427+0000] {dag.py:3722} INFO - Setting next_dagrun for dataset_consumes_1_never_scheduled to None, run_after=None
[2023-11-25T18:23:57.428+0000] {logging_mixin.py:154} INFO - [2023-11-25T18:23:57.428+0000] {dag.py:3722} INFO - Setting next_dagrun for dataset_consumes_unknown_never_scheduled to None, run_after=None
[2023-11-25T18:23:57.431+0000] {logging_mixin.py:154} INFO - [2023-11-25T18:23:57.431+0000] {dag.py:3722} INFO - Setting next_dagrun for dataset_produces_1 to 2023-11-24T00:00:00+00:00, run_after=2023-11-25T00:00:00+00:00
[2023-11-25T18:23:57.433+0000] {logging_mixin.py:154} INFO - [2023-11-25T18:23:57.433+0000] {dag.py:3722} INFO - Setting next_dagrun for dataset_produces_2 to None, run_after=None
[2023-11-25T18:23:57.465+0000] {processor.py:179} INFO - Processing /home/airflow/.local/lib/python3.8/site-packages/airflow/example_dags/example_datasets.py took 0.154 seconds
[2023-11-25T18:24:28.246+0000] {processor.py:157} INFO - Started process (PID=658) to work on /home/airflow/.local/lib/python3.8/site-packages/airflow/example_dags/example_datasets.py
[2023-11-25T18:24:28.247+0000] {processor.py:829} INFO - Processing file /home/airflow/.local/lib/python3.8/site-packages/airflow/example_dags/example_datasets.py for tasks to queue
[2023-11-25T18:24:28.249+0000] {logging_mixin.py:154} INFO - [2023-11-25T18:24:28.249+0000] {dagbag.py:536} INFO - Filling up the DagBag from /home/airflow/.local/lib/python3.8/site-packages/airflow/example_dags/example_datasets.py
[2023-11-25T18:24:28.258+0000] {processor.py:839} INFO - DAG(s) dict_keys(['dataset_produces_1', 'dataset_consumes_1_never_scheduled', 'dataset_consumes_1_and_2', 'dataset_produces_2', 'dataset_consumes_unknown_never_scheduled', 'dataset_consumes_1']) retrieved from /home/airflow/.local/lib/python3.8/site-packages/airflow/example_dags/example_datasets.py
[2023-11-25T18:24:28.294+0000] {logging_mixin.py:154} INFO - [2023-11-25T18:24:28.294+0000] {dag.py:2941} INFO - Sync 6 DAGs
[2023-11-25T18:24:28.318+0000] {logging_mixin.py:154} INFO - [2023-11-25T18:24:28.318+0000] {dag.py:3722} INFO - Setting next_dagrun for dataset_consumes_1 to None, run_after=None
[2023-11-25T18:24:28.322+0000] {logging_mixin.py:154} INFO - [2023-11-25T18:24:28.322+0000] {dag.py:3722} INFO - Setting next_dagrun for dataset_consumes_1_and_2 to None, run_after=None
[2023-11-25T18:24:28.324+0000] {logging_mixin.py:154} INFO - [2023-11-25T18:24:28.323+0000] {dag.py:3722} INFO - Setting next_dagrun for dataset_consumes_1_never_scheduled to None, run_after=None
[2023-11-25T18:24:28.325+0000] {logging_mixin.py:154} INFO - [2023-11-25T18:24:28.325+0000] {dag.py:3722} INFO - Setting next_dagrun for dataset_consumes_unknown_never_scheduled to None, run_after=None
[2023-11-25T18:24:28.328+0000] {logging_mixin.py:154} INFO - [2023-11-25T18:24:28.328+0000] {dag.py:3722} INFO - Setting next_dagrun for dataset_produces_1 to 2023-11-24T00:00:00+00:00, run_after=2023-11-25T00:00:00+00:00
[2023-11-25T18:24:28.330+0000] {logging_mixin.py:154} INFO - [2023-11-25T18:24:28.330+0000] {dag.py:3722} INFO - Setting next_dagrun for dataset_produces_2 to None, run_after=None
[2023-11-25T18:24:28.362+0000] {processor.py:179} INFO - Processing /home/airflow/.local/lib/python3.8/site-packages/airflow/example_dags/example_datasets.py took 0.119 seconds
[2023-11-25T18:24:58.835+0000] {processor.py:157} INFO - Started process (PID=713) to work on /home/airflow/.local/lib/python3.8/site-packages/airflow/example_dags/example_datasets.py
[2023-11-25T18:24:58.836+0000] {processor.py:829} INFO - Processing file /home/airflow/.local/lib/python3.8/site-packages/airflow/example_dags/example_datasets.py for tasks to queue
[2023-11-25T18:24:58.838+0000] {logging_mixin.py:154} INFO - [2023-11-25T18:24:58.838+0000] {dagbag.py:536} INFO - Filling up the DagBag from /home/airflow/.local/lib/python3.8/site-packages/airflow/example_dags/example_datasets.py
[2023-11-25T18:24:58.846+0000] {processor.py:839} INFO - DAG(s) dict_keys(['dataset_consumes_1', 'dataset_consumes_1_never_scheduled', 'dataset_consumes_unknown_never_scheduled', 'dataset_produces_1', 'dataset_consumes_1_and_2', 'dataset_produces_2']) retrieved from /home/airflow/.local/lib/python3.8/site-packages/airflow/example_dags/example_datasets.py
[2023-11-25T18:24:58.880+0000] {logging_mixin.py:154} INFO - [2023-11-25T18:24:58.879+0000] {dag.py:2941} INFO - Sync 6 DAGs
[2023-11-25T18:24:58.900+0000] {logging_mixin.py:154} INFO - [2023-11-25T18:24:58.900+0000] {dag.py:3722} INFO - Setting next_dagrun for dataset_consumes_1 to None, run_after=None
[2023-11-25T18:24:58.903+0000] {logging_mixin.py:154} INFO - [2023-11-25T18:24:58.903+0000] {dag.py:3722} INFO - Setting next_dagrun for dataset_consumes_1_and_2 to None, run_after=None
[2023-11-25T18:24:58.904+0000] {logging_mixin.py:154} INFO - [2023-11-25T18:24:58.904+0000] {dag.py:3722} INFO - Setting next_dagrun for dataset_consumes_1_never_scheduled to None, run_after=None
[2023-11-25T18:24:58.905+0000] {logging_mixin.py:154} INFO - [2023-11-25T18:24:58.905+0000] {dag.py:3722} INFO - Setting next_dagrun for dataset_consumes_unknown_never_scheduled to None, run_after=None
[2023-11-25T18:24:58.908+0000] {logging_mixin.py:154} INFO - [2023-11-25T18:24:58.908+0000] {dag.py:3722} INFO - Setting next_dagrun for dataset_produces_1 to 2023-11-24T00:00:00+00:00, run_after=2023-11-25T00:00:00+00:00
[2023-11-25T18:24:58.910+0000] {logging_mixin.py:154} INFO - [2023-11-25T18:24:58.910+0000] {dag.py:3722} INFO - Setting next_dagrun for dataset_produces_2 to None, run_after=None
[2023-11-25T18:24:58.938+0000] {processor.py:179} INFO - Processing /home/airflow/.local/lib/python3.8/site-packages/airflow/example_dags/example_datasets.py took 0.106 seconds
[2023-11-25T18:25:30.407+0000] {processor.py:157} INFO - Started process (PID=767) to work on /home/airflow/.local/lib/python3.8/site-packages/airflow/example_dags/example_datasets.py
[2023-11-25T18:25:30.408+0000] {processor.py:829} INFO - Processing file /home/airflow/.local/lib/python3.8/site-packages/airflow/example_dags/example_datasets.py for tasks to queue
[2023-11-25T18:25:30.411+0000] {logging_mixin.py:154} INFO - [2023-11-25T18:25:30.411+0000] {dagbag.py:536} INFO - Filling up the DagBag from /home/airflow/.local/lib/python3.8/site-packages/airflow/example_dags/example_datasets.py
[2023-11-25T18:25:30.423+0000] {processor.py:839} INFO - DAG(s) dict_keys(['dataset_consumes_1_and_2', 'dataset_produces_1', 'dataset_consumes_1', 'dataset_consumes_unknown_never_scheduled', 'dataset_produces_2', 'dataset_consumes_1_never_scheduled']) retrieved from /home/airflow/.local/lib/python3.8/site-packages/airflow/example_dags/example_datasets.py
[2023-11-25T18:25:30.479+0000] {logging_mixin.py:154} INFO - [2023-11-25T18:25:30.478+0000] {dag.py:2941} INFO - Sync 6 DAGs
[2023-11-25T18:25:30.513+0000] {logging_mixin.py:154} INFO - [2023-11-25T18:25:30.513+0000] {dag.py:3722} INFO - Setting next_dagrun for dataset_consumes_1 to None, run_after=None
[2023-11-25T18:25:30.518+0000] {logging_mixin.py:154} INFO - [2023-11-25T18:25:30.518+0000] {dag.py:3722} INFO - Setting next_dagrun for dataset_consumes_1_and_2 to None, run_after=None
[2023-11-25T18:25:30.524+0000] {logging_mixin.py:154} INFO - [2023-11-25T18:25:30.523+0000] {dag.py:3722} INFO - Setting next_dagrun for dataset_consumes_1_never_scheduled to None, run_after=None
[2023-11-25T18:25:30.527+0000] {logging_mixin.py:154} INFO - [2023-11-25T18:25:30.527+0000] {dag.py:3722} INFO - Setting next_dagrun for dataset_consumes_unknown_never_scheduled to None, run_after=None
[2023-11-25T18:25:30.532+0000] {logging_mixin.py:154} INFO - [2023-11-25T18:25:30.532+0000] {dag.py:3722} INFO - Setting next_dagrun for dataset_produces_1 to 2023-11-24T00:00:00+00:00, run_after=2023-11-25T00:00:00+00:00
[2023-11-25T18:25:30.535+0000] {logging_mixin.py:154} INFO - [2023-11-25T18:25:30.535+0000] {dag.py:3722} INFO - Setting next_dagrun for dataset_produces_2 to None, run_after=None
[2023-11-25T18:25:30.585+0000] {processor.py:179} INFO - Processing /home/airflow/.local/lib/python3.8/site-packages/airflow/example_dags/example_datasets.py took 0.181 seconds
[2023-11-25T18:26:00.844+0000] {processor.py:157} INFO - Started process (PID=821) to work on /home/airflow/.local/lib/python3.8/site-packages/airflow/example_dags/example_datasets.py
[2023-11-25T18:26:00.845+0000] {processor.py:829} INFO - Processing file /home/airflow/.local/lib/python3.8/site-packages/airflow/example_dags/example_datasets.py for tasks to queue
[2023-11-25T18:26:00.847+0000] {logging_mixin.py:154} INFO - [2023-11-25T18:26:00.846+0000] {dagbag.py:536} INFO - Filling up the DagBag from /home/airflow/.local/lib/python3.8/site-packages/airflow/example_dags/example_datasets.py
[2023-11-25T18:26:00.855+0000] {processor.py:839} INFO - DAG(s) dict_keys(['dataset_consumes_unknown_never_scheduled', 'dataset_produces_1', 'dataset_consumes_1', 'dataset_consumes_1_and_2', 'dataset_produces_2', 'dataset_consumes_1_never_scheduled']) retrieved from /home/airflow/.local/lib/python3.8/site-packages/airflow/example_dags/example_datasets.py
[2023-11-25T18:26:00.886+0000] {logging_mixin.py:154} INFO - [2023-11-25T18:26:00.886+0000] {dag.py:2941} INFO - Sync 6 DAGs
[2023-11-25T18:26:00.909+0000] {logging_mixin.py:154} INFO - [2023-11-25T18:26:00.909+0000] {dag.py:3722} INFO - Setting next_dagrun for dataset_consumes_1 to None, run_after=None
[2023-11-25T18:26:00.913+0000] {logging_mixin.py:154} INFO - [2023-11-25T18:26:00.913+0000] {dag.py:3722} INFO - Setting next_dagrun for dataset_consumes_1_and_2 to None, run_after=None
[2023-11-25T18:26:00.915+0000] {logging_mixin.py:154} INFO - [2023-11-25T18:26:00.915+0000] {dag.py:3722} INFO - Setting next_dagrun for dataset_consumes_1_never_scheduled to None, run_after=None
[2023-11-25T18:26:00.916+0000] {logging_mixin.py:154} INFO - [2023-11-25T18:26:00.916+0000] {dag.py:3722} INFO - Setting next_dagrun for dataset_consumes_unknown_never_scheduled to None, run_after=None
[2023-11-25T18:26:00.919+0000] {logging_mixin.py:154} INFO - [2023-11-25T18:26:00.919+0000] {dag.py:3722} INFO - Setting next_dagrun for dataset_produces_1 to 2023-11-24T00:00:00+00:00, run_after=2023-11-25T00:00:00+00:00
[2023-11-25T18:26:00.921+0000] {logging_mixin.py:154} INFO - [2023-11-25T18:26:00.921+0000] {dag.py:3722} INFO - Setting next_dagrun for dataset_produces_2 to None, run_after=None
[2023-11-25T18:26:00.950+0000] {processor.py:179} INFO - Processing /home/airflow/.local/lib/python3.8/site-packages/airflow/example_dags/example_datasets.py took 0.108 seconds
[2023-11-25T18:26:31.318+0000] {processor.py:157} INFO - Started process (PID=875) to work on /home/airflow/.local/lib/python3.8/site-packages/airflow/example_dags/example_datasets.py
[2023-11-25T18:26:31.319+0000] {processor.py:829} INFO - Processing file /home/airflow/.local/lib/python3.8/site-packages/airflow/example_dags/example_datasets.py for tasks to queue
[2023-11-25T18:26:31.321+0000] {logging_mixin.py:154} INFO - [2023-11-25T18:26:31.320+0000] {dagbag.py:536} INFO - Filling up the DagBag from /home/airflow/.local/lib/python3.8/site-packages/airflow/example_dags/example_datasets.py
[2023-11-25T18:26:31.331+0000] {processor.py:839} INFO - DAG(s) dict_keys(['dataset_produces_1', 'dataset_produces_2', 'dataset_consumes_1', 'dataset_consumes_1_and_2', 'dataset_consumes_unknown_never_scheduled', 'dataset_consumes_1_never_scheduled']) retrieved from /home/airflow/.local/lib/python3.8/site-packages/airflow/example_dags/example_datasets.py
[2023-11-25T18:26:31.368+0000] {logging_mixin.py:154} INFO - [2023-11-25T18:26:31.368+0000] {dag.py:2941} INFO - Sync 6 DAGs
[2023-11-25T18:26:31.392+0000] {logging_mixin.py:154} INFO - [2023-11-25T18:26:31.392+0000] {dag.py:3722} INFO - Setting next_dagrun for dataset_consumes_1 to None, run_after=None
[2023-11-25T18:26:31.397+0000] {logging_mixin.py:154} INFO - [2023-11-25T18:26:31.396+0000] {dag.py:3722} INFO - Setting next_dagrun for dataset_consumes_1_and_2 to None, run_after=None
[2023-11-25T18:26:31.398+0000] {logging_mixin.py:154} INFO - [2023-11-25T18:26:31.398+0000] {dag.py:3722} INFO - Setting next_dagrun for dataset_consumes_1_never_scheduled to None, run_after=None
[2023-11-25T18:26:31.400+0000] {logging_mixin.py:154} INFO - [2023-11-25T18:26:31.400+0000] {dag.py:3722} INFO - Setting next_dagrun for dataset_consumes_unknown_never_scheduled to None, run_after=None
[2023-11-25T18:26:31.403+0000] {logging_mixin.py:154} INFO - [2023-11-25T18:26:31.403+0000] {dag.py:3722} INFO - Setting next_dagrun for dataset_produces_1 to 2023-11-24T00:00:00+00:00, run_after=2023-11-25T00:00:00+00:00
[2023-11-25T18:26:31.405+0000] {logging_mixin.py:154} INFO - [2023-11-25T18:26:31.405+0000] {dag.py:3722} INFO - Setting next_dagrun for dataset_produces_2 to None, run_after=None
[2023-11-25T18:26:31.436+0000] {processor.py:179} INFO - Processing /home/airflow/.local/lib/python3.8/site-packages/airflow/example_dags/example_datasets.py took 0.121 seconds
[2023-11-25T18:27:02.034+0000] {processor.py:157} INFO - Started process (PID=929) to work on /home/airflow/.local/lib/python3.8/site-packages/airflow/example_dags/example_datasets.py
[2023-11-25T18:27:02.035+0000] {processor.py:829} INFO - Processing file /home/airflow/.local/lib/python3.8/site-packages/airflow/example_dags/example_datasets.py for tasks to queue
[2023-11-25T18:27:02.036+0000] {logging_mixin.py:154} INFO - [2023-11-25T18:27:02.036+0000] {dagbag.py:536} INFO - Filling up the DagBag from /home/airflow/.local/lib/python3.8/site-packages/airflow/example_dags/example_datasets.py
[2023-11-25T18:27:02.044+0000] {processor.py:839} INFO - DAG(s) dict_keys(['dataset_consumes_1_never_scheduled', 'dataset_consumes_1', 'dataset_produces_1', 'dataset_consumes_1_and_2', 'dataset_consumes_unknown_never_scheduled', 'dataset_produces_2']) retrieved from /home/airflow/.local/lib/python3.8/site-packages/airflow/example_dags/example_datasets.py
[2023-11-25T18:27:02.077+0000] {logging_mixin.py:154} INFO - [2023-11-25T18:27:02.077+0000] {dag.py:2941} INFO - Sync 6 DAGs
[2023-11-25T18:27:02.100+0000] {logging_mixin.py:154} INFO - [2023-11-25T18:27:02.100+0000] {dag.py:3722} INFO - Setting next_dagrun for dataset_consumes_1 to None, run_after=None
[2023-11-25T18:27:02.104+0000] {logging_mixin.py:154} INFO - [2023-11-25T18:27:02.104+0000] {dag.py:3722} INFO - Setting next_dagrun for dataset_consumes_1_and_2 to None, run_after=None
[2023-11-25T18:27:02.105+0000] {logging_mixin.py:154} INFO - [2023-11-25T18:27:02.105+0000] {dag.py:3722} INFO - Setting next_dagrun for dataset_consumes_1_never_scheduled to None, run_after=None
[2023-11-25T18:27:02.106+0000] {logging_mixin.py:154} INFO - [2023-11-25T18:27:02.106+0000] {dag.py:3722} INFO - Setting next_dagrun for dataset_consumes_unknown_never_scheduled to None, run_after=None
[2023-11-25T18:27:02.109+0000] {logging_mixin.py:154} INFO - [2023-11-25T18:27:02.109+0000] {dag.py:3722} INFO - Setting next_dagrun for dataset_produces_1 to 2023-11-24T00:00:00+00:00, run_after=2023-11-25T00:00:00+00:00
[2023-11-25T18:27:02.111+0000] {logging_mixin.py:154} INFO - [2023-11-25T18:27:02.111+0000] {dag.py:3722} INFO - Setting next_dagrun for dataset_produces_2 to None, run_after=None
[2023-11-25T18:27:02.138+0000] {processor.py:179} INFO - Processing /home/airflow/.local/lib/python3.8/site-packages/airflow/example_dags/example_datasets.py took 0.107 seconds
[2023-11-25T18:27:32.939+0000] {processor.py:157} INFO - Started process (PID=983) to work on /home/airflow/.local/lib/python3.8/site-packages/airflow/example_dags/example_datasets.py
[2023-11-25T18:27:32.940+0000] {processor.py:829} INFO - Processing file /home/airflow/.local/lib/python3.8/site-packages/airflow/example_dags/example_datasets.py for tasks to queue
[2023-11-25T18:27:32.942+0000] {logging_mixin.py:154} INFO - [2023-11-25T18:27:32.942+0000] {dagbag.py:536} INFO - Filling up the DagBag from /home/airflow/.local/lib/python3.8/site-packages/airflow/example_dags/example_datasets.py
[2023-11-25T18:27:32.950+0000] {processor.py:839} INFO - DAG(s) dict_keys(['dataset_consumes_1_never_scheduled', 'dataset_consumes_unknown_never_scheduled', 'dataset_produces_2', 'dataset_consumes_1_and_2', 'dataset_consumes_1', 'dataset_produces_1']) retrieved from /home/airflow/.local/lib/python3.8/site-packages/airflow/example_dags/example_datasets.py
[2023-11-25T18:27:32.991+0000] {logging_mixin.py:154} INFO - [2023-11-25T18:27:32.991+0000] {dag.py:2941} INFO - Sync 6 DAGs
[2023-11-25T18:27:33.013+0000] {logging_mixin.py:154} INFO - [2023-11-25T18:27:33.013+0000] {dag.py:3722} INFO - Setting next_dagrun for dataset_consumes_1 to None, run_after=None
[2023-11-25T18:27:33.017+0000] {logging_mixin.py:154} INFO - [2023-11-25T18:27:33.017+0000] {dag.py:3722} INFO - Setting next_dagrun for dataset_consumes_1_and_2 to None, run_after=None
[2023-11-25T18:27:33.019+0000] {logging_mixin.py:154} INFO - [2023-11-25T18:27:33.019+0000] {dag.py:3722} INFO - Setting next_dagrun for dataset_consumes_1_never_scheduled to None, run_after=None
[2023-11-25T18:27:33.020+0000] {logging_mixin.py:154} INFO - [2023-11-25T18:27:33.020+0000] {dag.py:3722} INFO - Setting next_dagrun for dataset_consumes_unknown_never_scheduled to None, run_after=None
[2023-11-25T18:27:33.023+0000] {logging_mixin.py:154} INFO - [2023-11-25T18:27:33.023+0000] {dag.py:3722} INFO - Setting next_dagrun for dataset_produces_1 to 2023-11-24T00:00:00+00:00, run_after=2023-11-25T00:00:00+00:00
[2023-11-25T18:27:33.024+0000] {logging_mixin.py:154} INFO - [2023-11-25T18:27:33.024+0000] {dag.py:3722} INFO - Setting next_dagrun for dataset_produces_2 to None, run_after=None
[2023-11-25T18:27:33.054+0000] {processor.py:179} INFO - Processing /home/airflow/.local/lib/python3.8/site-packages/airflow/example_dags/example_datasets.py took 0.117 seconds
[2023-11-25T18:28:03.710+0000] {processor.py:157} INFO - Started process (PID=1037) to work on /home/airflow/.local/lib/python3.8/site-packages/airflow/example_dags/example_datasets.py
[2023-11-25T18:28:03.712+0000] {processor.py:829} INFO - Processing file /home/airflow/.local/lib/python3.8/site-packages/airflow/example_dags/example_datasets.py for tasks to queue
[2023-11-25T18:28:03.714+0000] {logging_mixin.py:154} INFO - [2023-11-25T18:28:03.713+0000] {dagbag.py:536} INFO - Filling up the DagBag from /home/airflow/.local/lib/python3.8/site-packages/airflow/example_dags/example_datasets.py
[2023-11-25T18:28:03.722+0000] {processor.py:839} INFO - DAG(s) dict_keys(['dataset_consumes_unknown_never_scheduled', 'dataset_produces_2', 'dataset_produces_1', 'dataset_consumes_1', 'dataset_consumes_1_never_scheduled', 'dataset_consumes_1_and_2']) retrieved from /home/airflow/.local/lib/python3.8/site-packages/airflow/example_dags/example_datasets.py
[2023-11-25T18:28:03.757+0000] {logging_mixin.py:154} INFO - [2023-11-25T18:28:03.757+0000] {dag.py:2941} INFO - Sync 6 DAGs
[2023-11-25T18:28:03.781+0000] {logging_mixin.py:154} INFO - [2023-11-25T18:28:03.780+0000] {dag.py:3722} INFO - Setting next_dagrun for dataset_consumes_1 to None, run_after=None
[2023-11-25T18:28:03.785+0000] {logging_mixin.py:154} INFO - [2023-11-25T18:28:03.785+0000] {dag.py:3722} INFO - Setting next_dagrun for dataset_consumes_1_and_2 to None, run_after=None
[2023-11-25T18:28:03.787+0000] {logging_mixin.py:154} INFO - [2023-11-25T18:28:03.786+0000] {dag.py:3722} INFO - Setting next_dagrun for dataset_consumes_1_never_scheduled to None, run_after=None
[2023-11-25T18:28:03.788+0000] {logging_mixin.py:154} INFO - [2023-11-25T18:28:03.788+0000] {dag.py:3722} INFO - Setting next_dagrun for dataset_consumes_unknown_never_scheduled to None, run_after=None
[2023-11-25T18:28:03.791+0000] {logging_mixin.py:154} INFO - [2023-11-25T18:28:03.791+0000] {dag.py:3722} INFO - Setting next_dagrun for dataset_produces_1 to 2023-11-24T00:00:00+00:00, run_after=2023-11-25T00:00:00+00:00
[2023-11-25T18:28:03.793+0000] {logging_mixin.py:154} INFO - [2023-11-25T18:28:03.793+0000] {dag.py:3722} INFO - Setting next_dagrun for dataset_produces_2 to None, run_after=None
[2023-11-25T18:28:03.823+0000] {processor.py:179} INFO - Processing /home/airflow/.local/lib/python3.8/site-packages/airflow/example_dags/example_datasets.py took 0.115 seconds
[2023-11-25T18:28:33.904+0000] {processor.py:157} INFO - Started process (PID=1091) to work on /home/airflow/.local/lib/python3.8/site-packages/airflow/example_dags/example_datasets.py
[2023-11-25T18:28:33.905+0000] {processor.py:829} INFO - Processing file /home/airflow/.local/lib/python3.8/site-packages/airflow/example_dags/example_datasets.py for tasks to queue
[2023-11-25T18:28:33.907+0000] {logging_mixin.py:154} INFO - [2023-11-25T18:28:33.906+0000] {dagbag.py:536} INFO - Filling up the DagBag from /home/airflow/.local/lib/python3.8/site-packages/airflow/example_dags/example_datasets.py
[2023-11-25T18:28:33.915+0000] {processor.py:839} INFO - DAG(s) dict_keys(['dataset_produces_2', 'dataset_consumes_unknown_never_scheduled', 'dataset_consumes_1_never_scheduled', 'dataset_consumes_1', 'dataset_produces_1', 'dataset_consumes_1_and_2']) retrieved from /home/airflow/.local/lib/python3.8/site-packages/airflow/example_dags/example_datasets.py
[2023-11-25T18:28:33.948+0000] {logging_mixin.py:154} INFO - [2023-11-25T18:28:33.948+0000] {dag.py:2941} INFO - Sync 6 DAGs
[2023-11-25T18:28:33.970+0000] {logging_mixin.py:154} INFO - [2023-11-25T18:28:33.969+0000] {dag.py:3722} INFO - Setting next_dagrun for dataset_consumes_1 to None, run_after=None
[2023-11-25T18:28:33.973+0000] {logging_mixin.py:154} INFO - [2023-11-25T18:28:33.973+0000] {dag.py:3722} INFO - Setting next_dagrun for dataset_consumes_1_and_2 to None, run_after=None
[2023-11-25T18:28:33.975+0000] {logging_mixin.py:154} INFO - [2023-11-25T18:28:33.975+0000] {dag.py:3722} INFO - Setting next_dagrun for dataset_consumes_1_never_scheduled to None, run_after=None
[2023-11-25T18:28:33.976+0000] {logging_mixin.py:154} INFO - [2023-11-25T18:28:33.976+0000] {dag.py:3722} INFO - Setting next_dagrun for dataset_consumes_unknown_never_scheduled to None, run_after=None
[2023-11-25T18:28:33.980+0000] {logging_mixin.py:154} INFO - [2023-11-25T18:28:33.980+0000] {dag.py:3722} INFO - Setting next_dagrun for dataset_produces_1 to 2023-11-24T00:00:00+00:00, run_after=2023-11-25T00:00:00+00:00
[2023-11-25T18:28:33.981+0000] {logging_mixin.py:154} INFO - [2023-11-25T18:28:33.981+0000] {dag.py:3722} INFO - Setting next_dagrun for dataset_produces_2 to None, run_after=None
[2023-11-25T18:28:34.196+0000] {processor.py:179} INFO - Processing /home/airflow/.local/lib/python3.8/site-packages/airflow/example_dags/example_datasets.py took 0.294 seconds
[2023-11-25T18:29:04.684+0000] {processor.py:157} INFO - Started process (PID=1145) to work on /home/airflow/.local/lib/python3.8/site-packages/airflow/example_dags/example_datasets.py
[2023-11-25T18:29:04.685+0000] {processor.py:829} INFO - Processing file /home/airflow/.local/lib/python3.8/site-packages/airflow/example_dags/example_datasets.py for tasks to queue
[2023-11-25T18:29:04.689+0000] {logging_mixin.py:154} INFO - [2023-11-25T18:29:04.688+0000] {dagbag.py:536} INFO - Filling up the DagBag from /home/airflow/.local/lib/python3.8/site-packages/airflow/example_dags/example_datasets.py
[2023-11-25T18:29:04.700+0000] {processor.py:839} INFO - DAG(s) dict_keys(['dataset_produces_2', 'dataset_consumes_1_never_scheduled', 'dataset_consumes_unknown_never_scheduled', 'dataset_produces_1', 'dataset_consumes_1', 'dataset_consumes_1_and_2']) retrieved from /home/airflow/.local/lib/python3.8/site-packages/airflow/example_dags/example_datasets.py
[2023-11-25T18:29:04.748+0000] {logging_mixin.py:154} INFO - [2023-11-25T18:29:04.747+0000] {dag.py:2941} INFO - Sync 6 DAGs
[2023-11-25T18:29:04.781+0000] {logging_mixin.py:154} INFO - [2023-11-25T18:29:04.780+0000] {dag.py:3722} INFO - Setting next_dagrun for dataset_consumes_1 to None, run_after=None
[2023-11-25T18:29:04.788+0000] {logging_mixin.py:154} INFO - [2023-11-25T18:29:04.788+0000] {dag.py:3722} INFO - Setting next_dagrun for dataset_consumes_1_and_2 to None, run_after=None
[2023-11-25T18:29:04.792+0000] {logging_mixin.py:154} INFO - [2023-11-25T18:29:04.791+0000] {dag.py:3722} INFO - Setting next_dagrun for dataset_consumes_1_never_scheduled to None, run_after=None
[2023-11-25T18:29:04.795+0000] {logging_mixin.py:154} INFO - [2023-11-25T18:29:04.794+0000] {dag.py:3722} INFO - Setting next_dagrun for dataset_consumes_unknown_never_scheduled to None, run_after=None
[2023-11-25T18:29:04.801+0000] {logging_mixin.py:154} INFO - [2023-11-25T18:29:04.800+0000] {dag.py:3722} INFO - Setting next_dagrun for dataset_produces_1 to 2023-11-24T00:00:00+00:00, run_after=2023-11-25T00:00:00+00:00
[2023-11-25T18:29:04.803+0000] {logging_mixin.py:154} INFO - [2023-11-25T18:29:04.803+0000] {dag.py:3722} INFO - Setting next_dagrun for dataset_produces_2 to None, run_after=None
[2023-11-25T18:29:04.857+0000] {processor.py:179} INFO - Processing /home/airflow/.local/lib/python3.8/site-packages/airflow/example_dags/example_datasets.py took 0.176 seconds
[2023-11-25T18:29:35.980+0000] {processor.py:157} INFO - Started process (PID=1199) to work on /home/airflow/.local/lib/python3.8/site-packages/airflow/example_dags/example_datasets.py
[2023-11-25T18:29:35.985+0000] {processor.py:829} INFO - Processing file /home/airflow/.local/lib/python3.8/site-packages/airflow/example_dags/example_datasets.py for tasks to queue
[2023-11-25T18:29:35.997+0000] {logging_mixin.py:154} INFO - [2023-11-25T18:29:35.996+0000] {dagbag.py:536} INFO - Filling up the DagBag from /home/airflow/.local/lib/python3.8/site-packages/airflow/example_dags/example_datasets.py
[2023-11-25T18:29:36.013+0000] {processor.py:839} INFO - DAG(s) dict_keys(['dataset_consumes_unknown_never_scheduled', 'dataset_consumes_1_never_scheduled', 'dataset_consumes_1_and_2', 'dataset_consumes_1', 'dataset_produces_1', 'dataset_produces_2']) retrieved from /home/airflow/.local/lib/python3.8/site-packages/airflow/example_dags/example_datasets.py
[2023-11-25T18:29:36.079+0000] {logging_mixin.py:154} INFO - [2023-11-25T18:29:36.079+0000] {dag.py:2941} INFO - Sync 6 DAGs
[2023-11-25T18:29:36.366+0000] {logging_mixin.py:154} INFO - [2023-11-25T18:29:36.365+0000] {dag.py:3722} INFO - Setting next_dagrun for dataset_consumes_1 to None, run_after=None
[2023-11-25T18:29:36.370+0000] {logging_mixin.py:154} INFO - [2023-11-25T18:29:36.370+0000] {dag.py:3722} INFO - Setting next_dagrun for dataset_consumes_1_and_2 to None, run_after=None
[2023-11-25T18:29:36.372+0000] {logging_mixin.py:154} INFO - [2023-11-25T18:29:36.372+0000] {dag.py:3722} INFO - Setting next_dagrun for dataset_consumes_1_never_scheduled to None, run_after=None
[2023-11-25T18:29:36.374+0000] {logging_mixin.py:154} INFO - [2023-11-25T18:29:36.374+0000] {dag.py:3722} INFO - Setting next_dagrun for dataset_consumes_unknown_never_scheduled to None, run_after=None
[2023-11-25T18:29:36.379+0000] {logging_mixin.py:154} INFO - [2023-11-25T18:29:36.378+0000] {dag.py:3722} INFO - Setting next_dagrun for dataset_produces_1 to 2023-11-24T00:00:00+00:00, run_after=2023-11-25T00:00:00+00:00
[2023-11-25T18:29:36.383+0000] {logging_mixin.py:154} INFO - [2023-11-25T18:29:36.382+0000] {dag.py:3722} INFO - Setting next_dagrun for dataset_produces_2 to None, run_after=None
[2023-11-25T18:29:36.426+0000] {processor.py:179} INFO - Processing /home/airflow/.local/lib/python3.8/site-packages/airflow/example_dags/example_datasets.py took 0.450 seconds
[2023-11-25T18:30:06.671+0000] {processor.py:157} INFO - Started process (PID=1260) to work on /home/airflow/.local/lib/python3.8/site-packages/airflow/example_dags/example_datasets.py
[2023-11-25T18:30:06.672+0000] {processor.py:829} INFO - Processing file /home/airflow/.local/lib/python3.8/site-packages/airflow/example_dags/example_datasets.py for tasks to queue
[2023-11-25T18:30:06.674+0000] {logging_mixin.py:154} INFO - [2023-11-25T18:30:06.674+0000] {dagbag.py:536} INFO - Filling up the DagBag from /home/airflow/.local/lib/python3.8/site-packages/airflow/example_dags/example_datasets.py
[2023-11-25T18:30:06.686+0000] {processor.py:839} INFO - DAG(s) dict_keys(['dataset_consumes_unknown_never_scheduled', 'dataset_produces_2', 'dataset_consumes_1', 'dataset_consumes_1_and_2', 'dataset_produces_1', 'dataset_consumes_1_never_scheduled']) retrieved from /home/airflow/.local/lib/python3.8/site-packages/airflow/example_dags/example_datasets.py
[2023-11-25T18:30:06.735+0000] {logging_mixin.py:154} INFO - [2023-11-25T18:30:06.735+0000] {dag.py:2941} INFO - Sync 6 DAGs
[2023-11-25T18:30:06.764+0000] {logging_mixin.py:154} INFO - [2023-11-25T18:30:06.764+0000] {dag.py:3722} INFO - Setting next_dagrun for dataset_consumes_1 to None, run_after=None
[2023-11-25T18:30:06.768+0000] {logging_mixin.py:154} INFO - [2023-11-25T18:30:06.768+0000] {dag.py:3722} INFO - Setting next_dagrun for dataset_consumes_1_and_2 to None, run_after=None
[2023-11-25T18:30:06.770+0000] {logging_mixin.py:154} INFO - [2023-11-25T18:30:06.770+0000] {dag.py:3722} INFO - Setting next_dagrun for dataset_consumes_1_never_scheduled to None, run_after=None
[2023-11-25T18:30:06.771+0000] {logging_mixin.py:154} INFO - [2023-11-25T18:30:06.771+0000] {dag.py:3722} INFO - Setting next_dagrun for dataset_consumes_unknown_never_scheduled to None, run_after=None
[2023-11-25T18:30:06.774+0000] {logging_mixin.py:154} INFO - [2023-11-25T18:30:06.774+0000] {dag.py:3722} INFO - Setting next_dagrun for dataset_produces_1 to 2023-11-24T00:00:00+00:00, run_after=2023-11-25T00:00:00+00:00
[2023-11-25T18:30:06.776+0000] {logging_mixin.py:154} INFO - [2023-11-25T18:30:06.776+0000] {dag.py:3722} INFO - Setting next_dagrun for dataset_produces_2 to None, run_after=None
[2023-11-25T18:30:06.815+0000] {processor.py:179} INFO - Processing /home/airflow/.local/lib/python3.8/site-packages/airflow/example_dags/example_datasets.py took 0.147 seconds
[2023-11-25T18:30:37.919+0000] {processor.py:157} INFO - Started process (PID=1315) to work on /home/airflow/.local/lib/python3.8/site-packages/airflow/example_dags/example_datasets.py
[2023-11-25T18:30:37.920+0000] {processor.py:829} INFO - Processing file /home/airflow/.local/lib/python3.8/site-packages/airflow/example_dags/example_datasets.py for tasks to queue
[2023-11-25T18:30:37.922+0000] {logging_mixin.py:154} INFO - [2023-11-25T18:30:37.922+0000] {dagbag.py:536} INFO - Filling up the DagBag from /home/airflow/.local/lib/python3.8/site-packages/airflow/example_dags/example_datasets.py
[2023-11-25T18:30:37.931+0000] {processor.py:839} INFO - DAG(s) dict_keys(['dataset_produces_1', 'dataset_consumes_1_never_scheduled', 'dataset_produces_2', 'dataset_consumes_1_and_2', 'dataset_consumes_unknown_never_scheduled', 'dataset_consumes_1']) retrieved from /home/airflow/.local/lib/python3.8/site-packages/airflow/example_dags/example_datasets.py
[2023-11-25T18:30:37.977+0000] {logging_mixin.py:154} INFO - [2023-11-25T18:30:37.976+0000] {dag.py:2941} INFO - Sync 6 DAGs
[2023-11-25T18:30:38.221+0000] {logging_mixin.py:154} INFO - [2023-11-25T18:30:38.221+0000] {dag.py:3722} INFO - Setting next_dagrun for dataset_consumes_1 to None, run_after=None
[2023-11-25T18:30:38.226+0000] {logging_mixin.py:154} INFO - [2023-11-25T18:30:38.226+0000] {dag.py:3722} INFO - Setting next_dagrun for dataset_consumes_1_and_2 to None, run_after=None
[2023-11-25T18:30:38.228+0000] {logging_mixin.py:154} INFO - [2023-11-25T18:30:38.228+0000] {dag.py:3722} INFO - Setting next_dagrun for dataset_consumes_1_never_scheduled to None, run_after=None
[2023-11-25T18:30:38.231+0000] {logging_mixin.py:154} INFO - [2023-11-25T18:30:38.230+0000] {dag.py:3722} INFO - Setting next_dagrun for dataset_consumes_unknown_never_scheduled to None, run_after=None
[2023-11-25T18:30:38.235+0000] {logging_mixin.py:154} INFO - [2023-11-25T18:30:38.235+0000] {dag.py:3722} INFO - Setting next_dagrun for dataset_produces_1 to 2023-11-24T00:00:00+00:00, run_after=2023-11-25T00:00:00+00:00
[2023-11-25T18:30:38.237+0000] {logging_mixin.py:154} INFO - [2023-11-25T18:30:38.237+0000] {dag.py:3722} INFO - Setting next_dagrun for dataset_produces_2 to None, run_after=None
[2023-11-25T18:30:38.278+0000] {processor.py:179} INFO - Processing /home/airflow/.local/lib/python3.8/site-packages/airflow/example_dags/example_datasets.py took 0.363 seconds
[2023-11-25T18:31:08.940+0000] {processor.py:157} INFO - Started process (PID=1369) to work on /home/airflow/.local/lib/python3.8/site-packages/airflow/example_dags/example_datasets.py
[2023-11-25T18:31:08.941+0000] {processor.py:829} INFO - Processing file /home/airflow/.local/lib/python3.8/site-packages/airflow/example_dags/example_datasets.py for tasks to queue
[2023-11-25T18:31:08.943+0000] {logging_mixin.py:154} INFO - [2023-11-25T18:31:08.943+0000] {dagbag.py:536} INFO - Filling up the DagBag from /home/airflow/.local/lib/python3.8/site-packages/airflow/example_dags/example_datasets.py
[2023-11-25T18:31:08.960+0000] {processor.py:839} INFO - DAG(s) dict_keys(['dataset_produces_1', 'dataset_consumes_1_never_scheduled', 'dataset_consumes_1_and_2', 'dataset_produces_2', 'dataset_consumes_unknown_never_scheduled', 'dataset_consumes_1']) retrieved from /home/airflow/.local/lib/python3.8/site-packages/airflow/example_dags/example_datasets.py
[2023-11-25T18:31:09.019+0000] {logging_mixin.py:154} INFO - [2023-11-25T18:31:09.019+0000] {dag.py:2941} INFO - Sync 6 DAGs
[2023-11-25T18:31:09.050+0000] {logging_mixin.py:154} INFO - [2023-11-25T18:31:09.049+0000] {dag.py:3722} INFO - Setting next_dagrun for dataset_consumes_1 to None, run_after=None
[2023-11-25T18:31:09.057+0000] {logging_mixin.py:154} INFO - [2023-11-25T18:31:09.057+0000] {dag.py:3722} INFO - Setting next_dagrun for dataset_consumes_1_and_2 to None, run_after=None
[2023-11-25T18:31:09.059+0000] {logging_mixin.py:154} INFO - [2023-11-25T18:31:09.059+0000] {dag.py:3722} INFO - Setting next_dagrun for dataset_consumes_1_never_scheduled to None, run_after=None
[2023-11-25T18:31:09.061+0000] {logging_mixin.py:154} INFO - [2023-11-25T18:31:09.061+0000] {dag.py:3722} INFO - Setting next_dagrun for dataset_consumes_unknown_never_scheduled to None, run_after=None
[2023-11-25T18:31:09.070+0000] {logging_mixin.py:154} INFO - [2023-11-25T18:31:09.069+0000] {dag.py:3722} INFO - Setting next_dagrun for dataset_produces_1 to 2023-11-24T00:00:00+00:00, run_after=2023-11-25T00:00:00+00:00
[2023-11-25T18:31:09.073+0000] {logging_mixin.py:154} INFO - [2023-11-25T18:31:09.072+0000] {dag.py:3722} INFO - Setting next_dagrun for dataset_produces_2 to None, run_after=None
[2023-11-25T18:31:09.351+0000] {processor.py:179} INFO - Processing /home/airflow/.local/lib/python3.8/site-packages/airflow/example_dags/example_datasets.py took 0.415 seconds
[2023-11-25T18:31:39.539+0000] {processor.py:157} INFO - Started process (PID=1426) to work on /home/airflow/.local/lib/python3.8/site-packages/airflow/example_dags/example_datasets.py
[2023-11-25T18:31:39.540+0000] {processor.py:829} INFO - Processing file /home/airflow/.local/lib/python3.8/site-packages/airflow/example_dags/example_datasets.py for tasks to queue
[2023-11-25T18:31:39.542+0000] {logging_mixin.py:154} INFO - [2023-11-25T18:31:39.542+0000] {dagbag.py:536} INFO - Filling up the DagBag from /home/airflow/.local/lib/python3.8/site-packages/airflow/example_dags/example_datasets.py
[2023-11-25T18:31:39.555+0000] {processor.py:839} INFO - DAG(s) dict_keys(['dataset_consumes_1', 'dataset_produces_1', 'dataset_produces_2', 'dataset_consumes_unknown_never_scheduled', 'dataset_consumes_1_never_scheduled', 'dataset_consumes_1_and_2']) retrieved from /home/airflow/.local/lib/python3.8/site-packages/airflow/example_dags/example_datasets.py
[2023-11-25T18:31:39.597+0000] {logging_mixin.py:154} INFO - [2023-11-25T18:31:39.596+0000] {dag.py:2941} INFO - Sync 6 DAGs
[2023-11-25T18:31:39.625+0000] {logging_mixin.py:154} INFO - [2023-11-25T18:31:39.625+0000] {dag.py:3722} INFO - Setting next_dagrun for dataset_consumes_1 to None, run_after=None
[2023-11-25T18:31:39.630+0000] {logging_mixin.py:154} INFO - [2023-11-25T18:31:39.630+0000] {dag.py:3722} INFO - Setting next_dagrun for dataset_consumes_1_and_2 to None, run_after=None
[2023-11-25T18:31:39.632+0000] {logging_mixin.py:154} INFO - [2023-11-25T18:31:39.631+0000] {dag.py:3722} INFO - Setting next_dagrun for dataset_consumes_1_never_scheduled to None, run_after=None
[2023-11-25T18:31:39.633+0000] {logging_mixin.py:154} INFO - [2023-11-25T18:31:39.633+0000] {dag.py:3722} INFO - Setting next_dagrun for dataset_consumes_unknown_never_scheduled to None, run_after=None
[2023-11-25T18:31:39.637+0000] {logging_mixin.py:154} INFO - [2023-11-25T18:31:39.637+0000] {dag.py:3722} INFO - Setting next_dagrun for dataset_produces_1 to 2023-11-24T00:00:00+00:00, run_after=2023-11-25T00:00:00+00:00
[2023-11-25T18:31:39.639+0000] {logging_mixin.py:154} INFO - [2023-11-25T18:31:39.638+0000] {dag.py:3722} INFO - Setting next_dagrun for dataset_produces_2 to None, run_after=None
[2023-11-25T18:31:39.682+0000] {processor.py:179} INFO - Processing /home/airflow/.local/lib/python3.8/site-packages/airflow/example_dags/example_datasets.py took 0.146 seconds
[2023-11-25T18:32:10.253+0000] {processor.py:157} INFO - Started process (PID=1480) to work on /home/airflow/.local/lib/python3.8/site-packages/airflow/example_dags/example_datasets.py
[2023-11-25T18:32:10.255+0000] {processor.py:829} INFO - Processing file /home/airflow/.local/lib/python3.8/site-packages/airflow/example_dags/example_datasets.py for tasks to queue
[2023-11-25T18:32:10.258+0000] {logging_mixin.py:154} INFO - [2023-11-25T18:32:10.257+0000] {dagbag.py:536} INFO - Filling up the DagBag from /home/airflow/.local/lib/python3.8/site-packages/airflow/example_dags/example_datasets.py
[2023-11-25T18:32:10.276+0000] {processor.py:839} INFO - DAG(s) dict_keys(['dataset_consumes_1_never_scheduled', 'dataset_consumes_1', 'dataset_consumes_unknown_never_scheduled', 'dataset_consumes_1_and_2', 'dataset_produces_1', 'dataset_produces_2']) retrieved from /home/airflow/.local/lib/python3.8/site-packages/airflow/example_dags/example_datasets.py
[2023-11-25T18:32:10.330+0000] {logging_mixin.py:154} INFO - [2023-11-25T18:32:10.329+0000] {dag.py:2941} INFO - Sync 6 DAGs
[2023-11-25T18:32:10.360+0000] {logging_mixin.py:154} INFO - [2023-11-25T18:32:10.359+0000] {dag.py:3722} INFO - Setting next_dagrun for dataset_consumes_1 to None, run_after=None
[2023-11-25T18:32:10.599+0000] {logging_mixin.py:154} INFO - [2023-11-25T18:32:10.599+0000] {dag.py:3722} INFO - Setting next_dagrun for dataset_consumes_1_and_2 to None, run_after=None
[2023-11-25T18:32:10.602+0000] {logging_mixin.py:154} INFO - [2023-11-25T18:32:10.602+0000] {dag.py:3722} INFO - Setting next_dagrun for dataset_consumes_1_never_scheduled to None, run_after=None
[2023-11-25T18:32:10.605+0000] {logging_mixin.py:154} INFO - [2023-11-25T18:32:10.604+0000] {dag.py:3722} INFO - Setting next_dagrun for dataset_consumes_unknown_never_scheduled to None, run_after=None
[2023-11-25T18:32:10.611+0000] {logging_mixin.py:154} INFO - [2023-11-25T18:32:10.610+0000] {dag.py:3722} INFO - Setting next_dagrun for dataset_produces_1 to 2023-11-24T00:00:00+00:00, run_after=2023-11-25T00:00:00+00:00
[2023-11-25T18:32:10.614+0000] {logging_mixin.py:154} INFO - [2023-11-25T18:32:10.613+0000] {dag.py:3722} INFO - Setting next_dagrun for dataset_produces_2 to None, run_after=None
[2023-11-25T18:32:10.666+0000] {processor.py:179} INFO - Processing /home/airflow/.local/lib/python3.8/site-packages/airflow/example_dags/example_datasets.py took 0.417 seconds
