[2023-11-25T18:18:51.264+0000] {processor.py:157} INFO - Started process (PID=51) to work on /home/airflow/.local/lib/python3.8/site-packages/airflow/example_dags/tutorial_dag.py
[2023-11-25T18:18:51.265+0000] {processor.py:829} INFO - Processing file /home/airflow/.local/lib/python3.8/site-packages/airflow/example_dags/tutorial_dag.py for tasks to queue
[2023-11-25T18:18:51.267+0000] {logging_mixin.py:154} INFO - [2023-11-25T18:18:51.267+0000] {dagbag.py:536} INFO - Filling up the DagBag from /home/airflow/.local/lib/python3.8/site-packages/airflow/example_dags/tutorial_dag.py
[2023-11-25T18:18:51.276+0000] {processor.py:839} INFO - DAG(s) dict_keys(['tutorial_dag']) retrieved from /home/airflow/.local/lib/python3.8/site-packages/airflow/example_dags/tutorial_dag.py
[2023-11-25T18:18:51.289+0000] {logging_mixin.py:154} INFO - [2023-11-25T18:18:51.289+0000] {dag.py:2941} INFO - Sync 1 DAGs
[2023-11-25T18:18:51.305+0000] {logging_mixin.py:154} INFO - [2023-11-25T18:18:51.304+0000] {dag.py:3722} INFO - Setting next_dagrun for tutorial_dag to None, run_after=None
[2023-11-25T18:18:51.325+0000] {processor.py:179} INFO - Processing /home/airflow/.local/lib/python3.8/site-packages/airflow/example_dags/tutorial_dag.py took 0.064 seconds
[2023-11-25T18:19:21.740+0000] {processor.py:157} INFO - Started process (PID=105) to work on /home/airflow/.local/lib/python3.8/site-packages/airflow/example_dags/tutorial_dag.py
[2023-11-25T18:19:21.741+0000] {processor.py:829} INFO - Processing file /home/airflow/.local/lib/python3.8/site-packages/airflow/example_dags/tutorial_dag.py for tasks to queue
[2023-11-25T18:19:21.743+0000] {logging_mixin.py:154} INFO - [2023-11-25T18:19:21.743+0000] {dagbag.py:536} INFO - Filling up the DagBag from /home/airflow/.local/lib/python3.8/site-packages/airflow/example_dags/tutorial_dag.py
[2023-11-25T18:19:21.747+0000] {processor.py:839} INFO - DAG(s) dict_keys(['tutorial_dag']) retrieved from /home/airflow/.local/lib/python3.8/site-packages/airflow/example_dags/tutorial_dag.py
[2023-11-25T18:19:21.762+0000] {logging_mixin.py:154} INFO - [2023-11-25T18:19:21.762+0000] {dag.py:2941} INFO - Sync 1 DAGs
[2023-11-25T18:19:21.772+0000] {logging_mixin.py:154} INFO - [2023-11-25T18:19:21.772+0000] {dag.py:3722} INFO - Setting next_dagrun for tutorial_dag to None, run_after=None
[2023-11-25T18:19:21.787+0000] {processor.py:179} INFO - Processing /home/airflow/.local/lib/python3.8/site-packages/airflow/example_dags/tutorial_dag.py took 0.049 seconds
[2023-11-25T18:19:52.258+0000] {processor.py:157} INFO - Started process (PID=159) to work on /home/airflow/.local/lib/python3.8/site-packages/airflow/example_dags/tutorial_dag.py
[2023-11-25T18:19:52.258+0000] {processor.py:829} INFO - Processing file /home/airflow/.local/lib/python3.8/site-packages/airflow/example_dags/tutorial_dag.py for tasks to queue
[2023-11-25T18:19:52.260+0000] {logging_mixin.py:154} INFO - [2023-11-25T18:19:52.260+0000] {dagbag.py:536} INFO - Filling up the DagBag from /home/airflow/.local/lib/python3.8/site-packages/airflow/example_dags/tutorial_dag.py
[2023-11-25T18:19:52.264+0000] {processor.py:839} INFO - DAG(s) dict_keys(['tutorial_dag']) retrieved from /home/airflow/.local/lib/python3.8/site-packages/airflow/example_dags/tutorial_dag.py
[2023-11-25T18:19:52.281+0000] {logging_mixin.py:154} INFO - [2023-11-25T18:19:52.281+0000] {dag.py:2941} INFO - Sync 1 DAGs
[2023-11-25T18:19:52.291+0000] {logging_mixin.py:154} INFO - [2023-11-25T18:19:52.291+0000] {dag.py:3722} INFO - Setting next_dagrun for tutorial_dag to None, run_after=None
[2023-11-25T18:19:52.306+0000] {processor.py:179} INFO - Processing /home/airflow/.local/lib/python3.8/site-packages/airflow/example_dags/tutorial_dag.py took 0.051 seconds
[2023-11-25T18:20:22.527+0000] {processor.py:157} INFO - Started process (PID=213) to work on /home/airflow/.local/lib/python3.8/site-packages/airflow/example_dags/tutorial_dag.py
[2023-11-25T18:20:22.528+0000] {processor.py:829} INFO - Processing file /home/airflow/.local/lib/python3.8/site-packages/airflow/example_dags/tutorial_dag.py for tasks to queue
[2023-11-25T18:20:22.530+0000] {logging_mixin.py:154} INFO - [2023-11-25T18:20:22.530+0000] {dagbag.py:536} INFO - Filling up the DagBag from /home/airflow/.local/lib/python3.8/site-packages/airflow/example_dags/tutorial_dag.py
[2023-11-25T18:20:22.534+0000] {processor.py:839} INFO - DAG(s) dict_keys(['tutorial_dag']) retrieved from /home/airflow/.local/lib/python3.8/site-packages/airflow/example_dags/tutorial_dag.py
[2023-11-25T18:20:22.551+0000] {logging_mixin.py:154} INFO - [2023-11-25T18:20:22.550+0000] {dag.py:2941} INFO - Sync 1 DAGs
[2023-11-25T18:20:22.562+0000] {logging_mixin.py:154} INFO - [2023-11-25T18:20:22.562+0000] {dag.py:3722} INFO - Setting next_dagrun for tutorial_dag to None, run_after=None
[2023-11-25T18:20:22.578+0000] {processor.py:179} INFO - Processing /home/airflow/.local/lib/python3.8/site-packages/airflow/example_dags/tutorial_dag.py took 0.053 seconds
[2023-11-25T18:20:52.725+0000] {processor.py:157} INFO - Started process (PID=266) to work on /home/airflow/.local/lib/python3.8/site-packages/airflow/example_dags/tutorial_dag.py
[2023-11-25T18:20:52.726+0000] {processor.py:829} INFO - Processing file /home/airflow/.local/lib/python3.8/site-packages/airflow/example_dags/tutorial_dag.py for tasks to queue
[2023-11-25T18:20:52.728+0000] {logging_mixin.py:154} INFO - [2023-11-25T18:20:52.727+0000] {dagbag.py:536} INFO - Filling up the DagBag from /home/airflow/.local/lib/python3.8/site-packages/airflow/example_dags/tutorial_dag.py
[2023-11-25T18:20:52.732+0000] {processor.py:839} INFO - DAG(s) dict_keys(['tutorial_dag']) retrieved from /home/airflow/.local/lib/python3.8/site-packages/airflow/example_dags/tutorial_dag.py
[2023-11-25T18:20:52.748+0000] {logging_mixin.py:154} INFO - [2023-11-25T18:20:52.748+0000] {dag.py:2941} INFO - Sync 1 DAGs
[2023-11-25T18:20:52.759+0000] {logging_mixin.py:154} INFO - [2023-11-25T18:20:52.758+0000] {dag.py:3722} INFO - Setting next_dagrun for tutorial_dag to None, run_after=None
[2023-11-25T18:20:52.772+0000] {processor.py:179} INFO - Processing /home/airflow/.local/lib/python3.8/site-packages/airflow/example_dags/tutorial_dag.py took 0.049 seconds
[2023-11-25T18:21:23.062+0000] {processor.py:157} INFO - Started process (PID=320) to work on /home/airflow/.local/lib/python3.8/site-packages/airflow/example_dags/tutorial_dag.py
[2023-11-25T18:21:23.063+0000] {processor.py:829} INFO - Processing file /home/airflow/.local/lib/python3.8/site-packages/airflow/example_dags/tutorial_dag.py for tasks to queue
[2023-11-25T18:21:23.065+0000] {logging_mixin.py:154} INFO - [2023-11-25T18:21:23.065+0000] {dagbag.py:536} INFO - Filling up the DagBag from /home/airflow/.local/lib/python3.8/site-packages/airflow/example_dags/tutorial_dag.py
[2023-11-25T18:21:23.069+0000] {processor.py:839} INFO - DAG(s) dict_keys(['tutorial_dag']) retrieved from /home/airflow/.local/lib/python3.8/site-packages/airflow/example_dags/tutorial_dag.py
[2023-11-25T18:21:23.087+0000] {logging_mixin.py:154} INFO - [2023-11-25T18:21:23.087+0000] {dag.py:2941} INFO - Sync 1 DAGs
[2023-11-25T18:21:23.098+0000] {logging_mixin.py:154} INFO - [2023-11-25T18:21:23.098+0000] {dag.py:3722} INFO - Setting next_dagrun for tutorial_dag to None, run_after=None
[2023-11-25T18:21:23.112+0000] {processor.py:179} INFO - Processing /home/airflow/.local/lib/python3.8/site-packages/airflow/example_dags/tutorial_dag.py took 0.052 seconds
[2023-11-25T18:21:53.414+0000] {processor.py:157} INFO - Started process (PID=374) to work on /home/airflow/.local/lib/python3.8/site-packages/airflow/example_dags/tutorial_dag.py
[2023-11-25T18:21:53.415+0000] {processor.py:829} INFO - Processing file /home/airflow/.local/lib/python3.8/site-packages/airflow/example_dags/tutorial_dag.py for tasks to queue
[2023-11-25T18:21:53.416+0000] {logging_mixin.py:154} INFO - [2023-11-25T18:21:53.416+0000] {dagbag.py:536} INFO - Filling up the DagBag from /home/airflow/.local/lib/python3.8/site-packages/airflow/example_dags/tutorial_dag.py
[2023-11-25T18:21:53.421+0000] {processor.py:839} INFO - DAG(s) dict_keys(['tutorial_dag']) retrieved from /home/airflow/.local/lib/python3.8/site-packages/airflow/example_dags/tutorial_dag.py
[2023-11-25T18:21:53.440+0000] {logging_mixin.py:154} INFO - [2023-11-25T18:21:53.440+0000] {dag.py:2941} INFO - Sync 1 DAGs
[2023-11-25T18:21:53.453+0000] {logging_mixin.py:154} INFO - [2023-11-25T18:21:53.453+0000] {dag.py:3722} INFO - Setting next_dagrun for tutorial_dag to None, run_after=None
[2023-11-25T18:21:53.468+0000] {processor.py:179} INFO - Processing /home/airflow/.local/lib/python3.8/site-packages/airflow/example_dags/tutorial_dag.py took 0.057 seconds
[2023-11-25T18:22:24.068+0000] {processor.py:157} INFO - Started process (PID=428) to work on /home/airflow/.local/lib/python3.8/site-packages/airflow/example_dags/tutorial_dag.py
[2023-11-25T18:22:24.069+0000] {processor.py:829} INFO - Processing file /home/airflow/.local/lib/python3.8/site-packages/airflow/example_dags/tutorial_dag.py for tasks to queue
[2023-11-25T18:22:24.071+0000] {logging_mixin.py:154} INFO - [2023-11-25T18:22:24.070+0000] {dagbag.py:536} INFO - Filling up the DagBag from /home/airflow/.local/lib/python3.8/site-packages/airflow/example_dags/tutorial_dag.py
[2023-11-25T18:22:24.075+0000] {processor.py:839} INFO - DAG(s) dict_keys(['tutorial_dag']) retrieved from /home/airflow/.local/lib/python3.8/site-packages/airflow/example_dags/tutorial_dag.py
[2023-11-25T18:22:24.091+0000] {logging_mixin.py:154} INFO - [2023-11-25T18:22:24.091+0000] {dag.py:2941} INFO - Sync 1 DAGs
[2023-11-25T18:22:24.101+0000] {logging_mixin.py:154} INFO - [2023-11-25T18:22:24.101+0000] {dag.py:3722} INFO - Setting next_dagrun for tutorial_dag to None, run_after=None
[2023-11-25T18:22:24.117+0000] {processor.py:179} INFO - Processing /home/airflow/.local/lib/python3.8/site-packages/airflow/example_dags/tutorial_dag.py took 0.051 seconds
[2023-11-25T18:22:54.224+0000] {processor.py:157} INFO - Started process (PID=482) to work on /home/airflow/.local/lib/python3.8/site-packages/airflow/example_dags/tutorial_dag.py
[2023-11-25T18:22:54.225+0000] {processor.py:829} INFO - Processing file /home/airflow/.local/lib/python3.8/site-packages/airflow/example_dags/tutorial_dag.py for tasks to queue
[2023-11-25T18:22:54.227+0000] {logging_mixin.py:154} INFO - [2023-11-25T18:22:54.227+0000] {dagbag.py:536} INFO - Filling up the DagBag from /home/airflow/.local/lib/python3.8/site-packages/airflow/example_dags/tutorial_dag.py
[2023-11-25T18:22:54.232+0000] {processor.py:839} INFO - DAG(s) dict_keys(['tutorial_dag']) retrieved from /home/airflow/.local/lib/python3.8/site-packages/airflow/example_dags/tutorial_dag.py
[2023-11-25T18:22:54.248+0000] {logging_mixin.py:154} INFO - [2023-11-25T18:22:54.248+0000] {dag.py:2941} INFO - Sync 1 DAGs
[2023-11-25T18:22:54.258+0000] {logging_mixin.py:154} INFO - [2023-11-25T18:22:54.258+0000] {dag.py:3722} INFO - Setting next_dagrun for tutorial_dag to None, run_after=None
[2023-11-25T18:22:54.273+0000] {processor.py:179} INFO - Processing /home/airflow/.local/lib/python3.8/site-packages/airflow/example_dags/tutorial_dag.py took 0.051 seconds
[2023-11-25T18:23:24.734+0000] {processor.py:157} INFO - Started process (PID=536) to work on /home/airflow/.local/lib/python3.8/site-packages/airflow/example_dags/tutorial_dag.py
[2023-11-25T18:23:24.735+0000] {processor.py:829} INFO - Processing file /home/airflow/.local/lib/python3.8/site-packages/airflow/example_dags/tutorial_dag.py for tasks to queue
[2023-11-25T18:23:24.737+0000] {logging_mixin.py:154} INFO - [2023-11-25T18:23:24.737+0000] {dagbag.py:536} INFO - Filling up the DagBag from /home/airflow/.local/lib/python3.8/site-packages/airflow/example_dags/tutorial_dag.py
[2023-11-25T18:23:24.742+0000] {processor.py:839} INFO - DAG(s) dict_keys(['tutorial_dag']) retrieved from /home/airflow/.local/lib/python3.8/site-packages/airflow/example_dags/tutorial_dag.py
[2023-11-25T18:23:24.760+0000] {logging_mixin.py:154} INFO - [2023-11-25T18:23:24.760+0000] {dag.py:2941} INFO - Sync 1 DAGs
[2023-11-25T18:23:24.772+0000] {logging_mixin.py:154} INFO - [2023-11-25T18:23:24.772+0000] {dag.py:3722} INFO - Setting next_dagrun for tutorial_dag to None, run_after=None
[2023-11-25T18:23:24.787+0000] {processor.py:179} INFO - Processing /home/airflow/.local/lib/python3.8/site-packages/airflow/example_dags/tutorial_dag.py took 0.056 seconds
[2023-11-25T18:23:55.247+0000] {processor.py:157} INFO - Started process (PID=590) to work on /home/airflow/.local/lib/python3.8/site-packages/airflow/example_dags/tutorial_dag.py
[2023-11-25T18:23:55.248+0000] {processor.py:829} INFO - Processing file /home/airflow/.local/lib/python3.8/site-packages/airflow/example_dags/tutorial_dag.py for tasks to queue
[2023-11-25T18:23:55.250+0000] {logging_mixin.py:154} INFO - [2023-11-25T18:23:55.250+0000] {dagbag.py:536} INFO - Filling up the DagBag from /home/airflow/.local/lib/python3.8/site-packages/airflow/example_dags/tutorial_dag.py
[2023-11-25T18:23:55.256+0000] {processor.py:839} INFO - DAG(s) dict_keys(['tutorial_dag']) retrieved from /home/airflow/.local/lib/python3.8/site-packages/airflow/example_dags/tutorial_dag.py
[2023-11-25T18:23:55.278+0000] {logging_mixin.py:154} INFO - [2023-11-25T18:23:55.277+0000] {dag.py:2941} INFO - Sync 1 DAGs
[2023-11-25T18:23:55.292+0000] {logging_mixin.py:154} INFO - [2023-11-25T18:23:55.292+0000] {dag.py:3722} INFO - Setting next_dagrun for tutorial_dag to None, run_after=None
[2023-11-25T18:23:55.312+0000] {processor.py:179} INFO - Processing /home/airflow/.local/lib/python3.8/site-packages/airflow/example_dags/tutorial_dag.py took 0.067 seconds
[2023-11-25T18:24:25.396+0000] {processor.py:157} INFO - Started process (PID=644) to work on /home/airflow/.local/lib/python3.8/site-packages/airflow/example_dags/tutorial_dag.py
[2023-11-25T18:24:25.397+0000] {processor.py:829} INFO - Processing file /home/airflow/.local/lib/python3.8/site-packages/airflow/example_dags/tutorial_dag.py for tasks to queue
[2023-11-25T18:24:25.398+0000] {logging_mixin.py:154} INFO - [2023-11-25T18:24:25.398+0000] {dagbag.py:536} INFO - Filling up the DagBag from /home/airflow/.local/lib/python3.8/site-packages/airflow/example_dags/tutorial_dag.py
[2023-11-25T18:24:25.402+0000] {processor.py:839} INFO - DAG(s) dict_keys(['tutorial_dag']) retrieved from /home/airflow/.local/lib/python3.8/site-packages/airflow/example_dags/tutorial_dag.py
[2023-11-25T18:24:25.420+0000] {logging_mixin.py:154} INFO - [2023-11-25T18:24:25.420+0000] {dag.py:2941} INFO - Sync 1 DAGs
[2023-11-25T18:24:25.432+0000] {logging_mixin.py:154} INFO - [2023-11-25T18:24:25.432+0000] {dag.py:3722} INFO - Setting next_dagrun for tutorial_dag to None, run_after=None
[2023-11-25T18:24:25.448+0000] {processor.py:179} INFO - Processing /home/airflow/.local/lib/python3.8/site-packages/airflow/example_dags/tutorial_dag.py took 0.055 seconds
[2023-11-25T18:24:55.972+0000] {processor.py:157} INFO - Started process (PID=699) to work on /home/airflow/.local/lib/python3.8/site-packages/airflow/example_dags/tutorial_dag.py
[2023-11-25T18:24:55.973+0000] {processor.py:829} INFO - Processing file /home/airflow/.local/lib/python3.8/site-packages/airflow/example_dags/tutorial_dag.py for tasks to queue
[2023-11-25T18:24:55.975+0000] {logging_mixin.py:154} INFO - [2023-11-25T18:24:55.975+0000] {dagbag.py:536} INFO - Filling up the DagBag from /home/airflow/.local/lib/python3.8/site-packages/airflow/example_dags/tutorial_dag.py
[2023-11-25T18:24:55.979+0000] {processor.py:839} INFO - DAG(s) dict_keys(['tutorial_dag']) retrieved from /home/airflow/.local/lib/python3.8/site-packages/airflow/example_dags/tutorial_dag.py
[2023-11-25T18:24:55.995+0000] {logging_mixin.py:154} INFO - [2023-11-25T18:24:55.995+0000] {dag.py:2941} INFO - Sync 1 DAGs
[2023-11-25T18:24:56.006+0000] {logging_mixin.py:154} INFO - [2023-11-25T18:24:56.006+0000] {dag.py:3722} INFO - Setting next_dagrun for tutorial_dag to None, run_after=None
[2023-11-25T18:24:56.020+0000] {processor.py:179} INFO - Processing /home/airflow/.local/lib/python3.8/site-packages/airflow/example_dags/tutorial_dag.py took 0.050 seconds
[2023-11-25T18:25:26.815+0000] {processor.py:157} INFO - Started process (PID=753) to work on /home/airflow/.local/lib/python3.8/site-packages/airflow/example_dags/tutorial_dag.py
[2023-11-25T18:25:26.817+0000] {processor.py:829} INFO - Processing file /home/airflow/.local/lib/python3.8/site-packages/airflow/example_dags/tutorial_dag.py for tasks to queue
[2023-11-25T18:25:26.819+0000] {logging_mixin.py:154} INFO - [2023-11-25T18:25:26.819+0000] {dagbag.py:536} INFO - Filling up the DagBag from /home/airflow/.local/lib/python3.8/site-packages/airflow/example_dags/tutorial_dag.py
[2023-11-25T18:25:26.827+0000] {processor.py:839} INFO - DAG(s) dict_keys(['tutorial_dag']) retrieved from /home/airflow/.local/lib/python3.8/site-packages/airflow/example_dags/tutorial_dag.py
[2023-11-25T18:25:26.858+0000] {logging_mixin.py:154} INFO - [2023-11-25T18:25:26.858+0000] {dag.py:2941} INFO - Sync 1 DAGs
[2023-11-25T18:25:26.876+0000] {logging_mixin.py:154} INFO - [2023-11-25T18:25:26.875+0000] {dag.py:3722} INFO - Setting next_dagrun for tutorial_dag to None, run_after=None
[2023-11-25T18:25:26.906+0000] {processor.py:179} INFO - Processing /home/airflow/.local/lib/python3.8/site-packages/airflow/example_dags/tutorial_dag.py took 0.096 seconds
[2023-11-25T18:25:56.977+0000] {processor.py:157} INFO - Started process (PID=807) to work on /home/airflow/.local/lib/python3.8/site-packages/airflow/example_dags/tutorial_dag.py
[2023-11-25T18:25:56.978+0000] {processor.py:829} INFO - Processing file /home/airflow/.local/lib/python3.8/site-packages/airflow/example_dags/tutorial_dag.py for tasks to queue
[2023-11-25T18:25:56.980+0000] {logging_mixin.py:154} INFO - [2023-11-25T18:25:56.980+0000] {dagbag.py:536} INFO - Filling up the DagBag from /home/airflow/.local/lib/python3.8/site-packages/airflow/example_dags/tutorial_dag.py
[2023-11-25T18:25:56.984+0000] {processor.py:839} INFO - DAG(s) dict_keys(['tutorial_dag']) retrieved from /home/airflow/.local/lib/python3.8/site-packages/airflow/example_dags/tutorial_dag.py
[2023-11-25T18:25:56.999+0000] {logging_mixin.py:154} INFO - [2023-11-25T18:25:56.999+0000] {dag.py:2941} INFO - Sync 1 DAGs
[2023-11-25T18:25:57.009+0000] {logging_mixin.py:154} INFO - [2023-11-25T18:25:57.009+0000] {dag.py:3722} INFO - Setting next_dagrun for tutorial_dag to None, run_after=None
[2023-11-25T18:25:57.024+0000] {processor.py:179} INFO - Processing /home/airflow/.local/lib/python3.8/site-packages/airflow/example_dags/tutorial_dag.py took 0.048 seconds
[2023-11-25T18:26:27.448+0000] {processor.py:157} INFO - Started process (PID=861) to work on /home/airflow/.local/lib/python3.8/site-packages/airflow/example_dags/tutorial_dag.py
[2023-11-25T18:26:27.449+0000] {processor.py:829} INFO - Processing file /home/airflow/.local/lib/python3.8/site-packages/airflow/example_dags/tutorial_dag.py for tasks to queue
[2023-11-25T18:26:27.451+0000] {logging_mixin.py:154} INFO - [2023-11-25T18:26:27.451+0000] {dagbag.py:536} INFO - Filling up the DagBag from /home/airflow/.local/lib/python3.8/site-packages/airflow/example_dags/tutorial_dag.py
[2023-11-25T18:26:27.455+0000] {processor.py:839} INFO - DAG(s) dict_keys(['tutorial_dag']) retrieved from /home/airflow/.local/lib/python3.8/site-packages/airflow/example_dags/tutorial_dag.py
[2023-11-25T18:26:27.473+0000] {logging_mixin.py:154} INFO - [2023-11-25T18:26:27.473+0000] {dag.py:2941} INFO - Sync 1 DAGs
[2023-11-25T18:26:27.485+0000] {logging_mixin.py:154} INFO - [2023-11-25T18:26:27.484+0000] {dag.py:3722} INFO - Setting next_dagrun for tutorial_dag to None, run_after=None
[2023-11-25T18:26:27.502+0000] {processor.py:179} INFO - Processing /home/airflow/.local/lib/python3.8/site-packages/airflow/example_dags/tutorial_dag.py took 0.056 seconds
[2023-11-25T18:26:57.663+0000] {processor.py:157} INFO - Started process (PID=915) to work on /home/airflow/.local/lib/python3.8/site-packages/airflow/example_dags/tutorial_dag.py
[2023-11-25T18:26:57.664+0000] {processor.py:829} INFO - Processing file /home/airflow/.local/lib/python3.8/site-packages/airflow/example_dags/tutorial_dag.py for tasks to queue
[2023-11-25T18:26:57.666+0000] {logging_mixin.py:154} INFO - [2023-11-25T18:26:57.666+0000] {dagbag.py:536} INFO - Filling up the DagBag from /home/airflow/.local/lib/python3.8/site-packages/airflow/example_dags/tutorial_dag.py
[2023-11-25T18:26:57.670+0000] {processor.py:839} INFO - DAG(s) dict_keys(['tutorial_dag']) retrieved from /home/airflow/.local/lib/python3.8/site-packages/airflow/example_dags/tutorial_dag.py
[2023-11-25T18:26:57.687+0000] {logging_mixin.py:154} INFO - [2023-11-25T18:26:57.686+0000] {dag.py:2941} INFO - Sync 1 DAGs
[2023-11-25T18:26:57.696+0000] {logging_mixin.py:154} INFO - [2023-11-25T18:26:57.696+0000] {dag.py:3722} INFO - Setting next_dagrun for tutorial_dag to None, run_after=None
[2023-11-25T18:26:57.711+0000] {processor.py:179} INFO - Processing /home/airflow/.local/lib/python3.8/site-packages/airflow/example_dags/tutorial_dag.py took 0.050 seconds
[2023-11-25T18:27:28.198+0000] {processor.py:157} INFO - Started process (PID=969) to work on /home/airflow/.local/lib/python3.8/site-packages/airflow/example_dags/tutorial_dag.py
[2023-11-25T18:27:28.199+0000] {processor.py:829} INFO - Processing file /home/airflow/.local/lib/python3.8/site-packages/airflow/example_dags/tutorial_dag.py for tasks to queue
[2023-11-25T18:27:28.202+0000] {logging_mixin.py:154} INFO - [2023-11-25T18:27:28.201+0000] {dagbag.py:536} INFO - Filling up the DagBag from /home/airflow/.local/lib/python3.8/site-packages/airflow/example_dags/tutorial_dag.py
[2023-11-25T18:27:28.205+0000] {processor.py:839} INFO - DAG(s) dict_keys(['tutorial_dag']) retrieved from /home/airflow/.local/lib/python3.8/site-packages/airflow/example_dags/tutorial_dag.py
[2023-11-25T18:27:28.222+0000] {logging_mixin.py:154} INFO - [2023-11-25T18:27:28.222+0000] {dag.py:2941} INFO - Sync 1 DAGs
[2023-11-25T18:27:28.232+0000] {logging_mixin.py:154} INFO - [2023-11-25T18:27:28.232+0000] {dag.py:3722} INFO - Setting next_dagrun for tutorial_dag to None, run_after=None
[2023-11-25T18:27:28.246+0000] {processor.py:179} INFO - Processing /home/airflow/.local/lib/python3.8/site-packages/airflow/example_dags/tutorial_dag.py took 0.050 seconds
[2023-11-25T18:27:58.701+0000] {processor.py:157} INFO - Started process (PID=1023) to work on /home/airflow/.local/lib/python3.8/site-packages/airflow/example_dags/tutorial_dag.py
[2023-11-25T18:27:58.702+0000] {processor.py:829} INFO - Processing file /home/airflow/.local/lib/python3.8/site-packages/airflow/example_dags/tutorial_dag.py for tasks to queue
[2023-11-25T18:27:58.704+0000] {logging_mixin.py:154} INFO - [2023-11-25T18:27:58.704+0000] {dagbag.py:536} INFO - Filling up the DagBag from /home/airflow/.local/lib/python3.8/site-packages/airflow/example_dags/tutorial_dag.py
[2023-11-25T18:27:58.709+0000] {processor.py:839} INFO - DAG(s) dict_keys(['tutorial_dag']) retrieved from /home/airflow/.local/lib/python3.8/site-packages/airflow/example_dags/tutorial_dag.py
[2023-11-25T18:27:58.725+0000] {logging_mixin.py:154} INFO - [2023-11-25T18:27:58.725+0000] {dag.py:2941} INFO - Sync 1 DAGs
[2023-11-25T18:27:58.736+0000] {logging_mixin.py:154} INFO - [2023-11-25T18:27:58.736+0000] {dag.py:3722} INFO - Setting next_dagrun for tutorial_dag to None, run_after=None
[2023-11-25T18:27:58.753+0000] {processor.py:179} INFO - Processing /home/airflow/.local/lib/python3.8/site-packages/airflow/example_dags/tutorial_dag.py took 0.054 seconds
[2023-11-25T18:28:29.188+0000] {processor.py:157} INFO - Started process (PID=1077) to work on /home/airflow/.local/lib/python3.8/site-packages/airflow/example_dags/tutorial_dag.py
[2023-11-25T18:28:29.189+0000] {processor.py:829} INFO - Processing file /home/airflow/.local/lib/python3.8/site-packages/airflow/example_dags/tutorial_dag.py for tasks to queue
[2023-11-25T18:28:29.191+0000] {logging_mixin.py:154} INFO - [2023-11-25T18:28:29.191+0000] {dagbag.py:536} INFO - Filling up the DagBag from /home/airflow/.local/lib/python3.8/site-packages/airflow/example_dags/tutorial_dag.py
[2023-11-25T18:28:29.195+0000] {processor.py:839} INFO - DAG(s) dict_keys(['tutorial_dag']) retrieved from /home/airflow/.local/lib/python3.8/site-packages/airflow/example_dags/tutorial_dag.py
[2023-11-25T18:28:29.212+0000] {logging_mixin.py:154} INFO - [2023-11-25T18:28:29.212+0000] {dag.py:2941} INFO - Sync 1 DAGs
[2023-11-25T18:28:29.224+0000] {logging_mixin.py:154} INFO - [2023-11-25T18:28:29.223+0000] {dag.py:3722} INFO - Setting next_dagrun for tutorial_dag to None, run_after=None
[2023-11-25T18:28:29.241+0000] {processor.py:179} INFO - Processing /home/airflow/.local/lib/python3.8/site-packages/airflow/example_dags/tutorial_dag.py took 0.055 seconds
[2023-11-25T18:28:59.524+0000] {processor.py:157} INFO - Started process (PID=1131) to work on /home/airflow/.local/lib/python3.8/site-packages/airflow/example_dags/tutorial_dag.py
[2023-11-25T18:28:59.525+0000] {processor.py:829} INFO - Processing file /home/airflow/.local/lib/python3.8/site-packages/airflow/example_dags/tutorial_dag.py for tasks to queue
[2023-11-25T18:28:59.529+0000] {logging_mixin.py:154} INFO - [2023-11-25T18:28:59.529+0000] {dagbag.py:536} INFO - Filling up the DagBag from /home/airflow/.local/lib/python3.8/site-packages/airflow/example_dags/tutorial_dag.py
[2023-11-25T18:28:59.535+0000] {processor.py:839} INFO - DAG(s) dict_keys(['tutorial_dag']) retrieved from /home/airflow/.local/lib/python3.8/site-packages/airflow/example_dags/tutorial_dag.py
[2023-11-25T18:28:59.563+0000] {logging_mixin.py:154} INFO - [2023-11-25T18:28:59.563+0000] {dag.py:2941} INFO - Sync 1 DAGs
[2023-11-25T18:28:59.585+0000] {logging_mixin.py:154} INFO - [2023-11-25T18:28:59.584+0000] {dag.py:3722} INFO - Setting next_dagrun for tutorial_dag to None, run_after=None
[2023-11-25T18:28:59.612+0000] {processor.py:179} INFO - Processing /home/airflow/.local/lib/python3.8/site-packages/airflow/example_dags/tutorial_dag.py took 0.092 seconds
[2023-11-25T18:29:29.951+0000] {processor.py:157} INFO - Started process (PID=1185) to work on /home/airflow/.local/lib/python3.8/site-packages/airflow/example_dags/tutorial_dag.py
[2023-11-25T18:29:29.952+0000] {processor.py:829} INFO - Processing file /home/airflow/.local/lib/python3.8/site-packages/airflow/example_dags/tutorial_dag.py for tasks to queue
[2023-11-25T18:29:29.955+0000] {logging_mixin.py:154} INFO - [2023-11-25T18:29:29.954+0000] {dagbag.py:536} INFO - Filling up the DagBag from /home/airflow/.local/lib/python3.8/site-packages/airflow/example_dags/tutorial_dag.py
[2023-11-25T18:29:29.960+0000] {processor.py:839} INFO - DAG(s) dict_keys(['tutorial_dag']) retrieved from /home/airflow/.local/lib/python3.8/site-packages/airflow/example_dags/tutorial_dag.py
[2023-11-25T18:29:29.989+0000] {logging_mixin.py:154} INFO - [2023-11-25T18:29:29.988+0000] {dag.py:2941} INFO - Sync 1 DAGs
[2023-11-25T18:29:30.009+0000] {logging_mixin.py:154} INFO - [2023-11-25T18:29:30.009+0000] {dag.py:3722} INFO - Setting next_dagrun for tutorial_dag to None, run_after=None
[2023-11-25T18:29:30.045+0000] {processor.py:179} INFO - Processing /home/airflow/.local/lib/python3.8/site-packages/airflow/example_dags/tutorial_dag.py took 0.097 seconds
[2023-11-25T18:30:00.504+0000] {processor.py:157} INFO - Started process (PID=1239) to work on /home/airflow/.local/lib/python3.8/site-packages/airflow/example_dags/tutorial_dag.py
[2023-11-25T18:30:00.505+0000] {processor.py:829} INFO - Processing file /home/airflow/.local/lib/python3.8/site-packages/airflow/example_dags/tutorial_dag.py for tasks to queue
[2023-11-25T18:30:00.508+0000] {logging_mixin.py:154} INFO - [2023-11-25T18:30:00.507+0000] {dagbag.py:536} INFO - Filling up the DagBag from /home/airflow/.local/lib/python3.8/site-packages/airflow/example_dags/tutorial_dag.py
[2023-11-25T18:30:00.517+0000] {processor.py:839} INFO - DAG(s) dict_keys(['tutorial_dag']) retrieved from /home/airflow/.local/lib/python3.8/site-packages/airflow/example_dags/tutorial_dag.py
[2023-11-25T18:30:00.546+0000] {logging_mixin.py:154} INFO - [2023-11-25T18:30:00.545+0000] {dag.py:2941} INFO - Sync 1 DAGs
[2023-11-25T18:30:00.567+0000] {logging_mixin.py:154} INFO - [2023-11-25T18:30:00.567+0000] {dag.py:3722} INFO - Setting next_dagrun for tutorial_dag to None, run_after=None
[2023-11-25T18:30:00.592+0000] {processor.py:179} INFO - Processing /home/airflow/.local/lib/python3.8/site-packages/airflow/example_dags/tutorial_dag.py took 0.091 seconds
[2023-11-25T18:30:31.305+0000] {processor.py:157} INFO - Started process (PID=1293) to work on /home/airflow/.local/lib/python3.8/site-packages/airflow/example_dags/tutorial_dag.py
[2023-11-25T18:30:31.306+0000] {processor.py:829} INFO - Processing file /home/airflow/.local/lib/python3.8/site-packages/airflow/example_dags/tutorial_dag.py for tasks to queue
[2023-11-25T18:30:31.308+0000] {logging_mixin.py:154} INFO - [2023-11-25T18:30:31.308+0000] {dagbag.py:536} INFO - Filling up the DagBag from /home/airflow/.local/lib/python3.8/site-packages/airflow/example_dags/tutorial_dag.py
[2023-11-25T18:30:31.313+0000] {processor.py:839} INFO - DAG(s) dict_keys(['tutorial_dag']) retrieved from /home/airflow/.local/lib/python3.8/site-packages/airflow/example_dags/tutorial_dag.py
[2023-11-25T18:30:31.339+0000] {logging_mixin.py:154} INFO - [2023-11-25T18:30:31.338+0000] {dag.py:2941} INFO - Sync 1 DAGs
[2023-11-25T18:30:31.355+0000] {logging_mixin.py:154} INFO - [2023-11-25T18:30:31.355+0000] {dag.py:3722} INFO - Setting next_dagrun for tutorial_dag to None, run_after=None
[2023-11-25T18:30:31.385+0000] {processor.py:179} INFO - Processing /home/airflow/.local/lib/python3.8/site-packages/airflow/example_dags/tutorial_dag.py took 0.084 seconds
[2023-11-25T18:31:01.492+0000] {processor.py:157} INFO - Started process (PID=1347) to work on /home/airflow/.local/lib/python3.8/site-packages/airflow/example_dags/tutorial_dag.py
[2023-11-25T18:31:01.494+0000] {processor.py:829} INFO - Processing file /home/airflow/.local/lib/python3.8/site-packages/airflow/example_dags/tutorial_dag.py for tasks to queue
[2023-11-25T18:31:01.498+0000] {logging_mixin.py:154} INFO - [2023-11-25T18:31:01.498+0000] {dagbag.py:536} INFO - Filling up the DagBag from /home/airflow/.local/lib/python3.8/site-packages/airflow/example_dags/tutorial_dag.py
[2023-11-25T18:31:01.506+0000] {processor.py:839} INFO - DAG(s) dict_keys(['tutorial_dag']) retrieved from /home/airflow/.local/lib/python3.8/site-packages/airflow/example_dags/tutorial_dag.py
[2023-11-25T18:31:01.527+0000] {logging_mixin.py:154} INFO - [2023-11-25T18:31:01.527+0000] {dag.py:2941} INFO - Sync 1 DAGs
[2023-11-25T18:31:01.540+0000] {logging_mixin.py:154} INFO - [2023-11-25T18:31:01.540+0000] {dag.py:3722} INFO - Setting next_dagrun for tutorial_dag to None, run_after=None
[2023-11-25T18:31:01.569+0000] {processor.py:179} INFO - Processing /home/airflow/.local/lib/python3.8/site-packages/airflow/example_dags/tutorial_dag.py took 0.081 seconds
[2023-11-25T18:31:32.819+0000] {processor.py:157} INFO - Started process (PID=1401) to work on /home/airflow/.local/lib/python3.8/site-packages/airflow/example_dags/tutorial_dag.py
[2023-11-25T18:31:32.820+0000] {processor.py:829} INFO - Processing file /home/airflow/.local/lib/python3.8/site-packages/airflow/example_dags/tutorial_dag.py for tasks to queue
[2023-11-25T18:31:32.822+0000] {logging_mixin.py:154} INFO - [2023-11-25T18:31:32.822+0000] {dagbag.py:536} INFO - Filling up the DagBag from /home/airflow/.local/lib/python3.8/site-packages/airflow/example_dags/tutorial_dag.py
[2023-11-25T18:31:32.828+0000] {processor.py:839} INFO - DAG(s) dict_keys(['tutorial_dag']) retrieved from /home/airflow/.local/lib/python3.8/site-packages/airflow/example_dags/tutorial_dag.py
[2023-11-25T18:31:32.857+0000] {logging_mixin.py:154} INFO - [2023-11-25T18:31:32.856+0000] {dag.py:2941} INFO - Sync 1 DAGs
[2023-11-25T18:31:33.119+0000] {logging_mixin.py:154} INFO - [2023-11-25T18:31:33.119+0000] {dag.py:3722} INFO - Setting next_dagrun for tutorial_dag to None, run_after=None
[2023-11-25T18:31:33.153+0000] {processor.py:179} INFO - Processing /home/airflow/.local/lib/python3.8/site-packages/airflow/example_dags/tutorial_dag.py took 0.338 seconds
[2023-11-25T18:32:03.864+0000] {processor.py:157} INFO - Started process (PID=1456) to work on /home/airflow/.local/lib/python3.8/site-packages/airflow/example_dags/tutorial_dag.py
[2023-11-25T18:32:03.865+0000] {processor.py:829} INFO - Processing file /home/airflow/.local/lib/python3.8/site-packages/airflow/example_dags/tutorial_dag.py for tasks to queue
[2023-11-25T18:32:03.867+0000] {logging_mixin.py:154} INFO - [2023-11-25T18:32:03.866+0000] {dagbag.py:536} INFO - Filling up the DagBag from /home/airflow/.local/lib/python3.8/site-packages/airflow/example_dags/tutorial_dag.py
[2023-11-25T18:32:03.871+0000] {processor.py:839} INFO - DAG(s) dict_keys(['tutorial_dag']) retrieved from /home/airflow/.local/lib/python3.8/site-packages/airflow/example_dags/tutorial_dag.py
[2023-11-25T18:32:03.888+0000] {logging_mixin.py:154} INFO - [2023-11-25T18:32:03.888+0000] {dag.py:2941} INFO - Sync 1 DAGs
[2023-11-25T18:32:03.899+0000] {logging_mixin.py:154} INFO - [2023-11-25T18:32:03.899+0000] {dag.py:3722} INFO - Setting next_dagrun for tutorial_dag to None, run_after=None
[2023-11-25T18:32:03.915+0000] {processor.py:179} INFO - Processing /home/airflow/.local/lib/python3.8/site-packages/airflow/example_dags/tutorial_dag.py took 0.055 seconds
