[2023-11-25T18:18:51.300+0000] {processor.py:157} INFO - Started process (PID=52) to work on /home/airflow/.local/lib/python3.8/site-packages/airflow/example_dags/tutorial.py
[2023-11-25T18:18:51.301+0000] {processor.py:829} INFO - Processing file /home/airflow/.local/lib/python3.8/site-packages/airflow/example_dags/tutorial.py for tasks to queue
[2023-11-25T18:18:51.304+0000] {logging_mixin.py:154} INFO - [2023-11-25T18:18:51.303+0000] {dagbag.py:536} INFO - Filling up the DagBag from /home/airflow/.local/lib/python3.8/site-packages/airflow/example_dags/tutorial.py
[2023-11-25T18:18:51.312+0000] {processor.py:839} INFO - DAG(s) dict_keys(['tutorial']) retrieved from /home/airflow/.local/lib/python3.8/site-packages/airflow/example_dags/tutorial.py
[2023-11-25T18:18:51.324+0000] {logging_mixin.py:154} INFO - [2023-11-25T18:18:51.324+0000] {dag.py:2941} INFO - Sync 1 DAGs
[2023-11-25T18:18:51.352+0000] {logging_mixin.py:154} INFO - [2023-11-25T18:18:51.351+0000] {dag.py:3722} INFO - Setting next_dagrun for tutorial to 2023-11-24T18:18:51.351621+00:00, run_after=2023-11-25T18:18:51.351621+00:00
[2023-11-25T18:18:51.372+0000] {processor.py:179} INFO - Processing /home/airflow/.local/lib/python3.8/site-packages/airflow/example_dags/tutorial.py took 0.075 seconds
[2023-11-25T18:19:21.741+0000] {processor.py:157} INFO - Started process (PID=106) to work on /home/airflow/.local/lib/python3.8/site-packages/airflow/example_dags/tutorial.py
[2023-11-25T18:19:21.742+0000] {processor.py:829} INFO - Processing file /home/airflow/.local/lib/python3.8/site-packages/airflow/example_dags/tutorial.py for tasks to queue
[2023-11-25T18:19:21.743+0000] {logging_mixin.py:154} INFO - [2023-11-25T18:19:21.743+0000] {dagbag.py:536} INFO - Filling up the DagBag from /home/airflow/.local/lib/python3.8/site-packages/airflow/example_dags/tutorial.py
[2023-11-25T18:19:21.747+0000] {processor.py:839} INFO - DAG(s) dict_keys(['tutorial']) retrieved from /home/airflow/.local/lib/python3.8/site-packages/airflow/example_dags/tutorial.py
[2023-11-25T18:19:21.762+0000] {logging_mixin.py:154} INFO - [2023-11-25T18:19:21.762+0000] {dag.py:2941} INFO - Sync 1 DAGs
[2023-11-25T18:19:21.779+0000] {logging_mixin.py:154} INFO - [2023-11-25T18:19:21.779+0000] {dag.py:3722} INFO - Setting next_dagrun for tutorial to 2023-11-24T18:19:21.779583+00:00, run_after=2023-11-25T18:19:21.779583+00:00
[2023-11-25T18:19:21.795+0000] {processor.py:179} INFO - Processing /home/airflow/.local/lib/python3.8/site-packages/airflow/example_dags/tutorial.py took 0.057 seconds
[2023-11-25T18:19:52.278+0000] {processor.py:157} INFO - Started process (PID=160) to work on /home/airflow/.local/lib/python3.8/site-packages/airflow/example_dags/tutorial.py
[2023-11-25T18:19:52.279+0000] {processor.py:829} INFO - Processing file /home/airflow/.local/lib/python3.8/site-packages/airflow/example_dags/tutorial.py for tasks to queue
[2023-11-25T18:19:52.281+0000] {logging_mixin.py:154} INFO - [2023-11-25T18:19:52.280+0000] {dagbag.py:536} INFO - Filling up the DagBag from /home/airflow/.local/lib/python3.8/site-packages/airflow/example_dags/tutorial.py
[2023-11-25T18:19:52.285+0000] {processor.py:839} INFO - DAG(s) dict_keys(['tutorial']) retrieved from /home/airflow/.local/lib/python3.8/site-packages/airflow/example_dags/tutorial.py
[2023-11-25T18:19:52.301+0000] {logging_mixin.py:154} INFO - [2023-11-25T18:19:52.301+0000] {dag.py:2941} INFO - Sync 1 DAGs
[2023-11-25T18:19:52.321+0000] {logging_mixin.py:154} INFO - [2023-11-25T18:19:52.321+0000] {dag.py:3722} INFO - Setting next_dagrun for tutorial to 2023-11-24T18:19:52.321315+00:00, run_after=2023-11-25T18:19:52.321315+00:00
[2023-11-25T18:19:52.340+0000] {processor.py:179} INFO - Processing /home/airflow/.local/lib/python3.8/site-packages/airflow/example_dags/tutorial.py took 0.064 seconds
[2023-11-25T18:20:22.599+0000] {processor.py:157} INFO - Started process (PID=214) to work on /home/airflow/.local/lib/python3.8/site-packages/airflow/example_dags/tutorial.py
[2023-11-25T18:20:22.600+0000] {processor.py:829} INFO - Processing file /home/airflow/.local/lib/python3.8/site-packages/airflow/example_dags/tutorial.py for tasks to queue
[2023-11-25T18:20:22.602+0000] {logging_mixin.py:154} INFO - [2023-11-25T18:20:22.602+0000] {dagbag.py:536} INFO - Filling up the DagBag from /home/airflow/.local/lib/python3.8/site-packages/airflow/example_dags/tutorial.py
[2023-11-25T18:20:22.606+0000] {processor.py:839} INFO - DAG(s) dict_keys(['tutorial']) retrieved from /home/airflow/.local/lib/python3.8/site-packages/airflow/example_dags/tutorial.py
[2023-11-25T18:20:22.622+0000] {logging_mixin.py:154} INFO - [2023-11-25T18:20:22.622+0000] {dag.py:2941} INFO - Sync 1 DAGs
[2023-11-25T18:20:22.640+0000] {logging_mixin.py:154} INFO - [2023-11-25T18:20:22.640+0000] {dag.py:3722} INFO - Setting next_dagrun for tutorial to 2023-11-24T18:20:22.640122+00:00, run_after=2023-11-25T18:20:22.640122+00:00
[2023-11-25T18:20:22.654+0000] {processor.py:179} INFO - Processing /home/airflow/.local/lib/python3.8/site-packages/airflow/example_dags/tutorial.py took 0.056 seconds
[2023-11-25T18:20:52.795+0000] {processor.py:157} INFO - Started process (PID=268) to work on /home/airflow/.local/lib/python3.8/site-packages/airflow/example_dags/tutorial.py
[2023-11-25T18:20:52.796+0000] {processor.py:829} INFO - Processing file /home/airflow/.local/lib/python3.8/site-packages/airflow/example_dags/tutorial.py for tasks to queue
[2023-11-25T18:20:52.798+0000] {logging_mixin.py:154} INFO - [2023-11-25T18:20:52.797+0000] {dagbag.py:536} INFO - Filling up the DagBag from /home/airflow/.local/lib/python3.8/site-packages/airflow/example_dags/tutorial.py
[2023-11-25T18:20:52.802+0000] {processor.py:839} INFO - DAG(s) dict_keys(['tutorial']) retrieved from /home/airflow/.local/lib/python3.8/site-packages/airflow/example_dags/tutorial.py
[2023-11-25T18:20:52.818+0000] {logging_mixin.py:154} INFO - [2023-11-25T18:20:52.818+0000] {dag.py:2941} INFO - Sync 1 DAGs
[2023-11-25T18:20:52.835+0000] {logging_mixin.py:154} INFO - [2023-11-25T18:20:52.835+0000] {dag.py:3722} INFO - Setting next_dagrun for tutorial to 2023-11-24T18:20:52.835366+00:00, run_after=2023-11-25T18:20:52.835366+00:00
[2023-11-25T18:20:52.850+0000] {processor.py:179} INFO - Processing /home/airflow/.local/lib/python3.8/site-packages/airflow/example_dags/tutorial.py took 0.057 seconds
[2023-11-25T18:21:23.133+0000] {processor.py:157} INFO - Started process (PID=322) to work on /home/airflow/.local/lib/python3.8/site-packages/airflow/example_dags/tutorial.py
[2023-11-25T18:21:23.134+0000] {processor.py:829} INFO - Processing file /home/airflow/.local/lib/python3.8/site-packages/airflow/example_dags/tutorial.py for tasks to queue
[2023-11-25T18:21:23.136+0000] {logging_mixin.py:154} INFO - [2023-11-25T18:21:23.135+0000] {dagbag.py:536} INFO - Filling up the DagBag from /home/airflow/.local/lib/python3.8/site-packages/airflow/example_dags/tutorial.py
[2023-11-25T18:21:23.141+0000] {processor.py:839} INFO - DAG(s) dict_keys(['tutorial']) retrieved from /home/airflow/.local/lib/python3.8/site-packages/airflow/example_dags/tutorial.py
[2023-11-25T18:21:23.157+0000] {logging_mixin.py:154} INFO - [2023-11-25T18:21:23.157+0000] {dag.py:2941} INFO - Sync 1 DAGs
[2023-11-25T18:21:23.174+0000] {logging_mixin.py:154} INFO - [2023-11-25T18:21:23.174+0000] {dag.py:3722} INFO - Setting next_dagrun for tutorial to 2023-11-24T18:21:23.174092+00:00, run_after=2023-11-25T18:21:23.174092+00:00
[2023-11-25T18:21:23.189+0000] {processor.py:179} INFO - Processing /home/airflow/.local/lib/python3.8/site-packages/airflow/example_dags/tutorial.py took 0.057 seconds
[2023-11-25T18:21:53.492+0000] {processor.py:157} INFO - Started process (PID=376) to work on /home/airflow/.local/lib/python3.8/site-packages/airflow/example_dags/tutorial.py
[2023-11-25T18:21:53.493+0000] {processor.py:829} INFO - Processing file /home/airflow/.local/lib/python3.8/site-packages/airflow/example_dags/tutorial.py for tasks to queue
[2023-11-25T18:21:53.495+0000] {logging_mixin.py:154} INFO - [2023-11-25T18:21:53.495+0000] {dagbag.py:536} INFO - Filling up the DagBag from /home/airflow/.local/lib/python3.8/site-packages/airflow/example_dags/tutorial.py
[2023-11-25T18:21:53.500+0000] {processor.py:839} INFO - DAG(s) dict_keys(['tutorial']) retrieved from /home/airflow/.local/lib/python3.8/site-packages/airflow/example_dags/tutorial.py
[2023-11-25T18:21:53.518+0000] {logging_mixin.py:154} INFO - [2023-11-25T18:21:53.517+0000] {dag.py:2941} INFO - Sync 1 DAGs
[2023-11-25T18:21:53.538+0000] {logging_mixin.py:154} INFO - [2023-11-25T18:21:53.538+0000] {dag.py:3722} INFO - Setting next_dagrun for tutorial to 2023-11-24T18:21:53.537864+00:00, run_after=2023-11-25T18:21:53.537864+00:00
[2023-11-25T18:21:53.555+0000] {processor.py:179} INFO - Processing /home/airflow/.local/lib/python3.8/site-packages/airflow/example_dags/tutorial.py took 0.065 seconds
[2023-11-25T18:22:24.083+0000] {processor.py:157} INFO - Started process (PID=429) to work on /home/airflow/.local/lib/python3.8/site-packages/airflow/example_dags/tutorial.py
[2023-11-25T18:22:24.084+0000] {processor.py:829} INFO - Processing file /home/airflow/.local/lib/python3.8/site-packages/airflow/example_dags/tutorial.py for tasks to queue
[2023-11-25T18:22:24.085+0000] {logging_mixin.py:154} INFO - [2023-11-25T18:22:24.085+0000] {dagbag.py:536} INFO - Filling up the DagBag from /home/airflow/.local/lib/python3.8/site-packages/airflow/example_dags/tutorial.py
[2023-11-25T18:22:24.090+0000] {processor.py:839} INFO - DAG(s) dict_keys(['tutorial']) retrieved from /home/airflow/.local/lib/python3.8/site-packages/airflow/example_dags/tutorial.py
[2023-11-25T18:22:24.106+0000] {logging_mixin.py:154} INFO - [2023-11-25T18:22:24.106+0000] {dag.py:2941} INFO - Sync 1 DAGs
[2023-11-25T18:22:24.125+0000] {logging_mixin.py:154} INFO - [2023-11-25T18:22:24.124+0000] {dag.py:3722} INFO - Setting next_dagrun for tutorial to 2023-11-24T18:22:24.124552+00:00, run_after=2023-11-25T18:22:24.124552+00:00
[2023-11-25T18:22:24.142+0000] {processor.py:179} INFO - Processing /home/airflow/.local/lib/python3.8/site-packages/airflow/example_dags/tutorial.py took 0.061 seconds
[2023-11-25T18:22:54.243+0000] {processor.py:157} INFO - Started process (PID=483) to work on /home/airflow/.local/lib/python3.8/site-packages/airflow/example_dags/tutorial.py
[2023-11-25T18:22:54.243+0000] {processor.py:829} INFO - Processing file /home/airflow/.local/lib/python3.8/site-packages/airflow/example_dags/tutorial.py for tasks to queue
[2023-11-25T18:22:54.245+0000] {logging_mixin.py:154} INFO - [2023-11-25T18:22:54.245+0000] {dagbag.py:536} INFO - Filling up the DagBag from /home/airflow/.local/lib/python3.8/site-packages/airflow/example_dags/tutorial.py
[2023-11-25T18:22:54.249+0000] {processor.py:839} INFO - DAG(s) dict_keys(['tutorial']) retrieved from /home/airflow/.local/lib/python3.8/site-packages/airflow/example_dags/tutorial.py
[2023-11-25T18:22:54.265+0000] {logging_mixin.py:154} INFO - [2023-11-25T18:22:54.264+0000] {dag.py:2941} INFO - Sync 1 DAGs
[2023-11-25T18:22:54.283+0000] {logging_mixin.py:154} INFO - [2023-11-25T18:22:54.283+0000] {dag.py:3722} INFO - Setting next_dagrun for tutorial to 2023-11-24T18:22:54.283542+00:00, run_after=2023-11-25T18:22:54.283542+00:00
[2023-11-25T18:22:54.301+0000] {processor.py:179} INFO - Processing /home/airflow/.local/lib/python3.8/site-packages/airflow/example_dags/tutorial.py took 0.061 seconds
[2023-11-25T18:23:24.757+0000] {processor.py:157} INFO - Started process (PID=537) to work on /home/airflow/.local/lib/python3.8/site-packages/airflow/example_dags/tutorial.py
[2023-11-25T18:23:24.758+0000] {processor.py:829} INFO - Processing file /home/airflow/.local/lib/python3.8/site-packages/airflow/example_dags/tutorial.py for tasks to queue
[2023-11-25T18:23:24.759+0000] {logging_mixin.py:154} INFO - [2023-11-25T18:23:24.759+0000] {dagbag.py:536} INFO - Filling up the DagBag from /home/airflow/.local/lib/python3.8/site-packages/airflow/example_dags/tutorial.py
[2023-11-25T18:23:24.764+0000] {processor.py:839} INFO - DAG(s) dict_keys(['tutorial']) retrieved from /home/airflow/.local/lib/python3.8/site-packages/airflow/example_dags/tutorial.py
[2023-11-25T18:23:24.781+0000] {logging_mixin.py:154} INFO - [2023-11-25T18:23:24.780+0000] {dag.py:2941} INFO - Sync 1 DAGs
[2023-11-25T18:23:24.801+0000] {logging_mixin.py:154} INFO - [2023-11-25T18:23:24.801+0000] {dag.py:3722} INFO - Setting next_dagrun for tutorial to 2023-11-24T18:23:24.800897+00:00, run_after=2023-11-25T18:23:24.800897+00:00
[2023-11-25T18:23:24.818+0000] {processor.py:179} INFO - Processing /home/airflow/.local/lib/python3.8/site-packages/airflow/example_dags/tutorial.py took 0.064 seconds
[2023-11-25T18:23:55.274+0000] {processor.py:157} INFO - Started process (PID=591) to work on /home/airflow/.local/lib/python3.8/site-packages/airflow/example_dags/tutorial.py
[2023-11-25T18:23:55.275+0000] {processor.py:829} INFO - Processing file /home/airflow/.local/lib/python3.8/site-packages/airflow/example_dags/tutorial.py for tasks to queue
[2023-11-25T18:23:55.277+0000] {logging_mixin.py:154} INFO - [2023-11-25T18:23:55.276+0000] {dagbag.py:536} INFO - Filling up the DagBag from /home/airflow/.local/lib/python3.8/site-packages/airflow/example_dags/tutorial.py
[2023-11-25T18:23:55.282+0000] {processor.py:839} INFO - DAG(s) dict_keys(['tutorial']) retrieved from /home/airflow/.local/lib/python3.8/site-packages/airflow/example_dags/tutorial.py
[2023-11-25T18:23:55.303+0000] {logging_mixin.py:154} INFO - [2023-11-25T18:23:55.303+0000] {dag.py:2941} INFO - Sync 1 DAGs
[2023-11-25T18:23:55.329+0000] {logging_mixin.py:154} INFO - [2023-11-25T18:23:55.328+0000] {dag.py:3722} INFO - Setting next_dagrun for tutorial to 2023-11-24T18:23:55.328476+00:00, run_after=2023-11-25T18:23:55.328476+00:00
[2023-11-25T18:23:55.351+0000] {processor.py:179} INFO - Processing /home/airflow/.local/lib/python3.8/site-packages/airflow/example_dags/tutorial.py took 0.080 seconds
[2023-11-25T18:24:25.424+0000] {processor.py:157} INFO - Started process (PID=645) to work on /home/airflow/.local/lib/python3.8/site-packages/airflow/example_dags/tutorial.py
[2023-11-25T18:24:25.425+0000] {processor.py:829} INFO - Processing file /home/airflow/.local/lib/python3.8/site-packages/airflow/example_dags/tutorial.py for tasks to queue
[2023-11-25T18:24:25.427+0000] {logging_mixin.py:154} INFO - [2023-11-25T18:24:25.426+0000] {dagbag.py:536} INFO - Filling up the DagBag from /home/airflow/.local/lib/python3.8/site-packages/airflow/example_dags/tutorial.py
[2023-11-25T18:24:25.432+0000] {processor.py:839} INFO - DAG(s) dict_keys(['tutorial']) retrieved from /home/airflow/.local/lib/python3.8/site-packages/airflow/example_dags/tutorial.py
[2023-11-25T18:24:25.449+0000] {logging_mixin.py:154} INFO - [2023-11-25T18:24:25.448+0000] {dag.py:2941} INFO - Sync 1 DAGs
[2023-11-25T18:24:25.470+0000] {logging_mixin.py:154} INFO - [2023-11-25T18:24:25.469+0000] {dag.py:3722} INFO - Setting next_dagrun for tutorial to 2023-11-24T18:24:25.469680+00:00, run_after=2023-11-25T18:24:25.469680+00:00
[2023-11-25T18:24:25.486+0000] {processor.py:179} INFO - Processing /home/airflow/.local/lib/python3.8/site-packages/airflow/example_dags/tutorial.py took 0.065 seconds
[2023-11-25T18:24:55.995+0000] {processor.py:157} INFO - Started process (PID=700) to work on /home/airflow/.local/lib/python3.8/site-packages/airflow/example_dags/tutorial.py
[2023-11-25T18:24:55.996+0000] {processor.py:829} INFO - Processing file /home/airflow/.local/lib/python3.8/site-packages/airflow/example_dags/tutorial.py for tasks to queue
[2023-11-25T18:24:55.997+0000] {logging_mixin.py:154} INFO - [2023-11-25T18:24:55.997+0000] {dagbag.py:536} INFO - Filling up the DagBag from /home/airflow/.local/lib/python3.8/site-packages/airflow/example_dags/tutorial.py
[2023-11-25T18:24:56.001+0000] {processor.py:839} INFO - DAG(s) dict_keys(['tutorial']) retrieved from /home/airflow/.local/lib/python3.8/site-packages/airflow/example_dags/tutorial.py
[2023-11-25T18:24:56.017+0000] {logging_mixin.py:154} INFO - [2023-11-25T18:24:56.017+0000] {dag.py:2941} INFO - Sync 1 DAGs
[2023-11-25T18:24:56.037+0000] {logging_mixin.py:154} INFO - [2023-11-25T18:24:56.036+0000] {dag.py:3722} INFO - Setting next_dagrun for tutorial to 2023-11-24T18:24:56.036689+00:00, run_after=2023-11-25T18:24:56.036689+00:00
[2023-11-25T18:24:56.051+0000] {processor.py:179} INFO - Processing /home/airflow/.local/lib/python3.8/site-packages/airflow/example_dags/tutorial.py took 0.059 seconds
[2023-11-25T18:25:26.854+0000] {processor.py:157} INFO - Started process (PID=754) to work on /home/airflow/.local/lib/python3.8/site-packages/airflow/example_dags/tutorial.py
[2023-11-25T18:25:26.855+0000] {processor.py:829} INFO - Processing file /home/airflow/.local/lib/python3.8/site-packages/airflow/example_dags/tutorial.py for tasks to queue
[2023-11-25T18:25:26.858+0000] {logging_mixin.py:154} INFO - [2023-11-25T18:25:26.857+0000] {dagbag.py:536} INFO - Filling up the DagBag from /home/airflow/.local/lib/python3.8/site-packages/airflow/example_dags/tutorial.py
[2023-11-25T18:25:26.868+0000] {processor.py:839} INFO - DAG(s) dict_keys(['tutorial']) retrieved from /home/airflow/.local/lib/python3.8/site-packages/airflow/example_dags/tutorial.py
[2023-11-25T18:25:26.898+0000] {logging_mixin.py:154} INFO - [2023-11-25T18:25:26.898+0000] {dag.py:2941} INFO - Sync 1 DAGs
[2023-11-25T18:25:26.932+0000] {logging_mixin.py:154} INFO - [2023-11-25T18:25:26.932+0000] {dag.py:3722} INFO - Setting next_dagrun for tutorial to 2023-11-24T18:25:26.931852+00:00, run_after=2023-11-25T18:25:26.931852+00:00
[2023-11-25T18:25:26.973+0000] {processor.py:179} INFO - Processing /home/airflow/.local/lib/python3.8/site-packages/airflow/example_dags/tutorial.py took 0.124 seconds
[2023-11-25T18:25:57.050+0000] {processor.py:157} INFO - Started process (PID=808) to work on /home/airflow/.local/lib/python3.8/site-packages/airflow/example_dags/tutorial.py
[2023-11-25T18:25:57.051+0000] {processor.py:829} INFO - Processing file /home/airflow/.local/lib/python3.8/site-packages/airflow/example_dags/tutorial.py for tasks to queue
[2023-11-25T18:25:57.053+0000] {logging_mixin.py:154} INFO - [2023-11-25T18:25:57.052+0000] {dagbag.py:536} INFO - Filling up the DagBag from /home/airflow/.local/lib/python3.8/site-packages/airflow/example_dags/tutorial.py
[2023-11-25T18:25:57.057+0000] {processor.py:839} INFO - DAG(s) dict_keys(['tutorial']) retrieved from /home/airflow/.local/lib/python3.8/site-packages/airflow/example_dags/tutorial.py
[2023-11-25T18:25:57.071+0000] {logging_mixin.py:154} INFO - [2023-11-25T18:25:57.071+0000] {dag.py:2941} INFO - Sync 1 DAGs
[2023-11-25T18:25:57.089+0000] {logging_mixin.py:154} INFO - [2023-11-25T18:25:57.088+0000] {dag.py:3722} INFO - Setting next_dagrun for tutorial to 2023-11-24T18:25:57.088637+00:00, run_after=2023-11-25T18:25:57.088637+00:00
[2023-11-25T18:25:57.102+0000] {processor.py:179} INFO - Processing /home/airflow/.local/lib/python3.8/site-packages/airflow/example_dags/tutorial.py took 0.054 seconds
[2023-11-25T18:26:27.473+0000] {processor.py:157} INFO - Started process (PID=862) to work on /home/airflow/.local/lib/python3.8/site-packages/airflow/example_dags/tutorial.py
[2023-11-25T18:26:27.474+0000] {processor.py:829} INFO - Processing file /home/airflow/.local/lib/python3.8/site-packages/airflow/example_dags/tutorial.py for tasks to queue
[2023-11-25T18:26:27.476+0000] {logging_mixin.py:154} INFO - [2023-11-25T18:26:27.476+0000] {dagbag.py:536} INFO - Filling up the DagBag from /home/airflow/.local/lib/python3.8/site-packages/airflow/example_dags/tutorial.py
[2023-11-25T18:26:27.480+0000] {processor.py:839} INFO - DAG(s) dict_keys(['tutorial']) retrieved from /home/airflow/.local/lib/python3.8/site-packages/airflow/example_dags/tutorial.py
[2023-11-25T18:26:27.498+0000] {logging_mixin.py:154} INFO - [2023-11-25T18:26:27.498+0000] {dag.py:2941} INFO - Sync 1 DAGs
[2023-11-25T18:26:27.523+0000] {logging_mixin.py:154} INFO - [2023-11-25T18:26:27.523+0000] {dag.py:3722} INFO - Setting next_dagrun for tutorial to 2023-11-24T18:26:27.523372+00:00, run_after=2023-11-25T18:26:27.523372+00:00
[2023-11-25T18:26:27.544+0000] {processor.py:179} INFO - Processing /home/airflow/.local/lib/python3.8/site-packages/airflow/example_dags/tutorial.py took 0.073 seconds
[2023-11-25T18:26:57.680+0000] {processor.py:157} INFO - Started process (PID=916) to work on /home/airflow/.local/lib/python3.8/site-packages/airflow/example_dags/tutorial.py
[2023-11-25T18:26:57.681+0000] {processor.py:829} INFO - Processing file /home/airflow/.local/lib/python3.8/site-packages/airflow/example_dags/tutorial.py for tasks to queue
[2023-11-25T18:26:57.682+0000] {logging_mixin.py:154} INFO - [2023-11-25T18:26:57.682+0000] {dagbag.py:536} INFO - Filling up the DagBag from /home/airflow/.local/lib/python3.8/site-packages/airflow/example_dags/tutorial.py
[2023-11-25T18:26:57.686+0000] {processor.py:839} INFO - DAG(s) dict_keys(['tutorial']) retrieved from /home/airflow/.local/lib/python3.8/site-packages/airflow/example_dags/tutorial.py
[2023-11-25T18:26:57.702+0000] {logging_mixin.py:154} INFO - [2023-11-25T18:26:57.702+0000] {dag.py:2941} INFO - Sync 1 DAGs
[2023-11-25T18:26:57.720+0000] {logging_mixin.py:154} INFO - [2023-11-25T18:26:57.720+0000] {dag.py:3722} INFO - Setting next_dagrun for tutorial to 2023-11-24T18:26:57.719966+00:00, run_after=2023-11-25T18:26:57.719966+00:00
[2023-11-25T18:26:57.737+0000] {processor.py:179} INFO - Processing /home/airflow/.local/lib/python3.8/site-packages/airflow/example_dags/tutorial.py took 0.059 seconds
[2023-11-25T18:27:28.217+0000] {processor.py:157} INFO - Started process (PID=970) to work on /home/airflow/.local/lib/python3.8/site-packages/airflow/example_dags/tutorial.py
[2023-11-25T18:27:28.218+0000] {processor.py:829} INFO - Processing file /home/airflow/.local/lib/python3.8/site-packages/airflow/example_dags/tutorial.py for tasks to queue
[2023-11-25T18:27:28.220+0000] {logging_mixin.py:154} INFO - [2023-11-25T18:27:28.219+0000] {dagbag.py:536} INFO - Filling up the DagBag from /home/airflow/.local/lib/python3.8/site-packages/airflow/example_dags/tutorial.py
[2023-11-25T18:27:28.224+0000] {processor.py:839} INFO - DAG(s) dict_keys(['tutorial']) retrieved from /home/airflow/.local/lib/python3.8/site-packages/airflow/example_dags/tutorial.py
[2023-11-25T18:27:28.239+0000] {logging_mixin.py:154} INFO - [2023-11-25T18:27:28.239+0000] {dag.py:2941} INFO - Sync 1 DAGs
[2023-11-25T18:27:28.258+0000] {logging_mixin.py:154} INFO - [2023-11-25T18:27:28.258+0000] {dag.py:3722} INFO - Setting next_dagrun for tutorial to 2023-11-24T18:27:28.257929+00:00, run_after=2023-11-25T18:27:28.257929+00:00
[2023-11-25T18:27:28.274+0000] {processor.py:179} INFO - Processing /home/airflow/.local/lib/python3.8/site-packages/airflow/example_dags/tutorial.py took 0.059 seconds
[2023-11-25T18:27:58.774+0000] {processor.py:157} INFO - Started process (PID=1024) to work on /home/airflow/.local/lib/python3.8/site-packages/airflow/example_dags/tutorial.py
[2023-11-25T18:27:58.775+0000] {processor.py:829} INFO - Processing file /home/airflow/.local/lib/python3.8/site-packages/airflow/example_dags/tutorial.py for tasks to queue
[2023-11-25T18:27:58.777+0000] {logging_mixin.py:154} INFO - [2023-11-25T18:27:58.777+0000] {dagbag.py:536} INFO - Filling up the DagBag from /home/airflow/.local/lib/python3.8/site-packages/airflow/example_dags/tutorial.py
[2023-11-25T18:27:58.781+0000] {processor.py:839} INFO - DAG(s) dict_keys(['tutorial']) retrieved from /home/airflow/.local/lib/python3.8/site-packages/airflow/example_dags/tutorial.py
[2023-11-25T18:27:58.796+0000] {logging_mixin.py:154} INFO - [2023-11-25T18:27:58.796+0000] {dag.py:2941} INFO - Sync 1 DAGs
[2023-11-25T18:27:58.963+0000] {logging_mixin.py:154} INFO - [2023-11-25T18:27:58.963+0000] {dag.py:3722} INFO - Setting next_dagrun for tutorial to 2023-11-24T18:27:58.962893+00:00, run_after=2023-11-25T18:27:58.962893+00:00
[2023-11-25T18:27:58.979+0000] {processor.py:179} INFO - Processing /home/airflow/.local/lib/python3.8/site-packages/airflow/example_dags/tutorial.py took 0.207 seconds
[2023-11-25T18:28:29.207+0000] {processor.py:157} INFO - Started process (PID=1078) to work on /home/airflow/.local/lib/python3.8/site-packages/airflow/example_dags/tutorial.py
[2023-11-25T18:28:29.208+0000] {processor.py:829} INFO - Processing file /home/airflow/.local/lib/python3.8/site-packages/airflow/example_dags/tutorial.py for tasks to queue
[2023-11-25T18:28:29.210+0000] {logging_mixin.py:154} INFO - [2023-11-25T18:28:29.210+0000] {dagbag.py:536} INFO - Filling up the DagBag from /home/airflow/.local/lib/python3.8/site-packages/airflow/example_dags/tutorial.py
[2023-11-25T18:28:29.214+0000] {processor.py:839} INFO - DAG(s) dict_keys(['tutorial']) retrieved from /home/airflow/.local/lib/python3.8/site-packages/airflow/example_dags/tutorial.py
[2023-11-25T18:28:29.233+0000] {logging_mixin.py:154} INFO - [2023-11-25T18:28:29.232+0000] {dag.py:2941} INFO - Sync 1 DAGs
[2023-11-25T18:28:29.253+0000] {logging_mixin.py:154} INFO - [2023-11-25T18:28:29.253+0000] {dag.py:3722} INFO - Setting next_dagrun for tutorial to 2023-11-24T18:28:29.253386+00:00, run_after=2023-11-25T18:28:29.253386+00:00
[2023-11-25T18:28:29.270+0000] {processor.py:179} INFO - Processing /home/airflow/.local/lib/python3.8/site-packages/airflow/example_dags/tutorial.py took 0.065 seconds
[2023-11-25T18:28:59.567+0000] {processor.py:157} INFO - Started process (PID=1132) to work on /home/airflow/.local/lib/python3.8/site-packages/airflow/example_dags/tutorial.py
[2023-11-25T18:28:59.569+0000] {processor.py:829} INFO - Processing file /home/airflow/.local/lib/python3.8/site-packages/airflow/example_dags/tutorial.py for tasks to queue
[2023-11-25T18:28:59.572+0000] {logging_mixin.py:154} INFO - [2023-11-25T18:28:59.571+0000] {dagbag.py:536} INFO - Filling up the DagBag from /home/airflow/.local/lib/python3.8/site-packages/airflow/example_dags/tutorial.py
[2023-11-25T18:28:59.581+0000] {processor.py:839} INFO - DAG(s) dict_keys(['tutorial']) retrieved from /home/airflow/.local/lib/python3.8/site-packages/airflow/example_dags/tutorial.py
[2023-11-25T18:28:59.606+0000] {logging_mixin.py:154} INFO - [2023-11-25T18:28:59.606+0000] {dag.py:2941} INFO - Sync 1 DAGs
[2023-11-25T18:28:59.645+0000] {logging_mixin.py:154} INFO - [2023-11-25T18:28:59.645+0000] {dag.py:3722} INFO - Setting next_dagrun for tutorial to 2023-11-24T18:28:59.645144+00:00, run_after=2023-11-25T18:28:59.645144+00:00
[2023-11-25T18:28:59.674+0000] {processor.py:179} INFO - Processing /home/airflow/.local/lib/python3.8/site-packages/airflow/example_dags/tutorial.py took 0.111 seconds
[2023-11-25T18:29:30.031+0000] {processor.py:157} INFO - Started process (PID=1186) to work on /home/airflow/.local/lib/python3.8/site-packages/airflow/example_dags/tutorial.py
[2023-11-25T18:29:30.033+0000] {processor.py:829} INFO - Processing file /home/airflow/.local/lib/python3.8/site-packages/airflow/example_dags/tutorial.py for tasks to queue
[2023-11-25T18:29:30.036+0000] {logging_mixin.py:154} INFO - [2023-11-25T18:29:30.036+0000] {dagbag.py:536} INFO - Filling up the DagBag from /home/airflow/.local/lib/python3.8/site-packages/airflow/example_dags/tutorial.py
[2023-11-25T18:29:30.045+0000] {processor.py:839} INFO - DAG(s) dict_keys(['tutorial']) retrieved from /home/airflow/.local/lib/python3.8/site-packages/airflow/example_dags/tutorial.py
[2023-11-25T18:29:30.079+0000] {logging_mixin.py:154} INFO - [2023-11-25T18:29:30.078+0000] {dag.py:2941} INFO - Sync 1 DAGs
[2023-11-25T18:29:30.110+0000] {logging_mixin.py:154} INFO - [2023-11-25T18:29:30.110+0000] {dag.py:3722} INFO - Setting next_dagrun for tutorial to 2023-11-24T18:29:30.109716+00:00, run_after=2023-11-25T18:29:30.109716+00:00
[2023-11-25T18:29:30.343+0000] {processor.py:179} INFO - Processing /home/airflow/.local/lib/python3.8/site-packages/airflow/example_dags/tutorial.py took 0.316 seconds
[2023-11-25T18:30:00.554+0000] {processor.py:157} INFO - Started process (PID=1240) to work on /home/airflow/.local/lib/python3.8/site-packages/airflow/example_dags/tutorial.py
[2023-11-25T18:30:00.555+0000] {processor.py:829} INFO - Processing file /home/airflow/.local/lib/python3.8/site-packages/airflow/example_dags/tutorial.py for tasks to queue
[2023-11-25T18:30:00.558+0000] {logging_mixin.py:154} INFO - [2023-11-25T18:30:00.558+0000] {dagbag.py:536} INFO - Filling up the DagBag from /home/airflow/.local/lib/python3.8/site-packages/airflow/example_dags/tutorial.py
[2023-11-25T18:30:00.567+0000] {processor.py:839} INFO - DAG(s) dict_keys(['tutorial']) retrieved from /home/airflow/.local/lib/python3.8/site-packages/airflow/example_dags/tutorial.py
[2023-11-25T18:30:00.592+0000] {logging_mixin.py:154} INFO - [2023-11-25T18:30:00.591+0000] {dag.py:2941} INFO - Sync 1 DAGs
[2023-11-25T18:30:00.628+0000] {logging_mixin.py:154} INFO - [2023-11-25T18:30:00.627+0000] {dag.py:3722} INFO - Setting next_dagrun for tutorial to 2023-11-24T18:30:00.627702+00:00, run_after=2023-11-25T18:30:00.627702+00:00
[2023-11-25T18:30:00.660+0000] {processor.py:179} INFO - Processing /home/airflow/.local/lib/python3.8/site-packages/airflow/example_dags/tutorial.py took 0.110 seconds
[2023-11-25T18:30:31.426+0000] {processor.py:157} INFO - Started process (PID=1294) to work on /home/airflow/.local/lib/python3.8/site-packages/airflow/example_dags/tutorial.py
[2023-11-25T18:30:31.427+0000] {processor.py:829} INFO - Processing file /home/airflow/.local/lib/python3.8/site-packages/airflow/example_dags/tutorial.py for tasks to queue
[2023-11-25T18:30:31.430+0000] {logging_mixin.py:154} INFO - [2023-11-25T18:30:31.429+0000] {dagbag.py:536} INFO - Filling up the DagBag from /home/airflow/.local/lib/python3.8/site-packages/airflow/example_dags/tutorial.py
[2023-11-25T18:30:31.437+0000] {processor.py:839} INFO - DAG(s) dict_keys(['tutorial']) retrieved from /home/airflow/.local/lib/python3.8/site-packages/airflow/example_dags/tutorial.py
[2023-11-25T18:30:31.459+0000] {logging_mixin.py:154} INFO - [2023-11-25T18:30:31.459+0000] {dag.py:2941} INFO - Sync 1 DAGs
[2023-11-25T18:30:31.658+0000] {logging_mixin.py:154} INFO - [2023-11-25T18:30:31.658+0000] {dag.py:3722} INFO - Setting next_dagrun for tutorial to 2023-11-24T18:30:31.658155+00:00, run_after=2023-11-25T18:30:31.658155+00:00
[2023-11-25T18:30:31.679+0000] {processor.py:179} INFO - Processing /home/airflow/.local/lib/python3.8/site-packages/airflow/example_dags/tutorial.py took 0.256 seconds
[2023-11-25T18:31:01.752+0000] {processor.py:157} INFO - Started process (PID=1349) to work on /home/airflow/.local/lib/python3.8/site-packages/airflow/example_dags/tutorial.py
[2023-11-25T18:31:01.755+0000] {processor.py:829} INFO - Processing file /home/airflow/.local/lib/python3.8/site-packages/airflow/example_dags/tutorial.py for tasks to queue
[2023-11-25T18:31:01.757+0000] {logging_mixin.py:154} INFO - [2023-11-25T18:31:01.757+0000] {dagbag.py:536} INFO - Filling up the DagBag from /home/airflow/.local/lib/python3.8/site-packages/airflow/example_dags/tutorial.py
[2023-11-25T18:31:01.764+0000] {processor.py:839} INFO - DAG(s) dict_keys(['tutorial']) retrieved from /home/airflow/.local/lib/python3.8/site-packages/airflow/example_dags/tutorial.py
[2023-11-25T18:31:01.787+0000] {logging_mixin.py:154} INFO - [2023-11-25T18:31:01.786+0000] {dag.py:2941} INFO - Sync 1 DAGs
[2023-11-25T18:31:01.820+0000] {logging_mixin.py:154} INFO - [2023-11-25T18:31:01.820+0000] {dag.py:3722} INFO - Setting next_dagrun for tutorial to 2023-11-24T18:31:01.819826+00:00, run_after=2023-11-25T18:31:01.819826+00:00
[2023-11-25T18:31:01.841+0000] {processor.py:179} INFO - Processing /home/airflow/.local/lib/python3.8/site-packages/airflow/example_dags/tutorial.py took 0.091 seconds
[2023-11-25T18:31:33.196+0000] {processor.py:157} INFO - Started process (PID=1403) to work on /home/airflow/.local/lib/python3.8/site-packages/airflow/example_dags/tutorial.py
[2023-11-25T18:31:33.198+0000] {processor.py:829} INFO - Processing file /home/airflow/.local/lib/python3.8/site-packages/airflow/example_dags/tutorial.py for tasks to queue
[2023-11-25T18:31:33.200+0000] {logging_mixin.py:154} INFO - [2023-11-25T18:31:33.200+0000] {dagbag.py:536} INFO - Filling up the DagBag from /home/airflow/.local/lib/python3.8/site-packages/airflow/example_dags/tutorial.py
[2023-11-25T18:31:33.211+0000] {processor.py:839} INFO - DAG(s) dict_keys(['tutorial']) retrieved from /home/airflow/.local/lib/python3.8/site-packages/airflow/example_dags/tutorial.py
[2023-11-25T18:31:33.238+0000] {logging_mixin.py:154} INFO - [2023-11-25T18:31:33.238+0000] {dag.py:2941} INFO - Sync 1 DAGs
[2023-11-25T18:31:33.613+0000] {logging_mixin.py:154} INFO - [2023-11-25T18:31:33.613+0000] {dag.py:3722} INFO - Setting next_dagrun for tutorial to 2023-11-24T18:31:33.612196+00:00, run_after=2023-11-25T18:31:33.612196+00:00
[2023-11-25T18:31:33.660+0000] {processor.py:179} INFO - Processing /home/airflow/.local/lib/python3.8/site-packages/airflow/example_dags/tutorial.py took 0.468 seconds
[2023-11-25T18:32:03.946+0000] {processor.py:157} INFO - Started process (PID=1457) to work on /home/airflow/.local/lib/python3.8/site-packages/airflow/example_dags/tutorial.py
[2023-11-25T18:32:03.947+0000] {processor.py:829} INFO - Processing file /home/airflow/.local/lib/python3.8/site-packages/airflow/example_dags/tutorial.py for tasks to queue
[2023-11-25T18:32:03.949+0000] {logging_mixin.py:154} INFO - [2023-11-25T18:32:03.949+0000] {dagbag.py:536} INFO - Filling up the DagBag from /home/airflow/.local/lib/python3.8/site-packages/airflow/example_dags/tutorial.py
[2023-11-25T18:32:03.954+0000] {processor.py:839} INFO - DAG(s) dict_keys(['tutorial']) retrieved from /home/airflow/.local/lib/python3.8/site-packages/airflow/example_dags/tutorial.py
[2023-11-25T18:32:03.973+0000] {logging_mixin.py:154} INFO - [2023-11-25T18:32:03.973+0000] {dag.py:2941} INFO - Sync 1 DAGs
[2023-11-25T18:32:04.000+0000] {logging_mixin.py:154} INFO - [2023-11-25T18:32:03.999+0000] {dag.py:3722} INFO - Setting next_dagrun for tutorial to 2023-11-24T18:32:03.999734+00:00, run_after=2023-11-25T18:32:03.999734+00:00
[2023-11-25T18:32:04.022+0000] {processor.py:179} INFO - Processing /home/airflow/.local/lib/python3.8/site-packages/airflow/example_dags/tutorial.py took 0.079 seconds
