[2023-11-26T20:08:27.357+0000] {logging_mixin.py:154} INFO - Changing /opt/***/logs/dag_id=outcomes_dag/run_id=manual__2023-11-26T20:08:26.138978+00:00/task_id=extract permission to 509
[2023-11-26T20:08:27.390+0000] {logging_mixin.py:154} INFO - Changing /opt/***/logs/dag_id=outcomes_dag/run_id=manual__2023-11-26T20:08:26.138978+00:00/task_id=extract permission to 509
[2023-11-26T20:08:27.428+0000] {taskinstance.py:1159} INFO - Dependencies all met for dep_context=non-requeueable deps ti=<TaskInstance: outcomes_dag.extract manual__2023-11-26T20:08:26.138978+00:00 [queued]>
[2023-11-26T20:08:27.438+0000] {taskinstance.py:1159} INFO - Dependencies all met for dep_context=requeueable deps ti=<TaskInstance: outcomes_dag.extract manual__2023-11-26T20:08:26.138978+00:00 [queued]>
[2023-11-26T20:08:27.439+0000] {taskinstance.py:1361} INFO - Starting attempt 1 of 1
[2023-11-26T20:08:27.453+0000] {taskinstance.py:1382} INFO - Executing <Task(BashOperator): extract> on 2023-11-26 20:08:26.138978+00:00
[2023-11-26T20:08:27.461+0000] {standard_task_runner.py:57} INFO - Started process 93 to run task
[2023-11-26T20:08:27.467+0000] {standard_task_runner.py:84} INFO - Running: ['***', 'tasks', 'run', 'outcomes_dag', 'extract', 'manual__2023-11-26T20:08:26.138978+00:00', '--job-id', '95', '--raw', '--subdir', 'DAGS_FOLDER/outcomes_dag.py', '--cfg-path', '/tmp/tmpahpz1o_j']
[2023-11-26T20:08:27.477+0000] {standard_task_runner.py:85} INFO - Job 95: Subtask extract
[2023-11-26T20:08:27.567+0000] {logging_mixin.py:154} INFO - Changing /opt/***/logs/dag_id=outcomes_dag/run_id=manual__2023-11-26T20:08:26.138978+00:00/task_id=extract permission to 509
[2023-11-26T20:08:27.571+0000] {task_command.py:416} INFO - Running <TaskInstance: outcomes_dag.extract manual__2023-11-26T20:08:26.138978+00:00 [running]> on host a66846cad9d1
[2023-11-26T20:08:28.161+0000] {taskinstance.py:1662} INFO - Exporting env vars: AIRFLOW_CTX_DAG_OWNER='***' AIRFLOW_CTX_DAG_ID='outcomes_dag' AIRFLOW_CTX_TASK_ID='extract' AIRFLOW_CTX_EXECUTION_DATE='2023-11-26T20:08:26.138978+00:00' AIRFLOW_CTX_TRY_NUMBER='1' AIRFLOW_CTX_DAG_RUN_ID='manual__2023-11-26T20:08:26.138978+00:00'
[2023-11-26T20:08:28.163+0000] {subprocess.py:63} INFO - Tmp dir root location: /tmp
[2023-11-26T20:08:28.165+0000] {subprocess.py:75} INFO - Running command: ['/bin/bash', '-c', 'curl --create-dirs -o /opt/***/data/2023-11-26/downloads/outcomes_2023-11-26.csv https://data.austintexas.gov/api/views/9t4d-g238/rows.csv?date=2023-11-26']
[2023-11-26T20:08:28.179+0000] {subprocess.py:86} INFO - Output:
[2023-11-26T20:08:28.188+0000] {subprocess.py:93} INFO -   % Total    % Received % Xferd  Average Speed   Time    Time     Time  Current
[2023-11-26T20:08:28.189+0000] {subprocess.py:93} INFO -                                  Dload  Upload   Total   Spent    Left  Speed
[2023-11-26T20:08:35.449+0000] {subprocess.py:93} INFO -   0     0    0     0    0     0      0      0 --:--:-- --:--:-- --:--:--     0  0     0    0     0    0     0      0      0 --:--:--  0:00:01 --:--:--     0  0     0    0     0    0     0      0      0 --:--:--  0:00:02 --:--:--     0100 2846k    0 2846k    0     0   968k      0 --:--:--  0:00:02 --:--:--  968k100 6462k    0 6462k    0     0  1650k      0 --:--:--  0:00:03 --:--:-- 1650k100 10.1M    0 10.1M    0     0  2103k      0 --:--:--  0:00:04 --:--:-- 2103k100 13.8M    0 13.8M    0     0  2385k      0 --:--:--  0:00:05 --:--:-- 3230k100 17.6M    0 17.6M    0     0  2606k      0 --:--:--  0:00:06 --:--:-- 3805k100 19.0M    0 19.0M    0     0  2684k      0 --:--:--  0:00:07 --:--:-- 3850k
[2023-11-26T20:08:35.454+0000] {subprocess.py:97} INFO - Command exited with return code 0
[2023-11-26T20:08:35.515+0000] {taskinstance.py:1400} INFO - Marking task as SUCCESS. dag_id=outcomes_dag, task_id=extract, execution_date=20231126T200826, start_date=20231126T200827, end_date=20231126T200835
[2023-11-26T20:08:35.549+0000] {local_task_job_runner.py:228} INFO - Task exited with return code 0
[2023-11-26T20:08:35.575+0000] {taskinstance.py:2778} INFO - 1 downstream tasks scheduled from follow-on schedule check
