[2023-11-25T18:53:07.090+0000] {logging_mixin.py:154} INFO - Changing /opt/***/logs/dag_id=outcomes_dag/run_id=scheduled__2023-11-21T00:00:00+00:00/task_id=extract permission to 509
[2023-11-25T18:53:07.149+0000] {logging_mixin.py:154} INFO - Changing /opt/***/logs/dag_id=outcomes_dag/run_id=scheduled__2023-11-21T00:00:00+00:00/task_id=extract permission to 509
[2023-11-25T18:53:07.232+0000] {taskinstance.py:1159} INFO - Dependencies all met for dep_context=non-requeueable deps ti=<TaskInstance: outcomes_dag.extract scheduled__2023-11-21T00:00:00+00:00 [queued]>
[2023-11-25T18:53:07.250+0000] {taskinstance.py:1159} INFO - Dependencies all met for dep_context=requeueable deps ti=<TaskInstance: outcomes_dag.extract scheduled__2023-11-21T00:00:00+00:00 [queued]>
[2023-11-25T18:53:07.252+0000] {taskinstance.py:1361} INFO - Starting attempt 1 of 1
[2023-11-25T18:53:07.281+0000] {taskinstance.py:1382} INFO - Executing <Task(BashOperator): extract> on 2023-11-21 00:00:00+00:00
[2023-11-25T18:53:07.290+0000] {standard_task_runner.py:57} INFO - Started process 334 to run task
[2023-11-25T18:53:07.294+0000] {standard_task_runner.py:84} INFO - Running: ['***', 'tasks', 'run', 'outcomes_dag', 'extract', 'scheduled__2023-11-21T00:00:00+00:00', '--job-id', '41', '--raw', '--subdir', 'DAGS_FOLDER/outcomes_dag.py', '--cfg-path', '/tmp/tmp97mu1169']
[2023-11-25T18:53:07.299+0000] {standard_task_runner.py:85} INFO - Job 41: Subtask extract
[2023-11-25T18:53:07.360+0000] {logging_mixin.py:154} INFO - Changing /opt/***/logs/dag_id=outcomes_dag/run_id=scheduled__2023-11-21T00:00:00+00:00/task_id=extract permission to 509
[2023-11-25T18:53:07.364+0000] {task_command.py:416} INFO - Running <TaskInstance: outcomes_dag.extract scheduled__2023-11-21T00:00:00+00:00 [running]> on host 533b0beedf51
[2023-11-25T18:53:08.276+0000] {taskinstance.py:1662} INFO - Exporting env vars: AIRFLOW_CTX_DAG_OWNER='***' AIRFLOW_CTX_DAG_ID='outcomes_dag' AIRFLOW_CTX_TASK_ID='extract' AIRFLOW_CTX_EXECUTION_DATE='2023-11-21T00:00:00+00:00' AIRFLOW_CTX_TRY_NUMBER='1' AIRFLOW_CTX_DAG_RUN_ID='scheduled__2023-11-21T00:00:00+00:00'
[2023-11-25T18:53:08.278+0000] {subprocess.py:63} INFO - Tmp dir root location: /tmp
[2023-11-25T18:53:08.280+0000] {subprocess.py:75} INFO - Running command: ['/bin/bash', '-c', 'curl --create-dirs -o /opt/***/data/2023-11-21/downloads/outcomes_2023-11-21.csv https://data.austintexas.gov/api/views/9t4d-g238/rows.csv']
[2023-11-25T18:53:08.297+0000] {subprocess.py:86} INFO - Output:
[2023-11-25T18:53:08.308+0000] {subprocess.py:93} INFO -   % Total    % Received % Xferd  Average Speed   Time    Time     Time  Current
[2023-11-25T18:53:08.309+0000] {subprocess.py:93} INFO -                                  Dload  Upload   Total   Spent    Left  Speed
[2023-11-25T18:53:14.064+0000] {subprocess.py:93} INFO -   0     0    0     0    0     0      0      0 --:--:-- --:--:-- --:--:--     0100  655k    0  655k    0     0   857k      0 --:--:-- --:--:-- --:--:--  856k100 4814k    0 4814k    0     0  2723k      0 --:--:--  0:00:01 --:--:-- 2723k100 8366k    0 8366k    0     0  3009k      0 --:--:--  0:00:02 --:--:-- 3008k100 11.9M    0 11.9M    0     0  3238k      0 --:--:--  0:00:03 --:--:-- 3237k100 15.5M    0 15.5M    0     0  3315k      0 --:--:--  0:00:04 --:--:-- 3314k100 19.0M    0 19.0M    0     0  3385k      0 --:--:--  0:00:05 --:--:-- 3772k
[2023-11-25T18:53:14.069+0000] {subprocess.py:97} INFO - Command exited with return code 0
[2023-11-25T18:53:14.105+0000] {taskinstance.py:1400} INFO - Marking task as SUCCESS. dag_id=outcomes_dag, task_id=extract, execution_date=20231121T000000, start_date=20231125T185307, end_date=20231125T185314
[2023-11-25T18:53:14.175+0000] {local_task_job_runner.py:228} INFO - Task exited with return code 0
[2023-11-25T18:53:14.195+0000] {taskinstance.py:2778} INFO - 1 downstream tasks scheduled from follow-on schedule check
[2023-11-26T19:47:57.473+0000] {logging_mixin.py:154} INFO - Changing /opt/***/logs/dag_id=outcomes_dag/run_id=scheduled__2023-11-21T00:00:00+00:00/task_id=extract permission to 509
[2023-11-26T19:47:57.546+0000] {logging_mixin.py:154} INFO - Changing /opt/***/logs/dag_id=outcomes_dag/run_id=scheduled__2023-11-21T00:00:00+00:00/task_id=extract permission to 509
[2023-11-26T19:48:00.014+0000] {taskinstance.py:1159} INFO - Dependencies all met for dep_context=non-requeueable deps ti=<TaskInstance: outcomes_dag.extract scheduled__2023-11-21T00:00:00+00:00 [queued]>
[2023-11-26T19:48:00.048+0000] {taskinstance.py:1159} INFO - Dependencies all met for dep_context=requeueable deps ti=<TaskInstance: outcomes_dag.extract scheduled__2023-11-21T00:00:00+00:00 [queued]>
[2023-11-26T19:48:00.049+0000] {taskinstance.py:1361} INFO - Starting attempt 1 of 1
[2023-11-26T19:48:00.084+0000] {taskinstance.py:1382} INFO - Executing <Task(BashOperator): extract> on 2023-11-21 00:00:00+00:00
[2023-11-26T19:48:00.098+0000] {standard_task_runner.py:57} INFO - Started process 671 to run task
[2023-11-26T19:48:00.106+0000] {standard_task_runner.py:84} INFO - Running: ['***', 'tasks', 'run', 'outcomes_dag', 'extract', 'scheduled__2023-11-21T00:00:00+00:00', '--job-id', '73', '--raw', '--subdir', 'DAGS_FOLDER/outcomes_dag.py', '--cfg-path', '/tmp/tmpa7x4y9f0']
[2023-11-26T19:48:00.110+0000] {standard_task_runner.py:85} INFO - Job 73: Subtask extract
[2023-11-26T19:48:00.212+0000] {logging_mixin.py:154} INFO - Changing /opt/***/logs/dag_id=outcomes_dag/run_id=scheduled__2023-11-21T00:00:00+00:00/task_id=extract permission to 509
[2023-11-26T19:48:00.216+0000] {task_command.py:416} INFO - Running <TaskInstance: outcomes_dag.extract scheduled__2023-11-21T00:00:00+00:00 [running]> on host a66846cad9d1
[2023-11-26T19:48:04.068+0000] {taskinstance.py:1662} INFO - Exporting env vars: AIRFLOW_CTX_DAG_OWNER='***' AIRFLOW_CTX_DAG_ID='outcomes_dag' AIRFLOW_CTX_TASK_ID='extract' AIRFLOW_CTX_EXECUTION_DATE='2023-11-21T00:00:00+00:00' AIRFLOW_CTX_TRY_NUMBER='1' AIRFLOW_CTX_DAG_RUN_ID='scheduled__2023-11-21T00:00:00+00:00'
[2023-11-26T19:48:04.088+0000] {subprocess.py:63} INFO - Tmp dir root location: /tmp
[2023-11-26T19:48:04.092+0000] {subprocess.py:75} INFO - Running command: ['/bin/bash', '-c', 'curl --create-dirs -o /opt/***/data/2023-11-21/downloads/outcomes_2023-11-21.csv https://data.austintexas.gov/api/views/9t4d-g238/rows.csv']
[2023-11-26T19:48:04.132+0000] {subprocess.py:86} INFO - Output:
[2023-11-26T19:48:04.165+0000] {subprocess.py:93} INFO -   % Total    % Received % Xferd  Average Speed   Time    Time     Time  Current
[2023-11-26T19:48:04.167+0000] {subprocess.py:93} INFO -                                  Dload  Upload   Total   Spent    Left  Speed
[2023-11-26T19:48:10.144+0000] {subprocess.py:93} INFO -   0     0    0     0    0     0      0      0 --:--:-- --:--:-- --:--:--     0100  767k    0  767k    0     0   866k      0 --:--:-- --:--:-- --:--:--  865k100 5454k    0 5454k    0     0  2849k      0 --:--:--  0:00:01 --:--:-- 2848k100 8861k    0 8861k    0     0  3050k      0 --:--:--  0:00:02 --:--:-- 3049k100 11.9M    0 11.9M    0     0  3153k      0 --:--:--  0:00:03 --:--:-- 3152k100 15.2M    0 15.2M    0     0  3191k      0 --:--:--  0:00:04 --:--:-- 3190k100 18.7M    0 18.7M    0     0  3251k      0 --:--:--  0:00:05 --:--:-- 3671k100 19.0M    0 19.0M    0     0  3263k      0 --:--:--  0:00:05 --:--:-- 3458k
[2023-11-26T19:48:10.204+0000] {subprocess.py:97} INFO - Command exited with return code 0
[2023-11-26T19:48:10.786+0000] {taskinstance.py:1400} INFO - Marking task as SUCCESS. dag_id=outcomes_dag, task_id=extract, execution_date=20231121T000000, start_date=20231126T194800, end_date=20231126T194810
[2023-11-26T19:48:10.882+0000] {local_task_job_runner.py:228} INFO - Task exited with return code 0
[2023-11-26T19:48:10.948+0000] {taskinstance.py:2778} INFO - 1 downstream tasks scheduled from follow-on schedule check
[2023-11-26T23:09:01.551+0000] {logging_mixin.py:154} INFO - Changing /opt/***/logs/dag_id=outcomes_dag/run_id=scheduled__2023-11-21T00:00:00+00:00/task_id=extract permission to 509
[2023-11-26T23:09:01.615+0000] {logging_mixin.py:154} INFO - Changing /opt/***/logs/dag_id=outcomes_dag/run_id=scheduled__2023-11-21T00:00:00+00:00/task_id=extract permission to 509
[2023-11-26T23:09:01.693+0000] {taskinstance.py:1159} INFO - Dependencies all met for dep_context=non-requeueable deps ti=<TaskInstance: outcomes_dag.extract scheduled__2023-11-21T00:00:00+00:00 [queued]>
[2023-11-26T23:09:01.716+0000] {taskinstance.py:1159} INFO - Dependencies all met for dep_context=requeueable deps ti=<TaskInstance: outcomes_dag.extract scheduled__2023-11-21T00:00:00+00:00 [queued]>
[2023-11-26T23:09:01.717+0000] {taskinstance.py:1361} INFO - Starting attempt 1 of 1
[2023-11-26T23:09:02.100+0000] {taskinstance.py:1382} INFO - Executing <Task(PythonOperator): extract> on 2023-11-21 00:00:00+00:00
[2023-11-26T23:09:02.111+0000] {standard_task_runner.py:57} INFO - Started process 164 to run task
[2023-11-26T23:09:02.117+0000] {standard_task_runner.py:84} INFO - Running: ['***', 'tasks', 'run', 'outcomes_dag', 'extract', 'scheduled__2023-11-21T00:00:00+00:00', '--job-id', '22', '--raw', '--subdir', 'DAGS_FOLDER/outcomes_dag.py', '--cfg-path', '/tmp/tmprx6tnbix']
[2023-11-26T23:09:02.125+0000] {standard_task_runner.py:85} INFO - Job 22: Subtask extract
[2023-11-26T23:09:02.216+0000] {logging_mixin.py:154} INFO - Changing /opt/***/logs/dag_id=outcomes_dag/run_id=scheduled__2023-11-21T00:00:00+00:00/task_id=extract permission to 509
[2023-11-26T23:09:02.224+0000] {task_command.py:416} INFO - Running <TaskInstance: outcomes_dag.extract scheduled__2023-11-21T00:00:00+00:00 [running]> on host 613ffde293d8
[2023-11-26T23:09:02.405+0000] {taskinstance.py:1662} INFO - Exporting env vars: AIRFLOW_CTX_DAG_OWNER='***' AIRFLOW_CTX_DAG_ID='outcomes_dag' AIRFLOW_CTX_TASK_ID='extract' AIRFLOW_CTX_EXECUTION_DATE='2023-11-21T00:00:00+00:00' AIRFLOW_CTX_TRY_NUMBER='1' AIRFLOW_CTX_DAG_RUN_ID='scheduled__2023-11-21T00:00:00+00:00'
[2023-11-26T23:09:02.409+0000] {taskinstance.py:1937} ERROR - Task failed with exception
Traceback (most recent call last):
  File "/home/airflow/.local/lib/python3.8/site-packages/airflow/operators/python.py", line 192, in execute
    return_value = self.execute_callable()
  File "/home/airflow/.local/lib/python3.8/site-packages/airflow/operators/python.py", line 209, in execute_callable
    return self.python_callable(*self.op_args, **self.op_kwargs)
TypeError: extract_data() missing 3 required positional arguments: 'source_url', 'gcs_bucket', and 'creds'
[2023-11-26T23:09:02.424+0000] {taskinstance.py:1400} INFO - Marking task as FAILED. dag_id=outcomes_dag, task_id=extract, execution_date=20231121T000000, start_date=20231126T230901, end_date=20231126T230902
[2023-11-26T23:09:02.449+0000] {standard_task_runner.py:104} ERROR - Failed to execute job 22 for task extract (extract_data() missing 3 required positional arguments: 'source_url', 'gcs_bucket', and 'creds'; 164)
[2023-11-26T23:09:02.492+0000] {local_task_job_runner.py:228} INFO - Task exited with return code 1
[2023-11-26T23:09:02.604+0000] {taskinstance.py:2778} INFO - 0 downstream tasks scheduled from follow-on schedule check
