[2023-11-25T18:53:35.878+0000] {logging_mixin.py:154} INFO - Changing /opt/***/logs/dag_id=outcomes_dag/run_id=scheduled__2023-11-24T00:00:00+00:00/task_id=transform permission to 509
[2023-11-25T18:53:35.922+0000] {logging_mixin.py:154} INFO - Changing /opt/***/logs/dag_id=outcomes_dag/run_id=scheduled__2023-11-24T00:00:00+00:00/task_id=transform permission to 509
[2023-11-25T18:53:35.964+0000] {taskinstance.py:1159} INFO - Dependencies all met for dep_context=non-requeueable deps ti=<TaskInstance: outcomes_dag.transform scheduled__2023-11-24T00:00:00+00:00 [queued]>
[2023-11-25T18:53:35.975+0000] {taskinstance.py:1159} INFO - Dependencies all met for dep_context=requeueable deps ti=<TaskInstance: outcomes_dag.transform scheduled__2023-11-24T00:00:00+00:00 [queued]>
[2023-11-25T18:53:35.977+0000] {taskinstance.py:1361} INFO - Starting attempt 1 of 1
[2023-11-25T18:53:36.004+0000] {taskinstance.py:1382} INFO - Executing <Task(PythonOperator): transform> on 2023-11-24 00:00:00+00:00
[2023-11-25T18:53:36.014+0000] {standard_task_runner.py:57} INFO - Started process 385 to run task
[2023-11-25T18:53:36.017+0000] {standard_task_runner.py:84} INFO - Running: ['***', 'tasks', 'run', 'outcomes_dag', 'transform', 'scheduled__2023-11-24T00:00:00+00:00', '--job-id', '51', '--raw', '--subdir', 'DAGS_FOLDER/outcomes_dag.py', '--cfg-path', '/tmp/tmpevok68ha']
[2023-11-25T18:53:36.020+0000] {standard_task_runner.py:85} INFO - Job 51: Subtask transform
[2023-11-25T18:53:36.102+0000] {logging_mixin.py:154} INFO - Changing /opt/***/logs/dag_id=outcomes_dag/run_id=scheduled__2023-11-24T00:00:00+00:00/task_id=transform permission to 509
[2023-11-25T18:53:36.105+0000] {task_command.py:416} INFO - Running <TaskInstance: outcomes_dag.transform scheduled__2023-11-24T00:00:00+00:00 [running]> on host 533b0beedf51
[2023-11-25T18:53:36.526+0000] {taskinstance.py:1662} INFO - Exporting env vars: AIRFLOW_CTX_DAG_OWNER='***' AIRFLOW_CTX_DAG_ID='outcomes_dag' AIRFLOW_CTX_TASK_ID='transform' AIRFLOW_CTX_EXECUTION_DATE='2023-11-24T00:00:00+00:00' AIRFLOW_CTX_TRY_NUMBER='1' AIRFLOW_CTX_DAG_RUN_ID='scheduled__2023-11-24T00:00:00+00:00'
[2023-11-25T18:53:37.075+0000] {logging_mixin.py:154} INFO - In function transform_data()
[2023-11-25T18:54:00.104+0000] {python.py:194} INFO - Done. Returned value was:        Animal ID   Name  ... Date of Outcome Years Age upon Outcome
0        A794011  Chunk  ...      2019-05-08                      2
1        A776359  Gizmo  ...      2018-07-18                      1
2        A821648    NaN  ...      2020-08-16                      1
3        A720371  Moose  ...      2016-02-13                      0
4        A674754    NaN  ...      2014-03-18                      0
...          ...    ...  ...             ...                    ...
157342   A889805  Louie  ...      2023-11-25                      1
157343   A890610  *Lars  ...      2023-11-20                      4
157344   A893305    NaN  ...      2023-11-26                      2
157345   A893306    NaN  ...      2023-11-26                     10
157346   A893123    NaN  ...      2023-11-26                      2

[157347 rows x 12 columns]
[2023-11-25T18:54:00.755+0000] {taskinstance.py:1400} INFO - Marking task as SUCCESS. dag_id=outcomes_dag, task_id=transform, execution_date=20231124T000000, start_date=20231125T185335, end_date=20231125T185400
[2023-11-25T18:54:00.808+0000] {local_task_job_runner.py:228} INFO - Task exited with return code 0
[2023-11-25T18:54:00.822+0000] {taskinstance.py:2778} INFO - 0 downstream tasks scheduled from follow-on schedule check
