[2023-11-25T18:51:28.062+0000] {logging_mixin.py:154} INFO - Changing /opt/***/logs/dag_id=outcomes_dag/run_id=manual__2023-11-25T18:51:24.634602+00:00/task_id=extract permission to 509
[2023-11-25T18:51:28.120+0000] {logging_mixin.py:154} INFO - Changing /opt/***/logs/dag_id=outcomes_dag/run_id=manual__2023-11-25T18:51:24.634602+00:00/task_id=extract permission to 509
[2023-11-25T18:51:28.207+0000] {taskinstance.py:1159} INFO - Dependencies all met for dep_context=non-requeueable deps ti=<TaskInstance: outcomes_dag.extract manual__2023-11-25T18:51:24.634602+00:00 [queued]>
[2023-11-25T18:51:28.232+0000] {taskinstance.py:1159} INFO - Dependencies all met for dep_context=requeueable deps ti=<TaskInstance: outcomes_dag.extract manual__2023-11-25T18:51:24.634602+00:00 [queued]>
[2023-11-25T18:51:28.234+0000] {taskinstance.py:1361} INFO - Starting attempt 1 of 1
[2023-11-25T18:51:28.353+0000] {taskinstance.py:1382} INFO - Executing <Task(BashOperator): extract> on 2023-11-25 18:51:24.634602+00:00
[2023-11-25T18:51:28.366+0000] {standard_task_runner.py:57} INFO - Started process 93 to run task
[2023-11-25T18:51:28.390+0000] {standard_task_runner.py:84} INFO - Running: ['***', 'tasks', 'run', 'outcomes_dag', 'extract', 'manual__2023-11-25T18:51:24.634602+00:00', '--job-id', '5', '--raw', '--subdir', 'DAGS_FOLDER/outcomes_dag.py', '--cfg-path', '/tmp/tmp1l9zv8oj']
[2023-11-25T18:51:28.410+0000] {standard_task_runner.py:85} INFO - Job 5: Subtask extract
[2023-11-25T18:51:29.774+0000] {logging_mixin.py:154} INFO - Changing /opt/***/logs/dag_id=outcomes_dag/run_id=manual__2023-11-25T18:51:24.634602+00:00/task_id=extract permission to 509
[2023-11-25T18:51:29.779+0000] {task_command.py:416} INFO - Running <TaskInstance: outcomes_dag.extract manual__2023-11-25T18:51:24.634602+00:00 [running]> on host 533b0beedf51
[2023-11-25T18:51:30.245+0000] {taskinstance.py:1662} INFO - Exporting env vars: AIRFLOW_CTX_DAG_OWNER='***' AIRFLOW_CTX_DAG_ID='outcomes_dag' AIRFLOW_CTX_TASK_ID='extract' AIRFLOW_CTX_EXECUTION_DATE='2023-11-25T18:51:24.634602+00:00' AIRFLOW_CTX_TRY_NUMBER='1' AIRFLOW_CTX_DAG_RUN_ID='manual__2023-11-25T18:51:24.634602+00:00'
[2023-11-25T18:51:30.379+0000] {subprocess.py:63} INFO - Tmp dir root location: /tmp
[2023-11-25T18:51:30.381+0000] {subprocess.py:75} INFO - Running command: ['/bin/bash', '-c', 'curl --create-dirs -o /opt/***/data/2023-11-25/downloads/outcomes_2023-11-25.csv https://data.austintexas.gov/api/views/9t4d-g238/rows.csv']
[2023-11-25T18:51:30.736+0000] {subprocess.py:86} INFO - Output:
[2023-11-25T18:51:30.767+0000] {subprocess.py:93} INFO -   % Total    % Received % Xferd  Average Speed   Time    Time     Time  Current
[2023-11-25T18:51:30.768+0000] {subprocess.py:93} INFO -                                  Dload  Upload   Total   Spent    Left  Speed
[2023-11-25T18:51:42.426+0000] {subprocess.py:93} INFO -   0     0    0     0    0     0      0      0 --:--:-- --:--:-- --:--:--     0  0     0    0     0    0     0      0      0 --:--:-- --:--:-- --:--:--     0  0     0    0     0    0     0      0      0 --:--:--  0:00:01 --:--:--     0  0     0    0     0    0     0      0      0 --:--:--  0:00:02 --:--:--     0  0     0    0     0    0     0      0      0 --:--:--  0:00:03 --:--:--     0  0     0    0     0    0     0      0      0 --:--:--  0:00:04 --:--:--     0100 2734k    0 2734k    0     0   515k      0 --:--:--  0:00:05 --:--:--  551k100 5294k    0 5294k    0     0   840k      0 --:--:--  0:00:06 --:--:-- 1066k100 8014k    0 8014k    0     0  1097k      0 --:--:--  0:00:07 --:--:-- 1699k100  9.8M    0  9.8M    0     0  1214k      0 --:--:--  0:00:08 --:--:-- 2137k100 12.3M    0 12.3M    0     0  1360k      0 --:--:--  0:00:09 --:--:-- 2542k100 14.9M    0 14.9M    0     0  1482k      0 --:--:--  0:00:10 --:--:-- 2508k100 17.6M    0 17.6M    0     0  1600k      0 --:--:--  0:00:11 --:--:-- 2559k100 19.0M    0 19.0M    0     0  1668k      0 --:--:--  0:00:11 --:--:-- 2621k
[2023-11-25T18:51:42.441+0000] {subprocess.py:97} INFO - Command exited with return code 0
[2023-11-25T18:51:42.518+0000] {taskinstance.py:1400} INFO - Marking task as SUCCESS. dag_id=outcomes_dag, task_id=extract, execution_date=20231125T185124, start_date=20231125T185128, end_date=20231125T185142
[2023-11-25T18:51:42.591+0000] {local_task_job_runner.py:228} INFO - Task exited with return code 0
[2023-11-25T18:51:43.074+0000] {taskinstance.py:2778} INFO - 1 downstream tasks scheduled from follow-on schedule check
