[2023-11-26T19:48:59.758+0000] {logging_mixin.py:154} INFO - Changing /opt/***/logs/dag_id=outcomes_dag/run_id=scheduled__2023-11-25T00:00:00+00:00/task_id=extract permission to 509
[2023-11-26T19:48:59.813+0000] {logging_mixin.py:154} INFO - Changing /opt/***/logs/dag_id=outcomes_dag/run_id=scheduled__2023-11-25T00:00:00+00:00/task_id=extract permission to 509
[2023-11-26T19:48:59.873+0000] {taskinstance.py:1159} INFO - Dependencies all met for dep_context=non-requeueable deps ti=<TaskInstance: outcomes_dag.extract scheduled__2023-11-25T00:00:00+00:00 [queued]>
[2023-11-26T19:48:59.891+0000] {taskinstance.py:1159} INFO - Dependencies all met for dep_context=requeueable deps ti=<TaskInstance: outcomes_dag.extract scheduled__2023-11-25T00:00:00+00:00 [queued]>
[2023-11-26T19:48:59.892+0000] {taskinstance.py:1361} INFO - Starting attempt 1 of 1
[2023-11-26T19:48:59.918+0000] {taskinstance.py:1382} INFO - Executing <Task(BashOperator): extract> on 2023-11-25 00:00:00+00:00
[2023-11-26T19:48:59.928+0000] {standard_task_runner.py:57} INFO - Started process 753 to run task
[2023-11-26T19:48:59.933+0000] {standard_task_runner.py:84} INFO - Running: ['***', 'tasks', 'run', 'outcomes_dag', 'extract', 'scheduled__2023-11-25T00:00:00+00:00', '--job-id', '84', '--raw', '--subdir', 'DAGS_FOLDER/outcomes_dag.py', '--cfg-path', '/tmp/tmp0gvmv75g']
[2023-11-26T19:48:59.937+0000] {standard_task_runner.py:85} INFO - Job 84: Subtask extract
[2023-11-26T19:49:00.027+0000] {logging_mixin.py:154} INFO - Changing /opt/***/logs/dag_id=outcomes_dag/run_id=scheduled__2023-11-25T00:00:00+00:00/task_id=extract permission to 509
[2023-11-26T19:49:00.031+0000] {task_command.py:416} INFO - Running <TaskInstance: outcomes_dag.extract scheduled__2023-11-25T00:00:00+00:00 [running]> on host a66846cad9d1
[2023-11-26T19:49:00.474+0000] {taskinstance.py:1662} INFO - Exporting env vars: AIRFLOW_CTX_DAG_OWNER='***' AIRFLOW_CTX_DAG_ID='outcomes_dag' AIRFLOW_CTX_TASK_ID='extract' AIRFLOW_CTX_EXECUTION_DATE='2023-11-25T00:00:00+00:00' AIRFLOW_CTX_TRY_NUMBER='1' AIRFLOW_CTX_DAG_RUN_ID='scheduled__2023-11-25T00:00:00+00:00'
[2023-11-26T19:49:00.477+0000] {subprocess.py:63} INFO - Tmp dir root location: /tmp
[2023-11-26T19:49:00.479+0000] {subprocess.py:75} INFO - Running command: ['/bin/bash', '-c', 'curl --create-dirs -o /opt/***/data/2023-11-25/downloads/outcomes_2023-11-25.csv https://data.austintexas.gov/api/views/9t4d-g238/rows.csv']
[2023-11-26T19:49:00.504+0000] {subprocess.py:86} INFO - Output:
[2023-11-26T19:49:00.582+0000] {subprocess.py:93} INFO -   % Total    % Received % Xferd  Average Speed   Time    Time     Time  Current
[2023-11-26T19:49:00.583+0000] {subprocess.py:93} INFO -                                  Dload  Upload   Total   Spent    Left  Speed
[2023-11-26T19:49:07.048+0000] {subprocess.py:93} INFO -   0     0    0     0    0     0      0      0 --:--:-- --:--:-- --:--:--     0  0     0    0     0    0     0      0      0 --:--:-- --:--:-- --:--:--     0100 2974k    0 2974k    0     0  2009k      0 --:--:--  0:00:01 --:--:-- 2008k100 6542k    0 6542k    0     0  2627k      0 --:--:--  0:00:02 --:--:-- 2627k100  9.8M    0  9.8M    0     0  2873k      0 --:--:--  0:00:03 --:--:-- 2872k100 13.5M    0 13.5M    0     0  3075k      0 --:--:--  0:00:04 --:--:-- 3074k100 17.0M    0 17.0M    0     0  3181k      0 --:--:--  0:00:05 --:--:-- 3638k100 19.0M    0 19.0M    0     0  3017k      0 --:--:--  0:00:06 --:--:-- 3318k
[2023-11-26T19:49:07.055+0000] {subprocess.py:97} INFO - Command exited with return code 0
[2023-11-26T19:49:07.096+0000] {taskinstance.py:1400} INFO - Marking task as SUCCESS. dag_id=outcomes_dag, task_id=extract, execution_date=20231125T000000, start_date=20231126T194859, end_date=20231126T194907
[2023-11-26T19:49:07.148+0000] {local_task_job_runner.py:228} INFO - Task exited with return code 0
[2023-11-26T19:49:07.191+0000] {taskinstance.py:2778} INFO - 1 downstream tasks scheduled from follow-on schedule check
[2023-11-26T23:09:02.948+0000] {logging_mixin.py:154} INFO - Changing /opt/***/logs/dag_id=outcomes_dag/run_id=scheduled__2023-11-25T00:00:00+00:00/task_id=extract permission to 509
[2023-11-26T23:09:02.993+0000] {logging_mixin.py:154} INFO - Changing /opt/***/logs/dag_id=outcomes_dag/run_id=scheduled__2023-11-25T00:00:00+00:00/task_id=extract permission to 509
[2023-11-26T23:09:03.286+0000] {taskinstance.py:1159} INFO - Dependencies all met for dep_context=non-requeueable deps ti=<TaskInstance: outcomes_dag.extract scheduled__2023-11-25T00:00:00+00:00 [queued]>
[2023-11-26T23:09:03.309+0000] {taskinstance.py:1159} INFO - Dependencies all met for dep_context=requeueable deps ti=<TaskInstance: outcomes_dag.extract scheduled__2023-11-25T00:00:00+00:00 [queued]>
[2023-11-26T23:09:03.310+0000] {taskinstance.py:1361} INFO - Starting attempt 1 of 1
[2023-11-26T23:09:03.341+0000] {taskinstance.py:1382} INFO - Executing <Task(PythonOperator): extract> on 2023-11-25 00:00:00+00:00
[2023-11-26T23:09:03.351+0000] {standard_task_runner.py:57} INFO - Started process 170 to run task
[2023-11-26T23:09:03.354+0000] {standard_task_runner.py:84} INFO - Running: ['***', 'tasks', 'run', 'outcomes_dag', 'extract', 'scheduled__2023-11-25T00:00:00+00:00', '--job-id', '28', '--raw', '--subdir', 'DAGS_FOLDER/outcomes_dag.py', '--cfg-path', '/tmp/tmp0mv4v15u']
[2023-11-26T23:09:03.358+0000] {standard_task_runner.py:85} INFO - Job 28: Subtask extract
[2023-11-26T23:09:03.423+0000] {logging_mixin.py:154} INFO - Changing /opt/***/logs/dag_id=outcomes_dag/run_id=scheduled__2023-11-25T00:00:00+00:00/task_id=extract permission to 509
[2023-11-26T23:09:03.426+0000] {task_command.py:416} INFO - Running <TaskInstance: outcomes_dag.extract scheduled__2023-11-25T00:00:00+00:00 [running]> on host 613ffde293d8
[2023-11-26T23:09:03.524+0000] {taskinstance.py:1662} INFO - Exporting env vars: AIRFLOW_CTX_DAG_OWNER='***' AIRFLOW_CTX_DAG_ID='outcomes_dag' AIRFLOW_CTX_TASK_ID='extract' AIRFLOW_CTX_EXECUTION_DATE='2023-11-25T00:00:00+00:00' AIRFLOW_CTX_TRY_NUMBER='1' AIRFLOW_CTX_DAG_RUN_ID='scheduled__2023-11-25T00:00:00+00:00'
[2023-11-26T23:09:03.527+0000] {taskinstance.py:1937} ERROR - Task failed with exception
Traceback (most recent call last):
  File "/home/airflow/.local/lib/python3.8/site-packages/airflow/operators/python.py", line 192, in execute
    return_value = self.execute_callable()
  File "/home/airflow/.local/lib/python3.8/site-packages/airflow/operators/python.py", line 209, in execute_callable
    return self.python_callable(*self.op_args, **self.op_kwargs)
TypeError: extract_data() missing 3 required positional arguments: 'source_url', 'gcs_bucket', and 'creds'
[2023-11-26T23:09:03.538+0000] {taskinstance.py:1400} INFO - Marking task as FAILED. dag_id=outcomes_dag, task_id=extract, execution_date=20231125T000000, start_date=20231126T230903, end_date=20231126T230903
[2023-11-26T23:09:03.555+0000] {standard_task_runner.py:104} ERROR - Failed to execute job 28 for task extract (extract_data() missing 3 required positional arguments: 'source_url', 'gcs_bucket', and 'creds'; 170)
[2023-11-26T23:09:03.567+0000] {local_task_job_runner.py:228} INFO - Task exited with return code 1
[2023-11-26T23:09:03.638+0000] {taskinstance.py:2778} INFO - 0 downstream tasks scheduled from follow-on schedule check
