[2023-11-25T19:43:22.594+0000] {logging_mixin.py:154} INFO - Changing /opt/***/logs/dag_id=outcomes_dag/run_id=manual__2023-11-25T19:43:19.082705+00:00/task_id=extract permission to 509
[2023-11-25T19:43:22.692+0000] {logging_mixin.py:154} INFO - Changing /opt/***/logs/dag_id=outcomes_dag/run_id=manual__2023-11-25T19:43:19.082705+00:00/task_id=extract permission to 509
[2023-11-25T19:43:22.785+0000] {taskinstance.py:1159} INFO - Dependencies all met for dep_context=non-requeueable deps ti=<TaskInstance: outcomes_dag.extract manual__2023-11-25T19:43:19.082705+00:00 [queued]>
[2023-11-25T19:43:22.806+0000] {taskinstance.py:1159} INFO - Dependencies all met for dep_context=requeueable deps ti=<TaskInstance: outcomes_dag.extract manual__2023-11-25T19:43:19.082705+00:00 [queued]>
[2023-11-25T19:43:22.807+0000] {taskinstance.py:1361} INFO - Starting attempt 1 of 1
[2023-11-25T19:43:22.840+0000] {taskinstance.py:1382} INFO - Executing <Task(BashOperator): extract> on 2023-11-25 19:43:19.082705+00:00
[2023-11-25T19:43:22.860+0000] {standard_task_runner.py:57} INFO - Started process 98 to run task
[2023-11-25T19:43:22.868+0000] {standard_task_runner.py:84} INFO - Running: ['***', 'tasks', 'run', 'outcomes_dag', 'extract', 'manual__2023-11-25T19:43:19.082705+00:00', '--job-id', '5', '--raw', '--subdir', 'DAGS_FOLDER/outcomes_dag.py', '--cfg-path', '/tmp/tmp2mp4swm3']
[2023-11-25T19:43:22.879+0000] {standard_task_runner.py:85} INFO - Job 5: Subtask extract
[2023-11-25T19:43:23.647+0000] {logging_mixin.py:154} INFO - Changing /opt/***/logs/dag_id=outcomes_dag/run_id=manual__2023-11-25T19:43:19.082705+00:00/task_id=extract permission to 509
[2023-11-25T19:43:23.654+0000] {task_command.py:416} INFO - Running <TaskInstance: outcomes_dag.extract manual__2023-11-25T19:43:19.082705+00:00 [running]> on host a66846cad9d1
[2023-11-25T19:43:24.035+0000] {taskinstance.py:1662} INFO - Exporting env vars: AIRFLOW_CTX_DAG_OWNER='***' AIRFLOW_CTX_DAG_ID='outcomes_dag' AIRFLOW_CTX_TASK_ID='extract' AIRFLOW_CTX_EXECUTION_DATE='2023-11-25T19:43:19.082705+00:00' AIRFLOW_CTX_TRY_NUMBER='1' AIRFLOW_CTX_DAG_RUN_ID='manual__2023-11-25T19:43:19.082705+00:00'
[2023-11-25T19:43:24.039+0000] {subprocess.py:63} INFO - Tmp dir root location: /tmp
[2023-11-25T19:43:24.042+0000] {subprocess.py:75} INFO - Running command: ['/bin/bash', '-c', 'curl --create-dirs -o /opt/***/data/2023-11-25/downloads/outcomes_2023-11-25.csv https://data.austintexas.gov/api/views/9t4d-g238/rows.csv']
[2023-11-25T19:43:24.082+0000] {subprocess.py:86} INFO - Output:
[2023-11-25T19:43:24.105+0000] {subprocess.py:93} INFO -   % Total    % Received % Xferd  Average Speed   Time    Time     Time  Current
[2023-11-25T19:43:24.107+0000] {subprocess.py:93} INFO -                                  Dload  Upload   Total   Spent    Left  Speed
[2023-11-25T19:43:32.597+0000] {subprocess.py:93} INFO -   0     0    0     0    0     0      0      0 --:--:-- --:--:-- --:--:--     0100 31917    0 31917    0     0  33420      0 --:--:-- --:--:-- --:--:-- 33385100 3758k    0 3758k    0     0  1920k      0 --:--:--  0:00:01 --:--:-- 1919k100 6654k    0 6654k    0     0  2113k      0 --:--:--  0:00:03 --:--:-- 2113k100 8637k    0 8637k    0     0  2186k      0 --:--:--  0:00:03 --:--:-- 2185k100 10.5M    0 10.5M    0     0  2190k      0 --:--:--  0:00:04 --:--:-- 2189k100 12.9M    0 12.9M    0     0  2233k      0 --:--:--  0:00:05 --:--:-- 2653k100 15.2M    0 15.2M    0     0  2253k      0 --:--:--  0:00:06 --:--:-- 2383k100 17.7M    0 17.7M    0     0  2285k      0 --:--:--  0:00:07 --:--:-- 2397k100 19.0M    0 19.0M    0     0  2294k      0 --:--:--  0:00:08 --:--:-- 2389k
[2023-11-25T19:43:32.602+0000] {subprocess.py:97} INFO - Command exited with return code 0
[2023-11-25T19:43:32.664+0000] {taskinstance.py:1400} INFO - Marking task as SUCCESS. dag_id=outcomes_dag, task_id=extract, execution_date=20231125T194319, start_date=20231125T194322, end_date=20231125T194332
[2023-11-25T19:43:33.092+0000] {local_task_job_runner.py:228} INFO - Task exited with return code 0
[2023-11-25T19:43:33.552+0000] {taskinstance.py:2778} INFO - 1 downstream tasks scheduled from follow-on schedule check
